[ 2016-05-15T19:56:11+08:00 ] 127.0.0.1 /
INFO: [ app_init ] --START--
INFO: Run Behavior\BuildLiteBehavior [ RunTime:0.000018s ]
INFO: [ app_init ] --END-- [ RunTime:0.248413s ]
INFO: [ app_begin ] --START--
INFO: Run Behavior\ReadHtmlCacheBehavior [ RunTime:0.049554s ]
INFO: Run Behavior\ReadHtmlCacheBehavior [ RunTime:0.000008s ]
INFO: Run Behavior\CheckLangBehavior [ RunTime:0.782914s ]
INFO: [ app_begin ] --END-- [ RunTime:0.832609s ]
SQL: SHOW COLUMNS FROM `exp_user` [ RunTime:0.0608s ]
SQL: SELECT * FROM `exp_user` WHERE `user_phone` = '15751001019' LIMIT 1   [ RunTime:0.0407s ]
SQL: SHOW COLUMNS FROM `exp_expcompany` [ RunTime:0.0301s ]
SQL: SELECT * FROM `exp_expcompany` WHERE ( status=1 )  [ RunTime:0.0380s ]
SQL: SHOW COLUMNS FROM `exp_school_area` [ RunTime:0.0332s ]
SQL: SHOW COLUMNS FROM `exp_school_area_detail` [ RunTime:0.0508s ]
SQL: SELECT * FROM `exp_school_area` WHERE ( status=1 )  [ RunTime:0.0693s ]
SQL: SELECT * FROM `exp_school_area_detail` WHERE ( status=1 )  [ RunTime:0.0776s ]
SQL: SHOW COLUMNS FROM `exp_server` [ RunTime:0.1068s ]
SQL: SELECT * FROM `exp_server` WHERE ( status=1 )  [ RunTime:0.0509s ]
INFO: [ view_parse ] --START--
INFO: [ template_filter ] --START--
INFO: Run Behavior\ContentReplaceBehavior [ RunTime:0.068042s ]
INFO: [ template_filter ] --END-- [ RunTime:0.068196s ]
NOTIC: [8] Undefined variable: user_id E:\wamp\Apache24\htdocs\express\Apps\Runtime\Cache\Home\400c995c330f1f6ecac6b9102849eb7e.php 第 141 行.
NOTIC: [8] Undefined variable: user_phone E:\wamp\Apache24\htdocs\express\Apps\Runtime\Cache\Home\400c995c330f1f6ecac6b9102849eb7e.php 第 141 行.
NOTIC: [8] Undefined variable: name E:\wamp\Apache24\htdocs\express\Apps\Runtime\Cache\Home\400c995c330f1f6ecac6b9102849eb7e.php 第 141 行.
INFO: Run Behavior\ParseTemplateBehavior [ RunTime:2.359639s ]
INFO: [ view_parse ] --END-- [ RunTime:2.359688s ]
INFO: [ view_filter ] --START--
INFO: Run Behavior\WriteHtmlCacheBehavior [ RunTime:0.039960s ]
INFO: [ view_filter ] --END-- [ RunTime:0.040012s ]
INFO: [ app_end ] --START--
INFO: Run Behavior\ShowPageTraceBehavior [ RunTime:0.094661s ]
INFO: [ app_end ] --END-- [ RunTime:0.094814s ]

