[ 2016-03-01T09:20:42+08:00 ] 127.0.0.1 /
INFO: [ app_init ] --START--
INFO: Run Behavior\BuildLiteBehavior [ RunTime:0.000128s ]
INFO: [ app_init ] --END-- [ RunTime:0.002835s ]
INFO: [ app_begin ] --START--
INFO: Run Behavior\ReadHtmlCacheBehavior [ RunTime:0.003477s ]
INFO: Run Behavior\ReadHtmlCacheBehavior [ RunTime:0.000137s ]
INFO: Run Behavior\CheckLangBehavior [ RunTime:0.003253s ]
INFO: [ app_begin ] --END-- [ RunTime:0.008661s ]
SQL: SHOW COLUMNS FROM `exp_expcompany` [ RunTime:0.0237s ]
SQL: SELECT * FROM `exp_expcompany`  [ RunTime:0.0245s ]
SQL: SHOW COLUMNS FROM `exp_server` [ RunTime:0.0264s ]
SQL: SELECT * FROM `exp_server` WHERE ( status=1 )  [ RunTime:0.0243s ]
INFO: [ view_parse ] --START--
INFO: [ template_filter ] --START--
INFO: Run Behavior\ContentReplaceBehavior [ RunTime:0.000366s ]
INFO: [ template_filter ] --END-- [ RunTime:0.000912s ]
NOTIC: [8] Undefined variable: user_id E:\phpworkspace\express\Apps\Runtime\Cache\Home\400c995c330f1f6ecac6b9102849eb7e.php 第 110 行.
NOTIC: [8] Undefined variable: user_phone E:\phpworkspace\express\Apps\Runtime\Cache\Home\400c995c330f1f6ecac6b9102849eb7e.php 第 110 行.
NOTIC: [8] Undefined variable: name E:\phpworkspace\express\Apps\Runtime\Cache\Home\400c995c330f1f6ecac6b9102849eb7e.php 第 110 行.
INFO: Run Behavior\ParseTemplateBehavior [ RunTime:0.120347s ]
INFO: [ view_parse ] --END-- [ RunTime:0.120866s ]
INFO: [ view_filter ] --START--
INFO: Run Behavior\WriteHtmlCacheBehavior [ RunTime:0.001343s ]
INFO: [ view_filter ] --END-- [ RunTime:0.001838s ]
INFO: [ app_end ] --START--
INFO: Run Behavior\ShowPageTraceBehavior [ RunTime:0.001720s ]
INFO: [ app_end ] --END-- [ RunTime:0.002206s ]

