[ 2016-07-31T21:21:00+08:00 ] 127.0.0.1 /
INFO: [ app_init ] --START--
INFO: Run Behavior\BuildLiteBehavior [ RunTime:0.000022s ]
INFO: [ app_init ] --END-- [ RunTime:0.000797s ]
INFO: [ app_begin ] --START--
INFO: Run Behavior\ReadHtmlCacheBehavior [ RunTime:0.001262s ]
INFO: Run Behavior\ReadHtmlCacheBehavior [ RunTime:0.000013s ]
INFO: Run Behavior\CheckLangBehavior [ RunTime:0.002343s ]
INFO: [ app_begin ] --END-- [ RunTime:0.003797s ]
SQL: SHOW COLUMNS FROM `exp_user` [ RunTime:0.0535s ]
NOTIC: [8] Undefined variable: sessionUserName E:\phpproject\express\Apps\Home\Controller\IndexController.class.php 第 22 行.
SQL: SELECT * FROM `exp_user` WHERE `user_phone` = null LIMIT 1   [ RunTime:0.0536s ]
SQL: SHOW COLUMNS FROM `exp_expcompany` [ RunTime:0.0516s ]
SQL: SELECT * FROM `exp_expcompany` WHERE ( status=1 )  [ RunTime:0.0506s ]
SQL: SHOW COLUMNS FROM `exp_school_area` [ RunTime:0.0534s ]
SQL: SHOW COLUMNS FROM `exp_school_area_detail` [ RunTime:0.0514s ]
SQL: SELECT * FROM `exp_school_area` WHERE ( status=1 )  [ RunTime:0.0485s ]
SQL: SELECT * FROM `exp_school_area_detail` WHERE ( status=1 )  [ RunTime:0.0514s ]
SQL: SHOW COLUMNS FROM `exp_server` [ RunTime:0.0501s ]
SQL: SELECT * FROM `exp_server` WHERE ( status=1 )  [ RunTime:0.0502s ]
SQL: SHOW COLUMNS FROM `exp_news` [ RunTime:0.0505s ]
SQL: SELECT * FROM `exp_news` WHERE ( news_title='announcement' ) LIMIT 1   [ RunTime:0.3600s ]
INFO: [ view_parse ] --START--
INFO: [ template_filter ] --START--
INFO: Run Behavior\ContentReplaceBehavior [ RunTime:0.001556s ]
INFO: [ template_filter ] --END-- [ RunTime:0.001659s ]
INFO: Run Behavior\ParseTemplateBehavior [ RunTime:0.032743s ]
INFO: [ view_parse ] --END-- [ RunTime:0.032878s ]
INFO: [ view_filter ] --START--
INFO: Run Behavior\WriteHtmlCacheBehavior [ RunTime:0.001225s ]
INFO: [ view_filter ] --END-- [ RunTime:0.001320s ]
INFO: [ app_end ] --START--
INFO: Run Behavior\ShowPageTraceBehavior [ RunTime:0.002607s ]
INFO: [ app_end ] --END-- [ RunTime:0.002751s ]

