[ 2016-04-18T23:12:25+08:00 ] 223.104.145.32 /
INFO: [ app_init ] --START--
INFO: Run Behavior\BuildLiteBehavior [ RunTime:0.000014s ]
INFO: [ app_init ] --END-- [ RunTime:0.000304s ]
INFO: [ app_begin ] --START--
INFO: Run Behavior\ReadHtmlCacheBehavior [ RunTime:0.000319s ]
INFO: Run Behavior\ReadHtmlCacheBehavior [ RunTime:0.000011s ]
INFO: Run Behavior\CheckLangBehavior [ RunTime:0.000276s ]
INFO: [ app_begin ] --END-- [ RunTime:0.000737s ]
SQL: SHOW COLUMNS FROM `exp_user` [ RunTime:0.0014s ]
SQL: SELECT * FROM `exp_user` WHERE `user_phone` = '15751000745' LIMIT 1   [ RunTime:0.0007s ]
SQL: SHOW COLUMNS FROM `exp_expcompany` [ RunTime:0.0010s ]
SQL: SELECT * FROM `exp_expcompany` WHERE ( status=1 )  [ RunTime:0.0003s ]
SQL: SHOW COLUMNS FROM `exp_school_area` [ RunTime:0.0009s ]
SQL: SHOW COLUMNS FROM `exp_school_area_detail` [ RunTime:0.0009s ]
SQL: SELECT * FROM `exp_school_area` WHERE ( status=1 )  [ RunTime:0.0003s ]
SQL: SELECT * FROM `exp_school_area_detail` WHERE ( status=1 )  [ RunTime:0.0003s ]
SQL: SHOW COLUMNS FROM `exp_server` [ RunTime:0.0010s ]
SQL: SELECT * FROM `exp_server` WHERE ( status=1 )  [ RunTime:0.0003s ]
INFO: [ view_parse ] --START--
INFO: [ template_filter ] --START--
INFO: Run Behavior\ContentReplaceBehavior [ RunTime:0.000072s ]
INFO: [ template_filter ] --END-- [ RunTime:0.000127s ]
NOTIC: [8] Undefined variable: user_id /webdocs/express/Apps/Runtime/Cache/Home/400c995c330f1f6ecac6b9102849eb7e.php 第 155 行.
NOTIC: [8] Undefined variable: user_phone /webdocs/express/Apps/Runtime/Cache/Home/400c995c330f1f6ecac6b9102849eb7e.php 第 155 行.
NOTIC: [8] Undefined variable: name /webdocs/express/Apps/Runtime/Cache/Home/400c995c330f1f6ecac6b9102849eb7e.php 第 155 行.
INFO: Run Behavior\ParseTemplateBehavior [ RunTime:0.009976s ]
INFO: [ view_parse ] --END-- [ RunTime:0.010033s ]
INFO: [ view_filter ] --START--
INFO: Run Behavior\WriteHtmlCacheBehavior [ RunTime:0.000116s ]
INFO: [ view_filter ] --END-- [ RunTime:0.000162s ]
INFO: [ app_end ] --START--
INFO: Run Behavior\ShowPageTraceBehavior [ RunTime:0.000354s ]
INFO: [ app_end ] --END-- [ RunTime:0.000407s ]

[ 2016-04-18T23:29:42+08:00 ] 140.207.55.80 /
INFO: [ app_init ] --START--
INFO: Run Behavior\BuildLiteBehavior [ RunTime:0.000015s ]
INFO: [ app_init ] --END-- [ RunTime:0.000298s ]
INFO: [ app_begin ] --START--
INFO: Run Behavior\ReadHtmlCacheBehavior [ RunTime:0.000330s ]
INFO: Run Behavior\ReadHtmlCacheBehavior [ RunTime:0.000012s ]
INFO: Run Behavior\CheckLangBehavior [ RunTime:0.000270s ]
INFO: [ app_begin ] --END-- [ RunTime:0.000719s ]
SQL: SHOW COLUMNS FROM `exp_user` [ RunTime:0.0010s ]
NOTIC: [8] Undefined variable: sessionUserName /webdocs/express/Apps/Home/Controller/IndexController.class.php 第 23 行.
SQL: SELECT * FROM `exp_user` WHERE `user_phone` = null LIMIT 1   [ RunTime:0.0013s ]
SQL: SHOW COLUMNS FROM `exp_expcompany` [ RunTime:0.0009s ]
SQL: SELECT * FROM `exp_expcompany` WHERE ( status=1 )  [ RunTime:0.0007s ]
SQL: SHOW COLUMNS FROM `exp_school_area` [ RunTime:0.0017s ]
SQL: SHOW COLUMNS FROM `exp_school_area_detail` [ RunTime:0.0032s ]
SQL: SELECT * FROM `exp_school_area` WHERE ( status=1 )  [ RunTime:0.0003s ]
SQL: SELECT * FROM `exp_school_area_detail` WHERE ( status=1 )  [ RunTime:0.0036s ]
SQL: SHOW COLUMNS FROM `exp_server` [ RunTime:0.0010s ]
SQL: SELECT * FROM `exp_server` WHERE ( status=1 )  [ RunTime:0.0003s ]
INFO: [ view_parse ] --START--
INFO: [ template_filter ] --START--
INFO: Run Behavior\ContentReplaceBehavior [ RunTime:0.000073s ]
INFO: [ template_filter ] --END-- [ RunTime:0.000128s ]
NOTIC: [8] Undefined variable: user_id /webdocs/express/Apps/Runtime/Cache/Home/400c995c330f1f6ecac6b9102849eb7e.php 第 155 行.
NOTIC: [8] Undefined variable: user_phone /webdocs/express/Apps/Runtime/Cache/Home/400c995c330f1f6ecac6b9102849eb7e.php 第 155 行.
NOTIC: [8] Undefined variable: name /webdocs/express/Apps/Runtime/Cache/Home/400c995c330f1f6ecac6b9102849eb7e.php 第 155 行.
INFO: Run Behavior\ParseTemplateBehavior [ RunTime:0.016006s ]
INFO: [ view_parse ] --END-- [ RunTime:0.016062s ]
INFO: [ view_filter ] --START--
INFO: Run Behavior\WriteHtmlCacheBehavior [ RunTime:0.000115s ]
INFO: [ view_filter ] --END-- [ RunTime:0.000162s ]
INFO: [ app_end ] --START--
INFO: Run Behavior\ShowPageTraceBehavior [ RunTime:0.000331s ]
INFO: [ app_end ] --END-- [ RunTime:0.000386s ]

[ 2016-04-18T23:29:42+08:00 ] 101.226.61.189 /
INFO: [ app_init ] --START--
INFO: Run Behavior\BuildLiteBehavior [ RunTime:0.000016s ]
INFO: [ app_init ] --END-- [ RunTime:0.000271s ]
INFO: [ app_begin ] --START--
INFO: Run Behavior\ReadHtmlCacheBehavior [ RunTime:0.000321s ]
INFO: Run Behavior\ReadHtmlCacheBehavior [ RunTime:0.000011s ]
INFO: Run Behavior\CheckLangBehavior [ RunTime:0.000269s ]
INFO: [ app_begin ] --END-- [ RunTime:0.000715s ]
SQL: SHOW COLUMNS FROM `exp_user` [ RunTime:0.0013s ]
NOTIC: [8] Undefined variable: sessionUserName /webdocs/express/Apps/Home/Controller/IndexController.class.php 第 23 行.
SQL: SELECT * FROM `exp_user` WHERE `user_phone` = null LIMIT 1   [ RunTime:0.0010s ]
SQL: SHOW COLUMNS FROM `exp_expcompany` [ RunTime:0.0010s ]
SQL: SELECT * FROM `exp_expcompany` WHERE ( status=1 )  [ RunTime:0.0003s ]
SQL: SHOW COLUMNS FROM `exp_school_area` [ RunTime:0.0010s ]
SQL: SHOW COLUMNS FROM `exp_school_area_detail` [ RunTime:0.0010s ]
SQL: SELECT * FROM `exp_school_area` WHERE ( status=1 )  [ RunTime:0.0020s ]
SQL: SELECT * FROM `exp_school_area_detail` WHERE ( status=1 )  [ RunTime:0.0013s ]
SQL: SHOW COLUMNS FROM `exp_server` [ RunTime:0.0029s ]
SQL: SELECT * FROM `exp_server` WHERE ( status=1 )  [ RunTime:0.0014s ]
INFO: [ view_parse ] --START--
INFO: [ template_filter ] --START--
INFO: Run Behavior\ContentReplaceBehavior [ RunTime:0.000076s ]
INFO: [ template_filter ] --END-- [ RunTime:0.000140s ]
NOTIC: [8] Undefined variable: user_id /webdocs/express/Apps/Runtime/Cache/Home/400c995c330f1f6ecac6b9102849eb7e.php 第 155 行.
NOTIC: [8] Undefined variable: user_phone /webdocs/express/Apps/Runtime/Cache/Home/400c995c330f1f6ecac6b9102849eb7e.php 第 155 行.
NOTIC: [8] Undefined variable: name /webdocs/express/Apps/Runtime/Cache/Home/400c995c330f1f6ecac6b9102849eb7e.php 第 155 行.
INFO: Run Behavior\ParseTemplateBehavior [ RunTime:0.019980s ]
INFO: [ view_parse ] --END-- [ RunTime:0.020035s ]
INFO: [ view_filter ] --START--
INFO: Run Behavior\WriteHtmlCacheBehavior [ RunTime:0.000120s ]
INFO: [ view_filter ] --END-- [ RunTime:0.000168s ]
INFO: [ app_end ] --START--
INFO: Run Behavior\ShowPageTraceBehavior [ RunTime:0.005823s ]
INFO: [ app_end ] --END-- [ RunTime:0.005881s ]

[ 2016-04-18T23:30:01+08:00 ] 101.226.61.186 /Home/Index/index
INFO: [ app_init ] --START--
INFO: Run Behavior\BuildLiteBehavior [ RunTime:0.000021s ]
INFO: [ app_init ] --END-- [ RunTime:0.000304s ]
INFO: [ app_begin ] --START--
INFO: Run Behavior\ReadHtmlCacheBehavior [ RunTime:0.000325s ]
INFO: Run Behavior\ReadHtmlCacheBehavior [ RunTime:0.000011s ]
INFO: Run Behavior\CheckLangBehavior [ RunTime:0.000304s ]
INFO: [ app_begin ] --END-- [ RunTime:0.000745s ]
SQL: SHOW COLUMNS FROM `exp_user` [ RunTime:0.0013s ]
SQL: SELECT * FROM `exp_user` WHERE `user_phone` = '15751005112' LIMIT 1   [ RunTime:0.0011s ]
SQL: SHOW COLUMNS FROM `exp_expcompany` [ RunTime:0.0010s ]
SQL: SELECT * FROM `exp_expcompany` WHERE ( status=1 )  [ RunTime:0.0003s ]
SQL: SHOW COLUMNS FROM `exp_school_area` [ RunTime:0.0010s ]
SQL: SHOW COLUMNS FROM `exp_school_area_detail` [ RunTime:0.0009s ]
SQL: SELECT * FROM `exp_school_area` WHERE ( status=1 )  [ RunTime:0.0003s ]
SQL: SELECT * FROM `exp_school_area_detail` WHERE ( status=1 )  [ RunTime:0.0003s ]
SQL: SHOW COLUMNS FROM `exp_server` [ RunTime:0.0009s ]
SQL: SELECT * FROM `exp_server` WHERE ( status=1 )  [ RunTime:0.0003s ]
INFO: [ view_parse ] --START--
INFO: [ template_filter ] --START--
INFO: Run Behavior\ContentReplaceBehavior [ RunTime:0.000079s ]
INFO: [ template_filter ] --END-- [ RunTime:0.000138s ]
NOTIC: [8] Undefined variable: user_id /webdocs/express/Apps/Runtime/Cache/Home/400c995c330f1f6ecac6b9102849eb7e.php 第 155 行.
NOTIC: [8] Undefined variable: user_phone /webdocs/express/Apps/Runtime/Cache/Home/400c995c330f1f6ecac6b9102849eb7e.php 第 155 行.
NOTIC: [8] Undefined variable: name /webdocs/express/Apps/Runtime/Cache/Home/400c995c330f1f6ecac6b9102849eb7e.php 第 155 行.
INFO: Run Behavior\ParseTemplateBehavior [ RunTime:0.010037s ]
INFO: [ view_parse ] --END-- [ RunTime:0.010091s ]
INFO: [ view_filter ] --START--
INFO: Run Behavior\WriteHtmlCacheBehavior [ RunTime:0.000121s ]
INFO: [ view_filter ] --END-- [ RunTime:0.000167s ]
INFO: [ app_end ] --START--
INFO: Run Behavior\ShowPageTraceBehavior [ RunTime:0.000357s ]
INFO: [ app_end ] --END-- [ RunTime:0.000421s ]

