[ 2016-04-28T08:14:28+08:00 ] 127.0.0.1 /
INFO: [ app_init ] --START--
INFO: Run Behavior\BuildLiteBehavior [ RunTime:0.000042s ]
INFO: [ app_init ] --END-- [ RunTime:0.014627s ]
INFO: [ app_begin ] --START--
INFO: Run Behavior\ReadHtmlCacheBehavior [ RunTime:0.011738s ]
INFO: Run Behavior\ReadHtmlCacheBehavior [ RunTime:0.000035s ]
INFO: Run Behavior\CheckLangBehavior [ RunTime:0.005284s ]
INFO: [ app_begin ] --END-- [ RunTime:0.017434s ]
SQL: SHOW COLUMNS FROM `exp_user` [ RunTime:0.0252s ]
SQL: SELECT * FROM `exp_user` WHERE `user_phone` = '15751001019' LIMIT 1   [ RunTime:0.0237s ]
SQL: SHOW COLUMNS FROM `exp_expcompany` [ RunTime:0.0245s ]
SQL: SELECT * FROM `exp_expcompany` WHERE ( status=1 )  [ RunTime:0.0230s ]
SQL: SHOW COLUMNS FROM `exp_school_area` [ RunTime:0.0231s ]
SQL: SHOW COLUMNS FROM `exp_school_area_detail` [ RunTime:0.0232s ]
SQL: SELECT * FROM `exp_school_area` WHERE ( status=1 )  [ RunTime:0.0227s ]
SQL: SELECT * FROM `exp_school_area_detail` WHERE ( status=1 )  [ RunTime:0.0237s ]
SQL: SHOW COLUMNS FROM `exp_server` [ RunTime:0.0233s ]
SQL: SELECT * FROM `exp_server` WHERE ( status=1 )  [ RunTime:0.0226s ]
INFO: [ view_parse ] --START--
INFO: [ template_filter ] --START--
INFO: Run Behavior\ContentReplaceBehavior [ RunTime:0.000171s ]
INFO: [ template_filter ] --END-- [ RunTime:0.000250s ]
NOTIC: [8] Undefined variable: user_id E:\wamp\Apache24\htdocs\express\Apps\Runtime\Cache\Home\400c995c330f1f6ecac6b9102849eb7e.php 第 141 行.
NOTIC: [8] Undefined variable: user_phone E:\wamp\Apache24\htdocs\express\Apps\Runtime\Cache\Home\400c995c330f1f6ecac6b9102849eb7e.php 第 141 行.
NOTIC: [8] Undefined variable: name E:\wamp\Apache24\htdocs\express\Apps\Runtime\Cache\Home\400c995c330f1f6ecac6b9102849eb7e.php 第 141 行.
INFO: Run Behavior\ParseTemplateBehavior [ RunTime:0.102566s ]
INFO: [ view_parse ] --END-- [ RunTime:0.102630s ]
INFO: [ view_filter ] --START--
INFO: Run Behavior\WriteHtmlCacheBehavior [ RunTime:0.013995s ]
INFO: [ view_filter ] --END-- [ RunTime:0.014050s ]
INFO: [ app_end ] --START--
INFO: Run Behavior\ShowPageTraceBehavior [ RunTime:0.052321s ]
INFO: [ app_end ] --END-- [ RunTime:0.052473s ]

[ 2016-04-28T08:14:29+08:00 ] 127.0.0.1 /Home/Index/areaValidate
INFO: [ app_init ] --START--
INFO: Run Behavior\BuildLiteBehavior [ RunTime:0.000014s ]
INFO: [ app_init ] --END-- [ RunTime:0.000459s ]
INFO: [ app_begin ] --START--
INFO: Run Behavior\ReadHtmlCacheBehavior [ RunTime:0.000749s ]
INFO: Run Behavior\ReadHtmlCacheBehavior [ RunTime:0.000012s ]
INFO: Run Behavior\CheckLangBehavior [ RunTime:0.001029s ]
INFO: [ app_begin ] --END-- [ RunTime:0.001947s ]
SQL: SHOW COLUMNS FROM `exp_school_area` [ RunTime:0.0224s ]
SQL: SHOW COLUMNS FROM `exp_school_area_detail` [ RunTime:0.0211s ]
SQL: SELECT * FROM `exp_school_area_detail` INNER JOIN exp_school_area on exp_school_area_detail.school_area_id=exp_school_area.school_area_id  WHERE exp_school_area.school_area_id = '2'  [ RunTime:0.0241s ]
INFO: [ view_parse ] --START--
INFO: [ template_filter ] --START--
INFO: Run Behavior\ContentReplaceBehavior [ RunTime:0.000086s ]
INFO: [ template_filter ] --END-- [ RunTime:0.000260s ]
INFO: Run Behavior\ParseTemplateBehavior [ RunTime:0.018172s ]
INFO: [ view_parse ] --END-- [ RunTime:0.018318s ]
INFO: [ view_filter ] --START--
INFO: Run Behavior\WriteHtmlCacheBehavior [ RunTime:0.001558s ]
INFO: [ view_filter ] --END-- [ RunTime:0.001659s ]
INFO: [ app_end ] --START--
INFO: Run Behavior\ShowPageTraceBehavior [ RunTime:0.002178s ]
INFO: [ app_end ] --END-- [ RunTime:0.002307s ]

