[ 2016-03-31T17:12:54+08:00 ] 127.0.0.1 /
INFO: [ app_init ] --START--
INFO: Run Behavior\BuildLiteBehavior [ RunTime:0.000011s ]
INFO: [ app_init ] --END-- [ RunTime:0.000416s ]
INFO: [ app_begin ] --START--
INFO: Run Behavior\ReadHtmlCacheBehavior [ RunTime:0.001449s ]
INFO: Run Behavior\ReadHtmlCacheBehavior [ RunTime:0.000083s ]
INFO: Run Behavior\CheckLangBehavior [ RunTime:0.001348s ]
INFO: [ app_begin ] --END-- [ RunTime:0.003180s ]
SQL: SHOW COLUMNS FROM `exp_user` [ RunTime:0.0307s ]
SQL: SELECT * FROM `exp_user` WHERE `user_phone` = '15751001019' LIMIT 1   [ RunTime:0.0483s ]
SQL: SHOW COLUMNS FROM `exp_expcompany` [ RunTime:0.0370s ]
SQL: SELECT * FROM `exp_expcompany` WHERE ( status=1 )  [ RunTime:0.0317s ]
SQL: SHOW COLUMNS FROM `exp_school_area` [ RunTime:0.0706s ]
SQL: SHOW COLUMNS FROM `exp_school_area_detail` [ RunTime:0.0291s ]
SQL: SELECT * FROM `exp_school_area` WHERE ( status=1 )  [ RunTime:0.0334s ]
SQL: SELECT * FROM `exp_school_area_detail` WHERE ( status=1 )  [ RunTime:0.0458s ]
SQL: SHOW COLUMNS FROM `exp_server` [ RunTime:0.0485s ]
SQL: SELECT * FROM `exp_server` WHERE ( status=1 )  [ RunTime:0.0254s ]
INFO: [ view_parse ] --START--
INFO: [ template_filter ] --START--
INFO: Run Behavior\ContentReplaceBehavior [ RunTime:0.000404s ]
INFO: [ template_filter ] --END-- [ RunTime:0.000615s ]
NOTIC: [8] Undefined variable: user_id E:\wamp\Apache24\htdocs\express\Apps\Runtime\Cache\Home\400c995c330f1f6ecac6b9102849eb7e.php 第 155 行.
NOTIC: [8] Undefined variable: user_phone E:\wamp\Apache24\htdocs\express\Apps\Runtime\Cache\Home\400c995c330f1f6ecac6b9102849eb7e.php 第 155 行.
NOTIC: [8] Undefined variable: name E:\wamp\Apache24\htdocs\express\Apps\Runtime\Cache\Home\400c995c330f1f6ecac6b9102849eb7e.php 第 155 行.
INFO: Run Behavior\ParseTemplateBehavior [ RunTime:0.056273s ]
INFO: [ view_parse ] --END-- [ RunTime:0.056410s ]
INFO: [ view_filter ] --START--
INFO: Run Behavior\WriteHtmlCacheBehavior [ RunTime:0.001062s ]
INFO: [ view_filter ] --END-- [ RunTime:0.001212s ]
INFO: [ app_end ] --START--
INFO: Run Behavior\ShowPageTraceBehavior [ RunTime:0.003192s ]
INFO: [ app_end ] --END-- [ RunTime:0.003394s ]

