[ 2016-05-23T12:36:10+08:00 ] 127.0.0.1 /
INFO: [ app_init ] --START--
INFO: Run Behavior\BuildLiteBehavior [ RunTime:0.000040s ]
INFO: [ app_init ] --END-- [ RunTime:0.038003s ]
INFO: [ app_begin ] --START--
INFO: Run Behavior\ReadHtmlCacheBehavior [ RunTime:0.018279s ]
INFO: Run Behavior\ReadHtmlCacheBehavior [ RunTime:0.000026s ]
INFO: Run Behavior\CheckLangBehavior [ RunTime:0.053831s ]
INFO: [ app_begin ] --END-- [ RunTime:0.072413s ]
SQL: SHOW COLUMNS FROM `exp_user` [ RunTime:0.0594s ]
NOTIC: [8] Undefined variable: sessionUserName E:\wamp\Apache24\htdocs\express\Apps\Home\Controller\IndexController.class.php 第 22 行.
SQL: SELECT * FROM `exp_user` WHERE `user_phone` = null LIMIT 1   [ RunTime:0.0880s ]
SQL: SHOW COLUMNS FROM `exp_expcompany` [ RunTime:0.0604s ]
SQL: SELECT * FROM `exp_expcompany` WHERE ( status=1 )  [ RunTime:0.0743s ]
SQL: SHOW COLUMNS FROM `exp_school_area` [ RunTime:0.0902s ]
SQL: SHOW COLUMNS FROM `exp_school_area_detail` [ RunTime:0.0634s ]
SQL: SELECT * FROM `exp_school_area` WHERE ( status=1 )  [ RunTime:0.0368s ]
SQL: SELECT * FROM `exp_school_area_detail` WHERE ( status=1 )  [ RunTime:0.0960s ]
SQL: SHOW COLUMNS FROM `exp_server` [ RunTime:0.1169s ]
SQL: SELECT * FROM `exp_server` WHERE ( status=1 )  [ RunTime:0.0819s ]
INFO: [ view_parse ] --START--
INFO: [ template_filter ] --START--
INFO: Run Behavior\ContentReplaceBehavior [ RunTime:0.004605s ]
INFO: [ template_filter ] --END-- [ RunTime:0.004714s ]
INFO: Run Behavior\ParseTemplateBehavior [ RunTime:0.413294s ]
INFO: [ view_parse ] --END-- [ RunTime:0.413347s ]
INFO: [ view_filter ] --START--
INFO: Run Behavior\WriteHtmlCacheBehavior [ RunTime:0.028314s ]
INFO: [ view_filter ] --END-- [ RunTime:0.028373s ]
INFO: [ app_end ] --START--
INFO: Run Behavior\ShowPageTraceBehavior [ RunTime:0.027545s ]
INFO: [ app_end ] --END-- [ RunTime:0.027604s ]

[ 2016-05-23T12:37:12+08:00 ] 127.0.0.1 /
INFO: [ app_init ] --START--
INFO: Run Behavior\BuildLiteBehavior [ RunTime:0.000010s ]
INFO: [ app_init ] --END-- [ RunTime:0.000262s ]
INFO: [ app_begin ] --START--
INFO: Run Behavior\ReadHtmlCacheBehavior [ RunTime:0.000346s ]
INFO: Run Behavior\ReadHtmlCacheBehavior [ RunTime:0.000006s ]
INFO: Run Behavior\CheckLangBehavior [ RunTime:0.000316s ]
INFO: [ app_begin ] --END-- [ RunTime:0.000735s ]
SQL: SHOW COLUMNS FROM `exp_user` [ RunTime:0.0385s ]
NOTIC: [8] Undefined variable: sessionUserName E:\wamp\Apache24\htdocs\express\Apps\Home\Controller\IndexController.class.php 第 22 行.
SQL: SELECT * FROM `exp_user` WHERE `user_phone` = null LIMIT 1   [ RunTime:0.0522s ]
SQL: SHOW COLUMNS FROM `exp_expcompany` [ RunTime:0.0472s ]
SQL: SELECT * FROM `exp_expcompany` WHERE ( status=1 )  [ RunTime:0.0557s ]
SQL: SHOW COLUMNS FROM `exp_school_area` [ RunTime:0.0473s ]
SQL: SHOW COLUMNS FROM `exp_school_area_detail` [ RunTime:0.0622s ]
SQL: SELECT * FROM `exp_school_area` WHERE ( status=1 )  [ RunTime:0.0498s ]
SQL: SELECT * FROM `exp_school_area_detail` WHERE ( status=1 )  [ RunTime:0.0367s ]
SQL: SHOW COLUMNS FROM `exp_server` [ RunTime:0.0466s ]
SQL: SELECT * FROM `exp_server` WHERE ( status=1 )  [ RunTime:0.0385s ]
INFO: [ view_parse ] --START--
INFO: [ template_filter ] --START--
INFO: Run Behavior\ContentReplaceBehavior [ RunTime:0.000282s ]
INFO: [ template_filter ] --END-- [ RunTime:0.000416s ]
INFO: Run Behavior\ParseTemplateBehavior [ RunTime:0.103332s ]
INFO: [ view_parse ] --END-- [ RunTime:0.103622s ]
INFO: [ view_filter ] --START--
INFO: Run Behavior\WriteHtmlCacheBehavior [ RunTime:0.000249s ]
INFO: [ view_filter ] --END-- [ RunTime:0.000275s ]
INFO: [ app_end ] --START--
INFO: Run Behavior\ShowPageTraceBehavior [ RunTime:0.000382s ]
INFO: [ app_end ] --END-- [ RunTime:0.000410s ]

[ 2016-05-23T13:02:33+08:00 ] 127.0.0.1 /
INFO: [ app_init ] --START--
INFO: Run Behavior\BuildLiteBehavior [ RunTime:0.000011s ]
INFO: [ app_init ] --END-- [ RunTime:0.000256s ]
INFO: [ app_begin ] --START--
INFO: Run Behavior\ReadHtmlCacheBehavior [ RunTime:0.000360s ]
INFO: Run Behavior\ReadHtmlCacheBehavior [ RunTime:0.000009s ]
INFO: Run Behavior\CheckLangBehavior [ RunTime:0.000398s ]
INFO: [ app_begin ] --END-- [ RunTime:0.000868s ]
SQL: SHOW COLUMNS FROM `exp_user` [ RunTime:0.0289s ]
NOTIC: [8] Undefined variable: sessionUserName E:\wamp\Apache24\htdocs\express\Apps\Home\Controller\IndexController.class.php 第 22 行.
SQL: SELECT * FROM `exp_user` WHERE `user_phone` = null LIMIT 1   [ RunTime:0.0294s ]
SQL: SHOW COLUMNS FROM `exp_expcompany` [ RunTime:0.0287s ]
SQL: SELECT * FROM `exp_expcompany` WHERE ( status=1 )  [ RunTime:0.0424s ]
SQL: SHOW COLUMNS FROM `exp_school_area` [ RunTime:0.0312s ]
SQL: SHOW COLUMNS FROM `exp_school_area_detail` [ RunTime:0.0284s ]
SQL: SELECT * FROM `exp_school_area` WHERE ( status=1 )  [ RunTime:0.0269s ]
SQL: SELECT * FROM `exp_school_area_detail` WHERE ( status=1 )  [ RunTime:0.0285s ]
SQL: SHOW COLUMNS FROM `exp_server` [ RunTime:0.0384s ]
SQL: SELECT * FROM `exp_server` WHERE ( status=1 )  [ RunTime:0.0287s ]
SQL: SHOW COLUMNS FROM `exp_news` [ RunTime:0.0311s ]
SQL: SELECT * FROM `exp_news` WHERE ( news_title='announcement' )  [ RunTime:0.0277s ]
INFO: [ view_parse ] --START--
INFO: [ template_filter ] --START--
INFO: Run Behavior\ContentReplaceBehavior [ RunTime:0.000344s ]
INFO: [ template_filter ] --END-- [ RunTime:0.000498s ]
NOTIC: [8] Undefined index: news_flag E:\wamp\Apache24\htdocs\express\Apps\Runtime\Cache\Home\400c995c330f1f6ecac6b9102849eb7e.php 第 122 行.
NOTIC: [8] Undefined index: new_content E:\wamp\Apache24\htdocs\express\Apps\Runtime\Cache\Home\400c995c330f1f6ecac6b9102849eb7e.php 第 125 行.
INFO: Run Behavior\ParseTemplateBehavior [ RunTime:0.095375s ]
INFO: [ view_parse ] --END-- [ RunTime:0.095453s ]
INFO: [ view_filter ] --START--
INFO: Run Behavior\WriteHtmlCacheBehavior [ RunTime:0.000267s ]
INFO: [ view_filter ] --END-- [ RunTime:0.000296s ]
INFO: [ app_end ] --START--
INFO: Run Behavior\ShowPageTraceBehavior [ RunTime:0.000382s ]
INFO: [ app_end ] --END-- [ RunTime:0.000414s ]

[ 2016-05-23T13:03:21+08:00 ] 127.0.0.1 /
INFO: [ app_init ] --START--
INFO: Run Behavior\BuildLiteBehavior [ RunTime:0.000013s ]
INFO: [ app_init ] --END-- [ RunTime:0.000311s ]
INFO: [ app_begin ] --START--
INFO: Run Behavior\ReadHtmlCacheBehavior [ RunTime:0.000373s ]
INFO: Run Behavior\ReadHtmlCacheBehavior [ RunTime:0.000008s ]
INFO: Run Behavior\CheckLangBehavior [ RunTime:0.000357s ]
INFO: [ app_begin ] --END-- [ RunTime:0.000822s ]
SQL: SHOW COLUMNS FROM `exp_user` [ RunTime:0.0481s ]
NOTIC: [8] Undefined variable: sessionUserName E:\wamp\Apache24\htdocs\express\Apps\Home\Controller\IndexController.class.php 第 22 行.
SQL: SELECT * FROM `exp_user` WHERE `user_phone` = null LIMIT 1   [ RunTime:0.0427s ]
SQL: SHOW COLUMNS FROM `exp_expcompany` [ RunTime:0.0282s ]
SQL: SELECT * FROM `exp_expcompany` WHERE ( status=1 )  [ RunTime:0.0385s ]
SQL: SHOW COLUMNS FROM `exp_school_area` [ RunTime:0.0283s ]
SQL: SHOW COLUMNS FROM `exp_school_area_detail` [ RunTime:0.0281s ]
SQL: SELECT * FROM `exp_school_area` WHERE ( status=1 )  [ RunTime:0.0283s ]
SQL: SELECT * FROM `exp_school_area_detail` WHERE ( status=1 )  [ RunTime:0.0283s ]
SQL: SHOW COLUMNS FROM `exp_server` [ RunTime:0.0295s ]
SQL: SELECT * FROM `exp_server` WHERE ( status=1 )  [ RunTime:0.0346s ]
SQL: SHOW COLUMNS FROM `exp_news` [ RunTime:0.0303s ]
SQL: SELECT * FROM `exp_news` WHERE ( news_title='announcement' ) LIMIT 1   [ RunTime:0.0270s ]
INFO: [ view_parse ] --START--
INFO: [ template_filter ] --START--
INFO: Run Behavior\ContentReplaceBehavior [ RunTime:0.000255s ]
INFO: [ template_filter ] --END-- [ RunTime:0.000387s ]
NOTIC: [8] Undefined index: new_content E:\wamp\Apache24\htdocs\express\Apps\Runtime\Cache\Home\400c995c330f1f6ecac6b9102849eb7e.php 第 125 行.
INFO: Run Behavior\ParseTemplateBehavior [ RunTime:0.127437s ]
INFO: [ view_parse ] --END-- [ RunTime:0.127517s ]
INFO: [ view_filter ] --START--
INFO: Run Behavior\WriteHtmlCacheBehavior [ RunTime:0.000257s ]
INFO: [ view_filter ] --END-- [ RunTime:0.000286s ]
INFO: [ app_end ] --START--
INFO: Run Behavior\ShowPageTraceBehavior [ RunTime:0.000406s ]
INFO: [ app_end ] --END-- [ RunTime:0.000438s ]

[ 2016-05-23T13:04:07+08:00 ] 127.0.0.1 /
INFO: [ app_init ] --START--
INFO: Run Behavior\BuildLiteBehavior [ RunTime:0.000008s ]
INFO: [ app_init ] --END-- [ RunTime:0.000254s ]
INFO: [ app_begin ] --START--
INFO: Run Behavior\ReadHtmlCacheBehavior [ RunTime:0.000352s ]
INFO: Run Behavior\ReadHtmlCacheBehavior [ RunTime:0.000006s ]
INFO: Run Behavior\CheckLangBehavior [ RunTime:0.000330s ]
INFO: [ app_begin ] --END-- [ RunTime:0.000756s ]
SQL: SHOW COLUMNS FROM `exp_user` [ RunTime:0.0359s ]
NOTIC: [8] Undefined variable: sessionUserName E:\wamp\Apache24\htdocs\express\Apps\Home\Controller\IndexController.class.php 第 22 行.
SQL: SELECT * FROM `exp_user` WHERE `user_phone` = null LIMIT 1   [ RunTime:0.0846s ]
SQL: SHOW COLUMNS FROM `exp_expcompany` [ RunTime:0.0388s ]
SQL: SELECT * FROM `exp_expcompany` WHERE ( status=1 )  [ RunTime:0.0311s ]
SQL: SHOW COLUMNS FROM `exp_school_area` [ RunTime:0.0323s ]
SQL: SHOW COLUMNS FROM `exp_school_area_detail` [ RunTime:0.0371s ]
SQL: SELECT * FROM `exp_school_area` WHERE ( status=1 )  [ RunTime:0.0335s ]
SQL: SELECT * FROM `exp_school_area_detail` WHERE ( status=1 )  [ RunTime:0.0335s ]
SQL: SHOW COLUMNS FROM `exp_server` [ RunTime:0.0334s ]
SQL: SELECT * FROM `exp_server` WHERE ( status=1 )  [ RunTime:0.0320s ]
SQL: SHOW COLUMNS FROM `exp_news` [ RunTime:0.0347s ]
SQL: SELECT * FROM `exp_news` WHERE ( news_title='announcement' ) LIMIT 1   [ RunTime:0.0348s ]
INFO: [ view_parse ] --START--
INFO: [ template_filter ] --START--
INFO: Run Behavior\ContentReplaceBehavior [ RunTime:0.000073s ]
INFO: [ template_filter ] --END-- [ RunTime:0.000112s ]
INFO: Run Behavior\ParseTemplateBehavior [ RunTime:0.065602s ]
INFO: [ view_parse ] --END-- [ RunTime:0.065656s ]
INFO: [ view_filter ] --START--
INFO: Run Behavior\WriteHtmlCacheBehavior [ RunTime:0.000251s ]
INFO: [ view_filter ] --END-- [ RunTime:0.000281s ]
INFO: [ app_end ] --START--
INFO: Run Behavior\ShowPageTraceBehavior [ RunTime:0.000393s ]
INFO: [ app_end ] --END-- [ RunTime:0.000425s ]

[ 2016-05-23T13:04:52+08:00 ] 127.0.0.1 /
INFO: [ app_init ] --START--
INFO: Run Behavior\BuildLiteBehavior [ RunTime:0.000017s ]
INFO: [ app_init ] --END-- [ RunTime:0.000428s ]
INFO: [ app_begin ] --START--
INFO: Run Behavior\ReadHtmlCacheBehavior [ RunTime:0.000563s ]
INFO: Run Behavior\ReadHtmlCacheBehavior [ RunTime:0.000013s ]
INFO: Run Behavior\CheckLangBehavior [ RunTime:0.000542s ]
INFO: [ app_begin ] --END-- [ RunTime:0.001248s ]
SQL: SHOW COLUMNS FROM `exp_user` [ RunTime:0.0311s ]
NOTIC: [8] Undefined variable: sessionUserName E:\wamp\Apache24\htdocs\express\Apps\Home\Controller\IndexController.class.php 第 22 行.
SQL: SELECT * FROM `exp_user` WHERE `user_phone` = null LIMIT 1   [ RunTime:0.0314s ]
SQL: SHOW COLUMNS FROM `exp_expcompany` [ RunTime:0.0310s ]
SQL: SELECT * FROM `exp_expcompany` WHERE ( status=1 )  [ RunTime:0.0307s ]
SQL: SHOW COLUMNS FROM `exp_school_area` [ RunTime:0.0312s ]
SQL: SHOW COLUMNS FROM `exp_school_area_detail` [ RunTime:0.0313s ]
SQL: SELECT * FROM `exp_school_area` WHERE ( status=1 )  [ RunTime:0.0372s ]
SQL: SELECT * FROM `exp_school_area_detail` WHERE ( status=1 )  [ RunTime:0.0304s ]
SQL: SHOW COLUMNS FROM `exp_server` [ RunTime:0.0319s ]
SQL: SELECT * FROM `exp_server` WHERE ( status=1 )  [ RunTime:0.0405s ]
SQL: SHOW COLUMNS FROM `exp_news` [ RunTime:0.0317s ]
SQL: SELECT * FROM `exp_news` WHERE ( news_title='announcement' ) LIMIT 1   [ RunTime:0.0300s ]
INFO: [ view_parse ] --START--
INFO: [ template_filter ] --START--
INFO: Run Behavior\ContentReplaceBehavior [ RunTime:0.000264s ]
INFO: [ template_filter ] --END-- [ RunTime:0.000396s ]
INFO: Run Behavior\ParseTemplateBehavior [ RunTime:0.105787s ]
INFO: [ view_parse ] --END-- [ RunTime:0.105873s ]
INFO: [ view_filter ] --START--
INFO: Run Behavior\WriteHtmlCacheBehavior [ RunTime:0.000304s ]
INFO: [ view_filter ] --END-- [ RunTime:0.000338s ]
INFO: [ app_end ] --START--
INFO: Run Behavior\ShowPageTraceBehavior [ RunTime:0.000464s ]
INFO: [ app_end ] --END-- [ RunTime:0.000503s ]

[ 2016-05-23T15:03:26+08:00 ] 127.0.0.1 /
INFO: [ app_init ] --START--
INFO: Run Behavior\BuildLiteBehavior [ RunTime:0.000010s ]
INFO: [ app_init ] --END-- [ RunTime:0.000275s ]
INFO: [ app_begin ] --START--
INFO: Run Behavior\ReadHtmlCacheBehavior [ RunTime:0.000703s ]
INFO: Run Behavior\ReadHtmlCacheBehavior [ RunTime:0.000014s ]
INFO: Run Behavior\CheckLangBehavior [ RunTime:0.000672s ]
INFO: [ app_begin ] --END-- [ RunTime:0.001548s ]
SQL: SHOW COLUMNS FROM `exp_user` [ RunTime:0.0339s ]
NOTIC: [8] Undefined variable: sessionUserName E:\wamp\Apache24\htdocs\express\Apps\Home\Controller\IndexController.class.php 第 22 行.
SQL: SELECT * FROM `exp_user` WHERE `user_phone` = null LIMIT 1   [ RunTime:0.0378s ]
SQL: SHOW COLUMNS FROM `exp_expcompany` [ RunTime:0.0346s ]
SQL: SELECT * FROM `exp_expcompany` WHERE ( status=1 )  [ RunTime:0.0328s ]
SQL: SHOW COLUMNS FROM `exp_school_area` [ RunTime:0.0403s ]
SQL: SHOW COLUMNS FROM `exp_school_area_detail` [ RunTime:0.0346s ]
SQL: SELECT * FROM `exp_school_area` WHERE ( status=1 )  [ RunTime:0.0327s ]
SQL: SELECT * FROM `exp_school_area_detail` WHERE ( status=1 )  [ RunTime:0.0382s ]
SQL: SHOW COLUMNS FROM `exp_server` [ RunTime:0.0343s ]
SQL: SELECT * FROM `exp_server` WHERE ( status=1 )  [ RunTime:0.0391s ]
SQL: SHOW COLUMNS FROM `exp_news` [ RunTime:0.0396s ]
SQL: SELECT * FROM `exp_news` WHERE ( news_title='announcement' ) LIMIT 1   [ RunTime:0.0411s ]
INFO: [ view_parse ] --START--
INFO: [ template_filter ] --START--
INFO: Run Behavior\ContentReplaceBehavior [ RunTime:0.000075s ]
INFO: [ template_filter ] --END-- [ RunTime:0.000119s ]
INFO: Run Behavior\ParseTemplateBehavior [ RunTime:0.208148s ]
INFO: [ view_parse ] --END-- [ RunTime:0.208311s ]
INFO: [ view_filter ] --START--
INFO: Run Behavior\WriteHtmlCacheBehavior [ RunTime:0.000309s ]
INFO: [ view_filter ] --END-- [ RunTime:0.000344s ]
INFO: [ app_end ] --START--
INFO: Run Behavior\ShowPageTraceBehavior [ RunTime:0.000934s ]
INFO: [ app_end ] --END-- [ RunTime:0.001019s ]

[ 2016-05-23T15:03:32+08:00 ] 127.0.0.1 /
INFO: [ app_init ] --START--
INFO: Run Behavior\BuildLiteBehavior [ RunTime:0.000022s ]
INFO: [ app_init ] --END-- [ RunTime:0.000645s ]
INFO: [ app_begin ] --START--
INFO: Run Behavior\ReadHtmlCacheBehavior [ RunTime:0.001273s ]
INFO: Run Behavior\ReadHtmlCacheBehavior [ RunTime:0.000016s ]
INFO: Run Behavior\CheckLangBehavior [ RunTime:0.000814s ]
INFO: [ app_begin ] --END-- [ RunTime:0.002273s ]
SQL: SHOW COLUMNS FROM `exp_user` [ RunTime:0.0286s ]
NOTIC: [8] Undefined variable: sessionUserName E:\wamp\Apache24\htdocs\express\Apps\Home\Controller\IndexController.class.php 第 22 行.
SQL: SELECT * FROM `exp_user` WHERE `user_phone` = null LIMIT 1   [ RunTime:0.0303s ]
SQL: SHOW COLUMNS FROM `exp_expcompany` [ RunTime:0.0292s ]
SQL: SELECT * FROM `exp_expcompany` WHERE ( status=1 )  [ RunTime:0.0360s ]
SQL: SHOW COLUMNS FROM `exp_school_area` [ RunTime:0.0277s ]
SQL: SHOW COLUMNS FROM `exp_school_area_detail` [ RunTime:0.0311s ]
SQL: SELECT * FROM `exp_school_area` WHERE ( status=1 )  [ RunTime:0.0279s ]
SQL: SELECT * FROM `exp_school_area_detail` WHERE ( status=1 )  [ RunTime:0.0304s ]
SQL: SHOW COLUMNS FROM `exp_server` [ RunTime:0.0301s ]
SQL: SELECT * FROM `exp_server` WHERE ( status=1 )  [ RunTime:0.0265s ]
SQL: SHOW COLUMNS FROM `exp_news` [ RunTime:0.0310s ]
SQL: SELECT * FROM `exp_news` WHERE ( news_title='announcement' ) LIMIT 1   [ RunTime:0.0421s ]
INFO: [ view_parse ] --START--
INFO: [ template_filter ] --START--
INFO: Run Behavior\ContentReplaceBehavior [ RunTime:0.000204s ]
INFO: [ template_filter ] --END-- [ RunTime:0.000306s ]
INFO: Run Behavior\ParseTemplateBehavior [ RunTime:0.138734s ]
INFO: [ view_parse ] --END-- [ RunTime:0.138850s ]
INFO: [ view_filter ] --START--
INFO: Run Behavior\WriteHtmlCacheBehavior [ RunTime:0.000290s ]
INFO: [ view_filter ] --END-- [ RunTime:0.000326s ]
INFO: [ app_end ] --START--
INFO: Run Behavior\ShowPageTraceBehavior [ RunTime:0.000710s ]
INFO: [ app_end ] --END-- [ RunTime:0.000782s ]

[ 2016-05-23T15:11:14+08:00 ] 127.0.0.1 /
INFO: [ app_init ] --START--
INFO: Run Behavior\BuildLiteBehavior [ RunTime:0.000012s ]
INFO: [ app_init ] --END-- [ RunTime:0.000299s ]
INFO: [ app_begin ] --START--
INFO: Run Behavior\ReadHtmlCacheBehavior [ RunTime:0.000366s ]
INFO: Run Behavior\ReadHtmlCacheBehavior [ RunTime:0.000007s ]
INFO: Run Behavior\CheckLangBehavior [ RunTime:0.000534s ]
INFO: [ app_begin ] --END-- [ RunTime:0.001003s ]
SQL: SHOW COLUMNS FROM `exp_user` [ RunTime:0.0329s ]
NOTIC: [8] Undefined variable: sessionUserName E:\wamp\Apache24\htdocs\express\Apps\Home\Controller\IndexController.class.php 第 22 行.
SQL: SELECT * FROM `exp_user` WHERE `user_phone` = null LIMIT 1   [ RunTime:0.0324s ]
SQL: SHOW COLUMNS FROM `exp_expcompany` [ RunTime:0.0285s ]
SQL: SELECT * FROM `exp_expcompany` WHERE ( status=1 )  [ RunTime:0.0413s ]
SQL: SHOW COLUMNS FROM `exp_school_area` [ RunTime:0.0356s ]
SQL: SHOW COLUMNS FROM `exp_school_area_detail` [ RunTime:0.0286s ]
SQL: SELECT * FROM `exp_school_area` WHERE ( status=1 )  [ RunTime:0.0391s ]
SQL: SELECT * FROM `exp_school_area_detail` WHERE ( status=1 )  [ RunTime:0.0373s ]
SQL: SHOW COLUMNS FROM `exp_server` [ RunTime:0.0330s ]
SQL: SELECT * FROM `exp_server` WHERE ( status=1 )  [ RunTime:0.0468s ]
SQL: SHOW COLUMNS FROM `exp_news` [ RunTime:0.0282s ]
SQL: SELECT * FROM `exp_news` WHERE ( news_title='announcement' ) LIMIT 1   [ RunTime:0.0276s ]
INFO: [ view_parse ] --START--
INFO: [ template_filter ] --START--
INFO: Run Behavior\ContentReplaceBehavior [ RunTime:0.000151s ]
INFO: [ template_filter ] --END-- [ RunTime:0.000234s ]
INFO: Run Behavior\ParseTemplateBehavior [ RunTime:0.084754s ]
INFO: [ view_parse ] --END-- [ RunTime:0.084830s ]
INFO: [ view_filter ] --START--
INFO: Run Behavior\WriteHtmlCacheBehavior [ RunTime:0.000251s ]
INFO: [ view_filter ] --END-- [ RunTime:0.000284s ]
INFO: [ app_end ] --START--
INFO: Run Behavior\ShowPageTraceBehavior [ RunTime:0.000681s ]
INFO: [ app_end ] --END-- [ RunTime:0.000752s ]

[ 2016-05-23T15:12:08+08:00 ] 127.0.0.1 /
INFO: [ app_init ] --START--
INFO: Run Behavior\BuildLiteBehavior [ RunTime:0.000013s ]
INFO: [ app_init ] --END-- [ RunTime:0.000335s ]
INFO: [ app_begin ] --START--
INFO: Run Behavior\ReadHtmlCacheBehavior [ RunTime:0.000385s ]
INFO: Run Behavior\ReadHtmlCacheBehavior [ RunTime:0.000008s ]
INFO: Run Behavior\CheckLangBehavior [ RunTime:0.000376s ]
INFO: [ app_begin ] --END-- [ RunTime:0.000856s ]
SQL: SHOW COLUMNS FROM `exp_user` [ RunTime:0.0310s ]
NOTIC: [8] Undefined variable: sessionUserName E:\wamp\Apache24\htdocs\express\Apps\Home\Controller\IndexController.class.php 第 22 行.
SQL: SELECT * FROM `exp_user` WHERE `user_phone` = null LIMIT 1   [ RunTime:0.0345s ]
SQL: SHOW COLUMNS FROM `exp_expcompany` [ RunTime:0.0315s ]
SQL: SELECT * FROM `exp_expcompany` WHERE ( status=1 )  [ RunTime:0.0317s ]
SQL: SHOW COLUMNS FROM `exp_school_area` [ RunTime:0.0314s ]
SQL: SHOW COLUMNS FROM `exp_school_area_detail` [ RunTime:0.0335s ]
SQL: SELECT * FROM `exp_school_area` WHERE ( status=1 )  [ RunTime:0.0302s ]
SQL: SELECT * FROM `exp_school_area_detail` WHERE ( status=1 )  [ RunTime:0.0348s ]
SQL: SHOW COLUMNS FROM `exp_server` [ RunTime:0.0319s ]
SQL: SELECT * FROM `exp_server` WHERE ( status=1 )  [ RunTime:0.0283s ]
SQL: SHOW COLUMNS FROM `exp_news` [ RunTime:0.0331s ]
SQL: SELECT * FROM `exp_news` WHERE ( news_title='announcement' ) LIMIT 1   [ RunTime:0.0396s ]
INFO: [ view_parse ] --START--
INFO: [ template_filter ] --START--
INFO: Run Behavior\ContentReplaceBehavior [ RunTime:0.000101s ]
INFO: [ template_filter ] --END-- [ RunTime:0.000147s ]
INFO: Run Behavior\ParseTemplateBehavior [ RunTime:0.082733s ]
INFO: [ view_parse ] --END-- [ RunTime:0.082806s ]
INFO: [ view_filter ] --START--
INFO: Run Behavior\WriteHtmlCacheBehavior [ RunTime:0.000266s ]
INFO: [ view_filter ] --END-- [ RunTime:0.000298s ]
INFO: [ app_end ] --START--
INFO: Run Behavior\ShowPageTraceBehavior [ RunTime:0.000684s ]
INFO: [ app_end ] --END-- [ RunTime:0.000753s ]

[ 2016-05-23T15:14:27+08:00 ] 127.0.0.1 /
INFO: [ app_init ] --START--
INFO: Run Behavior\BuildLiteBehavior [ RunTime:0.000012s ]
INFO: [ app_init ] --END-- [ RunTime:0.000327s ]
INFO: [ app_begin ] --START--
INFO: Run Behavior\ReadHtmlCacheBehavior [ RunTime:0.000443s ]
INFO: Run Behavior\ReadHtmlCacheBehavior [ RunTime:0.000008s ]
INFO: Run Behavior\CheckLangBehavior [ RunTime:0.000408s ]
INFO: [ app_begin ] --END-- [ RunTime:0.000942s ]
SQL: SHOW COLUMNS FROM `exp_user` [ RunTime:0.0298s ]
NOTIC: [8] Undefined variable: sessionUserName E:\wamp\Apache24\htdocs\express\Apps\Home\Controller\IndexController.class.php 第 22 行.
SQL: SELECT * FROM `exp_user` WHERE `user_phone` = null LIMIT 1   [ RunTime:0.0352s ]
SQL: SHOW COLUMNS FROM `exp_expcompany` [ RunTime:0.0364s ]
SQL: SELECT * FROM `exp_expcompany` WHERE ( status=1 )  [ RunTime:0.0282s ]
SQL: SHOW COLUMNS FROM `exp_school_area` [ RunTime:0.0332s ]
SQL: SHOW COLUMNS FROM `exp_school_area_detail` [ RunTime:0.0299s ]
SQL: SELECT * FROM `exp_school_area` WHERE ( status=1 )  [ RunTime:0.0277s ]
SQL: SELECT * FROM `exp_school_area_detail` WHERE ( status=1 )  [ RunTime:0.0732s ]
SQL: SHOW COLUMNS FROM `exp_server` [ RunTime:0.0307s ]
SQL: SELECT * FROM `exp_server` WHERE ( status=1 )  [ RunTime:0.0298s ]
SQL: SHOW COLUMNS FROM `exp_news` [ RunTime:0.0301s ]
SQL: SELECT * FROM `exp_news` WHERE ( news_title='announcement' ) LIMIT 1   [ RunTime:0.0305s ]
INFO: [ view_parse ] --START--
INFO: [ template_filter ] --START--
INFO: Run Behavior\ContentReplaceBehavior [ RunTime:0.000092s ]
INFO: [ template_filter ] --END-- [ RunTime:0.000140s ]
INFO: Run Behavior\ParseTemplateBehavior [ RunTime:0.088551s ]
INFO: [ view_parse ] --END-- [ RunTime:0.088635s ]
INFO: [ view_filter ] --START--
INFO: Run Behavior\WriteHtmlCacheBehavior [ RunTime:0.000305s ]
INFO: [ view_filter ] --END-- [ RunTime:0.000339s ]
INFO: [ app_end ] --START--
INFO: Run Behavior\ShowPageTraceBehavior [ RunTime:0.000761s ]
INFO: [ app_end ] --END-- [ RunTime:0.000832s ]

[ 2016-05-23T15:40:09+08:00 ] 127.0.0.1 /
INFO: [ app_init ] --START--
INFO: Run Behavior\BuildLiteBehavior [ RunTime:0.000020s ]
INFO: [ app_init ] --END-- [ RunTime:0.000541s ]
INFO: [ app_begin ] --START--
INFO: Run Behavior\ReadHtmlCacheBehavior [ RunTime:0.000612s ]
INFO: Run Behavior\ReadHtmlCacheBehavior [ RunTime:0.000007s ]
INFO: Run Behavior\CheckLangBehavior [ RunTime:0.000464s ]
INFO: [ app_begin ] --END-- [ RunTime:0.001193s ]
SQL: SHOW COLUMNS FROM `exp_user` [ RunTime:0.0313s ]
NOTIC: [8] Undefined variable: sessionUserName E:\wamp\Apache24\htdocs\express\Apps\Home\Controller\IndexController.class.php 第 22 行.
SQL: SELECT * FROM `exp_user` WHERE `user_phone` = null LIMIT 1   [ RunTime:0.0471s ]
SQL: SHOW COLUMNS FROM `exp_expcompany` [ RunTime:0.0328s ]
SQL: SELECT * FROM `exp_expcompany` WHERE ( status=1 )  [ RunTime:0.0293s ]
SQL: SHOW COLUMNS FROM `exp_school_area` [ RunTime:0.0277s ]
SQL: SHOW COLUMNS FROM `exp_school_area_detail` [ RunTime:0.0350s ]
SQL: SELECT * FROM `exp_school_area` WHERE ( status=1 )  [ RunTime:0.0290s ]
SQL: SELECT * FROM `exp_school_area_detail` WHERE ( status=1 )  [ RunTime:0.0385s ]
SQL: SHOW COLUMNS FROM `exp_server` [ RunTime:0.0289s ]
SQL: SELECT * FROM `exp_server` WHERE ( status=1 )  [ RunTime:0.0339s ]
SQL: SHOW COLUMNS FROM `exp_news` [ RunTime:0.0363s ]
SQL: SELECT * FROM `exp_news` WHERE ( news_title='announcement' ) LIMIT 1   [ RunTime:0.0396s ]
INFO: [ view_parse ] --START--
INFO: [ template_filter ] --START--
INFO: Run Behavior\ContentReplaceBehavior [ RunTime:0.000455s ]
INFO: [ template_filter ] --END-- [ RunTime:0.000665s ]
INFO: Run Behavior\ParseTemplateBehavior [ RunTime:0.178776s ]
INFO: [ view_parse ] --END-- [ RunTime:0.178924s ]
INFO: [ view_filter ] --START--
INFO: Run Behavior\WriteHtmlCacheBehavior [ RunTime:0.000444s ]
INFO: [ view_filter ] --END-- [ RunTime:0.000489s ]
INFO: [ app_end ] --START--
INFO: Run Behavior\ShowPageTraceBehavior [ RunTime:0.001030s ]
INFO: [ app_end ] --END-- [ RunTime:0.001133s ]

[ 2016-05-23T15:40:52+08:00 ] 127.0.0.1 /
INFO: [ app_init ] --START--
INFO: Run Behavior\BuildLiteBehavior [ RunTime:0.000033s ]
INFO: [ app_init ] --END-- [ RunTime:0.000340s ]
INFO: [ app_begin ] --START--
INFO: Run Behavior\ReadHtmlCacheBehavior [ RunTime:0.000384s ]
INFO: Run Behavior\ReadHtmlCacheBehavior [ RunTime:0.000009s ]
INFO: Run Behavior\CheckLangBehavior [ RunTime:0.000382s ]
INFO: [ app_begin ] --END-- [ RunTime:0.000865s ]
SQL: SHOW COLUMNS FROM `exp_user` [ RunTime:0.0292s ]
NOTIC: [8] Undefined variable: sessionUserName E:\wamp\Apache24\htdocs\express\Apps\Home\Controller\IndexController.class.php 第 22 行.
SQL: SELECT * FROM `exp_user` WHERE `user_phone` = null LIMIT 1   [ RunTime:0.0340s ]
SQL: SHOW COLUMNS FROM `exp_expcompany` [ RunTime:0.0347s ]
SQL: SELECT * FROM `exp_expcompany` WHERE ( status=1 )  [ RunTime:0.0324s ]
SQL: SHOW COLUMNS FROM `exp_school_area` [ RunTime:0.0368s ]
SQL: SHOW COLUMNS FROM `exp_school_area_detail` [ RunTime:0.0406s ]
SQL: SELECT * FROM `exp_school_area` WHERE ( status=1 )  [ RunTime:0.0293s ]
SQL: SELECT * FROM `exp_school_area_detail` WHERE ( status=1 )  [ RunTime:0.0340s ]
SQL: SHOW COLUMNS FROM `exp_server` [ RunTime:0.0319s ]
SQL: SELECT * FROM `exp_server` WHERE ( status=1 )  [ RunTime:0.0353s ]
SQL: SHOW COLUMNS FROM `exp_news` [ RunTime:0.0317s ]
SQL: SELECT * FROM `exp_news` WHERE ( news_title='announcement' ) LIMIT 1   [ RunTime:0.0347s ]
INFO: [ view_parse ] --START--
INFO: [ template_filter ] --START--
INFO: Run Behavior\ContentReplaceBehavior [ RunTime:0.000090s ]
INFO: [ template_filter ] --END-- [ RunTime:0.000138s ]
INFO: Run Behavior\ParseTemplateBehavior [ RunTime:0.085039s ]
INFO: [ view_parse ] --END-- [ RunTime:0.085119s ]
INFO: [ view_filter ] --START--
INFO: Run Behavior\WriteHtmlCacheBehavior [ RunTime:0.000273s ]
INFO: [ view_filter ] --END-- [ RunTime:0.000307s ]
INFO: [ app_end ] --START--
INFO: Run Behavior\ShowPageTraceBehavior [ RunTime:0.000760s ]
INFO: [ app_end ] --END-- [ RunTime:0.000870s ]

[ 2016-05-23T15:41:09+08:00 ] 127.0.0.1 /
INFO: [ app_init ] --START--
INFO: Run Behavior\BuildLiteBehavior [ RunTime:0.000013s ]
INFO: [ app_init ] --END-- [ RunTime:0.000294s ]
INFO: [ app_begin ] --START--
INFO: Run Behavior\ReadHtmlCacheBehavior [ RunTime:0.000513s ]
INFO: Run Behavior\ReadHtmlCacheBehavior [ RunTime:0.000012s ]
INFO: Run Behavior\CheckLangBehavior [ RunTime:0.000391s ]
INFO: [ app_begin ] --END-- [ RunTime:0.001012s ]
SQL: SHOW COLUMNS FROM `exp_user` [ RunTime:0.0347s ]
NOTIC: [8] Undefined variable: sessionUserName E:\wamp\Apache24\htdocs\express\Apps\Home\Controller\IndexController.class.php 第 22 行.
SQL: SELECT * FROM `exp_user` WHERE `user_phone` = null LIMIT 1   [ RunTime:0.0401s ]
SQL: SHOW COLUMNS FROM `exp_expcompany` [ RunTime:0.0337s ]
SQL: SELECT * FROM `exp_expcompany` WHERE ( status=1 )  [ RunTime:0.0374s ]
SQL: SHOW COLUMNS FROM `exp_school_area` [ RunTime:0.0393s ]
SQL: SHOW COLUMNS FROM `exp_school_area_detail` [ RunTime:0.0380s ]
SQL: SELECT * FROM `exp_school_area` WHERE ( status=1 )  [ RunTime:0.0363s ]
SQL: SELECT * FROM `exp_school_area_detail` WHERE ( status=1 )  [ RunTime:0.0436s ]
SQL: SHOW COLUMNS FROM `exp_server` [ RunTime:0.0396s ]
SQL: SELECT * FROM `exp_server` WHERE ( status=1 )  [ RunTime:0.0351s ]
SQL: SHOW COLUMNS FROM `exp_news` [ RunTime:0.0397s ]
SQL: SELECT * FROM `exp_news` WHERE ( news_title='announcement' ) LIMIT 1   [ RunTime:0.0353s ]
INFO: [ view_parse ] --START--
INFO: [ template_filter ] --START--
INFO: Run Behavior\ContentReplaceBehavior [ RunTime:0.000085s ]
INFO: [ template_filter ] --END-- [ RunTime:0.000132s ]
INFO: Run Behavior\ParseTemplateBehavior [ RunTime:0.074920s ]
INFO: [ view_parse ] --END-- [ RunTime:0.074999s ]
INFO: [ view_filter ] --START--
INFO: Run Behavior\WriteHtmlCacheBehavior [ RunTime:0.000295s ]
INFO: [ view_filter ] --END-- [ RunTime:0.000333s ]
INFO: [ app_end ] --START--
INFO: Run Behavior\ShowPageTraceBehavior [ RunTime:0.000779s ]
INFO: [ app_end ] --END-- [ RunTime:0.000850s ]

[ 2016-05-23T15:42:03+08:00 ] 127.0.0.1 /
INFO: [ app_init ] --START--
INFO: Run Behavior\BuildLiteBehavior [ RunTime:0.000022s ]
INFO: [ app_init ] --END-- [ RunTime:0.000385s ]
INFO: [ app_begin ] --START--
INFO: Run Behavior\ReadHtmlCacheBehavior [ RunTime:0.000308s ]
INFO: Run Behavior\ReadHtmlCacheBehavior [ RunTime:0.000007s ]
INFO: Run Behavior\CheckLangBehavior [ RunTime:0.000300s ]
INFO: [ app_begin ] --END-- [ RunTime:0.000683s ]
SQL: SHOW COLUMNS FROM `exp_user` [ RunTime:0.0366s ]
NOTIC: [8] Undefined variable: sessionUserName E:\wamp\Apache24\htdocs\express\Apps\Home\Controller\IndexController.class.php 第 22 行.
SQL: SELECT * FROM `exp_user` WHERE `user_phone` = null LIMIT 1   [ RunTime:0.0375s ]
SQL: SHOW COLUMNS FROM `exp_expcompany` [ RunTime:0.0303s ]
SQL: SELECT * FROM `exp_expcompany` WHERE ( status=1 )  [ RunTime:0.0333s ]
SQL: SHOW COLUMNS FROM `exp_school_area` [ RunTime:0.0307s ]
SQL: SHOW COLUMNS FROM `exp_school_area_detail` [ RunTime:0.0366s ]
SQL: SELECT * FROM `exp_school_area` WHERE ( status=1 )  [ RunTime:0.0355s ]
SQL: SELECT * FROM `exp_school_area_detail` WHERE ( status=1 )  [ RunTime:0.0405s ]
SQL: SHOW COLUMNS FROM `exp_server` [ RunTime:0.0302s ]
SQL: SELECT * FROM `exp_server` WHERE ( status=1 )  [ RunTime:0.0328s ]
SQL: SHOW COLUMNS FROM `exp_news` [ RunTime:0.0288s ]
SQL: SELECT * FROM `exp_news` WHERE ( news_title='announcement' ) LIMIT 1   [ RunTime:0.0333s ]
INFO: [ view_parse ] --START--
INFO: [ template_filter ] --START--
INFO: Run Behavior\ContentReplaceBehavior [ RunTime:0.000108s ]
INFO: [ template_filter ] --END-- [ RunTime:0.000165s ]
INFO: Run Behavior\ParseTemplateBehavior [ RunTime:0.084220s ]
INFO: [ view_parse ] --END-- [ RunTime:0.084316s ]
INFO: [ view_filter ] --START--
INFO: Run Behavior\WriteHtmlCacheBehavior [ RunTime:0.000304s ]
INFO: [ view_filter ] --END-- [ RunTime:0.000360s ]
INFO: [ app_end ] --START--
INFO: Run Behavior\ShowPageTraceBehavior [ RunTime:0.000729s ]
INFO: [ app_end ] --END-- [ RunTime:0.000797s ]

[ 2016-05-23T15:42:39+08:00 ] 127.0.0.1 /
INFO: [ app_init ] --START--
INFO: Run Behavior\BuildLiteBehavior [ RunTime:0.000015s ]
INFO: [ app_init ] --END-- [ RunTime:0.000381s ]
INFO: [ app_begin ] --START--
INFO: Run Behavior\ReadHtmlCacheBehavior [ RunTime:0.000583s ]
INFO: Run Behavior\ReadHtmlCacheBehavior [ RunTime:0.000012s ]
INFO: Run Behavior\CheckLangBehavior [ RunTime:0.000503s ]
INFO: [ app_begin ] --END-- [ RunTime:0.001215s ]
SQL: SHOW COLUMNS FROM `exp_user` [ RunTime:0.0385s ]
NOTIC: [8] Undefined variable: sessionUserName E:\wamp\Apache24\htdocs\express\Apps\Home\Controller\IndexController.class.php 第 22 行.
SQL: SELECT * FROM `exp_user` WHERE `user_phone` = null LIMIT 1   [ RunTime:0.0505s ]
SQL: SHOW COLUMNS FROM `exp_expcompany` [ RunTime:0.0419s ]
SQL: SELECT * FROM `exp_expcompany` WHERE ( status=1 )  [ RunTime:0.0353s ]
SQL: SHOW COLUMNS FROM `exp_school_area` [ RunTime:0.0386s ]
SQL: SHOW COLUMNS FROM `exp_school_area_detail` [ RunTime:0.0395s ]
SQL: SELECT * FROM `exp_school_area` WHERE ( status=1 )  [ RunTime:0.0406s ]
SQL: SELECT * FROM `exp_school_area_detail` WHERE ( status=1 )  [ RunTime:0.0330s ]
SQL: SHOW COLUMNS FROM `exp_server` [ RunTime:0.0345s ]
SQL: SELECT * FROM `exp_server` WHERE ( status=1 )  [ RunTime:0.0308s ]
SQL: SHOW COLUMNS FROM `exp_news` [ RunTime:0.0325s ]
SQL: SELECT * FROM `exp_news` WHERE ( news_title='announcement' ) LIMIT 1   [ RunTime:0.0323s ]
INFO: [ view_parse ] --START--
INFO: [ template_filter ] --START--
INFO: Run Behavior\ContentReplaceBehavior [ RunTime:0.000256s ]
INFO: [ template_filter ] --END-- [ RunTime:0.000385s ]
INFO: Run Behavior\ParseTemplateBehavior [ RunTime:0.101773s ]
INFO: [ view_parse ] --END-- [ RunTime:0.102004s ]
INFO: [ view_filter ] --START--
INFO: Run Behavior\WriteHtmlCacheBehavior [ RunTime:0.000296s ]
INFO: [ view_filter ] --END-- [ RunTime:0.000357s ]
INFO: [ app_end ] --START--
INFO: Run Behavior\ShowPageTraceBehavior [ RunTime:0.000687s ]
INFO: [ app_end ] --END-- [ RunTime:0.000751s ]

[ 2016-05-23T15:42:43+08:00 ] 127.0.0.1 /
INFO: [ app_init ] --START--
INFO: Run Behavior\BuildLiteBehavior [ RunTime:0.000014s ]
INFO: [ app_init ] --END-- [ RunTime:0.000297s ]
INFO: [ app_begin ] --START--
INFO: Run Behavior\ReadHtmlCacheBehavior [ RunTime:0.000371s ]
INFO: Run Behavior\ReadHtmlCacheBehavior [ RunTime:0.000008s ]
INFO: Run Behavior\CheckLangBehavior [ RunTime:0.000368s ]
INFO: [ app_begin ] --END-- [ RunTime:0.000834s ]
SQL: SHOW COLUMNS FROM `exp_user` [ RunTime:0.0408s ]
NOTIC: [8] Undefined variable: sessionUserName E:\wamp\Apache24\htdocs\express\Apps\Home\Controller\IndexController.class.php 第 22 行.
SQL: SELECT * FROM `exp_user` WHERE `user_phone` = null LIMIT 1   [ RunTime:0.0338s ]
SQL: SHOW COLUMNS FROM `exp_expcompany` [ RunTime:0.0327s ]
SQL: SELECT * FROM `exp_expcompany` WHERE ( status=1 )  [ RunTime:0.0347s ]
SQL: SHOW COLUMNS FROM `exp_school_area` [ RunTime:0.0349s ]
SQL: SHOW COLUMNS FROM `exp_school_area_detail` [ RunTime:0.0322s ]
SQL: SELECT * FROM `exp_school_area` WHERE ( status=1 )  [ RunTime:0.0325s ]
SQL: SELECT * FROM `exp_school_area_detail` WHERE ( status=1 )  [ RunTime:0.2689s ]
SQL: SHOW COLUMNS FROM `exp_server` [ RunTime:0.0460s ]
SQL: SELECT * FROM `exp_server` WHERE ( status=1 )  [ RunTime:0.0322s ]
SQL: SHOW COLUMNS FROM `exp_news` [ RunTime:0.0475s ]
SQL: SELECT * FROM `exp_news` WHERE ( news_title='announcement' ) LIMIT 1   [ RunTime:0.0477s ]
INFO: [ view_parse ] --START--
INFO: [ template_filter ] --START--
INFO: Run Behavior\ContentReplaceBehavior [ RunTime:0.000231s ]
INFO: [ template_filter ] --END-- [ RunTime:0.000351s ]
INFO: Run Behavior\ParseTemplateBehavior [ RunTime:0.111369s ]
INFO: [ view_parse ] --END-- [ RunTime:0.111488s ]
INFO: [ view_filter ] --START--
INFO: Run Behavior\WriteHtmlCacheBehavior [ RunTime:0.000269s ]
INFO: [ view_filter ] --END-- [ RunTime:0.000297s ]
INFO: [ app_end ] --START--
INFO: Run Behavior\ShowPageTraceBehavior [ RunTime:0.000614s ]
INFO: [ app_end ] --END-- [ RunTime:0.000667s ]

[ 2016-05-23T15:44:07+08:00 ] 127.0.0.1 /
INFO: [ app_init ] --START--
INFO: Run Behavior\BuildLiteBehavior [ RunTime:0.000009s ]
INFO: [ app_init ] --END-- [ RunTime:0.000243s ]
INFO: [ app_begin ] --START--
INFO: Run Behavior\ReadHtmlCacheBehavior [ RunTime:0.000331s ]
INFO: Run Behavior\ReadHtmlCacheBehavior [ RunTime:0.000007s ]
INFO: Run Behavior\CheckLangBehavior [ RunTime:0.000469s ]
INFO: [ app_begin ] --END-- [ RunTime:0.000904s ]
SQL: SHOW COLUMNS FROM `exp_user` [ RunTime:0.0302s ]
NOTIC: [8] Undefined variable: sessionUserName E:\wamp\Apache24\htdocs\express\Apps\Home\Controller\IndexController.class.php 第 22 行.
SQL: SELECT * FROM `exp_user` WHERE `user_phone` = null LIMIT 1   [ RunTime:0.0302s ]
SQL: SHOW COLUMNS FROM `exp_expcompany` [ RunTime:0.0423s ]
SQL: SELECT * FROM `exp_expcompany` WHERE ( status=1 )  [ RunTime:0.0304s ]
SQL: SHOW COLUMNS FROM `exp_school_area` [ RunTime:0.0300s ]
SQL: SHOW COLUMNS FROM `exp_school_area_detail` [ RunTime:0.0305s ]
SQL: SELECT * FROM `exp_school_area` WHERE ( status=1 )  [ RunTime:0.0312s ]
SQL: SELECT * FROM `exp_school_area_detail` WHERE ( status=1 )  [ RunTime:0.0331s ]
SQL: SHOW COLUMNS FROM `exp_server` [ RunTime:0.0329s ]
SQL: SELECT * FROM `exp_server` WHERE ( status=1 )  [ RunTime:0.0279s ]
SQL: SHOW COLUMNS FROM `exp_news` [ RunTime:0.0351s ]
SQL: SELECT * FROM `exp_news` WHERE ( news_title='announcement' ) LIMIT 1   [ RunTime:0.0319s ]
INFO: [ view_parse ] --START--
INFO: [ template_filter ] --START--
INFO: Run Behavior\ContentReplaceBehavior [ RunTime:0.000235s ]
INFO: [ template_filter ] --END-- [ RunTime:0.000354s ]
INFO: Run Behavior\ParseTemplateBehavior [ RunTime:0.113170s ]
INFO: [ view_parse ] --END-- [ RunTime:0.113267s ]
INFO: [ view_filter ] --START--
INFO: Run Behavior\WriteHtmlCacheBehavior [ RunTime:0.000271s ]
INFO: [ view_filter ] --END-- [ RunTime:0.000302s ]
INFO: [ app_end ] --START--
INFO: Run Behavior\ShowPageTraceBehavior [ RunTime:0.000716s ]
INFO: [ app_end ] --END-- [ RunTime:0.000780s ]

[ 2016-05-23T15:44:28+08:00 ] 127.0.0.1 /
INFO: [ app_init ] --START--
INFO: Run Behavior\BuildLiteBehavior [ RunTime:0.000012s ]
INFO: [ app_init ] --END-- [ RunTime:0.000294s ]
INFO: [ app_begin ] --START--
INFO: Run Behavior\ReadHtmlCacheBehavior [ RunTime:0.000371s ]
INFO: Run Behavior\ReadHtmlCacheBehavior [ RunTime:0.000008s ]
INFO: Run Behavior\CheckLangBehavior [ RunTime:0.000348s ]
INFO: [ app_begin ] --END-- [ RunTime:0.000808s ]
SQL: SHOW COLUMNS FROM `exp_user` [ RunTime:0.0351s ]
NOTIC: [8] Undefined variable: sessionUserName E:\wamp\Apache24\htdocs\express\Apps\Home\Controller\IndexController.class.php 第 22 行.
SQL: SELECT * FROM `exp_user` WHERE `user_phone` = null LIMIT 1   [ RunTime:0.0362s ]
SQL: SHOW COLUMNS FROM `exp_expcompany` [ RunTime:0.0335s ]
SQL: SELECT * FROM `exp_expcompany` WHERE ( status=1 )  [ RunTime:0.0340s ]
SQL: SHOW COLUMNS FROM `exp_school_area` [ RunTime:0.0333s ]
SQL: SHOW COLUMNS FROM `exp_school_area_detail` [ RunTime:0.0344s ]
SQL: SELECT * FROM `exp_school_area` WHERE ( status=1 )  [ RunTime:0.0334s ]
SQL: SELECT * FROM `exp_school_area_detail` WHERE ( status=1 )  [ RunTime:0.0355s ]
SQL: SHOW COLUMNS FROM `exp_server` [ RunTime:0.0375s ]
SQL: SELECT * FROM `exp_server` WHERE ( status=1 )  [ RunTime:0.0406s ]
SQL: SHOW COLUMNS FROM `exp_news` [ RunTime:0.0352s ]
SQL: SELECT * FROM `exp_news` WHERE ( news_title='announcement' ) LIMIT 1   [ RunTime:0.0384s ]
INFO: [ view_parse ] --START--
INFO: [ template_filter ] --START--
INFO: Run Behavior\ContentReplaceBehavior [ RunTime:0.000156s ]
INFO: [ template_filter ] --END-- [ RunTime:0.000225s ]
INFO: Run Behavior\ParseTemplateBehavior [ RunTime:0.108776s ]
INFO: [ view_parse ] --END-- [ RunTime:0.109053s ]
INFO: [ view_filter ] --START--
INFO: Run Behavior\WriteHtmlCacheBehavior [ RunTime:0.000284s ]
INFO: [ view_filter ] --END-- [ RunTime:0.000317s ]
INFO: [ app_end ] --START--
INFO: Run Behavior\ShowPageTraceBehavior [ RunTime:0.000767s ]
INFO: [ app_end ] --END-- [ RunTime:0.000839s ]

[ 2016-05-23T15:45:00+08:00 ] 127.0.0.1 /
INFO: [ app_init ] --START--
INFO: Run Behavior\BuildLiteBehavior [ RunTime:0.000010s ]
INFO: [ app_init ] --END-- [ RunTime:0.000289s ]
INFO: [ app_begin ] --START--
INFO: Run Behavior\ReadHtmlCacheBehavior [ RunTime:0.000386s ]
INFO: Run Behavior\ReadHtmlCacheBehavior [ RunTime:0.000007s ]
INFO: Run Behavior\CheckLangBehavior [ RunTime:0.000334s ]
INFO: [ app_begin ] --END-- [ RunTime:0.000794s ]
SQL: SHOW COLUMNS FROM `exp_user` [ RunTime:0.0351s ]
NOTIC: [8] Undefined variable: sessionUserName E:\wamp\Apache24\htdocs\express\Apps\Home\Controller\IndexController.class.php 第 22 行.
SQL: SELECT * FROM `exp_user` WHERE `user_phone` = null LIMIT 1   [ RunTime:0.0363s ]
SQL: SHOW COLUMNS FROM `exp_expcompany` [ RunTime:0.0337s ]
SQL: SELECT * FROM `exp_expcompany` WHERE ( status=1 )  [ RunTime:0.0335s ]
SQL: SHOW COLUMNS FROM `exp_school_area` [ RunTime:0.0350s ]
SQL: SHOW COLUMNS FROM `exp_school_area_detail` [ RunTime:0.0336s ]
SQL: SELECT * FROM `exp_school_area` WHERE ( status=1 )  [ RunTime:0.0312s ]
SQL: SELECT * FROM `exp_school_area_detail` WHERE ( status=1 )  [ RunTime:0.0361s ]
SQL: SHOW COLUMNS FROM `exp_server` [ RunTime:0.0345s ]
SQL: SELECT * FROM `exp_server` WHERE ( status=1 )  [ RunTime:0.0322s ]
SQL: SHOW COLUMNS FROM `exp_news` [ RunTime:0.0341s ]
SQL: SELECT * FROM `exp_news` WHERE ( news_title='announcement' ) LIMIT 1   [ RunTime:0.0357s ]
INFO: [ view_parse ] --START--
INFO: [ template_filter ] --START--
INFO: Run Behavior\ContentReplaceBehavior [ RunTime:0.000206s ]
INFO: [ template_filter ] --END-- [ RunTime:0.000323s ]
INFO: Run Behavior\ParseTemplateBehavior [ RunTime:0.109025s ]
INFO: [ view_parse ] --END-- [ RunTime:0.109136s ]
INFO: [ view_filter ] --START--
INFO: Run Behavior\WriteHtmlCacheBehavior [ RunTime:0.000266s ]
INFO: [ view_filter ] --END-- [ RunTime:0.000294s ]
INFO: [ app_end ] --START--
INFO: Run Behavior\ShowPageTraceBehavior [ RunTime:0.000751s ]
INFO: [ app_end ] --END-- [ RunTime:0.000824s ]

[ 2016-05-23T15:45:24+08:00 ] 127.0.0.1 /
INFO: [ app_init ] --START--
INFO: Run Behavior\BuildLiteBehavior [ RunTime:0.000015s ]
INFO: [ app_init ] --END-- [ RunTime:0.000288s ]
INFO: [ app_begin ] --START--
INFO: Run Behavior\ReadHtmlCacheBehavior [ RunTime:0.000420s ]
INFO: Run Behavior\ReadHtmlCacheBehavior [ RunTime:0.000008s ]
INFO: Run Behavior\CheckLangBehavior [ RunTime:0.000410s ]
INFO: [ app_begin ] --END-- [ RunTime:0.000931s ]
SQL: SHOW COLUMNS FROM `exp_user` [ RunTime:0.0346s ]
NOTIC: [8] Undefined variable: sessionUserName E:\wamp\Apache24\htdocs\express\Apps\Home\Controller\IndexController.class.php 第 22 行.
SQL: SELECT * FROM `exp_user` WHERE `user_phone` = null LIMIT 1   [ RunTime:0.0471s ]
SQL: SHOW COLUMNS FROM `exp_expcompany` [ RunTime:0.0383s ]
SQL: SELECT * FROM `exp_expcompany` WHERE ( status=1 )  [ RunTime:0.0336s ]
SQL: SHOW COLUMNS FROM `exp_school_area` [ RunTime:0.0355s ]
SQL: SHOW COLUMNS FROM `exp_school_area_detail` [ RunTime:0.0705s ]
SQL: SELECT * FROM `exp_school_area` WHERE ( status=1 )  [ RunTime:0.0583s ]
SQL: SELECT * FROM `exp_school_area_detail` WHERE ( status=1 )  [ RunTime:0.0338s ]
SQL: SHOW COLUMNS FROM `exp_server` [ RunTime:0.0348s ]
SQL: SELECT * FROM `exp_server` WHERE ( status=1 )  [ RunTime:0.0273s ]
SQL: SHOW COLUMNS FROM `exp_news` [ RunTime:0.0373s ]
SQL: SELECT * FROM `exp_news` WHERE ( news_title='announcement' ) LIMIT 1   [ RunTime:0.0351s ]
INFO: [ view_parse ] --START--
INFO: [ template_filter ] --START--
INFO: Run Behavior\ContentReplaceBehavior [ RunTime:0.000094s ]
INFO: [ template_filter ] --END-- [ RunTime:0.000145s ]
INFO: Run Behavior\ParseTemplateBehavior [ RunTime:0.100134s ]
INFO: [ view_parse ] --END-- [ RunTime:0.100202s ]
INFO: [ view_filter ] --START--
INFO: Run Behavior\WriteHtmlCacheBehavior [ RunTime:0.000243s ]
INFO: [ view_filter ] --END-- [ RunTime:0.000279s ]
INFO: [ app_end ] --START--
INFO: Run Behavior\ShowPageTraceBehavior [ RunTime:0.000669s ]
INFO: [ app_end ] --END-- [ RunTime:0.000739s ]

[ 2016-05-23T15:49:01+08:00 ] 127.0.0.1 /
INFO: [ app_init ] --START--
INFO: Run Behavior\BuildLiteBehavior [ RunTime:0.000011s ]
INFO: [ app_init ] --END-- [ RunTime:0.000320s ]
INFO: [ app_begin ] --START--
INFO: Run Behavior\ReadHtmlCacheBehavior [ RunTime:0.000438s ]
INFO: Run Behavior\ReadHtmlCacheBehavior [ RunTime:0.000010s ]
INFO: Run Behavior\CheckLangBehavior [ RunTime:0.000411s ]
INFO: [ app_begin ] --END-- [ RunTime:0.000946s ]
SQL: SHOW COLUMNS FROM `exp_user` [ RunTime:0.0270s ]
NOTIC: [8] Undefined variable: sessionUserName E:\wamp\Apache24\htdocs\express\Apps\Home\Controller\IndexController.class.php 第 22 行.
SQL: SELECT * FROM `exp_user` WHERE `user_phone` = null LIMIT 1   [ RunTime:0.0361s ]
SQL: SHOW COLUMNS FROM `exp_expcompany` [ RunTime:0.0264s ]
SQL: SELECT * FROM `exp_expcompany` WHERE ( status=1 )  [ RunTime:0.0322s ]
SQL: SHOW COLUMNS FROM `exp_school_area` [ RunTime:0.0266s ]
SQL: SHOW COLUMNS FROM `exp_school_area_detail` [ RunTime:0.0269s ]
SQL: SELECT * FROM `exp_school_area` WHERE ( status=1 )  [ RunTime:0.0286s ]
SQL: SELECT * FROM `exp_school_area_detail` WHERE ( status=1 )  [ RunTime:0.0281s ]
SQL: SHOW COLUMNS FROM `exp_server` [ RunTime:0.0311s ]
SQL: SELECT * FROM `exp_server` WHERE ( status=1 )  [ RunTime:0.0249s ]
SQL: SHOW COLUMNS FROM `exp_news` [ RunTime:0.0268s ]
SQL: SELECT * FROM `exp_news` WHERE ( news_title='announcement' ) LIMIT 1   [ RunTime:0.0290s ]
INFO: [ view_parse ] --START--
INFO: [ template_filter ] --START--
INFO: Run Behavior\ContentReplaceBehavior [ RunTime:0.000162s ]
INFO: [ template_filter ] --END-- [ RunTime:0.000243s ]
INFO: Run Behavior\ParseTemplateBehavior [ RunTime:0.117632s ]
INFO: [ view_parse ] --END-- [ RunTime:0.117735s ]
INFO: [ view_filter ] --START--
INFO: Run Behavior\WriteHtmlCacheBehavior [ RunTime:0.000272s ]
INFO: [ view_filter ] --END-- [ RunTime:0.000303s ]
INFO: [ app_end ] --START--
INFO: Run Behavior\ShowPageTraceBehavior [ RunTime:0.000715s ]
INFO: [ app_end ] --END-- [ RunTime:0.000787s ]

[ 2016-05-23T15:50:05+08:00 ] 127.0.0.1 /Home/Index/index
INFO: [ app_init ] --START--
INFO: Run Behavior\BuildLiteBehavior [ RunTime:0.000010s ]
INFO: [ app_init ] --END-- [ RunTime:0.000256s ]
INFO: [ app_begin ] --START--
INFO: Run Behavior\ReadHtmlCacheBehavior [ RunTime:0.000303s ]
INFO: Run Behavior\ReadHtmlCacheBehavior [ RunTime:0.000007s ]
INFO: Run Behavior\CheckLangBehavior [ RunTime:0.000322s ]
INFO: [ app_begin ] --END-- [ RunTime:0.000701s ]
SQL: SHOW COLUMNS FROM `exp_user` [ RunTime:0.0305s ]
SQL: SELECT * FROM `exp_user` WHERE `user_phone` = '15751001019' LIMIT 1   [ RunTime:0.0296s ]
SQL: SHOW COLUMNS FROM `exp_expcompany` [ RunTime:0.0297s ]
SQL: SELECT * FROM `exp_expcompany` WHERE ( status=1 )  [ RunTime:0.0331s ]
SQL: SHOW COLUMNS FROM `exp_school_area` [ RunTime:0.0349s ]
SQL: SHOW COLUMNS FROM `exp_school_area_detail` [ RunTime:0.0455s ]
SQL: SELECT * FROM `exp_school_area` WHERE ( status=1 )  [ RunTime:0.0478s ]
SQL: SELECT * FROM `exp_school_area_detail` WHERE ( status=1 )  [ RunTime:0.0319s ]
SQL: SHOW COLUMNS FROM `exp_server` [ RunTime:0.0330s ]
SQL: SELECT * FROM `exp_server` WHERE ( status=1 )  [ RunTime:0.0340s ]
SQL: SHOW COLUMNS FROM `exp_news` [ RunTime:0.0326s ]
SQL: SELECT * FROM `exp_news` WHERE ( news_title='announcement' ) LIMIT 1   [ RunTime:0.0318s ]
INFO: [ view_parse ] --START--
INFO: [ template_filter ] --START--
INFO: Run Behavior\ContentReplaceBehavior [ RunTime:0.000254s ]
INFO: [ template_filter ] --END-- [ RunTime:0.000379s ]
INFO: Run Behavior\ParseTemplateBehavior [ RunTime:0.137478s ]
INFO: [ view_parse ] --END-- [ RunTime:0.137708s ]
INFO: [ view_filter ] --START--
INFO: Run Behavior\WriteHtmlCacheBehavior [ RunTime:0.000612s ]
INFO: [ view_filter ] --END-- [ RunTime:0.000682s ]
INFO: [ app_end ] --START--
INFO: Run Behavior\ShowPageTraceBehavior [ RunTime:0.000706s ]
INFO: [ app_end ] --END-- [ RunTime:0.000776s ]

[ 2016-05-23T15:50:05+08:00 ] 127.0.0.1 /Home/Index/areaValidate
INFO: [ app_init ] --START--
INFO: Run Behavior\BuildLiteBehavior [ RunTime:0.000010s ]
INFO: [ app_init ] --END-- [ RunTime:0.000260s ]
INFO: [ app_begin ] --START--
INFO: Run Behavior\ReadHtmlCacheBehavior [ RunTime:0.000323s ]
INFO: Run Behavior\ReadHtmlCacheBehavior [ RunTime:0.000005s ]
INFO: Run Behavior\CheckLangBehavior [ RunTime:0.000370s ]
INFO: [ app_begin ] --END-- [ RunTime:0.000770s ]
SQL: SHOW COLUMNS FROM `exp_school_area` [ RunTime:0.0385s ]
SQL: SHOW COLUMNS FROM `exp_school_area_detail` [ RunTime:0.0333s ]
SQL: SELECT * FROM `exp_school_area_detail` INNER JOIN exp_school_area on exp_school_area_detail.school_area_id=exp_school_area.school_area_id  WHERE exp_school_area.school_area_id = '2'  [ RunTime:0.0458s ]
INFO: [ view_parse ] --START--
INFO: [ template_filter ] --START--
INFO: Run Behavior\ContentReplaceBehavior [ RunTime:0.000102s ]
INFO: [ template_filter ] --END-- [ RunTime:0.000319s ]
INFO: Run Behavior\ParseTemplateBehavior [ RunTime:0.022321s ]
INFO: [ view_parse ] --END-- [ RunTime:0.022439s ]
INFO: [ view_filter ] --START--
INFO: Run Behavior\WriteHtmlCacheBehavior [ RunTime:0.000695s ]
INFO: [ view_filter ] --END-- [ RunTime:0.000766s ]
INFO: [ app_end ] --START--
INFO: Run Behavior\ShowPageTraceBehavior [ RunTime:0.001248s ]
INFO: [ app_end ] --END-- [ RunTime:0.001341s ]

[ 2016-05-23T20:03:09+08:00 ] 127.0.0.1 /
INFO: [ app_init ] --START--
INFO: Run Behavior\BuildLiteBehavior [ RunTime:0.000040s ]
INFO: [ app_init ] --END-- [ RunTime:0.078922s ]
INFO: [ app_begin ] --START--
INFO: Run Behavior\ReadHtmlCacheBehavior [ RunTime:0.063577s ]
INFO: Run Behavior\ReadHtmlCacheBehavior [ RunTime:0.000027s ]
INFO: Run Behavior\CheckLangBehavior [ RunTime:0.103241s ]
INFO: [ app_begin ] --END-- [ RunTime:0.167159s ]
SQL: SHOW COLUMNS FROM `exp_user` [ RunTime:0.0613s ]
NOTIC: [8] Undefined variable: sessionUserName E:\wamp\Apache24\htdocs\express\Apps\Home\Controller\IndexController.class.php 第 22 行.
SQL: SELECT * FROM `exp_user` WHERE `user_phone` = null LIMIT 1   [ RunTime:0.0409s ]
SQL: SHOW COLUMNS FROM `exp_expcompany` [ RunTime:0.0349s ]
SQL: SELECT * FROM `exp_expcompany` WHERE ( status=1 )  [ RunTime:0.0349s ]
SQL: SHOW COLUMNS FROM `exp_school_area` [ RunTime:0.0451s ]
SQL: SHOW COLUMNS FROM `exp_school_area_detail` [ RunTime:0.0313s ]
SQL: SELECT * FROM `exp_school_area` WHERE ( status=1 )  [ RunTime:0.0340s ]
SQL: SELECT * FROM `exp_school_area_detail` WHERE ( status=1 )  [ RunTime:0.0355s ]
SQL: SHOW COLUMNS FROM `exp_server` [ RunTime:0.0304s ]
SQL: SELECT * FROM `exp_server` WHERE ( status=1 )  [ RunTime:0.0300s ]
SQL: SHOW COLUMNS FROM `exp_news` [ RunTime:0.0371s ]
SQL: SELECT * FROM `exp_news` WHERE ( news_title='announcement' ) LIMIT 1   [ RunTime:0.0318s ]
INFO: [ view_parse ] --START--
INFO: [ template_filter ] --START--
INFO: Run Behavior\ContentReplaceBehavior [ RunTime:0.016271s ]
INFO: [ template_filter ] --END-- [ RunTime:0.016432s ]
INFO: Run Behavior\ParseTemplateBehavior [ RunTime:0.517393s ]
INFO: [ view_parse ] --END-- [ RunTime:0.517515s ]
INFO: [ view_filter ] --START--
INFO: Run Behavior\WriteHtmlCacheBehavior [ RunTime:0.076455s ]
INFO: [ view_filter ] --END-- [ RunTime:0.076576s ]
INFO: [ app_end ] --START--
INFO: Run Behavior\ShowPageTraceBehavior [ RunTime:0.053092s ]
INFO: [ app_end ] --END-- [ RunTime:0.053220s ]

[ 2016-05-23T20:04:41+08:00 ] 127.0.0.1 /Home/Message
INFO: [ app_init ] --START--
INFO: Run Behavior\BuildLiteBehavior [ RunTime:0.000010s ]
INFO: [ app_init ] --END-- [ RunTime:0.000233s ]
INFO: [ app_begin ] --START--
INFO: Run Behavior\ReadHtmlCacheBehavior [ RunTime:0.000365s ]
INFO: Run Behavior\ReadHtmlCacheBehavior [ RunTime:0.000007s ]
INFO: Run Behavior\CheckLangBehavior [ RunTime:0.000333s ]
INFO: [ app_begin ] --END-- [ RunTime:0.000772s ]
INFO: [ view_parse ] --START--
INFO: [ template_filter ] --START--
INFO: Run Behavior\ContentReplaceBehavior [ RunTime:0.000043s ]
INFO: [ template_filter ] --END-- [ RunTime:0.000092s ]
INFO: Run Behavior\ParseTemplateBehavior [ RunTime:0.136816s ]
INFO: [ view_parse ] --END-- [ RunTime:0.136924s ]
INFO: [ view_filter ] --START--
INFO: Run Behavior\WriteHtmlCacheBehavior [ RunTime:0.000704s ]
INFO: [ view_filter ] --END-- [ RunTime:0.000787s ]
INFO: [ app_end ] --START--
INFO: Run Behavior\ShowPageTraceBehavior [ RunTime:0.001195s ]
INFO: [ app_end ] --END-- [ RunTime:0.001286s ]

[ 2016-05-23T20:21:05+08:00 ] 127.0.0.1 /Home/Message
INFO: [ app_init ] --START--
INFO: Run Behavior\BuildLiteBehavior [ RunTime:0.000010s ]
INFO: [ app_init ] --END-- [ RunTime:0.000307s ]
INFO: [ app_begin ] --START--
INFO: Run Behavior\ReadHtmlCacheBehavior [ RunTime:0.000371s ]
INFO: Run Behavior\ReadHtmlCacheBehavior [ RunTime:0.000006s ]
INFO: Run Behavior\CheckLangBehavior [ RunTime:0.000374s ]
INFO: [ app_begin ] --END-- [ RunTime:0.000819s ]
INFO: [ view_parse ] --START--
INFO: [ template_filter ] --START--
INFO: Run Behavior\ContentReplaceBehavior [ RunTime:0.000035s ]
INFO: [ template_filter ] --END-- [ RunTime:0.000085s ]
INFO: Run Behavior\ParseTemplateBehavior [ RunTime:0.024735s ]
INFO: [ view_parse ] --END-- [ RunTime:0.024799s ]
INFO: [ view_filter ] --START--
INFO: Run Behavior\WriteHtmlCacheBehavior [ RunTime:0.000296s ]
INFO: [ view_filter ] --END-- [ RunTime:0.000329s ]
INFO: [ app_end ] --START--
INFO: Run Behavior\ShowPageTraceBehavior [ RunTime:0.000472s ]
INFO: [ app_end ] --END-- [ RunTime:0.000503s ]

[ 2016-05-23T20:21:42+08:00 ] 127.0.0.1 /Home/Index/index
INFO: [ app_init ] --START--
INFO: Run Behavior\BuildLiteBehavior [ RunTime:0.000009s ]
INFO: [ app_init ] --END-- [ RunTime:0.000231s ]
INFO: [ app_begin ] --START--
INFO: Run Behavior\ReadHtmlCacheBehavior [ RunTime:0.000311s ]
INFO: Run Behavior\ReadHtmlCacheBehavior [ RunTime:0.000006s ]
INFO: Run Behavior\CheckLangBehavior [ RunTime:0.000296s ]
INFO: [ app_begin ] --END-- [ RunTime:0.000686s ]
SQL: SHOW COLUMNS FROM `exp_user` [ RunTime:0.0838s ]
SQL: SELECT * FROM `exp_user` WHERE `user_phone` = '15751001019' LIMIT 1   [ RunTime:0.0832s ]
SQL: SHOW COLUMNS FROM `exp_expcompany` [ RunTime:0.0841s ]
SQL: SELECT * FROM `exp_expcompany` WHERE ( status=1 )  [ RunTime:0.0903s ]
SQL: SHOW COLUMNS FROM `exp_school_area` [ RunTime:0.0872s ]
SQL: SHOW COLUMNS FROM `exp_school_area_detail` [ RunTime:0.0842s ]
SQL: SELECT * FROM `exp_school_area` WHERE ( status=1 )  [ RunTime:0.0813s ]
SQL: SELECT * FROM `exp_school_area_detail` WHERE ( status=1 )  [ RunTime:0.0833s ]
SQL: SHOW COLUMNS FROM `exp_server` [ RunTime:0.0894s ]
SQL: SELECT * FROM `exp_server` WHERE ( status=1 )  [ RunTime:0.0790s ]
SQL: SHOW COLUMNS FROM `exp_news` [ RunTime:0.0886s ]
SQL: SELECT * FROM `exp_news` WHERE ( news_title='announcement' ) LIMIT 1   [ RunTime:0.0819s ]
INFO: [ view_parse ] --START--
INFO: [ template_filter ] --START--
INFO: Run Behavior\ContentReplaceBehavior [ RunTime:0.000179s ]
INFO: [ template_filter ] --END-- [ RunTime:0.000256s ]
INFO: Run Behavior\ParseTemplateBehavior [ RunTime:0.139919s ]
INFO: [ view_parse ] --END-- [ RunTime:0.140040s ]
INFO: [ view_filter ] --START--
INFO: Run Behavior\WriteHtmlCacheBehavior [ RunTime:0.000304s ]
INFO: [ view_filter ] --END-- [ RunTime:0.000339s ]
INFO: [ app_end ] --START--
INFO: Run Behavior\ShowPageTraceBehavior [ RunTime:0.000632s ]
INFO: [ app_end ] --END-- [ RunTime:0.000696s ]

[ 2016-05-23T20:21:43+08:00 ] 127.0.0.1 /Home/Index/areaValidate
INFO: [ app_init ] --START--
INFO: Run Behavior\BuildLiteBehavior [ RunTime:0.000011s ]
INFO: [ app_init ] --END-- [ RunTime:0.000259s ]
INFO: [ app_begin ] --START--
INFO: Run Behavior\ReadHtmlCacheBehavior [ RunTime:0.000315s ]
INFO: Run Behavior\ReadHtmlCacheBehavior [ RunTime:0.000005s ]
INFO: Run Behavior\CheckLangBehavior [ RunTime:0.000306s ]
INFO: [ app_begin ] --END-- [ RunTime:0.000695s ]
SQL: SHOW COLUMNS FROM `exp_school_area` [ RunTime:0.0845s ]
SQL: SHOW COLUMNS FROM `exp_school_area_detail` [ RunTime:0.0840s ]
SQL: SELECT * FROM `exp_school_area_detail` INNER JOIN exp_school_area on exp_school_area_detail.school_area_id=exp_school_area.school_area_id  WHERE exp_school_area.school_area_id = '2'  [ RunTime:0.0816s ]
INFO: [ view_parse ] --START--
INFO: [ template_filter ] --START--
INFO: Run Behavior\ContentReplaceBehavior [ RunTime:0.000081s ]
INFO: [ template_filter ] --END-- [ RunTime:0.000231s ]
INFO: Run Behavior\ParseTemplateBehavior [ RunTime:0.024732s ]
INFO: [ view_parse ] --END-- [ RunTime:0.024929s ]
INFO: [ view_filter ] --START--
INFO: Run Behavior\WriteHtmlCacheBehavior [ RunTime:0.000867s ]
INFO: [ view_filter ] --END-- [ RunTime:0.000956s ]
INFO: [ app_end ] --START--
INFO: Run Behavior\ShowPageTraceBehavior [ RunTime:0.001439s ]
INFO: [ app_end ] --END-- [ RunTime:0.001543s ]

[ 2016-05-23T20:59:17+08:00 ] 127.0.0.1 /Home/Message
INFO: [ app_init ] --START--
INFO: Run Behavior\BuildLiteBehavior [ RunTime:0.000018s ]
INFO: [ app_init ] --END-- [ RunTime:0.000293s ]
INFO: [ app_begin ] --START--
INFO: Run Behavior\ReadHtmlCacheBehavior [ RunTime:0.000590s ]
INFO: Run Behavior\ReadHtmlCacheBehavior [ RunTime:0.000012s ]
INFO: Run Behavior\CheckLangBehavior [ RunTime:0.000510s ]
INFO: [ app_begin ] --END-- [ RunTime:0.001239s ]
INFO: [ view_parse ] --START--
INFO: [ template_filter ] --START--
INFO: Run Behavior\ContentReplaceBehavior [ RunTime:0.000041s ]
INFO: [ template_filter ] --END-- [ RunTime:0.000091s ]
INFO: Run Behavior\ParseTemplateBehavior [ RunTime:0.100939s ]
INFO: [ view_parse ] --END-- [ RunTime:0.101008s ]
INFO: [ view_filter ] --START--
INFO: Run Behavior\WriteHtmlCacheBehavior [ RunTime:0.000298s ]
INFO: [ view_filter ] --END-- [ RunTime:0.000332s ]
INFO: [ app_end ] --START--
INFO: Run Behavior\ShowPageTraceBehavior [ RunTime:0.000486s ]
INFO: [ app_end ] --END-- [ RunTime:0.000523s ]

[ 2016-05-23T21:00:59+08:00 ] 127.0.0.1 /Home/Message
INFO: [ app_init ] --START--
INFO: Run Behavior\BuildLiteBehavior [ RunTime:0.000020s ]
INFO: [ app_init ] --END-- [ RunTime:0.000534s ]
INFO: [ app_begin ] --START--
INFO: Run Behavior\ReadHtmlCacheBehavior [ RunTime:0.000414s ]
INFO: Run Behavior\ReadHtmlCacheBehavior [ RunTime:0.000007s ]
INFO: Run Behavior\CheckLangBehavior [ RunTime:0.000370s ]
INFO: [ app_begin ] --END-- [ RunTime:0.000871s ]
INFO: [ view_parse ] --START--
INFO: [ template_filter ] --START--
INFO: Run Behavior\ContentReplaceBehavior [ RunTime:0.000038s ]
INFO: [ template_filter ] --END-- [ RunTime:0.000085s ]
INFO: Run Behavior\ParseTemplateBehavior [ RunTime:0.007302s ]
INFO: [ view_parse ] --END-- [ RunTime:0.007364s ]
INFO: [ view_filter ] --START--
INFO: Run Behavior\WriteHtmlCacheBehavior [ RunTime:0.000253s ]
INFO: [ view_filter ] --END-- [ RunTime:0.000280s ]
INFO: [ app_end ] --START--
INFO: Run Behavior\ShowPageTraceBehavior [ RunTime:0.000432s ]
INFO: [ app_end ] --END-- [ RunTime:0.000465s ]

