[ 2016-02-13T14:40:00+08:00 ] 127.0.0.1 /
INFO: [ app_init ] --START--
INFO: Run Behavior\BuildLiteBehavior [ RunTime:0.000083s ]
INFO: [ app_init ] --END-- [ RunTime:0.001781s ]
INFO: [ app_begin ] --START--
INFO: Run Behavior\ReadHtmlCacheBehavior [ RunTime:0.005257s ]
INFO: Run Behavior\ReadHtmlCacheBehavior [ RunTime:0.000175s ]
INFO: Run Behavior\CheckLangBehavior [ RunTime:0.004913s ]
INFO: [ app_begin ] --END-- [ RunTime:0.012029s ]
SQL: SHOW COLUMNS FROM `exp_expcompany` [ RunTime:0.0209s ]
SQL: SELECT * FROM `exp_expcompany`  [ RunTime:0.0191s ]
SQL: SHOW COLUMNS FROM `exp_server` [ RunTime:0.0203s ]
SQL: SELECT * FROM `exp_server`  [ RunTime:0.0193s ]
INFO: [ view_parse ] --START--
INFO: [ template_filter ] --START--
INFO: Run Behavior\ContentReplaceBehavior [ RunTime:0.000278s ]
INFO: [ template_filter ] --END-- [ RunTime:0.000669s ]
NOTIC: [8] Undefined variable: user_id E:\phpworkspace\express\Apps\Runtime\Cache\Home\400c995c330f1f6ecac6b9102849eb7e.php 第 33 行.
NOTIC: [8] Undefined variable: user_phone E:\phpworkspace\express\Apps\Runtime\Cache\Home\400c995c330f1f6ecac6b9102849eb7e.php 第 33 行.
INFO: Run Behavior\ParseTemplateBehavior [ RunTime:0.050521s ]
INFO: [ view_parse ] --END-- [ RunTime:0.050909s ]
INFO: [ view_filter ] --START--
INFO: Run Behavior\WriteHtmlCacheBehavior [ RunTime:0.000997s ]
INFO: [ view_filter ] --END-- [ RunTime:0.001406s ]
INFO: [ app_end ] --START--
INFO: Run Behavior\ShowPageTraceBehavior [ RunTime:0.001621s ]
INFO: [ app_end ] --END-- [ RunTime:0.002000s ]

