[ 2016-03-30T23:42:49+08:00 ] 127.0.0.1 /Home/Index/areaValidate
INFO: [ app_begin ] --START--
INFO: Run Behavior\ReadHtmlCacheBehavior [ RunTime:0.000667s ]
INFO: Run Behavior\ReadHtmlCacheBehavior [ RunTime:0.000006s ]
INFO: Run Behavior\CheckLangBehavior [ RunTime:0.000588s ]
INFO: [ app_begin ] --END-- [ RunTime:0.001804s ]
SQL: SHOW COLUMNS FROM `exp_school_area` [ RunTime:0.0317s ]
SQL: SHOW COLUMNS FROM `exp_school_area_detail` [ RunTime:0.0269s ]
SQL: SELECT * FROM `exp_school_area_detail` INNER JOIN exp_school_area on exp_school_area_detail.school_area_id=exp_school_area.school_area_id  WHERE exp_school_area.school_area_id = '1'  [ RunTime:0.0271s ]
INFO: [ view_parse ] --START--
INFO: [ template_filter ] --START--
INFO: Run Behavior\ContentReplaceBehavior [ RunTime:0.000034s ]
INFO: [ template_filter ] --END-- [ RunTime:0.000084s ]
INFO: Run Behavior\ParseTemplateBehavior [ RunTime:0.005181s ]
INFO: [ view_parse ] --END-- [ RunTime:0.005279s ]
INFO: [ view_filter ] --START--
INFO: Run Behavior\WriteHtmlCacheBehavior [ RunTime:0.000701s ]
INFO: [ view_filter ] --END-- [ RunTime:0.000764s ]
INFO: [ app_end ] --START--
INFO: Run Behavior\ShowPageTraceBehavior [ RunTime:0.000802s ]
INFO: [ app_end ] --END-- [ RunTime:0.000843s ]

