[ 2016-03-19T18:48:59+08:00 ] 127.0.0.1 /
INFO: [ app_init ] --START--
INFO: Run Behavior\BuildLiteBehavior [ RunTime:0.000034s ]
INFO: [ app_init ] --END-- [ RunTime:0.000540s ]
INFO: [ app_begin ] --START--
INFO: Run Behavior\ReadHtmlCacheBehavior [ RunTime:0.000815s ]
INFO: Run Behavior\ReadHtmlCacheBehavior [ RunTime:0.000066s ]
INFO: Run Behavior\CheckLangBehavior [ RunTime:0.002165s ]
INFO: [ app_begin ] --END-- [ RunTime:0.003570s ]
SQL: SHOW COLUMNS FROM `exp_user` [ RunTime:0.0289s ]
SQL: SELECT * FROM `exp_user` WHERE `user_phone` = '15751005437' LIMIT 1   [ RunTime:0.0279s ]
SQL: SHOW COLUMNS FROM `exp_expcompany` [ RunTime:0.0266s ]
SQL: SELECT * FROM `exp_expcompany` WHERE ( status=1 )  [ RunTime:0.0262s ]
SQL: SHOW COLUMNS FROM `exp_school_area` [ RunTime:0.0284s ]
SQL: SHOW COLUMNS FROM `exp_school_area_detail` [ RunTime:0.0282s ]
SQL: SELECT * FROM `exp_school_area` WHERE ( status=1 )  [ RunTime:0.0391s ]
SQL: SELECT * FROM `exp_school_area_detail` WHERE ( status=1 )  [ RunTime:0.0286s ]
SQL: SHOW COLUMNS FROM `exp_server` [ RunTime:0.0330s ]
SQL: SELECT * FROM `exp_server` WHERE ( status=1 )  [ RunTime:0.0262s ]
INFO: [ view_parse ] --START--
INFO: [ template_filter ] --START--
INFO: Run Behavior\ContentReplaceBehavior [ RunTime:0.000151s ]
INFO: [ template_filter ] --END-- [ RunTime:0.000297s ]
NOTIC: [8] Undefined variable: user_id E:\phpworkspace\express\Apps\Runtime\Cache\Home\400c995c330f1f6ecac6b9102849eb7e.php 第 155 行.
NOTIC: [8] Undefined variable: user_phone E:\phpworkspace\express\Apps\Runtime\Cache\Home\400c995c330f1f6ecac6b9102849eb7e.php 第 155 行.
NOTIC: [8] Undefined variable: name E:\phpworkspace\express\Apps\Runtime\Cache\Home\400c995c330f1f6ecac6b9102849eb7e.php 第 155 行.
INFO: Run Behavior\ParseTemplateBehavior [ RunTime:0.024100s ]
INFO: [ view_parse ] --END-- [ RunTime:0.024382s ]
INFO: [ view_filter ] --START--
INFO: Run Behavior\WriteHtmlCacheBehavior [ RunTime:0.000610s ]
INFO: [ view_filter ] --END-- [ RunTime:0.000857s ]
INFO: [ app_end ] --START--
INFO: Run Behavior\ShowPageTraceBehavior [ RunTime:0.001089s ]
INFO: [ app_end ] --END-- [ RunTime:0.001400s ]

[ 2016-03-19T18:49:07+08:00 ] 127.0.0.1 /Home/Index/areaValidate
INFO: [ app_init ] --START--
INFO: Run Behavior\BuildLiteBehavior [ RunTime:0.000030s ]
INFO: [ app_init ] --END-- [ RunTime:0.000473s ]
INFO: [ app_begin ] --START--
INFO: Run Behavior\ReadHtmlCacheBehavior [ RunTime:0.000570s ]
INFO: Run Behavior\ReadHtmlCacheBehavior [ RunTime:0.000022s ]
INFO: Run Behavior\CheckLangBehavior [ RunTime:0.000783s ]
INFO: [ app_begin ] --END-- [ RunTime:0.001618s ]
SQL: SHOW COLUMNS FROM `exp_school_area` [ RunTime:0.0275s ]
SQL: SHOW COLUMNS FROM `exp_school_area_detail` [ RunTime:0.0270s ]
SQL: SELECT exp_school_area_detail.school_area_detail_id,exp_school_area_detail.school_area_detail_name,exp_school_area_detail.status,exp_school_area.school_area_id,exp_school_area.school_area_name FROM `exp_school_area_detail` INNER JOIN exp_school_area on exp_school_area_detail.school_area_id=exp_school_area.school_area_id  WHERE exp_school_area.school_area_id = '1'  [ RunTime:0.0283s ]
INFO: [ view_parse ] --START--
INFO: [ template_filter ] --START--
INFO: Run Behavior\ContentReplaceBehavior [ RunTime:0.000071s ]
INFO: [ template_filter ] --END-- [ RunTime:0.000193s ]
INFO: Run Behavior\ParseTemplateBehavior [ RunTime:0.006394s ]
INFO: [ view_parse ] --END-- [ RunTime:0.006566s ]
INFO: [ view_filter ] --START--
INFO: Run Behavior\WriteHtmlCacheBehavior [ RunTime:0.000414s ]
INFO: [ view_filter ] --END-- [ RunTime:0.000559s ]
INFO: [ app_end ] --START--
INFO: Run Behavior\ShowPageTraceBehavior [ RunTime:0.000534s ]
INFO: [ app_end ] --END-- [ RunTime:0.000655s ]

[ 2016-03-19T18:49:10+08:00 ] 127.0.0.1 /Home/Index/areaValidate
INFO: [ app_init ] --START--
INFO: Run Behavior\BuildLiteBehavior [ RunTime:0.000031s ]
INFO: [ app_init ] --END-- [ RunTime:0.000428s ]
INFO: [ app_begin ] --START--
INFO: Run Behavior\ReadHtmlCacheBehavior [ RunTime:0.000430s ]
INFO: Run Behavior\ReadHtmlCacheBehavior [ RunTime:0.000021s ]
INFO: Run Behavior\CheckLangBehavior [ RunTime:0.000909s ]
INFO: [ app_begin ] --END-- [ RunTime:0.001650s ]
SQL: SHOW COLUMNS FROM `exp_school_area` [ RunTime:0.0253s ]
SQL: SHOW COLUMNS FROM `exp_school_area_detail` [ RunTime:0.0279s ]
SQL: SELECT exp_school_area_detail.school_area_detail_id,exp_school_area_detail.school_area_detail_name,exp_school_area_detail.status,exp_school_area.school_area_id,exp_school_area.school_area_name FROM `exp_school_area_detail` INNER JOIN exp_school_area on exp_school_area_detail.school_area_id=exp_school_area.school_area_id  WHERE exp_school_area.school_area_id = '2'  [ RunTime:0.0249s ]
INFO: [ view_parse ] --START--
INFO: [ template_filter ] --START--
INFO: Run Behavior\ContentReplaceBehavior [ RunTime:0.000071s ]
INFO: [ template_filter ] --END-- [ RunTime:0.000193s ]
INFO: Run Behavior\ParseTemplateBehavior [ RunTime:0.006199s ]
INFO: [ view_parse ] --END-- [ RunTime:0.006322s ]
INFO: [ view_filter ] --START--
INFO: Run Behavior\WriteHtmlCacheBehavior [ RunTime:0.000263s ]
INFO: [ view_filter ] --END-- [ RunTime:0.000367s ]
INFO: [ app_end ] --START--
INFO: Run Behavior\ShowPageTraceBehavior [ RunTime:0.000725s ]
INFO: [ app_end ] --END-- [ RunTime:0.000890s ]

