[ 2016-04-02T18:05:36+08:00 ] 127.0.0.1 /
INFO: [ app_init ] --START--
INFO: Run Behavior\BuildLiteBehavior [ RunTime:0.000025s ]
INFO: [ app_init ] --END-- [ RunTime:0.026248s ]
INFO: [ app_begin ] --START--
INFO: Run Behavior\ReadHtmlCacheBehavior [ RunTime:0.001668s ]
INFO: Run Behavior\ReadHtmlCacheBehavior [ RunTime:0.000023s ]
INFO: Run Behavior\CheckLangBehavior [ RunTime:0.078045s ]
INFO: [ app_begin ] --END-- [ RunTime:0.079959s ]
SQL: SHOW COLUMNS FROM `exp_user` [ RunTime:0.0257s ]
SQL: SELECT * FROM `exp_user` WHERE `user_phone` = '15751001019' LIMIT 1   [ RunTime:0.0293s ]
SQL: SHOW COLUMNS FROM `exp_expcompany` [ RunTime:0.0267s ]
SQL: SELECT * FROM `exp_expcompany` WHERE ( status=1 )  [ RunTime:0.0243s ]
SQL: SHOW COLUMNS FROM `exp_school_area` [ RunTime:0.0287s ]
SQL: SHOW COLUMNS FROM `exp_school_area_detail` [ RunTime:0.0267s ]
SQL: SELECT * FROM `exp_school_area` WHERE ( status=1 )  [ RunTime:0.0243s ]
SQL: SELECT * FROM `exp_school_area_detail` WHERE ( status=1 )  [ RunTime:0.0255s ]
SQL: SHOW COLUMNS FROM `exp_server` [ RunTime:0.0255s ]
SQL: SELECT * FROM `exp_server` WHERE ( status=1 )  [ RunTime:0.0267s ]
INFO: [ view_parse ] --START--
INFO: [ template_filter ] --START--
INFO: Run Behavior\ContentReplaceBehavior [ RunTime:0.015456s ]
INFO: [ template_filter ] --END-- [ RunTime:0.015514s ]
NOTIC: [8] Undefined variable: user_id E:\wamp\Apache24\htdocs\express\Apps\Runtime\Cache\Home\400c995c330f1f6ecac6b9102849eb7e.php 第 155 行.
NOTIC: [8] Undefined variable: user_phone E:\wamp\Apache24\htdocs\express\Apps\Runtime\Cache\Home\400c995c330f1f6ecac6b9102849eb7e.php 第 155 行.
NOTIC: [8] Undefined variable: name E:\wamp\Apache24\htdocs\express\Apps\Runtime\Cache\Home\400c995c330f1f6ecac6b9102849eb7e.php 第 155 行.
INFO: Run Behavior\ParseTemplateBehavior [ RunTime:0.116739s ]
INFO: [ view_parse ] --END-- [ RunTime:0.116787s ]
INFO: [ view_filter ] --START--
INFO: Run Behavior\WriteHtmlCacheBehavior [ RunTime:0.031995s ]
INFO: [ view_filter ] --END-- [ RunTime:0.032088s ]
INFO: [ app_end ] --START--
INFO: Run Behavior\ShowPageTraceBehavior [ RunTime:0.044589s ]
INFO: [ app_end ] --END-- [ RunTime:0.044773s ]

[ 2016-04-02T18:40:09+08:00 ] 127.0.0.1 /index.php
INFO: [ app_init ] --START--
INFO: Run Behavior\BuildLiteBehavior [ RunTime:0.000011s ]
INFO: [ app_init ] --END-- [ RunTime:0.000355s ]
INFO: [ app_begin ] --START--
INFO: Run Behavior\ReadHtmlCacheBehavior [ RunTime:0.000528s ]
INFO: Run Behavior\ReadHtmlCacheBehavior [ RunTime:0.000011s ]
INFO: Run Behavior\CheckLangBehavior [ RunTime:0.000686s ]
INFO: [ app_begin ] --END-- [ RunTime:0.001397s ]
SQL: SHOW COLUMNS FROM `exp_user` [ RunTime:0.3352s ]
SQL: SELECT * FROM `exp_user` WHERE `user_phone` = '15751001019' LIMIT 1   [ RunTime:0.0328s ]
SQL: SHOW COLUMNS FROM `exp_expcompany` [ RunTime:0.0321s ]
SQL: SELECT * FROM `exp_expcompany` WHERE ( status=1 )  [ RunTime:0.0319s ]
SQL: SHOW COLUMNS FROM `exp_school_area` [ RunTime:0.0318s ]
SQL: SHOW COLUMNS FROM `exp_school_area_detail` [ RunTime:0.0360s ]
SQL: SELECT * FROM `exp_school_area` WHERE ( status=1 )  [ RunTime:0.0312s ]
SQL: SELECT * FROM `exp_school_area_detail` WHERE ( status=1 )  [ RunTime:0.0341s ]
SQL: SHOW COLUMNS FROM `exp_server` [ RunTime:0.0375s ]
SQL: SELECT * FROM `exp_server` WHERE ( status=1 )  [ RunTime:0.0341s ]
INFO: [ view_parse ] --START--
INFO: [ template_filter ] --START--
INFO: Run Behavior\ContentReplaceBehavior [ RunTime:0.000117s ]
INFO: [ template_filter ] --END-- [ RunTime:0.000175s ]
NOTIC: [8] Undefined variable: user_id E:\wamp\Apache24\htdocs\express\Apps\Runtime\Cache\Home\400c995c330f1f6ecac6b9102849eb7e.php 第 155 行.
NOTIC: [8] Undefined variable: user_phone E:\wamp\Apache24\htdocs\express\Apps\Runtime\Cache\Home\400c995c330f1f6ecac6b9102849eb7e.php 第 155 行.
NOTIC: [8] Undefined variable: name E:\wamp\Apache24\htdocs\express\Apps\Runtime\Cache\Home\400c995c330f1f6ecac6b9102849eb7e.php 第 155 行.
INFO: Run Behavior\ParseTemplateBehavior [ RunTime:0.361913s ]
INFO: [ view_parse ] --END-- [ RunTime:0.361964s ]
INFO: [ view_filter ] --START--
INFO: Run Behavior\WriteHtmlCacheBehavior [ RunTime:0.012773s ]
INFO: [ view_filter ] --END-- [ RunTime:0.012829s ]
INFO: [ app_end ] --START--
INFO: Run Behavior\ShowPageTraceBehavior [ RunTime:0.045284s ]
INFO: [ app_end ] --END-- [ RunTime:0.045360s ]

[ 2016-04-02T18:40:20+08:00 ] 127.0.0.1 /index.php
INFO: [ app_init ] --START--
INFO: Run Behavior\BuildLiteBehavior [ RunTime:0.000024s ]
INFO: [ app_init ] --END-- [ RunTime:0.000586s ]
INFO: [ app_begin ] --START--
INFO: Run Behavior\ReadHtmlCacheBehavior [ RunTime:0.000843s ]
INFO: Run Behavior\ReadHtmlCacheBehavior [ RunTime:0.000010s ]
INFO: Run Behavior\CheckLangBehavior [ RunTime:0.000980s ]
INFO: [ app_begin ] --END-- [ RunTime:0.002014s ]
SQL: SHOW COLUMNS FROM `exp_user` [ RunTime:0.0259s ]
SQL: SELECT * FROM `exp_user` WHERE `user_phone` = '15751001019' LIMIT 1   [ RunTime:0.0302s ]
SQL: SHOW COLUMNS FROM `exp_expcompany` [ RunTime:0.0320s ]
SQL: SELECT * FROM `exp_expcompany` WHERE ( status=1 )  [ RunTime:0.0254s ]
SQL: SHOW COLUMNS FROM `exp_school_area` [ RunTime:0.0295s ]
SQL: SHOW COLUMNS FROM `exp_school_area_detail` [ RunTime:0.0307s ]
SQL: SELECT * FROM `exp_school_area` WHERE ( status=1 )  [ RunTime:0.0263s ]
SQL: SELECT * FROM `exp_school_area_detail` WHERE ( status=1 )  [ RunTime:0.0279s ]
SQL: SHOW COLUMNS FROM `exp_server` [ RunTime:0.0299s ]
SQL: SELECT * FROM `exp_server` WHERE ( status=1 )  [ RunTime:0.0274s ]
INFO: [ view_parse ] --START--
INFO: [ template_filter ] --START--
INFO: Run Behavior\ContentReplaceBehavior [ RunTime:0.000127s ]
INFO: [ template_filter ] --END-- [ RunTime:0.000219s ]
NOTIC: [8] Undefined variable: user_id E:\wamp\Apache24\htdocs\express\Apps\Runtime\Cache\Home\400c995c330f1f6ecac6b9102849eb7e.php 第 155 行.
NOTIC: [8] Undefined variable: user_phone E:\wamp\Apache24\htdocs\express\Apps\Runtime\Cache\Home\400c995c330f1f6ecac6b9102849eb7e.php 第 155 行.
NOTIC: [8] Undefined variable: name E:\wamp\Apache24\htdocs\express\Apps\Runtime\Cache\Home\400c995c330f1f6ecac6b9102849eb7e.php 第 155 行.
INFO: Run Behavior\ParseTemplateBehavior [ RunTime:0.023122s ]
INFO: [ view_parse ] --END-- [ RunTime:0.023201s ]
INFO: [ view_filter ] --START--
INFO: Run Behavior\WriteHtmlCacheBehavior [ RunTime:0.000675s ]
INFO: [ view_filter ] --END-- [ RunTime:0.000727s ]
INFO: [ app_end ] --START--
INFO: Run Behavior\ShowPageTraceBehavior [ RunTime:0.000949s ]
INFO: [ app_end ] --END-- [ RunTime:0.001020s ]

[ 2016-04-02T18:41:07+08:00 ] 127.0.0.1 /
INFO: [ app_init ] --START--
INFO: Run Behavior\BuildLiteBehavior [ RunTime:0.000012s ]
INFO: [ app_init ] --END-- [ RunTime:0.000359s ]
INFO: [ app_begin ] --START--
INFO: Run Behavior\ReadHtmlCacheBehavior [ RunTime:0.000462s ]
INFO: Run Behavior\ReadHtmlCacheBehavior [ RunTime:0.000007s ]
INFO: Run Behavior\CheckLangBehavior [ RunTime:0.000677s ]
INFO: [ app_begin ] --END-- [ RunTime:0.001266s ]
SQL: SHOW COLUMNS FROM `exp_user` [ RunTime:0.0356s ]
SQL: SELECT * FROM `exp_user` WHERE `user_phone` = '15751001019' LIMIT 1   [ RunTime:0.0328s ]
SQL: SHOW COLUMNS FROM `exp_expcompany` [ RunTime:0.0324s ]
SQL: SELECT * FROM `exp_expcompany` WHERE ( status=1 )  [ RunTime:0.0322s ]
SQL: SHOW COLUMNS FROM `exp_school_area` [ RunTime:0.0530s ]
SQL: SHOW COLUMNS FROM `exp_school_area_detail` [ RunTime:0.0322s ]
SQL: SELECT * FROM `exp_school_area` WHERE ( status=1 )  [ RunTime:0.0340s ]
SQL: SELECT * FROM `exp_school_area_detail` WHERE ( status=1 )  [ RunTime:0.0352s ]
SQL: SHOW COLUMNS FROM `exp_server` [ RunTime:0.0322s ]
SQL: SELECT * FROM `exp_server` WHERE ( status=1 )  [ RunTime:0.0324s ]
INFO: [ view_parse ] --START--
INFO: [ template_filter ] --START--
INFO: Run Behavior\ContentReplaceBehavior [ RunTime:0.000259s ]
INFO: [ template_filter ] --END-- [ RunTime:0.000382s ]
NOTIC: [8] Undefined variable: user_id E:\wamp\Apache24\htdocs\express\Apps\Runtime\Cache\Home\400c995c330f1f6ecac6b9102849eb7e.php 第 155 行.
NOTIC: [8] Undefined variable: user_phone E:\wamp\Apache24\htdocs\express\Apps\Runtime\Cache\Home\400c995c330f1f6ecac6b9102849eb7e.php 第 155 行.
NOTIC: [8] Undefined variable: name E:\wamp\Apache24\htdocs\express\Apps\Runtime\Cache\Home\400c995c330f1f6ecac6b9102849eb7e.php 第 155 行.
INFO: Run Behavior\ParseTemplateBehavior [ RunTime:0.024448s ]
INFO: [ view_parse ] --END-- [ RunTime:0.024552s ]
INFO: [ view_filter ] --START--
INFO: Run Behavior\WriteHtmlCacheBehavior [ RunTime:0.001300s ]
INFO: [ view_filter ] --END-- [ RunTime:0.001416s ]
INFO: [ app_end ] --START--
INFO: Run Behavior\ShowPageTraceBehavior [ RunTime:0.003032s ]
INFO: [ app_end ] --END-- [ RunTime:0.003243s ]

[ 2016-04-02T18:41:25+08:00 ] 127.0.0.1 /
INFO: [ app_init ] --START--
INFO: Run Behavior\BuildLiteBehavior [ RunTime:0.000013s ]
INFO: [ app_init ] --END-- [ RunTime:0.000523s ]
INFO: [ app_begin ] --START--
INFO: Run Behavior\ReadHtmlCacheBehavior [ RunTime:0.000495s ]
INFO: Run Behavior\ReadHtmlCacheBehavior [ RunTime:0.000008s ]
INFO: Run Behavior\CheckLangBehavior [ RunTime:0.000583s ]
INFO: [ app_begin ] --END-- [ RunTime:0.001179s ]
SQL: SHOW COLUMNS FROM `exp_user` [ RunTime:0.0315s ]
SQL: SELECT * FROM `exp_user` WHERE `user_phone` = '15751001019' LIMIT 1   [ RunTime:0.0378s ]
SQL: SHOW COLUMNS FROM `exp_expcompany` [ RunTime:0.0315s ]
SQL: SELECT * FROM `exp_expcompany` WHERE ( status=1 )  [ RunTime:0.0321s ]
SQL: SHOW COLUMNS FROM `exp_school_area` [ RunTime:0.0329s ]
SQL: SHOW COLUMNS FROM `exp_school_area_detail` [ RunTime:0.0347s ]
SQL: SELECT * FROM `exp_school_area` WHERE ( status=1 )  [ RunTime:0.0360s ]
SQL: SELECT * FROM `exp_school_area_detail` WHERE ( status=1 )  [ RunTime:0.0325s ]
SQL: SHOW COLUMNS FROM `exp_server` [ RunTime:0.0319s ]
SQL: SELECT * FROM `exp_server` WHERE ( status=1 )  [ RunTime:0.0325s ]
INFO: [ view_parse ] --START--
INFO: [ template_filter ] --START--
INFO: Run Behavior\ContentReplaceBehavior [ RunTime:0.000231s ]
INFO: [ template_filter ] --END-- [ RunTime:0.000342s ]
NOTIC: [8] Undefined variable: user_id E:\wamp\Apache24\htdocs\express\Apps\Runtime\Cache\Home\400c995c330f1f6ecac6b9102849eb7e.php 第 155 行.
NOTIC: [8] Undefined variable: user_phone E:\wamp\Apache24\htdocs\express\Apps\Runtime\Cache\Home\400c995c330f1f6ecac6b9102849eb7e.php 第 155 行.
NOTIC: [8] Undefined variable: name E:\wamp\Apache24\htdocs\express\Apps\Runtime\Cache\Home\400c995c330f1f6ecac6b9102849eb7e.php 第 155 行.
INFO: Run Behavior\ParseTemplateBehavior [ RunTime:0.027864s ]
INFO: [ view_parse ] --END-- [ RunTime:0.027974s ]
INFO: [ view_filter ] --START--
INFO: Run Behavior\WriteHtmlCacheBehavior [ RunTime:0.001767s ]
INFO: [ view_filter ] --END-- [ RunTime:0.001974s ]
INFO: [ app_end ] --START--
INFO: Run Behavior\ShowPageTraceBehavior [ RunTime:0.002675s ]
INFO: [ app_end ] --END-- [ RunTime:0.002921s ]

[ 2016-04-02T18:41:36+08:00 ] 127.0.0.1 /
INFO: [ app_init ] --START--
INFO: Run Behavior\BuildLiteBehavior [ RunTime:0.000011s ]
INFO: [ app_init ] --END-- [ RunTime:0.000402s ]
INFO: [ app_begin ] --START--
INFO: Run Behavior\ReadHtmlCacheBehavior [ RunTime:0.000649s ]
INFO: Run Behavior\ReadHtmlCacheBehavior [ RunTime:0.000010s ]
INFO: Run Behavior\CheckLangBehavior [ RunTime:0.000855s ]
INFO: [ app_begin ] --END-- [ RunTime:0.001651s ]
SQL: SHOW COLUMNS FROM `exp_user` [ RunTime:0.0303s ]
SQL: SELECT * FROM `exp_user` WHERE `user_phone` = '15751001019' LIMIT 1   [ RunTime:0.0277s ]
SQL: SHOW COLUMNS FROM `exp_expcompany` [ RunTime:0.0292s ]
SQL: SELECT * FROM `exp_expcompany` WHERE ( status=1 )  [ RunTime:0.0288s ]
SQL: SHOW COLUMNS FROM `exp_school_area` [ RunTime:0.0271s ]
SQL: SHOW COLUMNS FROM `exp_school_area_detail` [ RunTime:0.0264s ]
SQL: SELECT * FROM `exp_school_area` WHERE ( status=1 )  [ RunTime:0.0272s ]
SQL: SELECT * FROM `exp_school_area_detail` WHERE ( status=1 )  [ RunTime:0.0289s ]
SQL: SHOW COLUMNS FROM `exp_server` [ RunTime:0.0257s ]
SQL: SELECT * FROM `exp_server` WHERE ( status=1 )  [ RunTime:0.0250s ]
INFO: [ view_parse ] --START--
INFO: [ template_filter ] --START--
INFO: Run Behavior\ContentReplaceBehavior [ RunTime:0.000133s ]
INFO: [ template_filter ] --END-- [ RunTime:0.000216s ]
NOTIC: [8] Undefined variable: user_id E:\wamp\Apache24\htdocs\express\Apps\Runtime\Cache\Home\400c995c330f1f6ecac6b9102849eb7e.php 第 155 行.
NOTIC: [8] Undefined variable: user_phone E:\wamp\Apache24\htdocs\express\Apps\Runtime\Cache\Home\400c995c330f1f6ecac6b9102849eb7e.php 第 155 行.
NOTIC: [8] Undefined variable: name E:\wamp\Apache24\htdocs\express\Apps\Runtime\Cache\Home\400c995c330f1f6ecac6b9102849eb7e.php 第 155 行.
INFO: Run Behavior\ParseTemplateBehavior [ RunTime:0.009108s ]
INFO: [ view_parse ] --END-- [ RunTime:0.009151s ]
INFO: [ view_filter ] --START--
INFO: Run Behavior\WriteHtmlCacheBehavior [ RunTime:0.000446s ]
INFO: [ view_filter ] --END-- [ RunTime:0.000485s ]
INFO: [ app_end ] --START--
INFO: Run Behavior\ShowPageTraceBehavior [ RunTime:0.000809s ]
INFO: [ app_end ] --END-- [ RunTime:0.000871s ]

