[ 2016-03-16T12:34:46+08:00 ] 127.0.0.1 /
INFO: [ app_init ] --START--
INFO: Run Behavior\BuildLiteBehavior [ RunTime:0.000075s ]
INFO: [ app_init ] --END-- [ RunTime:0.001291s ]
INFO: [ app_begin ] --START--
INFO: Run Behavior\ReadHtmlCacheBehavior [ RunTime:0.001658s ]
INFO: Run Behavior\ReadHtmlCacheBehavior [ RunTime:0.000087s ]
INFO: Run Behavior\CheckLangBehavior [ RunTime:0.002309s ]
INFO: [ app_begin ] --END-- [ RunTime:0.004800s ]
SQL: SHOW COLUMNS FROM `exp_user` [ RunTime:0.0337s ]
SQL: SELECT * FROM `exp_user` WHERE `user_phone` = '15751005437' LIMIT 1   [ RunTime:0.0335s ]
SQL: SHOW COLUMNS FROM `exp_expcompany` [ RunTime:0.0333s ]
SQL: SELECT * FROM `exp_expcompany` WHERE ( status=1 )  [ RunTime:0.0328s ]
SQL: SHOW COLUMNS FROM `exp_school_area` [ RunTime:0.0338s ]
SQL: SHOW COLUMNS FROM `exp_school_area_detail` [ RunTime:0.0334s ]
SQL: SELECT * FROM `exp_school_area` WHERE ( status=1 )  [ RunTime:0.0329s ]
SQL: SELECT * FROM `exp_school_area_detail` WHERE ( status=1 )  [ RunTime:0.0330s ]
SQL: SHOW COLUMNS FROM `exp_server` [ RunTime:0.0338s ]
SQL: SELECT * FROM `exp_server` WHERE ( status=1 )  [ RunTime:0.0332s ]
INFO: [ view_parse ] --START--
INFO: [ template_filter ] --START--
INFO: Run Behavior\ContentReplaceBehavior [ RunTime:0.000353s ]
INFO: [ template_filter ] --END-- [ RunTime:0.000754s ]
NOTIC: [8] Undefined variable: user_id E:\phpworkspace\express\Apps\Runtime\Cache\Home\400c995c330f1f6ecac6b9102849eb7e.php 第 112 行.
NOTIC: [8] Undefined variable: user_phone E:\phpworkspace\express\Apps\Runtime\Cache\Home\400c995c330f1f6ecac6b9102849eb7e.php 第 112 行.
NOTIC: [8] Undefined variable: name E:\phpworkspace\express\Apps\Runtime\Cache\Home\400c995c330f1f6ecac6b9102849eb7e.php 第 112 行.
INFO: Run Behavior\ParseTemplateBehavior [ RunTime:0.060354s ]
INFO: [ view_parse ] --END-- [ RunTime:0.060857s ]
INFO: [ view_filter ] --START--
INFO: Run Behavior\WriteHtmlCacheBehavior [ RunTime:0.001069s ]
INFO: [ view_filter ] --END-- [ RunTime:0.001534s ]
INFO: [ app_end ] --START--
INFO: Run Behavior\ShowPageTraceBehavior [ RunTime:0.001821s ]
INFO: [ app_end ] --END-- [ RunTime:0.002230s ]

[ 2016-03-16T12:54:00+08:00 ] 127.0.0.1 /
INFO: [ app_init ] --START--
INFO: Run Behavior\BuildLiteBehavior [ RunTime:0.000074s ]
INFO: [ app_init ] --END-- [ RunTime:0.001185s ]
INFO: [ app_begin ] --START--
INFO: Run Behavior\ReadHtmlCacheBehavior [ RunTime:0.001666s ]
INFO: Run Behavior\ReadHtmlCacheBehavior [ RunTime:0.000087s ]
INFO: Run Behavior\CheckLangBehavior [ RunTime:0.002200s ]
INFO: [ app_begin ] --END-- [ RunTime:0.004697s ]
SQL: SHOW COLUMNS FROM `exp_user` [ RunTime:0.0325s ]
SQL: SELECT * FROM `exp_user` WHERE `user_phone` = '15751005437' LIMIT 1   [ RunTime:0.0340s ]
SQL: SHOW COLUMNS FROM `exp_expcompany` [ RunTime:0.0347s ]
SQL: SELECT * FROM `exp_expcompany` WHERE ( status=1 )  [ RunTime:0.0318s ]
SQL: SHOW COLUMNS FROM `exp_school_area` [ RunTime:0.0331s ]
SQL: SHOW COLUMNS FROM `exp_school_area_detail` [ RunTime:0.0344s ]
SQL: SELECT * FROM `exp_school_area` WHERE ( status=1 )  [ RunTime:0.0316s ]
SQL: SELECT * FROM `exp_school_area_detail` WHERE ( status=1 )  [ RunTime:0.0369s ]
SQL: SHOW COLUMNS FROM `exp_server` [ RunTime:0.0332s ]
SQL: SELECT * FROM `exp_server` WHERE ( status=1 )  [ RunTime:0.0318s ]
INFO: [ view_parse ] --START--
INFO: [ template_filter ] --START--
INFO: Run Behavior\ContentReplaceBehavior [ RunTime:0.000329s ]
INFO: [ template_filter ] --END-- [ RunTime:0.000796s ]
NOTIC: [8] Undefined variable: user_id E:\phpworkspace\express\Apps\Runtime\Cache\Home\400c995c330f1f6ecac6b9102849eb7e.php 第 112 行.
NOTIC: [8] Undefined variable: user_phone E:\phpworkspace\express\Apps\Runtime\Cache\Home\400c995c330f1f6ecac6b9102849eb7e.php 第 112 行.
NOTIC: [8] Undefined variable: name E:\phpworkspace\express\Apps\Runtime\Cache\Home\400c995c330f1f6ecac6b9102849eb7e.php 第 112 行.
INFO: Run Behavior\ParseTemplateBehavior [ RunTime:0.050511s ]
INFO: [ view_parse ] --END-- [ RunTime:0.051202s ]
INFO: [ view_filter ] --START--
INFO: Run Behavior\WriteHtmlCacheBehavior [ RunTime:0.001221s ]
INFO: [ view_filter ] --END-- [ RunTime:0.001650s ]
INFO: [ app_end ] --START--
INFO: Run Behavior\ShowPageTraceBehavior [ RunTime:0.001442s ]
INFO: [ app_end ] --END-- [ RunTime:0.001794s ]

[ 2016-03-16T12:54:05+08:00 ] 127.0.0.1 /Home/Index/serverValidate/sid/2
INFO: [ app_init ] --START--
INFO: Run Behavior\BuildLiteBehavior [ RunTime:0.000088s ]
INFO: [ app_init ] --END-- [ RunTime:0.001214s ]
INFO: [ app_begin ] --START--
INFO: Run Behavior\ReadHtmlCacheBehavior [ RunTime:0.001413s ]
INFO: Run Behavior\ReadHtmlCacheBehavior [ RunTime:0.000128s ]
INFO: Run Behavior\CheckLangBehavior [ RunTime:0.002501s ]
INFO: [ app_begin ] --END-- [ RunTime:0.005713s ]
SQL: SHOW COLUMNS FROM `exp_server` [ RunTime:0.0335s ]
SQL: SELECT * FROM `exp_server` WHERE `server_id` = 2 LIMIT 1   [ RunTime:0.0330s ]
INFO: [ view_parse ] --START--
INFO: [ template_filter ] --START--
INFO: Run Behavior\ContentReplaceBehavior [ RunTime:0.000197s ]
INFO: [ template_filter ] --END-- [ RunTime:0.000561s ]
INFO: Run Behavior\ParseTemplateBehavior [ RunTime:0.015153s ]
INFO: [ view_parse ] --END-- [ RunTime:0.015542s ]
INFO: [ view_filter ] --START--
INFO: Run Behavior\WriteHtmlCacheBehavior [ RunTime:0.000673s ]
INFO: [ view_filter ] --END-- [ RunTime:0.001001s ]
INFO: [ app_end ] --START--
INFO: Run Behavior\ShowPageTraceBehavior [ RunTime:0.001103s ]
INFO: [ app_end ] --END-- [ RunTime:0.001452s ]

[ 2016-03-16T12:54:08+08:00 ] 127.0.0.1 /Home/Index/dosubmit
INFO: [ app_init ] --START--
INFO: Run Behavior\BuildLiteBehavior [ RunTime:0.000080s ]
INFO: [ app_init ] --END-- [ RunTime:0.001586s ]
INFO: [ app_begin ] --START--
INFO: Run Behavior\ReadHtmlCacheBehavior [ RunTime:0.001699s ]
INFO: Run Behavior\ReadHtmlCacheBehavior [ RunTime:0.000113s ]
INFO: Run Behavior\CheckLangBehavior [ RunTime:0.003792s ]
INFO: [ app_begin ] --END-- [ RunTime:0.006839s ]
SQL: SHOW COLUMNS FROM `exp_order` [ RunTime:0.0291s ]
SQL: SHOW COLUMNS FROM `exp_user` [ RunTime:0.0291s ]
SQL: SELECT `user_id`,`status` FROM `exp_user` WHERE `user_phone` = '15751005437'  [ RunTime:0.0278s ]
NOTIC: [8] Undefined index: status E:\phpworkspace\express\Apps\Home\Controller\IndexController.class.php 第 76 行.
INFO: [ view_parse ] --START--
INFO: [ template_filter ] --START--
INFO: Run Behavior\ContentReplaceBehavior [ RunTime:0.000283s ]
INFO: [ template_filter ] --END-- [ RunTime:0.000657s ]
INFO: Run Behavior\ParseTemplateBehavior [ RunTime:0.016887s ]
INFO: [ view_parse ] --END-- [ RunTime:0.017351s ]
INFO: [ view_filter ] --START--
INFO: Run Behavior\WriteHtmlCacheBehavior [ RunTime:0.001016s ]
INFO: [ view_filter ] --END-- [ RunTime:0.001546s ]

[ 2016-03-16T12:54:34+08:00 ] 127.0.0.1 /
INFO: [ app_init ] --START--
INFO: Run Behavior\BuildLiteBehavior [ RunTime:0.000075s ]
INFO: [ app_init ] --END-- [ RunTime:0.001077s ]
INFO: [ app_begin ] --START--
INFO: Run Behavior\ReadHtmlCacheBehavior [ RunTime:0.001116s ]
INFO: Run Behavior\ReadHtmlCacheBehavior [ RunTime:0.000085s ]
INFO: Run Behavior\CheckLangBehavior [ RunTime:0.001659s ]
INFO: [ app_begin ] --END-- [ RunTime:0.003565s ]
SQL: SHOW COLUMNS FROM `exp_user` [ RunTime:0.0290s ]
SQL: SELECT * FROM `exp_user` WHERE `user_phone` = '15751005437' LIMIT 1   [ RunTime:0.0288s ]
SQL: SHOW COLUMNS FROM `exp_expcompany` [ RunTime:0.0288s ]
SQL: SELECT * FROM `exp_expcompany` WHERE ( status=1 )  [ RunTime:0.0301s ]
SQL: SHOW COLUMNS FROM `exp_school_area` [ RunTime:0.0321s ]
SQL: SHOW COLUMNS FROM `exp_school_area_detail` [ RunTime:0.0295s ]
SQL: SELECT * FROM `exp_school_area` WHERE ( status=1 )  [ RunTime:0.0302s ]
SQL: SELECT * FROM `exp_school_area_detail` WHERE ( status=1 )  [ RunTime:0.0341s ]
SQL: SHOW COLUMNS FROM `exp_server` [ RunTime:0.0302s ]
SQL: SELECT * FROM `exp_server` WHERE ( status=1 )  [ RunTime:0.0372s ]
INFO: [ view_parse ] --START--
INFO: [ template_filter ] --START--
INFO: Run Behavior\ContentReplaceBehavior [ RunTime:0.000327s ]
INFO: [ template_filter ] --END-- [ RunTime:0.000701s ]
NOTIC: [8] Undefined variable: user_id E:\phpworkspace\express\Apps\Runtime\Cache\Home\400c995c330f1f6ecac6b9102849eb7e.php 第 112 行.
NOTIC: [8] Undefined variable: user_phone E:\phpworkspace\express\Apps\Runtime\Cache\Home\400c995c330f1f6ecac6b9102849eb7e.php 第 112 行.
NOTIC: [8] Undefined variable: name E:\phpworkspace\express\Apps\Runtime\Cache\Home\400c995c330f1f6ecac6b9102849eb7e.php 第 112 行.
INFO: Run Behavior\ParseTemplateBehavior [ RunTime:0.049607s ]
INFO: [ view_parse ] --END-- [ RunTime:0.049964s ]
INFO: [ view_filter ] --START--
INFO: Run Behavior\WriteHtmlCacheBehavior [ RunTime:0.000717s ]
INFO: [ view_filter ] --END-- [ RunTime:0.001042s ]
INFO: [ app_end ] --START--
INFO: Run Behavior\ShowPageTraceBehavior [ RunTime:0.001083s ]
INFO: [ app_end ] --END-- [ RunTime:0.001413s ]

[ 2016-03-16T12:54:37+08:00 ] 127.0.0.1 /Home/Index/serverValidate/sid/3
INFO: [ app_init ] --START--
INFO: Run Behavior\BuildLiteBehavior [ RunTime:0.000151s ]
INFO: [ app_init ] --END-- [ RunTime:0.003011s ]
INFO: [ app_begin ] --START--
INFO: Run Behavior\ReadHtmlCacheBehavior [ RunTime:0.001738s ]
INFO: Run Behavior\ReadHtmlCacheBehavior [ RunTime:0.000088s ]
INFO: Run Behavior\CheckLangBehavior [ RunTime:0.001854s ]
INFO: [ app_begin ] --END-- [ RunTime:0.004693s ]
SQL: SHOW COLUMNS FROM `exp_server` [ RunTime:0.0373s ]
SQL: SELECT * FROM `exp_server` WHERE `server_id` = 3 LIMIT 1   [ RunTime:0.0316s ]
INFO: [ view_parse ] --START--
INFO: [ template_filter ] --START--
INFO: Run Behavior\ContentReplaceBehavior [ RunTime:0.000164s ]
INFO: [ template_filter ] --END-- [ RunTime:0.000508s ]
INFO: Run Behavior\ParseTemplateBehavior [ RunTime:0.014001s ]
INFO: [ view_parse ] --END-- [ RunTime:0.014380s ]
INFO: [ view_filter ] --START--
INFO: Run Behavior\WriteHtmlCacheBehavior [ RunTime:0.000639s ]
INFO: [ view_filter ] --END-- [ RunTime:0.000974s ]
INFO: [ app_end ] --START--
INFO: Run Behavior\ShowPageTraceBehavior [ RunTime:0.001132s ]
INFO: [ app_end ] --END-- [ RunTime:0.001466s ]

[ 2016-03-16T12:54:40+08:00 ] 127.0.0.1 /Home/Index/dosubmit
INFO: [ app_init ] --START--
INFO: Run Behavior\BuildLiteBehavior [ RunTime:0.000319s ]
INFO: [ app_init ] --END-- [ RunTime:0.002862s ]
INFO: [ app_begin ] --START--
INFO: Run Behavior\ReadHtmlCacheBehavior [ RunTime:0.001265s ]
INFO: Run Behavior\ReadHtmlCacheBehavior [ RunTime:0.000055s ]
INFO: Run Behavior\CheckLangBehavior [ RunTime:0.002647s ]
INFO: [ app_begin ] --END-- [ RunTime:0.004989s ]
SQL: SHOW COLUMNS FROM `exp_order` [ RunTime:0.0337s ]
SQL: SHOW COLUMNS FROM `exp_user` [ RunTime:0.0348s ]
SQL: SELECT `user_id`,`status` FROM `exp_user` WHERE `user_phone` = '15751005437'  [ RunTime:0.0329s ]
NOTIC: [8] Undefined index: status E:\phpworkspace\express\Apps\Home\Controller\IndexController.class.php 第 76 行.
INFO: [ view_parse ] --START--
INFO: [ template_filter ] --START--
INFO: Run Behavior\ContentReplaceBehavior [ RunTime:0.000214s ]
INFO: [ template_filter ] --END-- [ RunTime:0.000578s ]
INFO: Run Behavior\ParseTemplateBehavior [ RunTime:0.018361s ]
INFO: [ view_parse ] --END-- [ RunTime:0.018743s ]
INFO: [ view_filter ] --START--
INFO: Run Behavior\WriteHtmlCacheBehavior [ RunTime:0.000657s ]
INFO: [ view_filter ] --END-- [ RunTime:0.000987s ]

[ 2016-03-16T16:00:01+08:00 ] 127.0.0.1 /
INFO: [ app_init ] --START--
INFO: Run Behavior\BuildLiteBehavior [ RunTime:0.000076s ]
INFO: [ app_init ] --END-- [ RunTime:0.001523s ]
INFO: [ app_begin ] --START--
INFO: Run Behavior\ReadHtmlCacheBehavior [ RunTime:0.002136s ]
INFO: Run Behavior\ReadHtmlCacheBehavior [ RunTime:0.000160s ]
INFO: Run Behavior\CheckLangBehavior [ RunTime:0.003932s ]
INFO: [ app_begin ] --END-- [ RunTime:0.007622s ]
SQL: SHOW COLUMNS FROM `exp_user` [ RunTime:0.0372s ]
SQL: SELECT * FROM `exp_user` WHERE `user_phone` = '15751005437' LIMIT 1   [ RunTime:0.0330s ]
SQL: SHOW COLUMNS FROM `exp_expcompany` [ RunTime:0.0337s ]
SQL: SELECT * FROM `exp_expcompany` WHERE ( status=1 )  [ RunTime:0.0325s ]
SQL: SHOW COLUMNS FROM `exp_school_area` [ RunTime:0.0335s ]
SQL: SHOW COLUMNS FROM `exp_school_area_detail` [ RunTime:0.0334s ]
SQL: SELECT * FROM `exp_school_area` WHERE ( status=1 )  [ RunTime:0.0326s ]
SQL: SELECT * FROM `exp_school_area_detail` WHERE ( status=1 )  [ RunTime:0.0334s ]
SQL: SHOW COLUMNS FROM `exp_server` [ RunTime:0.0367s ]
SQL: SELECT * FROM `exp_server` WHERE ( status=1 )  [ RunTime:0.0360s ]
INFO: [ view_parse ] --START--
INFO: [ template_filter ] --START--
INFO: Run Behavior\ContentReplaceBehavior [ RunTime:0.000395s ]
INFO: [ template_filter ] --END-- [ RunTime:0.000865s ]
NOTIC: [8] Undefined variable: user_id E:\phpworkspace\express\Apps\Runtime\Cache\Home\400c995c330f1f6ecac6b9102849eb7e.php 第 112 行.
NOTIC: [8] Undefined variable: user_phone E:\phpworkspace\express\Apps\Runtime\Cache\Home\400c995c330f1f6ecac6b9102849eb7e.php 第 112 行.
NOTIC: [8] Undefined variable: name E:\phpworkspace\express\Apps\Runtime\Cache\Home\400c995c330f1f6ecac6b9102849eb7e.php 第 112 行.
INFO: Run Behavior\ParseTemplateBehavior [ RunTime:0.056023s ]
INFO: [ view_parse ] --END-- [ RunTime:0.056386s ]
INFO: [ view_filter ] --START--
INFO: Run Behavior\WriteHtmlCacheBehavior [ RunTime:0.000864s ]
INFO: [ view_filter ] --END-- [ RunTime:0.001191s ]
INFO: [ app_end ] --START--
INFO: Run Behavior\ShowPageTraceBehavior [ RunTime:0.001275s ]
INFO: [ app_end ] --END-- [ RunTime:0.001647s ]

[ 2016-03-16T16:02:21+08:00 ] 127.0.0.1 /
INFO: [ app_init ] --START--
INFO: Run Behavior\BuildLiteBehavior [ RunTime:0.000077s ]
INFO: [ app_init ] --END-- [ RunTime:0.001273s ]
INFO: [ app_begin ] --START--
INFO: Run Behavior\ReadHtmlCacheBehavior [ RunTime:0.001269s ]
INFO: Run Behavior\ReadHtmlCacheBehavior [ RunTime:0.000087s ]
INFO: Run Behavior\CheckLangBehavior [ RunTime:0.001797s ]
INFO: [ app_begin ] --END-- [ RunTime:0.003896s ]
SQL: SHOW COLUMNS FROM `exp_user` [ RunTime:0.0301s ]
SQL: SELECT * FROM `exp_user` WHERE `user_phone` = '15751005437' LIMIT 1   [ RunTime:0.0295s ]
SQL: SHOW COLUMNS FROM `exp_expcompany` [ RunTime:0.0326s ]
SQL: SELECT * FROM `exp_expcompany` WHERE ( status=1 )  [ RunTime:0.0295s ]
SQL: SHOW COLUMNS FROM `exp_school_area` [ RunTime:0.0301s ]
SQL: SHOW COLUMNS FROM `exp_school_area_detail` [ RunTime:0.0326s ]
SQL: SELECT * FROM `exp_school_area` WHERE ( status=1 )  [ RunTime:0.0292s ]
SQL: SELECT * FROM `exp_school_area_detail` WHERE ( status=1 )  [ RunTime:0.0312s ]
SQL: SHOW COLUMNS FROM `exp_server` [ RunTime:0.0299s ]
SQL: SELECT * FROM `exp_server` WHERE ( status=1 )  [ RunTime:0.0291s ]
INFO: [ view_parse ] --START--
INFO: [ template_filter ] --START--
INFO: Run Behavior\ContentReplaceBehavior [ RunTime:0.000333s ]
INFO: [ template_filter ] --END-- [ RunTime:0.000722s ]
NOTIC: [8] Undefined variable: user_id E:\phpworkspace\express\Apps\Runtime\Cache\Home\400c995c330f1f6ecac6b9102849eb7e.php 第 112 行.
NOTIC: [8] Undefined variable: user_phone E:\phpworkspace\express\Apps\Runtime\Cache\Home\400c995c330f1f6ecac6b9102849eb7e.php 第 112 行.
NOTIC: [8] Undefined variable: name E:\phpworkspace\express\Apps\Runtime\Cache\Home\400c995c330f1f6ecac6b9102849eb7e.php 第 112 行.
INFO: Run Behavior\ParseTemplateBehavior [ RunTime:0.050350s ]
INFO: [ view_parse ] --END-- [ RunTime:0.050772s ]
INFO: [ view_filter ] --START--
INFO: Run Behavior\WriteHtmlCacheBehavior [ RunTime:0.001805s ]
INFO: [ view_filter ] --END-- [ RunTime:0.002180s ]
INFO: [ app_end ] --START--
INFO: Run Behavior\ShowPageTraceBehavior [ RunTime:0.001712s ]
INFO: [ app_end ] --END-- [ RunTime:0.002048s ]

[ 2016-03-16T16:02:30+08:00 ] 127.0.0.1 /Home/Index/dosubmit
INFO: [ app_init ] --START--
INFO: Run Behavior\BuildLiteBehavior [ RunTime:0.000125s ]
INFO: [ app_init ] --END-- [ RunTime:0.001778s ]
INFO: [ app_begin ] --START--
INFO: Run Behavior\ReadHtmlCacheBehavior [ RunTime:0.002785s ]
INFO: Run Behavior\ReadHtmlCacheBehavior [ RunTime:0.000078s ]
INFO: Run Behavior\CheckLangBehavior [ RunTime:0.002133s ]
INFO: [ app_begin ] --END-- [ RunTime:0.005915s ]
SQL: SHOW COLUMNS FROM `exp_order` [ RunTime:0.0359s ]
SQL: SHOW COLUMNS FROM `exp_user` [ RunTime:0.0351s ]
SQL: SELECT `user_id`,`status` FROM `exp_user` WHERE `user_phone` = '15751005437'  [ RunTime:0.0363s ]
NOTIC: [8] Undefined index: status E:\phpworkspace\express\Apps\Home\Controller\IndexController.class.php 第 76 行.
INFO: [ view_parse ] --START--
INFO: [ template_filter ] --START--
INFO: Run Behavior\ContentReplaceBehavior [ RunTime:0.000250s ]
INFO: [ template_filter ] --END-- [ RunTime:0.000611s ]
INFO: Run Behavior\ParseTemplateBehavior [ RunTime:0.020375s ]
INFO: [ view_parse ] --END-- [ RunTime:0.020959s ]
INFO: [ view_filter ] --START--
INFO: Run Behavior\WriteHtmlCacheBehavior [ RunTime:0.001126s ]
INFO: [ view_filter ] --END-- [ RunTime:0.001641s ]

[ 2016-03-16T16:02:47+08:00 ] 127.0.0.1 /Home/Index/dosubmit
INFO: [ app_init ] --START--
INFO: Run Behavior\BuildLiteBehavior [ RunTime:0.000234s ]
INFO: [ app_init ] --END-- [ RunTime:0.002034s ]
INFO: [ app_begin ] --START--
INFO: Run Behavior\ReadHtmlCacheBehavior [ RunTime:0.001737s ]
INFO: Run Behavior\ReadHtmlCacheBehavior [ RunTime:0.000056s ]
INFO: Run Behavior\CheckLangBehavior [ RunTime:0.001994s ]
INFO: [ app_begin ] --END-- [ RunTime:0.004627s ]
SQL: SHOW COLUMNS FROM `exp_order` [ RunTime:0.0349s ]
SQL: SHOW COLUMNS FROM `exp_user` [ RunTime:0.0355s ]
SQL: SELECT `user_id`,`status` FROM `exp_user` WHERE `user_phone` = '15751005437'  [ RunTime:0.0320s ]
NOTIC: [8] Undefined index: status E:\phpworkspace\express\Apps\Home\Controller\IndexController.class.php 第 76 行.
INFO: [ view_parse ] --START--
INFO: [ template_filter ] --START--
INFO: Run Behavior\ContentReplaceBehavior [ RunTime:0.000197s ]
INFO: [ template_filter ] --END-- [ RunTime:0.000553s ]
INFO: Run Behavior\ParseTemplateBehavior [ RunTime:0.018683s ]
INFO: [ view_parse ] --END-- [ RunTime:0.019054s ]
INFO: [ view_filter ] --START--
INFO: Run Behavior\WriteHtmlCacheBehavior [ RunTime:0.000839s ]
INFO: [ view_filter ] --END-- [ RunTime:0.001161s ]

[ 2016-03-16T16:03:07+08:00 ] 127.0.0.1 /Home/Index/dosubmit
INFO: [ app_init ] --START--
INFO: Run Behavior\BuildLiteBehavior [ RunTime:0.000080s ]
INFO: [ app_init ] --END-- [ RunTime:0.001413s ]
INFO: [ app_begin ] --START--
INFO: Run Behavior\ReadHtmlCacheBehavior [ RunTime:0.001114s ]
INFO: Run Behavior\ReadHtmlCacheBehavior [ RunTime:0.000055s ]
INFO: Run Behavior\CheckLangBehavior [ RunTime:0.002140s ]
INFO: [ app_begin ] --END-- [ RunTime:0.004215s ]
SQL: SHOW COLUMNS FROM `exp_order` [ RunTime:0.0346s ]
SQL: SHOW COLUMNS FROM `exp_user` [ RunTime:0.0342s ]
SQL: SELECT `user_id`,`status` FROM `exp_user` WHERE `user_phone` = '15751005437'  [ RunTime:0.0314s ]
NOTIC: [8] Undefined index: status E:\phpworkspace\express\Apps\Home\Controller\IndexController.class.php 第 77 行.
INFO: [ view_parse ] --START--
INFO: [ template_filter ] --START--
INFO: Run Behavior\ContentReplaceBehavior [ RunTime:0.000197s ]
INFO: [ template_filter ] --END-- [ RunTime:0.000553s ]
INFO: Run Behavior\ParseTemplateBehavior [ RunTime:0.017179s ]
INFO: [ view_parse ] --END-- [ RunTime:0.017763s ]
INFO: [ view_filter ] --START--
INFO: Run Behavior\WriteHtmlCacheBehavior [ RunTime:0.000938s ]
INFO: [ view_filter ] --END-- [ RunTime:0.001339s ]

[ 2016-03-16T16:03:19+08:00 ] 127.0.0.1 /Home/Index/dosubmit
INFO: [ app_init ] --START--
INFO: Run Behavior\BuildLiteBehavior [ RunTime:0.000082s ]
INFO: [ app_init ] --END-- [ RunTime:0.001906s ]
INFO: [ app_begin ] --START--
INFO: Run Behavior\ReadHtmlCacheBehavior [ RunTime:0.001760s ]
INFO: Run Behavior\ReadHtmlCacheBehavior [ RunTime:0.000056s ]
INFO: Run Behavior\CheckLangBehavior [ RunTime:0.002442s ]
INFO: [ app_begin ] --END-- [ RunTime:0.005165s ]
SQL: SHOW COLUMNS FROM `exp_order` [ RunTime:0.0343s ]
SQL: SHOW COLUMNS FROM `exp_user` [ RunTime:0.0337s ]
SQL: SELECT `user_id`,`status` FROM `exp_user` WHERE `user_phone` = '15751005437'  [ RunTime:0.0327s ]
NOTIC: [8] Undefined index: status E:\phpworkspace\express\Apps\Home\Controller\IndexController.class.php 第 77 行.
INFO: [ view_parse ] --START--
INFO: [ template_filter ] --START--
INFO: Run Behavior\ContentReplaceBehavior [ RunTime:0.000228s ]
INFO: [ template_filter ] --END-- [ RunTime:0.000777s ]
INFO: Run Behavior\ParseTemplateBehavior [ RunTime:0.019760s ]
INFO: [ view_parse ] --END-- [ RunTime:0.020467s ]
INFO: [ view_filter ] --START--
INFO: Run Behavior\WriteHtmlCacheBehavior [ RunTime:0.001019s ]
INFO: [ view_filter ] --END-- [ RunTime:0.001347s ]

[ 2016-03-16T16:03:30+08:00 ] 127.0.0.1 /
INFO: [ app_init ] --START--
INFO: Run Behavior\BuildLiteBehavior [ RunTime:0.000213s ]
INFO: [ app_init ] --END-- [ RunTime:0.001641s ]
INFO: [ app_begin ] --START--
INFO: Run Behavior\ReadHtmlCacheBehavior [ RunTime:0.001827s ]
INFO: Run Behavior\ReadHtmlCacheBehavior [ RunTime:0.000148s ]
INFO: Run Behavior\CheckLangBehavior [ RunTime:0.002639s ]
INFO: [ app_begin ] --END-- [ RunTime:0.005821s ]
SQL: SHOW COLUMNS FROM `exp_user` [ RunTime:0.0290s ]
SQL: SELECT * FROM `exp_user` WHERE `user_phone` = '15751005437' LIMIT 1   [ RunTime:0.0280s ]
SQL: SHOW COLUMNS FROM `exp_expcompany` [ RunTime:0.0347s ]
SQL: SELECT * FROM `exp_expcompany` WHERE ( status=1 )  [ RunTime:0.0292s ]
SQL: SHOW COLUMNS FROM `exp_school_area` [ RunTime:0.0302s ]
SQL: SHOW COLUMNS FROM `exp_school_area_detail` [ RunTime:0.0305s ]
SQL: SELECT * FROM `exp_school_area` WHERE ( status=1 )  [ RunTime:0.0277s ]
SQL: SELECT * FROM `exp_school_area_detail` WHERE ( status=1 )  [ RunTime:0.0279s ]
SQL: SHOW COLUMNS FROM `exp_server` [ RunTime:0.0332s ]
SQL: SELECT * FROM `exp_server` WHERE ( status=1 )  [ RunTime:0.0279s ]
INFO: [ view_parse ] --START--
INFO: [ template_filter ] --START--
INFO: Run Behavior\ContentReplaceBehavior [ RunTime:0.000325s ]
INFO: [ template_filter ] --END-- [ RunTime:0.000793s ]
NOTIC: [8] Undefined variable: user_id E:\phpworkspace\express\Apps\Runtime\Cache\Home\400c995c330f1f6ecac6b9102849eb7e.php 第 112 行.
NOTIC: [8] Undefined variable: user_phone E:\phpworkspace\express\Apps\Runtime\Cache\Home\400c995c330f1f6ecac6b9102849eb7e.php 第 112 行.
NOTIC: [8] Undefined variable: name E:\phpworkspace\express\Apps\Runtime\Cache\Home\400c995c330f1f6ecac6b9102849eb7e.php 第 112 行.
INFO: Run Behavior\ParseTemplateBehavior [ RunTime:0.055893s ]
INFO: [ view_parse ] --END-- [ RunTime:0.056245s ]
INFO: [ view_filter ] --START--
INFO: Run Behavior\WriteHtmlCacheBehavior [ RunTime:0.000911s ]
INFO: [ view_filter ] --END-- [ RunTime:0.001494s ]
INFO: [ app_end ] --START--
INFO: Run Behavior\ShowPageTraceBehavior [ RunTime:0.002020s ]
INFO: [ app_end ] --END-- [ RunTime:0.002656s ]

[ 2016-03-16T16:03:34+08:00 ] 127.0.0.1 /Home/Index/serverValidate/sid/3
INFO: [ app_init ] --START--
INFO: Run Behavior\BuildLiteBehavior [ RunTime:0.000152s ]
INFO: [ app_init ] --END-- [ RunTime:0.002399s ]
INFO: [ app_begin ] --START--
INFO: Run Behavior\ReadHtmlCacheBehavior [ RunTime:0.001505s ]
INFO: Run Behavior\ReadHtmlCacheBehavior [ RunTime:0.000086s ]
INFO: Run Behavior\CheckLangBehavior [ RunTime:0.003605s ]
INFO: [ app_begin ] --END-- [ RunTime:0.006179s ]
SQL: SHOW COLUMNS FROM `exp_server` [ RunTime:0.0304s ]
SQL: SELECT * FROM `exp_server` WHERE `server_id` = 3 LIMIT 1   [ RunTime:0.0289s ]
INFO: [ view_parse ] --START--
INFO: [ template_filter ] --START--
INFO: Run Behavior\ContentReplaceBehavior [ RunTime:0.000200s ]
INFO: [ template_filter ] --END-- [ RunTime:0.000560s ]
INFO: Run Behavior\ParseTemplateBehavior [ RunTime:0.016581s ]
INFO: [ view_parse ] --END-- [ RunTime:0.016984s ]
INFO: [ view_filter ] --START--
INFO: Run Behavior\WriteHtmlCacheBehavior [ RunTime:0.001294s ]
INFO: [ view_filter ] --END-- [ RunTime:0.001843s ]
INFO: [ app_end ] --START--
INFO: Run Behavior\ShowPageTraceBehavior [ RunTime:0.001656s ]
INFO: [ app_end ] --END-- [ RunTime:0.002003s ]

[ 2016-03-16T16:03:37+08:00 ] 127.0.0.1 /Home/Index/dosubmit
INFO: [ app_init ] --START--
INFO: Run Behavior\BuildLiteBehavior [ RunTime:0.000075s ]
INFO: [ app_init ] --END-- [ RunTime:0.001086s ]
INFO: [ app_begin ] --START--
INFO: Run Behavior\ReadHtmlCacheBehavior [ RunTime:0.001662s ]
INFO: Run Behavior\ReadHtmlCacheBehavior [ RunTime:0.000063s ]
INFO: Run Behavior\CheckLangBehavior [ RunTime:0.001886s ]
INFO: [ app_begin ] --END-- [ RunTime:0.004582s ]
SQL: SHOW COLUMNS FROM `exp_order` [ RunTime:0.0330s ]
SQL: SHOW COLUMNS FROM `exp_user` [ RunTime:0.0351s ]
SQL: SELECT `user_id`,`status` FROM `exp_user` WHERE `user_phone` = '15751005437'  [ RunTime:0.0387s ]
NOTIC: [8] Undefined index: order_area_id E:\phpworkspace\express\Apps\Home\Controller\IndexController.class.php 第 93 行.
NOTIC: [8] Undefined index: order_area_detail_id E:\phpworkspace\express\Apps\Home\Controller\IndexController.class.php 第 94 行.
SQL: INSERT INTO `exp_order` (`order_user_id`,`order_realname`,`order_phone`,`order_expcompany_id`,`order_user_address`,`order_server_id`,`order_comment`,`order_remarks`,`order_time`) VALUES ('6','申仕杰','15751005437','1','adsfdaf','3','asdfas','asfasf','1458115417') [ RunTime:0.0542s ]
INFO: [ view_parse ] --START--
INFO: [ template_filter ] --START--
INFO: Run Behavior\ContentReplaceBehavior [ RunTime:0.000211s ]
INFO: [ template_filter ] --END-- [ RunTime:0.000571s ]
INFO: Run Behavior\ParseTemplateBehavior [ RunTime:0.018269s ]
INFO: [ view_parse ] --END-- [ RunTime:0.018803s ]
INFO: [ view_filter ] --START--
INFO: Run Behavior\WriteHtmlCacheBehavior [ RunTime:0.001161s ]
INFO: [ view_filter ] --END-- [ RunTime:0.001535s ]
INFO: [ app_end ] --START--
INFO: Run Behavior\ShowPageTraceBehavior [ RunTime:0.001575s ]
INFO: [ app_end ] --END-- [ RunTime:0.001909s ]

[ 2016-03-16T16:03:39+08:00 ] 127.0.0.1 /Home/Index/submitsuccess
INFO: [ app_init ] --START--
INFO: Run Behavior\BuildLiteBehavior [ RunTime:0.000164s ]
INFO: [ app_init ] --END-- [ RunTime:0.001172s ]
INFO: [ app_begin ] --START--
INFO: Run Behavior\ReadHtmlCacheBehavior [ RunTime:0.001187s ]
INFO: Run Behavior\ReadHtmlCacheBehavior [ RunTime:0.000087s ]
INFO: Run Behavior\CheckLangBehavior [ RunTime:0.001708s ]
INFO: [ app_begin ] --END-- [ RunTime:0.003770s ]
INFO: [ view_parse ] --START--
INFO: [ template_filter ] --START--
INFO: Run Behavior\ContentReplaceBehavior [ RunTime:0.000203s ]
INFO: [ template_filter ] --END-- [ RunTime:0.000561s ]
INFO: Run Behavior\ParseTemplateBehavior [ RunTime:0.046451s ]
INFO: [ view_parse ] --END-- [ RunTime:0.047108s ]
INFO: [ view_filter ] --START--
INFO: Run Behavior\WriteHtmlCacheBehavior [ RunTime:0.001100s ]
INFO: [ view_filter ] --END-- [ RunTime:0.001460s ]
INFO: [ app_end ] --START--
INFO: Run Behavior\ShowPageTraceBehavior [ RunTime:0.001811s ]
INFO: [ app_end ] --END-- [ RunTime:0.002187s ]

[ 2016-03-16T16:04:40+08:00 ] 127.0.0.1 /
INFO: [ app_init ] --START--
INFO: Run Behavior\BuildLiteBehavior [ RunTime:0.000075s ]
INFO: [ app_init ] --END-- [ RunTime:0.001208s ]
INFO: [ app_begin ] --START--
INFO: Run Behavior\ReadHtmlCacheBehavior [ RunTime:0.001994s ]
INFO: Run Behavior\ReadHtmlCacheBehavior [ RunTime:0.000087s ]
INFO: Run Behavior\CheckLangBehavior [ RunTime:0.002104s ]
INFO: [ app_begin ] --END-- [ RunTime:0.005120s ]
SQL: SHOW COLUMNS FROM `exp_user` [ RunTime:0.0296s ]
SQL: SELECT * FROM `exp_user` WHERE `user_phone` = '15751005437' LIMIT 1   [ RunTime:0.0290s ]
SQL: SHOW COLUMNS FROM `exp_expcompany` [ RunTime:0.0296s ]
SQL: SELECT * FROM `exp_expcompany` WHERE ( status=1 )  [ RunTime:0.0281s ]
SQL: SHOW COLUMNS FROM `exp_school_area` [ RunTime:0.0287s ]
SQL: SHOW COLUMNS FROM `exp_school_area_detail` [ RunTime:0.0290s ]
SQL: SELECT * FROM `exp_school_area` WHERE ( status=1 )  [ RunTime:0.0280s ]
SQL: SELECT * FROM `exp_school_area_detail` WHERE ( status=1 )  [ RunTime:0.0316s ]
SQL: SHOW COLUMNS FROM `exp_server` [ RunTime:0.0289s ]
SQL: SELECT * FROM `exp_server` WHERE ( status=1 )  [ RunTime:0.0279s ]
INFO: [ view_parse ] --START--
INFO: [ template_filter ] --START--
INFO: Run Behavior\ContentReplaceBehavior [ RunTime:0.000326s ]
INFO: [ template_filter ] --END-- [ RunTime:0.000689s ]
NOTIC: [8] Undefined variable: user_id E:\phpworkspace\express\Apps\Runtime\Cache\Home\400c995c330f1f6ecac6b9102849eb7e.php 第 112 行.
NOTIC: [8] Undefined variable: user_phone E:\phpworkspace\express\Apps\Runtime\Cache\Home\400c995c330f1f6ecac6b9102849eb7e.php 第 112 行.
NOTIC: [8] Undefined variable: name E:\phpworkspace\express\Apps\Runtime\Cache\Home\400c995c330f1f6ecac6b9102849eb7e.php 第 112 行.
INFO: Run Behavior\ParseTemplateBehavior [ RunTime:0.050723s ]
INFO: [ view_parse ] --END-- [ RunTime:0.051420s ]
INFO: [ view_filter ] --START--
INFO: Run Behavior\WriteHtmlCacheBehavior [ RunTime:0.001442s ]
INFO: [ view_filter ] --END-- [ RunTime:0.001848s ]
INFO: [ app_end ] --START--
INFO: Run Behavior\ShowPageTraceBehavior [ RunTime:0.001612s ]
INFO: [ app_end ] --END-- [ RunTime:0.001944s ]

[ 2016-03-16T16:04:49+08:00 ] 127.0.0.1 /Home/Index/serverValidate/sid/2
INFO: [ app_init ] --START--
INFO: Run Behavior\BuildLiteBehavior [ RunTime:0.000090s ]
INFO: [ app_init ] --END-- [ RunTime:0.001551s ]
INFO: [ app_begin ] --START--
INFO: Run Behavior\ReadHtmlCacheBehavior [ RunTime:0.001446s ]
INFO: Run Behavior\ReadHtmlCacheBehavior [ RunTime:0.000086s ]
INFO: Run Behavior\CheckLangBehavior [ RunTime:0.001892s ]
INFO: [ app_begin ] --END-- [ RunTime:0.004153s ]
SQL: SHOW COLUMNS FROM `exp_server` [ RunTime:0.0327s ]
SQL: SELECT * FROM `exp_server` WHERE `server_id` = 2 LIMIT 1   [ RunTime:0.0321s ]
INFO: [ view_parse ] --START--
INFO: [ template_filter ] --START--
INFO: Run Behavior\ContentReplaceBehavior [ RunTime:0.000181s ]
INFO: [ template_filter ] --END-- [ RunTime:0.000583s ]
INFO: Run Behavior\ParseTemplateBehavior [ RunTime:0.015915s ]
INFO: [ view_parse ] --END-- [ RunTime:0.016284s ]
INFO: [ view_filter ] --START--
INFO: Run Behavior\WriteHtmlCacheBehavior [ RunTime:0.000886s ]
INFO: [ view_filter ] --END-- [ RunTime:0.001212s ]
INFO: [ app_end ] --START--
INFO: Run Behavior\ShowPageTraceBehavior [ RunTime:0.001534s ]
INFO: [ app_end ] --END-- [ RunTime:0.001929s ]

[ 2016-03-16T16:04:52+08:00 ] 127.0.0.1 /Home/Index/dosubmit
INFO: [ app_init ] --START--
INFO: Run Behavior\BuildLiteBehavior [ RunTime:0.000075s ]
INFO: [ app_init ] --END-- [ RunTime:0.001144s ]
INFO: [ app_begin ] --START--
INFO: Run Behavior\ReadHtmlCacheBehavior [ RunTime:0.001750s ]
INFO: Run Behavior\ReadHtmlCacheBehavior [ RunTime:0.000097s ]
INFO: Run Behavior\CheckLangBehavior [ RunTime:0.001971s ]
INFO: [ app_begin ] --END-- [ RunTime:0.004975s ]
SQL: SHOW COLUMNS FROM `exp_order` [ RunTime:0.0342s ]
SQL: SHOW COLUMNS FROM `exp_user` [ RunTime:0.0379s ]
SQL: SELECT `user_id`,`status` FROM `exp_user` WHERE `user_phone` = '15751005437'  [ RunTime:0.0397s ]
NOTIC: [8] Undefined index: order_area_id E:\phpworkspace\express\Apps\Home\Controller\IndexController.class.php 第 93 行.
NOTIC: [8] Undefined index: order_area_detail_id E:\phpworkspace\express\Apps\Home\Controller\IndexController.class.php 第 94 行.
SQL: INSERT INTO `exp_order` (`order_user_id`,`order_realname`,`order_phone`,`order_expcompany_id`,`order_user_address`,`order_server_id`,`order_comment`,`order_remarks`,`order_time`) VALUES ('6','申仕杰','15751005437','4','sdfasdf','2','asdfdas','asdfasddsf','1458115492') [ RunTime:0.3343s ]
INFO: [ view_parse ] --START--
INFO: [ template_filter ] --START--
INFO: Run Behavior\ContentReplaceBehavior [ RunTime:0.000214s ]
INFO: [ template_filter ] --END-- [ RunTime:0.000571s ]
INFO: Run Behavior\ParseTemplateBehavior [ RunTime:0.017193s ]
INFO: [ view_parse ] --END-- [ RunTime:0.017750s ]
INFO: [ view_filter ] --START--
INFO: Run Behavior\WriteHtmlCacheBehavior [ RunTime:0.000772s ]
INFO: [ view_filter ] --END-- [ RunTime:0.001103s ]
INFO: [ app_end ] --START--
INFO: Run Behavior\ShowPageTraceBehavior [ RunTime:0.001594s ]
INFO: [ app_end ] --END-- [ RunTime:0.001951s ]

[ 2016-03-16T16:04:54+08:00 ] 127.0.0.1 /Home/Index/submitsuccess
INFO: [ app_init ] --START--
INFO: Run Behavior\BuildLiteBehavior [ RunTime:0.000074s ]
INFO: [ app_init ] --END-- [ RunTime:0.001088s ]
INFO: [ app_begin ] --START--
INFO: Run Behavior\ReadHtmlCacheBehavior [ RunTime:0.001729s ]
INFO: Run Behavior\ReadHtmlCacheBehavior [ RunTime:0.000087s ]
INFO: Run Behavior\CheckLangBehavior [ RunTime:0.002427s ]
INFO: [ app_begin ] --END-- [ RunTime:0.005179s ]
INFO: [ view_parse ] --START--
INFO: [ template_filter ] --START--
INFO: Run Behavior\ContentReplaceBehavior [ RunTime:0.000216s ]
INFO: [ template_filter ] --END-- [ RunTime:0.000699s ]
INFO: Run Behavior\ParseTemplateBehavior [ RunTime:0.018756s ]
INFO: [ view_parse ] --END-- [ RunTime:0.019149s ]
INFO: [ view_filter ] --START--
INFO: Run Behavior\WriteHtmlCacheBehavior [ RunTime:0.000980s ]
INFO: [ view_filter ] --END-- [ RunTime:0.001631s ]
INFO: [ app_end ] --START--
INFO: Run Behavior\ShowPageTraceBehavior [ RunTime:0.001638s ]
INFO: [ app_end ] --END-- [ RunTime:0.002126s ]

[ 2016-03-16T16:08:27+08:00 ] 127.0.0.1 /
INFO: [ app_init ] --START--
INFO: Run Behavior\BuildLiteBehavior [ RunTime:0.000074s ]
INFO: [ app_init ] --END-- [ RunTime:0.001092s ]
INFO: [ app_begin ] --START--
INFO: Run Behavior\ReadHtmlCacheBehavior [ RunTime:0.001427s ]
INFO: Run Behavior\ReadHtmlCacheBehavior [ RunTime:0.000085s ]
INFO: Run Behavior\CheckLangBehavior [ RunTime:0.001957s ]
INFO: [ app_begin ] --END-- [ RunTime:0.004191s ]
SQL: SHOW COLUMNS FROM `exp_user` [ RunTime:0.0299s ]
SQL: SELECT * FROM `exp_user` WHERE `user_phone` = '15751005437' LIMIT 1   [ RunTime:0.0285s ]
SQL: SHOW COLUMNS FROM `exp_expcompany` [ RunTime:0.0290s ]
SQL: SELECT * FROM `exp_expcompany` WHERE ( status=1 )  [ RunTime:0.0296s ]
SQL: SHOW COLUMNS FROM `exp_school_area` [ RunTime:0.0311s ]
SQL: SHOW COLUMNS FROM `exp_school_area_detail` [ RunTime:0.0288s ]
SQL: SELECT * FROM `exp_school_area` WHERE ( status=1 )  [ RunTime:0.0287s ]
SQL: SELECT * FROM `exp_school_area_detail` WHERE ( status=1 )  [ RunTime:0.0311s ]
SQL: SHOW COLUMNS FROM `exp_server` [ RunTime:0.0302s ]
SQL: SELECT * FROM `exp_server` WHERE ( status=1 )  [ RunTime:0.0293s ]
INFO: [ view_parse ] --START--
INFO: [ template_filter ] --START--
INFO: Run Behavior\ContentReplaceBehavior [ RunTime:0.000336s ]
INFO: [ template_filter ] --END-- [ RunTime:0.000892s ]
NOTIC: [8] Undefined variable: user_id E:\phpworkspace\express\Apps\Runtime\Cache\Home\400c995c330f1f6ecac6b9102849eb7e.php 第 112 行.
NOTIC: [8] Undefined variable: user_phone E:\phpworkspace\express\Apps\Runtime\Cache\Home\400c995c330f1f6ecac6b9102849eb7e.php 第 112 行.
NOTIC: [8] Undefined variable: name E:\phpworkspace\express\Apps\Runtime\Cache\Home\400c995c330f1f6ecac6b9102849eb7e.php 第 112 行.
INFO: Run Behavior\ParseTemplateBehavior [ RunTime:0.057639s ]
INFO: [ view_parse ] --END-- [ RunTime:0.058170s ]
INFO: [ view_filter ] --START--
INFO: Run Behavior\WriteHtmlCacheBehavior [ RunTime:0.001483s ]
INFO: [ view_filter ] --END-- [ RunTime:0.001883s ]
INFO: [ app_end ] --START--
INFO: Run Behavior\ShowPageTraceBehavior [ RunTime:0.002056s ]
INFO: [ app_end ] --END-- [ RunTime:0.002403s ]

[ 2016-03-16T16:12:35+08:00 ] 127.0.0.1 /
INFO: [ app_init ] --START--
INFO: Run Behavior\BuildLiteBehavior [ RunTime:0.000075s ]
INFO: [ app_init ] --END-- [ RunTime:0.001215s ]
INFO: [ app_begin ] --START--
INFO: Run Behavior\ReadHtmlCacheBehavior [ RunTime:0.001407s ]
INFO: Run Behavior\ReadHtmlCacheBehavior [ RunTime:0.000085s ]
INFO: Run Behavior\CheckLangBehavior [ RunTime:0.004328s ]
INFO: [ app_begin ] --END-- [ RunTime:0.006608s ]
SQL: SHOW COLUMNS FROM `exp_user` [ RunTime:0.0337s ]
SQL: SELECT * FROM `exp_user` WHERE `user_phone` = '15751005437' LIMIT 1   [ RunTime:0.0330s ]
SQL: SHOW COLUMNS FROM `exp_expcompany` [ RunTime:0.0333s ]
SQL: SELECT * FROM `exp_expcompany` WHERE ( status=1 )  [ RunTime:0.0326s ]
SQL: SHOW COLUMNS FROM `exp_school_area` [ RunTime:0.0332s ]
SQL: SHOW COLUMNS FROM `exp_school_area_detail` [ RunTime:0.0333s ]
SQL: SELECT * FROM `exp_school_area` WHERE ( status=1 )  [ RunTime:0.0326s ]
SQL: SELECT * FROM `exp_school_area_detail` WHERE ( status=1 )  [ RunTime:0.0329s ]
SQL: SHOW COLUMNS FROM `exp_server` [ RunTime:0.0336s ]
SQL: SELECT * FROM `exp_server` WHERE ( status=1 )  [ RunTime:0.0346s ]
INFO: [ view_parse ] --START--
INFO: [ template_filter ] --START--
INFO: Run Behavior\ContentReplaceBehavior [ RunTime:0.000325s ]
INFO: [ template_filter ] --END-- [ RunTime:0.000706s ]
NOTIC: [8] Undefined variable: user_id E:\phpworkspace\express\Apps\Runtime\Cache\Home\400c995c330f1f6ecac6b9102849eb7e.php 第 112 行.
NOTIC: [8] Undefined variable: user_phone E:\phpworkspace\express\Apps\Runtime\Cache\Home\400c995c330f1f6ecac6b9102849eb7e.php 第 112 行.
NOTIC: [8] Undefined variable: name E:\phpworkspace\express\Apps\Runtime\Cache\Home\400c995c330f1f6ecac6b9102849eb7e.php 第 112 行.
INFO: Run Behavior\ParseTemplateBehavior [ RunTime:0.049718s ]
INFO: [ view_parse ] --END-- [ RunTime:0.050199s ]
INFO: [ view_filter ] --START--
INFO: Run Behavior\WriteHtmlCacheBehavior [ RunTime:0.001631s ]
INFO: [ view_filter ] --END-- [ RunTime:0.002140s ]
INFO: [ app_end ] --START--
INFO: Run Behavior\ShowPageTraceBehavior [ RunTime:0.002908s ]
INFO: [ app_end ] --END-- [ RunTime:0.003277s ]

