[ 2016-07-02T05:46:00+08:00 ] 42.156.251.187 /
INFO: [ app_init ] --START--
INFO: Run Behavior\BuildLiteBehavior [ RunTime:0.000020s ]
INFO: [ app_init ] --END-- [ RunTime:0.002581s ]
INFO: [ app_begin ] --START--
INFO: Run Behavior\ReadHtmlCacheBehavior [ RunTime:0.002024s ]
INFO: Run Behavior\ReadHtmlCacheBehavior [ RunTime:0.000012s ]
INFO: Run Behavior\CheckLangBehavior [ RunTime:0.001847s ]
INFO: [ app_begin ] --END-- [ RunTime:0.003996s ]
INFO: [ stop_server ] --START--
INFO: Run Home\Behaviors\TestBehavior [ RunTime:0.011662s ]
INFO: [ stop_server ] --END-- [ RunTime:0.011756s ]
SQL: SHOW COLUMNS FROM `exp_user` [ RunTime:0.0016s ]
NOTIC: [8] Undefined variable: sessionUserName /webdocs/express/Apps/Home/Controller/IndexController.class.php 第 22 行.
SQL: SELECT * FROM `exp_user` WHERE `user_phone` = null LIMIT 1   [ RunTime:0.0018s ]
SQL: SHOW COLUMNS FROM `exp_expcompany` [ RunTime:0.0012s ]
SQL: SELECT * FROM `exp_expcompany` WHERE ( status=1 )  [ RunTime:0.0003s ]
SQL: SHOW COLUMNS FROM `exp_school_area` [ RunTime:0.0012s ]
SQL: SHOW COLUMNS FROM `exp_school_area_detail` [ RunTime:0.0012s ]
SQL: SELECT * FROM `exp_school_area` WHERE ( status=1 )  [ RunTime:0.0003s ]
SQL: SELECT * FROM `exp_school_area_detail` WHERE ( status=1 )  [ RunTime:0.0004s ]
SQL: SHOW COLUMNS FROM `exp_server` [ RunTime:0.0012s ]
SQL: SELECT * FROM `exp_server` WHERE ( status=1 )  [ RunTime:0.0003s ]
SQL: SHOW COLUMNS FROM `exp_news` [ RunTime:0.0012s ]
SQL: SELECT * FROM `exp_news` WHERE ( news_title='announcement' ) LIMIT 1   [ RunTime:0.0003s ]
INFO: [ view_parse ] --START--
INFO: [ template_filter ] --START--
INFO: Run Behavior\ContentReplaceBehavior [ RunTime:0.000089s ]
INFO: [ template_filter ] --END-- [ RunTime:0.000146s ]
INFO: Run Behavior\ParseTemplateBehavior [ RunTime:0.015294s ]
INFO: [ view_parse ] --END-- [ RunTime:0.015354s ]
INFO: [ view_filter ] --START--
INFO: Run Behavior\WriteHtmlCacheBehavior [ RunTime:0.001458s ]
INFO: [ view_filter ] --END-- [ RunTime:0.001507s ]
INFO: [ app_end ] --START--
INFO: Run Behavior\ShowPageTraceBehavior [ RunTime:0.001386s ]
INFO: [ app_end ] --END-- [ RunTime:0.001441s ]

[ 2016-07-02T08:23:23+08:00 ] 112.90.82.218 /
INFO: [ app_init ] --START--
INFO: Run Behavior\BuildLiteBehavior [ RunTime:0.000022s ]
INFO: [ app_init ] --END-- [ RunTime:0.000453s ]
INFO: [ app_begin ] --START--
INFO: Run Behavior\ReadHtmlCacheBehavior [ RunTime:0.000646s ]
INFO: Run Behavior\ReadHtmlCacheBehavior [ RunTime:0.000020s ]
INFO: Run Behavior\CheckLangBehavior [ RunTime:0.000475s ]
INFO: [ app_begin ] --END-- [ RunTime:0.001380s ]
INFO: [ stop_server ] --START--
INFO: Run Home\Behaviors\TestBehavior [ RunTime:0.000310s ]
INFO: [ stop_server ] --END-- [ RunTime:0.000400s ]
SQL: SHOW COLUMNS FROM `exp_user` [ RunTime:0.0015s ]
NOTIC: [8] Undefined variable: sessionUserName /webdocs/express/Apps/Home/Controller/IndexController.class.php 第 22 行.
SQL: SELECT * FROM `exp_user` WHERE `user_phone` = null LIMIT 1   [ RunTime:0.0019s ]
SQL: SHOW COLUMNS FROM `exp_expcompany` [ RunTime:0.0012s ]
SQL: SELECT * FROM `exp_expcompany` WHERE ( status=1 )  [ RunTime:0.0003s ]
SQL: SHOW COLUMNS FROM `exp_school_area` [ RunTime:0.0012s ]
SQL: SHOW COLUMNS FROM `exp_school_area_detail` [ RunTime:0.0012s ]
SQL: SELECT * FROM `exp_school_area` WHERE ( status=1 )  [ RunTime:0.0003s ]
SQL: SELECT * FROM `exp_school_area_detail` WHERE ( status=1 )  [ RunTime:0.0003s ]
SQL: SHOW COLUMNS FROM `exp_server` [ RunTime:0.0011s ]
SQL: SELECT * FROM `exp_server` WHERE ( status=1 )  [ RunTime:0.0003s ]
SQL: SHOW COLUMNS FROM `exp_news` [ RunTime:0.0012s ]
SQL: SELECT * FROM `exp_news` WHERE ( news_title='announcement' ) LIMIT 1   [ RunTime:0.0003s ]
INFO: [ view_parse ] --START--
INFO: [ template_filter ] --START--
INFO: Run Behavior\ContentReplaceBehavior [ RunTime:0.000065s ]
INFO: [ template_filter ] --END-- [ RunTime:0.000119s ]
INFO: Run Behavior\ParseTemplateBehavior [ RunTime:0.009598s ]
INFO: [ view_parse ] --END-- [ RunTime:0.009657s ]
INFO: [ view_filter ] --START--
INFO: Run Behavior\WriteHtmlCacheBehavior [ RunTime:0.000114s ]
INFO: [ view_filter ] --END-- [ RunTime:0.000160s ]
INFO: [ app_end ] --START--
INFO: Run Behavior\ShowPageTraceBehavior [ RunTime:0.000346s ]
INFO: [ app_end ] --END-- [ RunTime:0.000422s ]

[ 2016-07-02T08:34:14+08:00 ] 180.153.206.33 /Home/Index/index
INFO: [ app_init ] --START--
INFO: Run Behavior\BuildLiteBehavior [ RunTime:0.000015s ]
INFO: [ app_init ] --END-- [ RunTime:0.000300s ]
INFO: [ app_begin ] --START--
INFO: Run Behavior\ReadHtmlCacheBehavior [ RunTime:0.000317s ]
INFO: Run Behavior\ReadHtmlCacheBehavior [ RunTime:0.000014s ]
INFO: Run Behavior\CheckLangBehavior [ RunTime:0.000306s ]
INFO: [ app_begin ] --END-- [ RunTime:0.001102s ]
INFO: [ stop_server ] --START--
INFO: Run Home\Behaviors\TestBehavior [ RunTime:0.000210s ]
INFO: [ stop_server ] --END-- [ RunTime:0.000266s ]
SQL: SHOW COLUMNS FROM `exp_user` [ RunTime:0.0015s ]
NOTIC: [8] Undefined variable: sessionUserName /webdocs/express/Apps/Home/Controller/IndexController.class.php 第 22 行.
SQL: SELECT * FROM `exp_user` WHERE `user_phone` = null LIMIT 1   [ RunTime:0.0018s ]
SQL: SHOW COLUMNS FROM `exp_expcompany` [ RunTime:0.0012s ]
SQL: SELECT * FROM `exp_expcompany` WHERE ( status=1 )  [ RunTime:0.0003s ]
SQL: SHOW COLUMNS FROM `exp_school_area` [ RunTime:0.0012s ]
SQL: SHOW COLUMNS FROM `exp_school_area_detail` [ RunTime:0.0011s ]
SQL: SELECT * FROM `exp_school_area` WHERE ( status=1 )  [ RunTime:0.0003s ]
SQL: SELECT * FROM `exp_school_area_detail` WHERE ( status=1 )  [ RunTime:0.0003s ]
SQL: SHOW COLUMNS FROM `exp_server` [ RunTime:0.0012s ]
SQL: SELECT * FROM `exp_server` WHERE ( status=1 )  [ RunTime:0.0003s ]
SQL: SHOW COLUMNS FROM `exp_news` [ RunTime:0.0012s ]
SQL: SELECT * FROM `exp_news` WHERE ( news_title='announcement' ) LIMIT 1   [ RunTime:0.0003s ]
INFO: [ view_parse ] --START--
INFO: [ template_filter ] --START--
INFO: Run Behavior\ContentReplaceBehavior [ RunTime:0.000069s ]
INFO: [ template_filter ] --END-- [ RunTime:0.000123s ]
INFO: Run Behavior\ParseTemplateBehavior [ RunTime:0.009490s ]
INFO: [ view_parse ] --END-- [ RunTime:0.009547s ]
INFO: [ view_filter ] --START--
INFO: Run Behavior\WriteHtmlCacheBehavior [ RunTime:0.000113s ]
INFO: [ view_filter ] --END-- [ RunTime:0.000160s ]
INFO: [ app_end ] --START--
INFO: Run Behavior\ShowPageTraceBehavior [ RunTime:0.000346s ]
INFO: [ app_end ] --END-- [ RunTime:0.000399s ]

[ 2016-07-02T08:34:17+08:00 ] 221.13.1.122 /Home/Index/index
INFO: [ app_init ] --START--
INFO: Run Behavior\BuildLiteBehavior [ RunTime:0.000015s ]
INFO: [ app_init ] --END-- [ RunTime:0.000305s ]
INFO: [ app_begin ] --START--
INFO: Run Behavior\ReadHtmlCacheBehavior [ RunTime:0.000342s ]
INFO: Run Behavior\ReadHtmlCacheBehavior [ RunTime:0.000012s ]
INFO: Run Behavior\CheckLangBehavior [ RunTime:0.000306s ]
INFO: [ app_begin ] --END-- [ RunTime:0.000768s ]
INFO: [ stop_server ] --START--
INFO: Run Home\Behaviors\TestBehavior [ RunTime:0.000223s ]
INFO: [ stop_server ] --END-- [ RunTime:0.000305s ]
SQL: SHOW COLUMNS FROM `exp_user` [ RunTime:0.0016s ]
SQL: SELECT * FROM `exp_user` WHERE `user_phone` = '18685125379' LIMIT 1   [ RunTime:0.0009s ]
SQL: SHOW COLUMNS FROM `exp_expcompany` [ RunTime:0.0014s ]
SQL: SELECT * FROM `exp_expcompany` WHERE ( status=1 )  [ RunTime:0.0003s ]
SQL: SHOW COLUMNS FROM `exp_school_area` [ RunTime:0.0012s ]
SQL: SHOW COLUMNS FROM `exp_school_area_detail` [ RunTime:0.0012s ]
SQL: SELECT * FROM `exp_school_area` WHERE ( status=1 )  [ RunTime:0.0003s ]
SQL: SELECT * FROM `exp_school_area_detail` WHERE ( status=1 )  [ RunTime:0.0003s ]
SQL: SHOW COLUMNS FROM `exp_server` [ RunTime:0.0012s ]
SQL: SELECT * FROM `exp_server` WHERE ( status=1 )  [ RunTime:0.0003s ]
SQL: SHOW COLUMNS FROM `exp_news` [ RunTime:0.0012s ]
SQL: SELECT * FROM `exp_news` WHERE ( news_title='announcement' ) LIMIT 1   [ RunTime:0.0003s ]
INFO: [ view_parse ] --START--
INFO: [ template_filter ] --START--
INFO: Run Behavior\ContentReplaceBehavior [ RunTime:0.000068s ]
INFO: [ template_filter ] --END-- [ RunTime:0.000127s ]
INFO: Run Behavior\ParseTemplateBehavior [ RunTime:0.009706s ]
INFO: [ view_parse ] --END-- [ RunTime:0.009766s ]
INFO: [ view_filter ] --START--
INFO: Run Behavior\WriteHtmlCacheBehavior [ RunTime:0.000115s ]
INFO: [ view_filter ] --END-- [ RunTime:0.000170s ]
INFO: [ app_end ] --START--
INFO: Run Behavior\ShowPageTraceBehavior [ RunTime:0.000369s ]
INFO: [ app_end ] --END-- [ RunTime:0.000427s ]

[ 2016-07-02T08:34:19+08:00 ] 221.13.1.122 /Home/Index/stopServer
INFO: [ app_init ] --START--
INFO: Run Behavior\BuildLiteBehavior [ RunTime:0.000037s ]
INFO: [ app_init ] --END-- [ RunTime:0.000288s ]
INFO: [ app_begin ] --START--
INFO: Run Behavior\ReadHtmlCacheBehavior [ RunTime:0.000334s ]
INFO: Run Behavior\ReadHtmlCacheBehavior [ RunTime:0.000011s ]
INFO: Run Behavior\CheckLangBehavior [ RunTime:0.000286s ]
INFO: [ app_begin ] --END-- [ RunTime:0.000737s ]
INFO: [ view_parse ] --START--
INFO: [ template_filter ] --START--
INFO: Run Behavior\ContentReplaceBehavior [ RunTime:0.000036s ]
INFO: [ template_filter ] --END-- [ RunTime:0.000088s ]
INFO: Run Behavior\ParseTemplateBehavior [ RunTime:0.004334s ]
INFO: [ view_parse ] --END-- [ RunTime:0.004388s ]
INFO: [ view_filter ] --START--
INFO: Run Behavior\WriteHtmlCacheBehavior [ RunTime:0.000111s ]
INFO: [ view_filter ] --END-- [ RunTime:0.000155s ]
INFO: [ app_end ] --START--
INFO: Run Behavior\ShowPageTraceBehavior [ RunTime:0.000340s ]
INFO: [ app_end ] --END-- [ RunTime:0.000387s ]

[ 2016-07-02T08:34:24+08:00 ] 101.226.89.120 /Home/Index/index
INFO: [ app_init ] --START--
INFO: Run Behavior\BuildLiteBehavior [ RunTime:0.000015s ]
INFO: [ app_init ] --END-- [ RunTime:0.000290s ]
INFO: [ app_begin ] --START--
INFO: Run Behavior\ReadHtmlCacheBehavior [ RunTime:0.000322s ]
INFO: Run Behavior\ReadHtmlCacheBehavior [ RunTime:0.000011s ]
INFO: Run Behavior\CheckLangBehavior [ RunTime:0.000365s ]
INFO: [ app_begin ] --END-- [ RunTime:0.000805s ]
INFO: [ stop_server ] --START--
INFO: Run Home\Behaviors\TestBehavior [ RunTime:0.000233s ]
INFO: [ stop_server ] --END-- [ RunTime:0.000288s ]
SQL: SHOW COLUMNS FROM `exp_user` [ RunTime:0.0016s ]
NOTIC: [8] Undefined variable: sessionUserName /webdocs/express/Apps/Home/Controller/IndexController.class.php 第 22 行.
SQL: SELECT * FROM `exp_user` WHERE `user_phone` = null LIMIT 1   [ RunTime:0.0018s ]
SQL: SHOW COLUMNS FROM `exp_expcompany` [ RunTime:0.0012s ]
SQL: SELECT * FROM `exp_expcompany` WHERE ( status=1 )  [ RunTime:0.0003s ]
SQL: SHOW COLUMNS FROM `exp_school_area` [ RunTime:0.0012s ]
SQL: SHOW COLUMNS FROM `exp_school_area_detail` [ RunTime:0.0012s ]
SQL: SELECT * FROM `exp_school_area` WHERE ( status=1 )  [ RunTime:0.0003s ]
SQL: SELECT * FROM `exp_school_area_detail` WHERE ( status=1 )  [ RunTime:0.0005s ]
SQL: SHOW COLUMNS FROM `exp_server` [ RunTime:0.0012s ]
SQL: SELECT * FROM `exp_server` WHERE ( status=1 )  [ RunTime:0.0003s ]
SQL: SHOW COLUMNS FROM `exp_news` [ RunTime:0.0012s ]
SQL: SELECT * FROM `exp_news` WHERE ( news_title='announcement' ) LIMIT 1   [ RunTime:0.0003s ]
INFO: [ view_parse ] --START--
INFO: [ template_filter ] --START--
INFO: Run Behavior\ContentReplaceBehavior [ RunTime:0.000066s ]
INFO: [ template_filter ] --END-- [ RunTime:0.000148s ]
INFO: Run Behavior\ParseTemplateBehavior [ RunTime:0.010316s ]
INFO: [ view_parse ] --END-- [ RunTime:0.010374s ]
INFO: [ view_filter ] --START--
INFO: Run Behavior\WriteHtmlCacheBehavior [ RunTime:0.000149s ]
INFO: [ view_filter ] --END-- [ RunTime:0.000204s ]
INFO: [ app_end ] --START--
INFO: Run Behavior\ShowPageTraceBehavior [ RunTime:0.000352s ]
INFO: [ app_end ] --END-- [ RunTime:0.000405s ]

[ 2016-07-02T08:34:31+08:00 ] 180.99.30.161 /
INFO: [ app_init ] --START--
INFO: Run Behavior\BuildLiteBehavior [ RunTime:0.000016s ]
INFO: [ app_init ] --END-- [ RunTime:0.000291s ]
INFO: [ app_begin ] --START--
INFO: Run Behavior\ReadHtmlCacheBehavior [ RunTime:0.000323s ]
INFO: Run Behavior\ReadHtmlCacheBehavior [ RunTime:0.000011s ]
INFO: Run Behavior\CheckLangBehavior [ RunTime:0.000328s ]
INFO: [ app_begin ] --END-- [ RunTime:0.000765s ]
INFO: [ stop_server ] --START--
INFO: Run Home\Behaviors\TestBehavior [ RunTime:0.000209s ]
INFO: [ stop_server ] --END-- [ RunTime:0.000264s ]
SQL: SHOW COLUMNS FROM `exp_user` [ RunTime:0.0016s ]
NOTIC: [8] Undefined variable: sessionUserName /webdocs/express/Apps/Home/Controller/IndexController.class.php 第 22 行.
SQL: SELECT * FROM `exp_user` WHERE `user_phone` = null LIMIT 1   [ RunTime:0.0018s ]
SQL: SHOW COLUMNS FROM `exp_expcompany` [ RunTime:0.0012s ]
SQL: SELECT * FROM `exp_expcompany` WHERE ( status=1 )  [ RunTime:0.0003s ]
SQL: SHOW COLUMNS FROM `exp_school_area` [ RunTime:0.0012s ]
SQL: SHOW COLUMNS FROM `exp_school_area_detail` [ RunTime:0.0012s ]
SQL: SELECT * FROM `exp_school_area` WHERE ( status=1 )  [ RunTime:0.0003s ]
SQL: SELECT * FROM `exp_school_area_detail` WHERE ( status=1 )  [ RunTime:0.0004s ]
SQL: SHOW COLUMNS FROM `exp_server` [ RunTime:0.0012s ]
SQL: SELECT * FROM `exp_server` WHERE ( status=1 )  [ RunTime:0.0003s ]
SQL: SHOW COLUMNS FROM `exp_news` [ RunTime:0.0012s ]
SQL: SELECT * FROM `exp_news` WHERE ( news_title='announcement' ) LIMIT 1   [ RunTime:0.0003s ]
INFO: [ view_parse ] --START--
INFO: [ template_filter ] --START--
INFO: Run Behavior\ContentReplaceBehavior [ RunTime:0.000090s ]
INFO: [ template_filter ] --END-- [ RunTime:0.000149s ]
INFO: Run Behavior\ParseTemplateBehavior [ RunTime:0.009565s ]
INFO: [ view_parse ] --END-- [ RunTime:0.009624s ]
INFO: [ view_filter ] --START--
INFO: Run Behavior\WriteHtmlCacheBehavior [ RunTime:0.000114s ]
INFO: [ view_filter ] --END-- [ RunTime:0.000161s ]
INFO: [ app_end ] --START--
INFO: Run Behavior\ShowPageTraceBehavior [ RunTime:0.000348s ]
INFO: [ app_end ] --END-- [ RunTime:0.000401s ]

[ 2016-07-02T08:34:31+08:00 ] 180.99.30.161 /Home/Index/stopServer
INFO: [ app_init ] --START--
INFO: Run Behavior\BuildLiteBehavior [ RunTime:0.000015s ]
INFO: [ app_init ] --END-- [ RunTime:0.000270s ]
INFO: [ app_begin ] --START--
INFO: Run Behavior\ReadHtmlCacheBehavior [ RunTime:0.000327s ]
INFO: Run Behavior\ReadHtmlCacheBehavior [ RunTime:0.000011s ]
INFO: Run Behavior\CheckLangBehavior [ RunTime:0.000257s ]
INFO: [ app_begin ] --END-- [ RunTime:0.000701s ]
INFO: [ view_parse ] --START--
INFO: [ template_filter ] --START--
INFO: Run Behavior\ContentReplaceBehavior [ RunTime:0.000056s ]
INFO: [ template_filter ] --END-- [ RunTime:0.000143s ]
INFO: Run Behavior\ParseTemplateBehavior [ RunTime:0.004586s ]
INFO: [ view_parse ] --END-- [ RunTime:0.004675s ]
INFO: [ view_filter ] --START--
INFO: Run Behavior\WriteHtmlCacheBehavior [ RunTime:0.000119s ]
INFO: [ view_filter ] --END-- [ RunTime:0.000167s ]
INFO: [ app_end ] --START--
INFO: Run Behavior\ShowPageTraceBehavior [ RunTime:0.000361s ]
INFO: [ app_end ] --END-- [ RunTime:0.000410s ]

[ 2016-07-02T11:08:11+08:00 ] 140.207.185.125 /
INFO: [ app_init ] --START--
INFO: Run Behavior\BuildLiteBehavior [ RunTime:0.000015s ]
INFO: [ app_init ] --END-- [ RunTime:0.000296s ]
INFO: [ app_begin ] --START--
INFO: Run Behavior\ReadHtmlCacheBehavior [ RunTime:0.000326s ]
INFO: Run Behavior\ReadHtmlCacheBehavior [ RunTime:0.000011s ]
INFO: Run Behavior\CheckLangBehavior [ RunTime:0.000281s ]
INFO: [ app_begin ] --END-- [ RunTime:0.000726s ]
INFO: [ stop_server ] --START--
INFO: Run Home\Behaviors\TestBehavior [ RunTime:0.000219s ]
INFO: [ stop_server ] --END-- [ RunTime:0.000300s ]
SQL: SHOW COLUMNS FROM `exp_user` [ RunTime:0.0022s ]
NOTIC: [8] Undefined variable: sessionUserName /webdocs/express/Apps/Home/Controller/IndexController.class.php 第 22 行.
SQL: SELECT * FROM `exp_user` WHERE `user_phone` = null LIMIT 1   [ RunTime:0.0020s ]
SQL: SHOW COLUMNS FROM `exp_expcompany` [ RunTime:0.0014s ]
SQL: SELECT * FROM `exp_expcompany` WHERE ( status=1 )  [ RunTime:0.0003s ]
SQL: SHOW COLUMNS FROM `exp_school_area` [ RunTime:0.0012s ]
SQL: SHOW COLUMNS FROM `exp_school_area_detail` [ RunTime:0.0012s ]
SQL: SELECT * FROM `exp_school_area` WHERE ( status=1 )  [ RunTime:0.0003s ]
SQL: SELECT * FROM `exp_school_area_detail` WHERE ( status=1 )  [ RunTime:0.0003s ]
SQL: SHOW COLUMNS FROM `exp_server` [ RunTime:0.0012s ]
SQL: SELECT * FROM `exp_server` WHERE ( status=1 )  [ RunTime:0.0003s ]
SQL: SHOW COLUMNS FROM `exp_news` [ RunTime:0.0012s ]
SQL: SELECT * FROM `exp_news` WHERE ( news_title='announcement' ) LIMIT 1   [ RunTime:0.0003s ]
INFO: [ view_parse ] --START--
INFO: [ template_filter ] --START--
INFO: Run Behavior\ContentReplaceBehavior [ RunTime:0.000081s ]
INFO: [ template_filter ] --END-- [ RunTime:0.000146s ]
INFO: Run Behavior\ParseTemplateBehavior [ RunTime:0.010119s ]
INFO: [ view_parse ] --END-- [ RunTime:0.010184s ]
INFO: [ view_filter ] --START--
INFO: Run Behavior\WriteHtmlCacheBehavior [ RunTime:0.000130s ]
INFO: [ view_filter ] --END-- [ RunTime:0.000190s ]
INFO: [ app_end ] --START--
INFO: Run Behavior\ShowPageTraceBehavior [ RunTime:0.000338s ]
INFO: [ app_end ] --END-- [ RunTime:0.000394s ]

[ 2016-07-02T11:08:21+08:00 ] 101.226.125.14 /
INFO: [ app_init ] --START--
INFO: Run Behavior\BuildLiteBehavior [ RunTime:0.000013s ]
INFO: [ app_init ] --END-- [ RunTime:0.000255s ]
INFO: [ app_begin ] --START--
INFO: Run Behavior\ReadHtmlCacheBehavior [ RunTime:0.000341s ]
INFO: Run Behavior\ReadHtmlCacheBehavior [ RunTime:0.000011s ]
INFO: Run Behavior\CheckLangBehavior [ RunTime:0.000241s ]
INFO: [ app_begin ] --END-- [ RunTime:0.000702s ]
INFO: [ stop_server ] --START--
INFO: Run Home\Behaviors\TestBehavior [ RunTime:0.000205s ]
INFO: [ stop_server ] --END-- [ RunTime:0.000262s ]
SQL: SHOW COLUMNS FROM `exp_user` [ RunTime:0.0016s ]
NOTIC: [8] Undefined variable: sessionUserName /webdocs/express/Apps/Home/Controller/IndexController.class.php 第 22 行.
SQL: SELECT * FROM `exp_user` WHERE `user_phone` = null LIMIT 1   [ RunTime:0.0018s ]
SQL: SHOW COLUMNS FROM `exp_expcompany` [ RunTime:0.0012s ]
SQL: SELECT * FROM `exp_expcompany` WHERE ( status=1 )  [ RunTime:0.0003s ]
SQL: SHOW COLUMNS FROM `exp_school_area` [ RunTime:0.0012s ]
SQL: SHOW COLUMNS FROM `exp_school_area_detail` [ RunTime:0.0011s ]
SQL: SELECT * FROM `exp_school_area` WHERE ( status=1 )  [ RunTime:0.0003s ]
SQL: SELECT * FROM `exp_school_area_detail` WHERE ( status=1 )  [ RunTime:0.0004s ]
SQL: SHOW COLUMNS FROM `exp_server` [ RunTime:0.0012s ]
SQL: SELECT * FROM `exp_server` WHERE ( status=1 )  [ RunTime:0.0003s ]
SQL: SHOW COLUMNS FROM `exp_news` [ RunTime:0.0012s ]
SQL: SELECT * FROM `exp_news` WHERE ( news_title='announcement' ) LIMIT 1   [ RunTime:0.0003s ]
INFO: [ view_parse ] --START--
INFO: [ template_filter ] --START--
INFO: Run Behavior\ContentReplaceBehavior [ RunTime:0.000064s ]
INFO: [ template_filter ] --END-- [ RunTime:0.000117s ]
INFO: Run Behavior\ParseTemplateBehavior [ RunTime:0.009320s ]
INFO: [ view_parse ] --END-- [ RunTime:0.009377s ]
INFO: [ view_filter ] --START--
INFO: Run Behavior\WriteHtmlCacheBehavior [ RunTime:0.000111s ]
INFO: [ view_filter ] --END-- [ RunTime:0.000157s ]
INFO: [ app_end ] --START--
INFO: Run Behavior\ShowPageTraceBehavior [ RunTime:0.000363s ]
INFO: [ app_end ] --END-- [ RunTime:0.000416s ]

[ 2016-07-02T11:23:11+08:00 ] 112.0.86.163 /Home/Index/index
INFO: [ app_init ] --START--
INFO: Run Behavior\BuildLiteBehavior [ RunTime:0.000016s ]
INFO: [ app_init ] --END-- [ RunTime:0.000335s ]
INFO: [ app_begin ] --START--
INFO: Run Behavior\ReadHtmlCacheBehavior [ RunTime:0.000385s ]
INFO: Run Behavior\ReadHtmlCacheBehavior [ RunTime:0.000011s ]
INFO: Run Behavior\CheckLangBehavior [ RunTime:0.000282s ]
INFO: [ app_begin ] --END-- [ RunTime:0.000785s ]
INFO: [ stop_server ] --START--
INFO: Run Home\Behaviors\TestBehavior [ RunTime:0.000241s ]
INFO: [ stop_server ] --END-- [ RunTime:0.000299s ]
SQL: SHOW COLUMNS FROM `exp_user` [ RunTime:0.0016s ]
SQL: SELECT * FROM `exp_user` WHERE `user_phone` = '18852857063' LIMIT 1   [ RunTime:0.0015s ]
SQL: SHOW COLUMNS FROM `exp_expcompany` [ RunTime:0.0013s ]
SQL: SELECT * FROM `exp_expcompany` WHERE ( status=1 )  [ RunTime:0.0003s ]
SQL: SHOW COLUMNS FROM `exp_school_area` [ RunTime:0.0012s ]
SQL: SHOW COLUMNS FROM `exp_school_area_detail` [ RunTime:0.0012s ]
SQL: SELECT * FROM `exp_school_area` WHERE ( status=1 )  [ RunTime:0.0003s ]
SQL: SELECT * FROM `exp_school_area_detail` WHERE ( status=1 )  [ RunTime:0.0004s ]
SQL: SHOW COLUMNS FROM `exp_server` [ RunTime:0.0012s ]
SQL: SELECT * FROM `exp_server` WHERE ( status=1 )  [ RunTime:0.0003s ]
SQL: SHOW COLUMNS FROM `exp_news` [ RunTime:0.0012s ]
SQL: SELECT * FROM `exp_news` WHERE ( news_title='announcement' ) LIMIT 1   [ RunTime:0.0004s ]
INFO: [ view_parse ] --START--
INFO: [ template_filter ] --START--
INFO: Run Behavior\ContentReplaceBehavior [ RunTime:0.000067s ]
INFO: [ template_filter ] --END-- [ RunTime:0.000131s ]
INFO: Run Behavior\ParseTemplateBehavior [ RunTime:0.010514s ]
INFO: [ view_parse ] --END-- [ RunTime:0.010576s ]
INFO: [ view_filter ] --START--
INFO: Run Behavior\WriteHtmlCacheBehavior [ RunTime:0.000117s ]
INFO: [ view_filter ] --END-- [ RunTime:0.000191s ]
INFO: [ app_end ] --START--
INFO: Run Behavior\ShowPageTraceBehavior [ RunTime:0.000376s ]
INFO: [ app_end ] --END-- [ RunTime:0.000431s ]

[ 2016-07-02T11:23:11+08:00 ] 112.0.86.163 /Home/Index/stopServer
INFO: [ app_init ] --START--
INFO: Run Behavior\BuildLiteBehavior [ RunTime:0.000014s ]
INFO: [ app_init ] --END-- [ RunTime:0.000264s ]
INFO: [ app_begin ] --START--
INFO: Run Behavior\ReadHtmlCacheBehavior [ RunTime:0.000343s ]
INFO: Run Behavior\ReadHtmlCacheBehavior [ RunTime:0.000011s ]
INFO: Run Behavior\CheckLangBehavior [ RunTime:0.000258s ]
INFO: [ app_begin ] --END-- [ RunTime:0.000720s ]
INFO: [ view_parse ] --START--
INFO: [ template_filter ] --START--
INFO: Run Behavior\ContentReplaceBehavior [ RunTime:0.000035s ]
INFO: [ template_filter ] --END-- [ RunTime:0.000088s ]
INFO: Run Behavior\ParseTemplateBehavior [ RunTime:0.004270s ]
INFO: [ view_parse ] --END-- [ RunTime:0.004326s ]
INFO: [ view_filter ] --START--
INFO: Run Behavior\WriteHtmlCacheBehavior [ RunTime:0.000111s ]
INFO: [ view_filter ] --END-- [ RunTime:0.000156s ]
INFO: [ app_end ] --START--
INFO: Run Behavior\ShowPageTraceBehavior [ RunTime:0.000332s ]
INFO: [ app_end ] --END-- [ RunTime:0.000379s ]

[ 2016-07-02T23:52:41+08:00 ] 127.0.0.1 /
INFO: [ app_init ] --START--
INFO: Run Behavior\BuildLiteBehavior [ RunTime:0.000000s ]
INFO: [ app_init ] --END-- [ RunTime:0.003000s ]
INFO: [ app_begin ] --START--
INFO: Run Behavior\ReadHtmlCacheBehavior [ RunTime:0.001000s ]
INFO: Run Behavior\ReadHtmlCacheBehavior [ RunTime:0.000000s ]
INFO: Run Behavior\CheckLangBehavior [ RunTime:0.004001s ]
INFO: [ app_begin ] --END-- [ RunTime:0.006001s ]

[ 2016-07-02T23:53:08+08:00 ] 127.0.0.1 /
INFO: [ app_init ] --START--
INFO: Run Behavior\BuildLiteBehavior [ RunTime:0.000000s ]
INFO: [ app_init ] --END-- [ RunTime:0.001000s ]
INFO: [ app_begin ] --START--
INFO: Run Behavior\ReadHtmlCacheBehavior [ RunTime:0.001000s ]
INFO: Run Behavior\ReadHtmlCacheBehavior [ RunTime:0.000000s ]
INFO: Run Behavior\CheckLangBehavior [ RunTime:0.001000s ]
INFO: [ app_begin ] --END-- [ RunTime:0.002000s ]
INFO: [ stop_server ] --START--
INFO: Run Home\Behaviors\TestBehavior [ RunTime:0.002001s ]
INFO: [ stop_server ] --END-- [ RunTime:0.002001s ]

[ 2016-07-02T23:57:06+08:00 ] 127.0.0.1 /
INFO: [ app_init ] --START--
INFO: Run Behavior\BuildLiteBehavior [ RunTime:0.000000s ]
INFO: [ app_init ] --END-- [ RunTime:0.001000s ]
INFO: [ app_begin ] --START--
INFO: Run Behavior\ReadHtmlCacheBehavior [ RunTime:0.001000s ]
INFO: Run Behavior\ReadHtmlCacheBehavior [ RunTime:0.000000s ]
INFO: Run Behavior\CheckLangBehavior [ RunTime:0.001000s ]
INFO: [ app_begin ] --END-- [ RunTime:0.002000s ]
INFO: [ stop_server ] --START--
INFO: Run Home\Behaviors\TestBehavior [ RunTime:0.001000s ]
INFO: [ stop_server ] --END-- [ RunTime:0.002000s ]
SQL: SHOW COLUMNS FROM `exp_user` [ RunTime:0.0260s ]
NOTIC: [8] Undefined variable: sessionUserName E:\phpproject\express\Apps\Home\Controller\IndexController.class.php 第 22 行.
SQL: SELECT * FROM `exp_user` WHERE `user_phone` = null LIMIT 1   [ RunTime:0.0240s ]
SQL: SHOW COLUMNS FROM `exp_expcompany` [ RunTime:0.0230s ]
SQL: SELECT * FROM `exp_expcompany` WHERE ( status=1 )  [ RunTime:0.0230s ]
SQL: SHOW COLUMNS FROM `exp_school_area` [ RunTime:0.0240s ]
SQL: SHOW COLUMNS FROM `exp_school_area_detail` [ RunTime:0.0230s ]
SQL: SELECT * FROM `exp_school_area` WHERE ( status=1 )  [ RunTime:0.0230s ]
SQL: SELECT * FROM `exp_school_area_detail` WHERE ( status=1 )  [ RunTime:0.0250s ]
SQL: SHOW COLUMNS FROM `exp_server` [ RunTime:0.0240s ]
SQL: SELECT * FROM `exp_server` WHERE ( status=1 )  [ RunTime:0.0280s ]
SQL: SHOW COLUMNS FROM `exp_news` [ RunTime:0.0220s ]
SQL: SELECT * FROM `exp_news` WHERE ( news_title='announcement' ) LIMIT 1   [ RunTime:0.0310s ]
INFO: [ view_parse ] --START--
INFO: [ template_filter ] --START--
INFO: Run Behavior\ContentReplaceBehavior [ RunTime:0.001000s ]
INFO: [ template_filter ] --END-- [ RunTime:0.001000s ]
INFO: Run Behavior\ParseTemplateBehavior [ RunTime:0.022002s ]
INFO: [ view_parse ] --END-- [ RunTime:0.022002s ]
INFO: [ view_filter ] --START--
INFO: Run Behavior\WriteHtmlCacheBehavior [ RunTime:0.001000s ]
INFO: [ view_filter ] --END-- [ RunTime:0.001000s ]
INFO: [ app_end ] --START--
INFO: Run Behavior\ShowPageTraceBehavior [ RunTime:0.001000s ]
INFO: [ app_end ] --END-- [ RunTime:0.002000s ]

