[ 2016-04-08T10:50:28+08:00 ] 127.0.0.1 /Home/Index/index
INFO: [ app_init ] --START--
INFO: Run Behavior\BuildLiteBehavior [ RunTime:0.000023s ]
INFO: [ app_init ] --END-- [ RunTime:0.000916s ]
INFO: [ app_begin ] --START--
INFO: Run Behavior\ReadHtmlCacheBehavior [ RunTime:0.001310s ]
INFO: Run Behavior\ReadHtmlCacheBehavior [ RunTime:0.000015s ]
INFO: Run Behavior\CheckLangBehavior [ RunTime:0.001341s ]
INFO: [ app_begin ] --END-- [ RunTime:0.002838s ]
SQL: SHOW COLUMNS FROM `exp_user` [ RunTime:0.0283s ]
SQL: SELECT * FROM `exp_user` WHERE `user_phone` = '15751001019' LIMIT 1   [ RunTime:0.0285s ]
SQL: SHOW COLUMNS FROM `exp_expcompany` [ RunTime:0.0291s ]
SQL: SELECT * FROM `exp_expcompany` WHERE ( status=1 )  [ RunTime:0.0270s ]
SQL: SHOW COLUMNS FROM `exp_school_area` [ RunTime:0.0288s ]
SQL: SHOW COLUMNS FROM `exp_school_area_detail` [ RunTime:0.0291s ]
SQL: SELECT * FROM `exp_school_area` WHERE ( status=1 )  [ RunTime:0.0279s ]
SQL: SELECT * FROM `exp_school_area_detail` WHERE ( status=1 )  [ RunTime:0.3352s ]
SQL: SHOW COLUMNS FROM `exp_server` [ RunTime:0.0279s ]
SQL: SELECT * FROM `exp_server` WHERE ( status=1 )  [ RunTime:0.0274s ]
INFO: [ view_parse ] --START--
INFO: [ template_filter ] --START--
INFO: Run Behavior\ContentReplaceBehavior [ RunTime:0.000106s ]
INFO: [ template_filter ] --END-- [ RunTime:0.000159s ]
NOTIC: [8] Undefined variable: user_id E:\wamp\Apache24\htdocs\express\Apps\Runtime\Cache\Home\400c995c330f1f6ecac6b9102849eb7e.php 第 155 行.
NOTIC: [8] Undefined variable: user_phone E:\wamp\Apache24\htdocs\express\Apps\Runtime\Cache\Home\400c995c330f1f6ecac6b9102849eb7e.php 第 155 行.
NOTIC: [8] Undefined variable: name E:\wamp\Apache24\htdocs\express\Apps\Runtime\Cache\Home\400c995c330f1f6ecac6b9102849eb7e.php 第 155 行.
INFO: Run Behavior\ParseTemplateBehavior [ RunTime:0.033461s ]
INFO: [ view_parse ] --END-- [ RunTime:0.033515s ]
INFO: [ view_filter ] --START--
INFO: Run Behavior\WriteHtmlCacheBehavior [ RunTime:0.000635s ]
INFO: [ view_filter ] --END-- [ RunTime:0.000676s ]
INFO: [ app_end ] --START--
INFO: Run Behavior\ShowPageTraceBehavior [ RunTime:0.001214s ]
INFO: [ app_end ] --END-- [ RunTime:0.001299s ]

[ 2016-04-08T13:04:46+08:00 ] 127.0.0.1 /Home/Index/index
INFO: [ app_init ] --START--
INFO: Run Behavior\BuildLiteBehavior [ RunTime:0.000032s ]
INFO: [ app_init ] --END-- [ RunTime:0.001099s ]
INFO: [ app_begin ] --START--
INFO: Run Behavior\ReadHtmlCacheBehavior [ RunTime:0.001690s ]
INFO: Run Behavior\ReadHtmlCacheBehavior [ RunTime:0.000016s ]
INFO: Run Behavior\CheckLangBehavior [ RunTime:0.001321s ]
INFO: [ app_begin ] --END-- [ RunTime:0.003209s ]
SQL: SHOW COLUMNS FROM `exp_user` [ RunTime:0.0340s ]
SQL: SELECT * FROM `exp_user` WHERE `user_phone` = '15751001019' LIMIT 1   [ RunTime:0.0327s ]
SQL: SHOW COLUMNS FROM `exp_expcompany` [ RunTime:0.0339s ]
SQL: SELECT * FROM `exp_expcompany` WHERE ( status=1 )  [ RunTime:0.0340s ]
SQL: SHOW COLUMNS FROM `exp_school_area` [ RunTime:0.0349s ]
SQL: SHOW COLUMNS FROM `exp_school_area_detail` [ RunTime:0.0329s ]
SQL: SELECT * FROM `exp_school_area` WHERE ( status=1 )  [ RunTime:0.0327s ]
SQL: SELECT * FROM `exp_school_area_detail` WHERE ( status=1 )  [ RunTime:0.0594s ]
SQL: SHOW COLUMNS FROM `exp_server` [ RunTime:0.0337s ]
SQL: SELECT * FROM `exp_server` WHERE ( status=1 )  [ RunTime:0.0322s ]
INFO: [ view_parse ] --START--
INFO: [ template_filter ] --START--
INFO: Run Behavior\ContentReplaceBehavior [ RunTime:0.000285s ]
INFO: [ template_filter ] --END-- [ RunTime:0.000417s ]
NOTIC: [8] Undefined variable: user_id E:\wamp\Apache24\htdocs\express\Apps\Runtime\Cache\Home\400c995c330f1f6ecac6b9102849eb7e.php 第 155 行.
NOTIC: [8] Undefined variable: user_phone E:\wamp\Apache24\htdocs\express\Apps\Runtime\Cache\Home\400c995c330f1f6ecac6b9102849eb7e.php 第 155 行.
NOTIC: [8] Undefined variable: name E:\wamp\Apache24\htdocs\express\Apps\Runtime\Cache\Home\400c995c330f1f6ecac6b9102849eb7e.php 第 155 行.
INFO: Run Behavior\ParseTemplateBehavior [ RunTime:0.045780s ]
INFO: [ view_parse ] --END-- [ RunTime:0.045950s ]
INFO: [ view_filter ] --START--
INFO: Run Behavior\WriteHtmlCacheBehavior [ RunTime:0.001141s ]
INFO: [ view_filter ] --END-- [ RunTime:0.001212s ]
INFO: [ app_end ] --START--
INFO: Run Behavior\ShowPageTraceBehavior [ RunTime:0.001305s ]
INFO: [ app_end ] --END-- [ RunTime:0.001396s ]

