[ 2016-02-23T13:36:00+08:00 ] 127.0.0.1 /
INFO: [ app_init ] --START--
INFO: Run Behavior\BuildLiteBehavior [ RunTime:0.000190s ]
INFO: [ app_init ] --END-- [ RunTime:0.002014s ]
INFO: [ app_begin ] --START--
INFO: Run Behavior\ReadHtmlCacheBehavior [ RunTime:0.005472s ]
INFO: Run Behavior\ReadHtmlCacheBehavior [ RunTime:0.000136s ]
INFO: Run Behavior\CheckLangBehavior [ RunTime:0.003641s ]
INFO: [ app_begin ] --END-- [ RunTime:0.011884s ]
SQL: SHOW COLUMNS FROM `exp_expcompany` [ RunTime:0.0306s ]
SQL: SELECT * FROM `exp_expcompany`  [ RunTime:0.0303s ]
SQL: SHOW COLUMNS FROM `exp_server` [ RunTime:0.0317s ]
SQL: SELECT * FROM `exp_server`  [ RunTime:0.0309s ]
INFO: [ view_parse ] --START--
INFO: [ template_filter ] --START--
INFO: Run Behavior\ContentReplaceBehavior [ RunTime:0.000366s ]
INFO: [ template_filter ] --END-- [ RunTime:0.000954s ]
NOTIC: [8] Undefined variable: user_id E:\phpworkspace\express\Apps\Runtime\Cache\Home\400c995c330f1f6ecac6b9102849eb7e.php 第 33 行.
NOTIC: [8] Undefined variable: user_phone E:\phpworkspace\express\Apps\Runtime\Cache\Home\400c995c330f1f6ecac6b9102849eb7e.php 第 33 行.
INFO: Run Behavior\ParseTemplateBehavior [ RunTime:0.045281s ]
INFO: [ view_parse ] --END-- [ RunTime:0.045912s ]
INFO: [ view_filter ] --START--
INFO: Run Behavior\WriteHtmlCacheBehavior [ RunTime:0.001548s ]
INFO: [ view_filter ] --END-- [ RunTime:0.002120s ]
INFO: [ app_end ] --START--
INFO: Run Behavior\ShowPageTraceBehavior [ RunTime:0.002502s ]
INFO: [ app_end ] --END-- [ RunTime:0.003090s ]

[ 2016-02-23T14:28:14+08:00 ] 127.0.0.1 /
INFO: [ app_init ] --START--
INFO: Run Behavior\BuildLiteBehavior [ RunTime:0.000058s ]
INFO: [ app_init ] --END-- [ RunTime:0.001536s ]
INFO: [ app_begin ] --START--
INFO: Run Behavior\ReadHtmlCacheBehavior [ RunTime:0.002105s ]
INFO: Run Behavior\ReadHtmlCacheBehavior [ RunTime:0.000142s ]
INFO: Run Behavior\CheckLangBehavior [ RunTime:0.003445s ]
INFO: [ app_begin ] --END-- [ RunTime:0.006996s ]
SQL: SHOW COLUMNS FROM `exp_expcompany` [ RunTime:0.0305s ]
SQL: SELECT * FROM `exp_expcompany`  [ RunTime:0.0340s ]
SQL: SHOW COLUMNS FROM `exp_server` [ RunTime:0.0301s ]
SQL: SELECT * FROM `exp_server`  [ RunTime:0.0301s ]
INFO: [ view_parse ] --START--
INFO: [ template_filter ] --START--
INFO: Run Behavior\ContentReplaceBehavior [ RunTime:0.002912s ]
INFO: [ template_filter ] --END-- [ RunTime:0.004981s ]
NOTIC: [8] Undefined variable: user_id E:\phpworkspace\express\Apps\Runtime\Cache\Home\400c995c330f1f6ecac6b9102849eb7e.php 第 33 行.
NOTIC: [8] Undefined variable: user_phone E:\phpworkspace\express\Apps\Runtime\Cache\Home\400c995c330f1f6ecac6b9102849eb7e.php 第 33 行.
INFO: Run Behavior\ParseTemplateBehavior [ RunTime:0.087171s ]
INFO: [ view_parse ] --END-- [ RunTime:0.087921s ]
INFO: [ view_filter ] --START--
INFO: Run Behavior\WriteHtmlCacheBehavior [ RunTime:0.008276s ]
INFO: [ view_filter ] --END-- [ RunTime:0.009537s ]
INFO: [ app_end ] --START--
INFO: Run Behavior\ShowPageTraceBehavior [ RunTime:0.005606s ]
INFO: [ app_end ] --END-- [ RunTime:0.006343s ]

