[ 2016-05-21T13:24:33+08:00 ] 127.0.0.1 /
INFO: [ app_init ] --START--
INFO: Run Behavior\BuildLiteBehavior [ RunTime:0.000022s ]
INFO: [ app_init ] --END-- [ RunTime:0.038290s ]
INFO: [ app_begin ] --START--
INFO: Run Behavior\ReadHtmlCacheBehavior [ RunTime:0.021650s ]
INFO: Run Behavior\ReadHtmlCacheBehavior [ RunTime:0.000012s ]
INFO: Run Behavior\CheckLangBehavior [ RunTime:0.094327s ]
INFO: [ app_begin ] --END-- [ RunTime:0.116160s ]
SQL: SHOW COLUMNS FROM `exp_user` [ RunTime:0.0618s ]
NOTIC: [8] Undefined variable: sessionUserName E:\wamp\Apache24\htdocs\express\Apps\Home\Controller\IndexController.class.php 第 22 行.
SQL: SELECT * FROM `exp_user` WHERE `user_phone` = null LIMIT 1   [ RunTime:0.0398s ]
SQL: SHOW COLUMNS FROM `exp_expcompany` [ RunTime:0.0672s ]
SQL: SELECT * FROM `exp_expcompany` WHERE ( status=1 )  [ RunTime:0.0259s ]
SQL: SHOW COLUMNS FROM `exp_school_area` [ RunTime:0.0283s ]
SQL: SHOW COLUMNS FROM `exp_school_area_detail` [ RunTime:0.0279s ]
SQL: SELECT * FROM `exp_school_area` WHERE ( status=1 )  [ RunTime:0.0248s ]
SQL: SELECT * FROM `exp_school_area_detail` WHERE ( status=1 )  [ RunTime:0.0291s ]
SQL: SHOW COLUMNS FROM `exp_server` [ RunTime:0.0336s ]
SQL: SELECT * FROM `exp_server` WHERE ( status=1 )  [ RunTime:0.0278s ]
INFO: [ view_parse ] --START--
INFO: [ template_filter ] --START--
INFO: Run Behavior\ContentReplaceBehavior [ RunTime:0.000385s ]
INFO: [ template_filter ] --END-- [ RunTime:0.000470s ]
NOTIC: [8] Undefined variable: user_id E:\wamp\Apache24\htdocs\express\Apps\Runtime\Cache\Home\400c995c330f1f6ecac6b9102849eb7e.php 第 145 行.
NOTIC: [8] Undefined variable: user_phone E:\wamp\Apache24\htdocs\express\Apps\Runtime\Cache\Home\400c995c330f1f6ecac6b9102849eb7e.php 第 145 行.
NOTIC: [8] Undefined variable: name E:\wamp\Apache24\htdocs\express\Apps\Runtime\Cache\Home\400c995c330f1f6ecac6b9102849eb7e.php 第 145 行.
INFO: Run Behavior\ParseTemplateBehavior [ RunTime:0.275512s ]
INFO: [ view_parse ] --END-- [ RunTime:0.275558s ]
INFO: [ view_filter ] --START--
INFO: Run Behavior\WriteHtmlCacheBehavior [ RunTime:0.026438s ]
INFO: [ view_filter ] --END-- [ RunTime:0.026482s ]
INFO: [ app_end ] --START--
INFO: Run Behavior\ShowPageTraceBehavior [ RunTime:0.066190s ]
INFO: [ app_end ] --END-- [ RunTime:0.066288s ]

[ 2016-05-21T13:33:56+08:00 ] 127.0.0.1 /
INFO: [ app_init ] --START--
INFO: Run Behavior\BuildLiteBehavior [ RunTime:0.000014s ]
INFO: [ app_init ] --END-- [ RunTime:0.006736s ]
INFO: [ app_begin ] --START--
INFO: Run Behavior\ReadHtmlCacheBehavior [ RunTime:0.011561s ]
INFO: Run Behavior\ReadHtmlCacheBehavior [ RunTime:0.000018s ]
INFO: Run Behavior\CheckLangBehavior [ RunTime:0.007155s ]
INFO: [ app_begin ] --END-- [ RunTime:0.019068s ]
SQL: SHOW COLUMNS FROM `exp_user` [ RunTime:0.0264s ]
NOTIC: [8] Undefined variable: sessionUserName E:\wamp\Apache24\htdocs\newoj\Apps\Home\Controller\IndexController.class.php 第 22 行.
SQL: SELECT * FROM `exp_user` WHERE `user_phone` = null LIMIT 1   [ RunTime:0.0372s ]
SQL: SHOW COLUMNS FROM `exp_expcompany` [ RunTime:0.0246s ]
SQL: SELECT * FROM `exp_expcompany` WHERE ( status=1 )  [ RunTime:0.0236s ]
SQL: SHOW COLUMNS FROM `exp_school_area` [ RunTime:0.0281s ]
SQL: SHOW COLUMNS FROM `exp_school_area_detail` [ RunTime:0.0236s ]
SQL: SELECT * FROM `exp_school_area` WHERE ( status=1 )  [ RunTime:0.0267s ]
SQL: SELECT * FROM `exp_school_area_detail` WHERE ( status=1 )  [ RunTime:0.0249s ]
SQL: SHOW COLUMNS FROM `exp_server` [ RunTime:0.0301s ]
SQL: SELECT * FROM `exp_server` WHERE ( status=1 )  [ RunTime:0.0232s ]
INFO: [ view_parse ] --START--
INFO: [ template_filter ] --START--
INFO: Run Behavior\ContentReplaceBehavior [ RunTime:0.000086s ]
INFO: [ template_filter ] --END-- [ RunTime:0.000127s ]
NOTIC: [8] Undefined variable: user_id E:\wamp\Apache24\htdocs\newoj\Apps\Runtime\Cache\Home\400c995c330f1f6ecac6b9102849eb7e.php 第 145 行.
NOTIC: [8] Undefined variable: user_phone E:\wamp\Apache24\htdocs\newoj\Apps\Runtime\Cache\Home\400c995c330f1f6ecac6b9102849eb7e.php 第 145 行.
NOTIC: [8] Undefined variable: name E:\wamp\Apache24\htdocs\newoj\Apps\Runtime\Cache\Home\400c995c330f1f6ecac6b9102849eb7e.php 第 145 行.
INFO: Run Behavior\ParseTemplateBehavior [ RunTime:0.199900s ]
INFO: [ view_parse ] --END-- [ RunTime:0.199958s ]
INFO: [ view_filter ] --START--
INFO: Run Behavior\WriteHtmlCacheBehavior [ RunTime:0.005343s ]
INFO: [ view_filter ] --END-- [ RunTime:0.005430s ]
INFO: [ app_end ] --START--
INFO: Run Behavior\ShowPageTraceBehavior [ RunTime:0.001288s ]
INFO: [ app_end ] --END-- [ RunTime:0.001373s ]

[ 2016-05-21T13:34:03+08:00 ] 127.0.0.1 /
INFO: [ app_init ] --START--
INFO: Run Behavior\BuildLiteBehavior [ RunTime:0.000019s ]
INFO: [ app_init ] --END-- [ RunTime:0.000509s ]
INFO: [ app_begin ] --START--
INFO: Run Behavior\ReadHtmlCacheBehavior [ RunTime:0.000851s ]
INFO: Run Behavior\ReadHtmlCacheBehavior [ RunTime:0.000014s ]
INFO: Run Behavior\CheckLangBehavior [ RunTime:0.001377s ]
INFO: [ app_begin ] --END-- [ RunTime:0.002546s ]
SQL: SHOW COLUMNS FROM `exp_user` [ RunTime:0.0316s ]
NOTIC: [8] Undefined variable: sessionUserName E:\wamp\Apache24\htdocs\newoj\Apps\Home\Controller\IndexController.class.php 第 22 行.
SQL: SELECT * FROM `exp_user` WHERE `user_phone` = null LIMIT 1   [ RunTime:0.0268s ]
SQL: SHOW COLUMNS FROM `exp_expcompany` [ RunTime:0.0284s ]
SQL: SELECT * FROM `exp_expcompany` WHERE ( status=1 )  [ RunTime:0.0291s ]
SQL: SHOW COLUMNS FROM `exp_school_area` [ RunTime:0.0297s ]
SQL: SHOW COLUMNS FROM `exp_school_area_detail` [ RunTime:0.0257s ]
SQL: SELECT * FROM `exp_school_area` WHERE ( status=1 )  [ RunTime:0.0243s ]
SQL: SELECT * FROM `exp_school_area_detail` WHERE ( status=1 )  [ RunTime:0.0296s ]
SQL: SHOW COLUMNS FROM `exp_server` [ RunTime:0.0297s ]
SQL: SELECT * FROM `exp_server` WHERE ( status=1 )  [ RunTime:0.0252s ]
INFO: [ view_parse ] --START--
INFO: [ template_filter ] --START--
INFO: Run Behavior\ContentReplaceBehavior [ RunTime:0.000131s ]
INFO: [ template_filter ] --END-- [ RunTime:0.000206s ]
NOTIC: [8] Undefined variable: user_id E:\wamp\Apache24\htdocs\newoj\Apps\Runtime\Cache\Home\400c995c330f1f6ecac6b9102849eb7e.php 第 145 行.
NOTIC: [8] Undefined variable: user_phone E:\wamp\Apache24\htdocs\newoj\Apps\Runtime\Cache\Home\400c995c330f1f6ecac6b9102849eb7e.php 第 145 行.
NOTIC: [8] Undefined variable: name E:\wamp\Apache24\htdocs\newoj\Apps\Runtime\Cache\Home\400c995c330f1f6ecac6b9102849eb7e.php 第 145 行.
INFO: Run Behavior\ParseTemplateBehavior [ RunTime:0.096767s ]
INFO: [ view_parse ] --END-- [ RunTime:0.096847s ]
INFO: [ view_filter ] --START--
INFO: Run Behavior\WriteHtmlCacheBehavior [ RunTime:0.000289s ]
INFO: [ view_filter ] --END-- [ RunTime:0.000320s ]
INFO: [ app_end ] --START--
INFO: Run Behavior\ShowPageTraceBehavior [ RunTime:0.000772s ]
INFO: [ app_end ] --END-- [ RunTime:0.000851s ]

[ 2016-05-21T13:35:51+08:00 ] 127.0.0.1 /
INFO: [ app_init ] --START--
INFO: Run Behavior\BuildLiteBehavior [ RunTime:0.000016s ]
INFO: [ app_init ] --END-- [ RunTime:0.000424s ]
INFO: [ app_begin ] --START--
INFO: Run Behavior\ReadHtmlCacheBehavior [ RunTime:0.000530s ]
INFO: Run Behavior\ReadHtmlCacheBehavior [ RunTime:0.000008s ]
INFO: Run Behavior\CheckLangBehavior [ RunTime:0.000379s ]
INFO: [ app_begin ] --END-- [ RunTime:0.001007s ]
SQL: SHOW COLUMNS FROM `exp_user` [ RunTime:0.0253s ]
NOTIC: [8] Undefined variable: sessionUserName E:\wamp\Apache24\htdocs\newoj\Apps\Home\Controller\IndexController.class.php 第 22 行.
SQL: SELECT * FROM `exp_user` WHERE `user_phone` = null LIMIT 1   [ RunTime:0.0267s ]
SQL: SHOW COLUMNS FROM `exp_expcompany` [ RunTime:0.0293s ]
SQL: SELECT * FROM `exp_expcompany` WHERE ( status=1 )  [ RunTime:0.0252s ]
SQL: SHOW COLUMNS FROM `exp_school_area` [ RunTime:0.0302s ]
SQL: SHOW COLUMNS FROM `exp_school_area_detail` [ RunTime:0.0288s ]
SQL: SELECT * FROM `exp_school_area` WHERE ( status=1 )  [ RunTime:0.0247s ]
SQL: SELECT * FROM `exp_school_area_detail` WHERE ( status=1 )  [ RunTime:0.0248s ]
SQL: SHOW COLUMNS FROM `exp_server` [ RunTime:0.0250s ]
SQL: SELECT * FROM `exp_server` WHERE ( status=1 )  [ RunTime:0.0265s ]
INFO: [ view_parse ] --START--
INFO: [ template_filter ] --START--
INFO: Run Behavior\ContentReplaceBehavior [ RunTime:0.000082s ]
INFO: [ template_filter ] --END-- [ RunTime:0.000117s ]
NOTIC: [8] Undefined variable: user_id E:\wamp\Apache24\htdocs\newoj\Apps\Runtime\Cache\Home\400c995c330f1f6ecac6b9102849eb7e.php 第 145 行.
NOTIC: [8] Undefined variable: user_phone E:\wamp\Apache24\htdocs\newoj\Apps\Runtime\Cache\Home\400c995c330f1f6ecac6b9102849eb7e.php 第 145 行.
NOTIC: [8] Undefined variable: name E:\wamp\Apache24\htdocs\newoj\Apps\Runtime\Cache\Home\400c995c330f1f6ecac6b9102849eb7e.php 第 145 行.
INFO: Run Behavior\ParseTemplateBehavior [ RunTime:0.080989s ]
INFO: [ view_parse ] --END-- [ RunTime:0.081035s ]
INFO: [ view_filter ] --START--
INFO: Run Behavior\WriteHtmlCacheBehavior [ RunTime:0.000288s ]
INFO: [ view_filter ] --END-- [ RunTime:0.000316s ]
INFO: [ app_end ] --START--
INFO: Run Behavior\ShowPageTraceBehavior [ RunTime:0.001571s ]
INFO: [ app_end ] --END-- [ RunTime:0.001660s ]

[ 2016-05-21T13:37:43+08:00 ] 127.0.0.1 /
INFO: [ app_init ] --START--
INFO: Run Behavior\BuildLiteBehavior [ RunTime:0.000010s ]
INFO: [ app_init ] --END-- [ RunTime:0.000368s ]
INFO: [ app_begin ] --START--
INFO: Run Behavior\ReadHtmlCacheBehavior [ RunTime:0.000577s ]
INFO: Run Behavior\ReadHtmlCacheBehavior [ RunTime:0.000006s ]
INFO: Run Behavior\CheckLangBehavior [ RunTime:0.000602s ]
INFO: [ app_begin ] --END-- [ RunTime:0.001257s ]
SQL: SHOW COLUMNS FROM `exp_user` [ RunTime:0.0266s ]
NOTIC: [8] Undefined variable: sessionUserName E:\wamp\Apache24\htdocs\newoj\Apps\Home\Controller\IndexController.class.php 第 22 行.
SQL: SELECT * FROM `exp_user` WHERE `user_phone` = null LIMIT 1   [ RunTime:0.0268s ]
SQL: SHOW COLUMNS FROM `exp_expcompany` [ RunTime:0.0295s ]
SQL: SELECT * FROM `exp_expcompany` WHERE ( status=1 )  [ RunTime:0.0287s ]
SQL: SHOW COLUMNS FROM `exp_school_area` [ RunTime:0.0255s ]
SQL: SHOW COLUMNS FROM `exp_school_area_detail` [ RunTime:0.0254s ]
SQL: SELECT * FROM `exp_school_area` WHERE ( status=1 )  [ RunTime:0.0248s ]
SQL: SELECT * FROM `exp_school_area_detail` WHERE ( status=1 )  [ RunTime:0.0271s ]
SQL: SHOW COLUMNS FROM `exp_server` [ RunTime:0.0253s ]
SQL: SELECT * FROM `exp_server` WHERE ( status=1 )  [ RunTime:0.0245s ]
INFO: [ view_parse ] --START--
INFO: [ template_filter ] --START--
INFO: Run Behavior\ContentReplaceBehavior [ RunTime:0.000141s ]
INFO: [ template_filter ] --END-- [ RunTime:0.000206s ]
NOTIC: [8] Undefined variable: user_id E:\wamp\Apache24\htdocs\newoj\Apps\Runtime\Cache\Home\400c995c330f1f6ecac6b9102849eb7e.php 第 145 行.
NOTIC: [8] Undefined variable: user_phone E:\wamp\Apache24\htdocs\newoj\Apps\Runtime\Cache\Home\400c995c330f1f6ecac6b9102849eb7e.php 第 145 行.
NOTIC: [8] Undefined variable: name E:\wamp\Apache24\htdocs\newoj\Apps\Runtime\Cache\Home\400c995c330f1f6ecac6b9102849eb7e.php 第 145 行.
INFO: Run Behavior\ParseTemplateBehavior [ RunTime:0.082365s ]
INFO: [ view_parse ] --END-- [ RunTime:0.082411s ]
INFO: [ view_filter ] --START--
INFO: Run Behavior\WriteHtmlCacheBehavior [ RunTime:0.000449s ]
INFO: [ view_filter ] --END-- [ RunTime:0.000478s ]
INFO: [ app_end ] --START--
INFO: Run Behavior\ShowPageTraceBehavior [ RunTime:0.001134s ]
INFO: [ app_end ] --END-- [ RunTime:0.001209s ]

[ 2016-05-21T13:43:56+08:00 ] 127.0.0.1 /
INFO: [ app_init ] --START--
INFO: Run Behavior\BuildLiteBehavior [ RunTime:0.000011s ]
INFO: [ app_init ] --END-- [ RunTime:0.000306s ]
INFO: [ app_begin ] --START--
INFO: Run Behavior\ReadHtmlCacheBehavior [ RunTime:0.001462s ]
INFO: Run Behavior\ReadHtmlCacheBehavior [ RunTime:0.000039s ]
INFO: Run Behavior\CheckLangBehavior [ RunTime:0.001272s ]
INFO: [ app_begin ] --END-- [ RunTime:0.003002s ]
SQL: SHOW COLUMNS FROM `exp_user` [ RunTime:0.0261s ]
NOTIC: [8] Undefined variable: sessionUserName E:\wamp\Apache24\htdocs\newoj\Apps\Home\Controller\IndexController.class.php 第 22 行.
SQL: SELECT * FROM `exp_user` WHERE `user_phone` = null LIMIT 1   [ RunTime:0.0262s ]
SQL: SHOW COLUMNS FROM `exp_expcompany` [ RunTime:0.0295s ]
SQL: SELECT * FROM `exp_expcompany` WHERE ( status=1 )  [ RunTime:0.0248s ]
SQL: SHOW COLUMNS FROM `exp_school_area` [ RunTime:0.0266s ]
SQL: SHOW COLUMNS FROM `exp_school_area_detail` [ RunTime:0.0267s ]
SQL: SELECT * FROM `exp_school_area` WHERE ( status=1 )  [ RunTime:0.0243s ]
SQL: SELECT * FROM `exp_school_area_detail` WHERE ( status=1 )  [ RunTime:0.0269s ]
SQL: SHOW COLUMNS FROM `exp_server` [ RunTime:0.0254s ]
SQL: SELECT * FROM `exp_server` WHERE ( status=1 )  [ RunTime:0.0250s ]
INFO: [ view_parse ] --START--
INFO: [ template_filter ] --START--
INFO: Run Behavior\ContentReplaceBehavior [ RunTime:0.000143s ]
INFO: [ template_filter ] --END-- [ RunTime:0.000223s ]
NOTIC: [8] Undefined variable: user_id E:\wamp\Apache24\htdocs\newoj\Apps\Runtime\Cache\Home\400c995c330f1f6ecac6b9102849eb7e.php 第 145 行.
NOTIC: [8] Undefined variable: user_phone E:\wamp\Apache24\htdocs\newoj\Apps\Runtime\Cache\Home\400c995c330f1f6ecac6b9102849eb7e.php 第 145 行.
NOTIC: [8] Undefined variable: name E:\wamp\Apache24\htdocs\newoj\Apps\Runtime\Cache\Home\400c995c330f1f6ecac6b9102849eb7e.php 第 145 行.
INFO: Run Behavior\ParseTemplateBehavior [ RunTime:0.121334s ]
INFO: [ view_parse ] --END-- [ RunTime:0.121385s ]
INFO: [ view_filter ] --START--
INFO: Run Behavior\WriteHtmlCacheBehavior [ RunTime:0.000349s ]
INFO: [ view_filter ] --END-- [ RunTime:0.000381s ]
INFO: [ app_end ] --START--
INFO: Run Behavior\ShowPageTraceBehavior [ RunTime:0.000868s ]
INFO: [ app_end ] --END-- [ RunTime:0.000952s ]

