[ 2016-03-15T10:26:08+08:00 ] 127.0.0.1 /User/Login/login
INFO: [ app_init ] --START--
INFO: Run Behavior\BuildLiteBehavior [ RunTime:0.000172s ]
INFO: [ app_init ] --END-- [ RunTime:0.001986s ]
INFO: [ app_begin ] --START--
INFO: Run Behavior\ReadHtmlCacheBehavior [ RunTime:0.001280s ]
INFO: Run Behavior\ReadHtmlCacheBehavior [ RunTime:0.000083s ]
INFO: Run Behavior\CheckLangBehavior [ RunTime:0.001737s ]
INFO: [ app_begin ] --END-- [ RunTime:0.003815s ]
INFO: [ view_parse ] --START--
INFO: [ template_filter ] --START--
INFO: Run Behavior\ContentReplaceBehavior [ RunTime:0.000388s ]
INFO: [ template_filter ] --END-- [ RunTime:0.001101s ]
INFO: Run Behavior\ParseTemplateBehavior [ RunTime:0.055672s ]
INFO: [ view_parse ] --END-- [ RunTime:0.056320s ]
INFO: [ view_filter ] --START--
INFO: Run Behavior\WriteHtmlCacheBehavior [ RunTime:0.001716s ]
INFO: [ view_filter ] --END-- [ RunTime:0.002365s ]
INFO: [ app_end ] --START--
INFO: Run Behavior\ShowPageTraceBehavior [ RunTime:0.002634s ]
INFO: [ app_end ] --END-- [ RunTime:0.003492s ]

[ 2016-03-15T10:26:18+08:00 ] 127.0.0.1 /User/Login/login
INFO: [ app_init ] --START--
INFO: Run Behavior\BuildLiteBehavior [ RunTime:0.000221s ]
INFO: [ app_init ] --END-- [ RunTime:0.004989s ]
INFO: [ app_begin ] --START--
INFO: Run Behavior\ReadHtmlCacheBehavior [ RunTime:0.005561s ]
INFO: Run Behavior\ReadHtmlCacheBehavior [ RunTime:0.000240s ]
INFO: Run Behavior\CheckLangBehavior [ RunTime:0.003958s ]
INFO: [ app_begin ] --END-- [ RunTime:0.013167s ]
SQL: SHOW COLUMNS FROM `exp_user` [ RunTime:0.0271s ]
NOTIC: [8] Undefined variable: where E:\phpworkspace\express\Apps\User\Controller\LoginController.class.php 第 12 行.
SQL: SELECT * FROM `exp_user` WHERE `user_phone` = '15751005437' AND `user_password` = 'e10adc3949ba59abbe56e057f20f883e' LIMIT 1   [ RunTime:0.0271s ]
INFO: [ app_end ] --START--
INFO: Run Behavior\ShowPageTraceBehavior [ RunTime:0.002666s ]
INFO: [ app_end ] --END-- [ RunTime:0.003354s ]

[ 2016-03-15T10:26:18+08:00 ] 127.0.0.1 /User/Login/login
INFO: [ app_init ] --START--
INFO: Run Behavior\BuildLiteBehavior [ RunTime:0.000226s ]
INFO: [ app_init ] --END-- [ RunTime:0.002011s ]
INFO: [ app_begin ] --START--
INFO: Run Behavior\ReadHtmlCacheBehavior [ RunTime:0.002066s ]
INFO: Run Behavior\ReadHtmlCacheBehavior [ RunTime:0.000169s ]
INFO: Run Behavior\CheckLangBehavior [ RunTime:0.003186s ]
INFO: [ app_begin ] --END-- [ RunTime:0.007035s ]
INFO: [ view_parse ] --START--
INFO: [ template_filter ] --START--
INFO: Run Behavior\ContentReplaceBehavior [ RunTime:0.000688s ]
INFO: [ template_filter ] --END-- [ RunTime:0.001942s ]
INFO: Run Behavior\ParseTemplateBehavior [ RunTime:0.048492s ]
INFO: [ view_parse ] --END-- [ RunTime:0.049074s ]
INFO: [ view_filter ] --START--
INFO: Run Behavior\WriteHtmlCacheBehavior [ RunTime:0.001697s ]
INFO: [ view_filter ] --END-- [ RunTime:0.002311s ]
INFO: [ app_end ] --START--
INFO: Run Behavior\ShowPageTraceBehavior [ RunTime:0.004091s ]
INFO: [ app_end ] --END-- [ RunTime:0.004789s ]

[ 2016-03-15T10:26:28+08:00 ] 127.0.0.1 /User/Login/login
INFO: [ app_init ] --START--
INFO: Run Behavior\BuildLiteBehavior [ RunTime:0.000075s ]
INFO: [ app_init ] --END-- [ RunTime:0.001268s ]
INFO: [ app_begin ] --START--
INFO: Run Behavior\ReadHtmlCacheBehavior [ RunTime:0.002365s ]
INFO: Run Behavior\ReadHtmlCacheBehavior [ RunTime:0.000080s ]
INFO: Run Behavior\CheckLangBehavior [ RunTime:0.002055s ]
INFO: [ app_begin ] --END-- [ RunTime:0.005537s ]
SQL: SHOW COLUMNS FROM `exp_user` [ RunTime:0.0322s ]
NOTIC: [8] Undefined variable: where E:\phpworkspace\express\Apps\User\Controller\LoginController.class.php 第 12 行.
SQL: SELECT * FROM `exp_user` WHERE `user_phone` = '15751005437' AND `user_password` = 'b44c8662fd2c44ebfed9e8862d222677' LIMIT 1   [ RunTime:0.0317s ]
NOTIC: [8] A session had already been started - ignoring session_start() E:\phpworkspace\express\ThinkPHP\Common\functions.php 第 1272 行.
INFO: [ view_parse ] --START--
INFO: [ template_filter ] --START--
INFO: Run Behavior\ContentReplaceBehavior [ RunTime:0.000382s ]
INFO: [ template_filter ] --END-- [ RunTime:0.001106s ]
INFO: Run Behavior\ParseTemplateBehavior [ RunTime:0.028855s ]
INFO: [ view_parse ] --END-- [ RunTime:0.029432s ]
INFO: [ view_filter ] --START--
INFO: Run Behavior\WriteHtmlCacheBehavior [ RunTime:0.002208s ]
INFO: [ view_filter ] --END-- [ RunTime:0.003105s ]
INFO: [ app_end ] --START--
INFO: Run Behavior\ShowPageTraceBehavior [ RunTime:0.002401s ]
INFO: [ app_end ] --END-- [ RunTime:0.003007s ]

[ 2016-03-15T10:53:54+08:00 ] 127.0.0.1 /User/Login/login
INFO: [ app_init ] --START--
INFO: Run Behavior\BuildLiteBehavior [ RunTime:0.000137s ]
INFO: [ app_init ] --END-- [ RunTime:0.002005s ]
INFO: [ app_begin ] --START--
INFO: Run Behavior\ReadHtmlCacheBehavior [ RunTime:0.001997s ]
INFO: Run Behavior\ReadHtmlCacheBehavior [ RunTime:0.000184s ]
INFO: Run Behavior\CheckLangBehavior [ RunTime:0.009922s ]
INFO: [ app_begin ] --END-- [ RunTime:0.013707s ]
INFO: [ view_parse ] --START--
INFO: [ template_filter ] --START--
INFO: Run Behavior\ContentReplaceBehavior [ RunTime:0.000215s ]
INFO: [ template_filter ] --END-- [ RunTime:0.000573s ]
INFO: Run Behavior\ParseTemplateBehavior [ RunTime:0.033318s ]
INFO: [ view_parse ] --END-- [ RunTime:0.033952s ]
INFO: [ view_filter ] --START--
INFO: Run Behavior\WriteHtmlCacheBehavior [ RunTime:0.000824s ]
INFO: [ view_filter ] --END-- [ RunTime:0.001145s ]
INFO: [ app_end ] --START--
INFO: Run Behavior\ShowPageTraceBehavior [ RunTime:0.001116s ]
INFO: [ app_end ] --END-- [ RunTime:0.001462s ]

[ 2016-03-15T10:54:36+08:00 ] 127.0.0.1 /User/Index/index
INFO: [ app_init ] --START--
INFO: Run Behavior\BuildLiteBehavior [ RunTime:0.000157s ]
INFO: [ app_init ] --END-- [ RunTime:0.002832s ]
INFO: [ app_begin ] --START--
INFO: Run Behavior\ReadHtmlCacheBehavior [ RunTime:0.001274s ]
INFO: Run Behavior\ReadHtmlCacheBehavior [ RunTime:0.000083s ]
INFO: Run Behavior\CheckLangBehavior [ RunTime:0.001718s ]
INFO: [ app_begin ] --END-- [ RunTime:0.003841s ]
INFO: [ view_parse ] --START--
INFO: [ template_filter ] --START--
INFO: Run Behavior\ContentReplaceBehavior [ RunTime:0.000326s ]
INFO: [ template_filter ] --END-- [ RunTime:0.000901s ]
INFO: Run Behavior\ParseTemplateBehavior [ RunTime:0.039243s ]
INFO: [ view_parse ] --END-- [ RunTime:0.039997s ]
INFO: [ view_filter ] --START--
INFO: Run Behavior\WriteHtmlCacheBehavior [ RunTime:0.002514s ]
INFO: [ view_filter ] --END-- [ RunTime:0.003190s ]
INFO: [ app_end ] --START--
INFO: Run Behavior\ShowPageTraceBehavior [ RunTime:0.001963s ]
INFO: [ app_end ] --END-- [ RunTime:0.002650s ]

[ 2016-03-15T10:54:40+08:00 ] 127.0.0.1 /User/Index/myinfo
INFO: [ app_init ] --START--
INFO: Run Behavior\BuildLiteBehavior [ RunTime:0.000076s ]
INFO: [ app_init ] --END-- [ RunTime:0.001149s ]
INFO: [ app_begin ] --START--
INFO: Run Behavior\ReadHtmlCacheBehavior [ RunTime:0.001761s ]
INFO: Run Behavior\ReadHtmlCacheBehavior [ RunTime:0.000229s ]
INFO: Run Behavior\CheckLangBehavior [ RunTime:0.002099s ]
INFO: [ app_begin ] --END-- [ RunTime:0.005297s ]
SQL: SHOW COLUMNS FROM `exp_user` [ RunTime:0.0328s ]
SQL: SELECT * FROM `exp_user` WHERE `user_phone` = '15751005437' LIMIT 1   [ RunTime:0.0352s ]
INFO: [ view_parse ] --START--
INFO: [ template_filter ] --START--
INFO: Run Behavior\ContentReplaceBehavior [ RunTime:0.000275s ]
INFO: [ template_filter ] --END-- [ RunTime:0.000676s ]
INFO: Run Behavior\ParseTemplateBehavior [ RunTime:0.100937s ]
INFO: [ view_parse ] --END-- [ RunTime:0.101456s ]
INFO: [ view_filter ] --START--
INFO: Run Behavior\WriteHtmlCacheBehavior [ RunTime:0.000798s ]
INFO: [ view_filter ] --END-- [ RunTime:0.001122s ]
INFO: [ app_end ] --START--
INFO: Run Behavior\ShowPageTraceBehavior [ RunTime:0.001151s ]
INFO: [ app_end ] --END-- [ RunTime:0.001503s ]

[ 2016-03-15T10:55:11+08:00 ] 127.0.0.1 /User/Index/edit_my_info
INFO: [ app_init ] --START--
INFO: Run Behavior\BuildLiteBehavior [ RunTime:0.000074s ]
INFO: [ app_init ] --END-- [ RunTime:0.001163s ]
INFO: [ app_begin ] --START--
INFO: Run Behavior\ReadHtmlCacheBehavior [ RunTime:0.001289s ]
INFO: Run Behavior\ReadHtmlCacheBehavior [ RunTime:0.000083s ]
INFO: Run Behavior\CheckLangBehavior [ RunTime:0.001788s ]
INFO: [ app_begin ] --END-- [ RunTime:0.004133s ]
SQL: SHOW COLUMNS FROM `exp_user` [ RunTime:0.0285s ]
SQL: SELECT * FROM `exp_user` WHERE `user_phone` = '15751005437' LIMIT 1   [ RunTime:0.0279s ]
INFO: [ view_parse ] --START--
INFO: [ template_filter ] --START--
INFO: Run Behavior\ContentReplaceBehavior [ RunTime:0.000224s ]
INFO: [ template_filter ] --END-- [ RunTime:0.000601s ]
NOTIC: [8] Undefined index: user_phone E:\phpworkspace\express\Apps\Runtime\Cache\User\416a9dd5ceba3d4d5dc5ec11326366ec.php 第 43 行.
INFO: Run Behavior\ParseTemplateBehavior [ RunTime:0.042341s ]
INFO: [ view_parse ] --END-- [ RunTime:0.042858s ]
INFO: [ view_filter ] --START--
INFO: Run Behavior\WriteHtmlCacheBehavior [ RunTime:0.001187s ]
INFO: [ view_filter ] --END-- [ RunTime:0.001669s ]
INFO: [ app_end ] --START--
INFO: Run Behavior\ShowPageTraceBehavior [ RunTime:0.001169s ]
INFO: [ app_end ] --END-- [ RunTime:0.001524s ]

[ 2016-03-15T11:01:20+08:00 ] 127.0.0.1 /User/Index/edit_my_info
INFO: [ app_init ] --START--
INFO: Run Behavior\BuildLiteBehavior [ RunTime:0.000073s ]
INFO: [ app_init ] --END-- [ RunTime:0.001276s ]
INFO: [ app_begin ] --START--
INFO: Run Behavior\ReadHtmlCacheBehavior [ RunTime:0.001465s ]
INFO: Run Behavior\ReadHtmlCacheBehavior [ RunTime:0.000191s ]
INFO: Run Behavior\CheckLangBehavior [ RunTime:0.004850s ]
INFO: [ app_begin ] --END-- [ RunTime:0.007497s ]
SQL: SHOW COLUMNS FROM `exp_school_area` [ RunTime:0.0294s ]
SQL: SHOW COLUMNS FROM `exp_school_area_detail` [ RunTime:0.0287s ]
SQL: SHOW COLUMNS FROM `exp_user` [ RunTime:0.0311s ]
SQL: SELECT * FROM `exp_user` WHERE `user_phone` = '15751005437' LIMIT 1   [ RunTime:0.0280s ]
SQL: SELECT * FROM `exp_school_area` WHERE ( status=1 )  [ RunTime:0.0370s ]
SQL: SELECT * FROM `exp_school_area_detail` WHERE ( status=1 )  [ RunTime:0.0281s ]
INFO: [ view_parse ] --START--
INFO: [ template_filter ] --START--
INFO: Run Behavior\ContentReplaceBehavior [ RunTime:0.000242s ]
INFO: [ template_filter ] --END-- [ RunTime:0.000607s ]
NOTIC: [8] Undefined index: user_phone E:\phpworkspace\express\Apps\Runtime\Cache\User\416a9dd5ceba3d4d5dc5ec11326366ec.php 第 56 行.
INFO: Run Behavior\ParseTemplateBehavior [ RunTime:0.031812s ]
INFO: [ view_parse ] --END-- [ RunTime:0.032240s ]
INFO: [ view_filter ] --START--
INFO: Run Behavior\WriteHtmlCacheBehavior [ RunTime:0.000897s ]
INFO: [ view_filter ] --END-- [ RunTime:0.001215s ]
INFO: [ app_end ] --START--
INFO: Run Behavior\ShowPageTraceBehavior [ RunTime:0.001905s ]
INFO: [ app_end ] --END-- [ RunTime:0.002470s ]

[ 2016-03-15T11:07:46+08:00 ] 127.0.0.1 /User/Index/edit_my_info
INFO: [ app_init ] --START--
INFO: Run Behavior\BuildLiteBehavior [ RunTime:0.000074s ]
INFO: [ app_init ] --END-- [ RunTime:0.001238s ]
INFO: [ app_begin ] --START--
INFO: Run Behavior\ReadHtmlCacheBehavior [ RunTime:0.001515s ]
INFO: Run Behavior\ReadHtmlCacheBehavior [ RunTime:0.000198s ]
INFO: Run Behavior\CheckLangBehavior [ RunTime:0.004373s ]
INFO: [ app_begin ] --END-- [ RunTime:0.007047s ]
SQL: SHOW COLUMNS FROM `exp_school_area` [ RunTime:0.0405s ]
SQL: SHOW COLUMNS FROM `exp_school_area_detail` [ RunTime:0.0269s ]
SQL: SHOW COLUMNS FROM `exp_user` [ RunTime:0.0272s ]
SQL: SELECT * FROM `exp_user` WHERE `user_phone` = '15751005437' LIMIT 1   [ RunTime:0.0269s ]
SQL: SELECT * FROM `exp_school_area` WHERE ( status=1 )  [ RunTime:0.0264s ]
SQL: SELECT * FROM `exp_school_area_detail` WHERE ( status=1 )  [ RunTime:0.0267s ]
INFO: [ view_parse ] --START--
INFO: [ template_filter ] --START--
INFO: Run Behavior\ContentReplaceBehavior [ RunTime:0.000323s ]
INFO: [ template_filter ] --END-- [ RunTime:0.000700s ]
NOTIC: [8] Undefined index: user_phone E:\phpworkspace\express\Apps\Runtime\Cache\User\416a9dd5ceba3d4d5dc5ec11326366ec.php 第 56 行.
INFO: Run Behavior\ParseTemplateBehavior [ RunTime:0.032757s ]
INFO: [ view_parse ] --END-- [ RunTime:0.033282s ]
INFO: [ view_filter ] --START--
INFO: Run Behavior\WriteHtmlCacheBehavior [ RunTime:0.001223s ]
INFO: [ view_filter ] --END-- [ RunTime:0.001625s ]
INFO: [ app_end ] --START--
INFO: Run Behavior\ShowPageTraceBehavior [ RunTime:0.001531s ]
INFO: [ app_end ] --END-- [ RunTime:0.001906s ]

[ 2016-03-15T11:07:54+08:00 ] 127.0.0.1 /User/Index/edit_my_info
INFO: [ app_init ] --START--
INFO: Run Behavior\BuildLiteBehavior [ RunTime:0.000085s ]
INFO: [ app_init ] --END-- [ RunTime:0.001442s ]
INFO: [ app_begin ] --START--
INFO: Run Behavior\ReadHtmlCacheBehavior [ RunTime:0.002128s ]
INFO: Run Behavior\ReadHtmlCacheBehavior [ RunTime:0.000099s ]
INFO: Run Behavior\CheckLangBehavior [ RunTime:0.003947s ]
INFO: [ app_begin ] --END-- [ RunTime:0.007479s ]
SQL: SHOW COLUMNS FROM `exp_user` [ RunTime:0.0281s ]
NOTIC: [8] Undefined index: school_area_detail_id E:\phpworkspace\express\Apps\User\Controller\IndexController.class.php 第 34 行.
SQL: UPDATE `exp_user` SET `user_realname`='申仕杰',`user_address`='非常棒',`school_area_id`='1',`school_area_detail_id`=NULL,`user_regtime`='1458011274' WHERE `user_phone` = '15751005437' [ RunTime:0.0261s ]
INFO: [ view_parse ] --START--
INFO: [ template_filter ] --START--
INFO: Run Behavior\ContentReplaceBehavior [ RunTime:0.000362s ]
INFO: [ template_filter ] --END-- [ RunTime:0.001066s ]
INFO: Run Behavior\ParseTemplateBehavior [ RunTime:0.029267s ]
INFO: [ view_parse ] --END-- [ RunTime:0.029953s ]
INFO: [ view_filter ] --START--
INFO: Run Behavior\WriteHtmlCacheBehavior [ RunTime:0.001496s ]
INFO: [ view_filter ] --END-- [ RunTime:0.002132s ]
INFO: [ app_end ] --START--
INFO: Run Behavior\ShowPageTraceBehavior [ RunTime:0.002730s ]
INFO: [ app_end ] --END-- [ RunTime:0.003618s ]

[ 2016-03-15T11:07:58+08:00 ] 127.0.0.1 /User/Index/index
INFO: [ app_init ] --START--
INFO: Run Behavior\BuildLiteBehavior [ RunTime:0.000145s ]
INFO: [ app_init ] --END-- [ RunTime:0.002704s ]
INFO: [ app_begin ] --START--
INFO: Run Behavior\ReadHtmlCacheBehavior [ RunTime:0.001753s ]
INFO: Run Behavior\ReadHtmlCacheBehavior [ RunTime:0.000084s ]
INFO: Run Behavior\CheckLangBehavior [ RunTime:0.001875s ]
INFO: [ app_begin ] --END-- [ RunTime:0.004613s ]
INFO: [ view_parse ] --START--
INFO: [ template_filter ] --START--
INFO: Run Behavior\ContentReplaceBehavior [ RunTime:0.000374s ]
INFO: [ template_filter ] --END-- [ RunTime:0.001140s ]
INFO: Run Behavior\ParseTemplateBehavior [ RunTime:0.022274s ]
INFO: [ view_parse ] --END-- [ RunTime:0.022710s ]
INFO: [ view_filter ] --START--
INFO: Run Behavior\WriteHtmlCacheBehavior [ RunTime:0.000841s ]
INFO: [ view_filter ] --END-- [ RunTime:0.001272s ]
INFO: [ app_end ] --START--
INFO: Run Behavior\ShowPageTraceBehavior [ RunTime:0.005739s ]
INFO: [ app_end ] --END-- [ RunTime:0.006538s ]

[ 2016-03-15T11:08:00+08:00 ] 127.0.0.1 /User/Index/myinfo
INFO: [ app_init ] --START--
INFO: Run Behavior\BuildLiteBehavior [ RunTime:0.000075s ]
INFO: [ app_init ] --END-- [ RunTime:0.001183s ]
INFO: [ app_begin ] --START--
INFO: Run Behavior\ReadHtmlCacheBehavior [ RunTime:0.001248s ]
INFO: Run Behavior\ReadHtmlCacheBehavior [ RunTime:0.000083s ]
INFO: Run Behavior\CheckLangBehavior [ RunTime:0.002485s ]
INFO: [ app_begin ] --END-- [ RunTime:0.004533s ]
SQL: SHOW COLUMNS FROM `exp_user` [ RunTime:0.0270s ]
SQL: SELECT * FROM `exp_user` WHERE `user_phone` = '15751005437' LIMIT 1   [ RunTime:0.0288s ]
INFO: [ view_parse ] --START--
INFO: [ template_filter ] --START--
INFO: Run Behavior\ContentReplaceBehavior [ RunTime:0.000373s ]
INFO: [ template_filter ] --END-- [ RunTime:0.001076s ]
INFO: Run Behavior\ParseTemplateBehavior [ RunTime:0.021773s ]
INFO: [ view_parse ] --END-- [ RunTime:0.022173s ]
INFO: [ view_filter ] --START--
INFO: Run Behavior\WriteHtmlCacheBehavior [ RunTime:0.000975s ]
INFO: [ view_filter ] --END-- [ RunTime:0.001389s ]
INFO: [ app_end ] --START--
INFO: Run Behavior\ShowPageTraceBehavior [ RunTime:0.001282s ]
INFO: [ app_end ] --END-- [ RunTime:0.001677s ]

[ 2016-03-15T11:13:56+08:00 ] 127.0.0.1 /User/Index/myinfo
INFO: [ app_init ] --START--
INFO: Run Behavior\BuildLiteBehavior [ RunTime:0.000392s ]
INFO: [ app_init ] --END-- [ RunTime:0.003365s ]
INFO: [ app_begin ] --START--
INFO: Run Behavior\ReadHtmlCacheBehavior [ RunTime:0.001882s ]
INFO: Run Behavior\ReadHtmlCacheBehavior [ RunTime:0.000182s ]
INFO: Run Behavior\CheckLangBehavior [ RunTime:0.002465s ]
INFO: [ app_begin ] --END-- [ RunTime:0.005656s ]
SQL: SHOW COLUMNS FROM `exp_user` [ RunTime:0.0324s ]
SQL: SHOW COLUMNS FROM `exp_school_area` [ RunTime:0.0458s ]
SQL: SHOW COLUMNS FROM `exp_school_area_detail` [ RunTime:0.0277s ]
SQL: SELECT * FROM `exp_user` WHERE `user_phone` = '15751005437' AND `status` = 1 LIMIT 1   [ RunTime:0.0274s ]
SQL: SELECT * FROM `exp_school_area` WHERE `status` = 1  [ RunTime:0.0313s ]
SQL: SELECT * FROM `exp_school_area_detail` WHERE `status` = 1  [ RunTime:0.3275s ]
INFO: [ view_parse ] --START--
INFO: [ template_filter ] --START--
INFO: Run Behavior\ContentReplaceBehavior [ RunTime:0.000386s ]
INFO: [ template_filter ] --END-- [ RunTime:0.001094s ]
INFO: Run Behavior\ParseTemplateBehavior [ RunTime:0.023952s ]
INFO: [ view_parse ] --END-- [ RunTime:0.024505s ]
INFO: [ view_filter ] --START--
INFO: Run Behavior\WriteHtmlCacheBehavior [ RunTime:0.001227s ]
INFO: [ view_filter ] --END-- [ RunTime:0.001718s ]

[ 2016-03-15T11:14:00+08:00 ] 127.0.0.1 /User/Login/login
INFO: [ app_init ] --START--
INFO: Run Behavior\BuildLiteBehavior [ RunTime:0.000075s ]
INFO: [ app_init ] --END-- [ RunTime:0.001089s ]
INFO: [ app_begin ] --START--
INFO: Run Behavior\ReadHtmlCacheBehavior [ RunTime:0.001328s ]
INFO: Run Behavior\ReadHtmlCacheBehavior [ RunTime:0.000084s ]
INFO: Run Behavior\CheckLangBehavior [ RunTime:0.001953s ]
INFO: [ app_begin ] --END-- [ RunTime:0.004308s ]
INFO: [ view_parse ] --START--
INFO: [ template_filter ] --START--
INFO: Run Behavior\ContentReplaceBehavior [ RunTime:0.000217s ]
INFO: [ template_filter ] --END-- [ RunTime:0.000585s ]
INFO: Run Behavior\ParseTemplateBehavior [ RunTime:0.024585s ]
INFO: [ view_parse ] --END-- [ RunTime:0.025135s ]
INFO: [ view_filter ] --START--
INFO: Run Behavior\WriteHtmlCacheBehavior [ RunTime:0.000796s ]
INFO: [ view_filter ] --END-- [ RunTime:0.001116s ]
INFO: [ app_end ] --START--
INFO: Run Behavior\ShowPageTraceBehavior [ RunTime:0.002106s ]
INFO: [ app_end ] --END-- [ RunTime:0.002586s ]

[ 2016-03-15T11:14:02+08:00 ] 127.0.0.1 /User/Login/login
INFO: [ app_init ] --START--
INFO: Run Behavior\BuildLiteBehavior [ RunTime:0.000076s ]
INFO: [ app_init ] --END-- [ RunTime:0.001494s ]
INFO: [ app_begin ] --START--
INFO: Run Behavior\ReadHtmlCacheBehavior [ RunTime:0.001127s ]
INFO: Run Behavior\ReadHtmlCacheBehavior [ RunTime:0.000054s ]
INFO: Run Behavior\CheckLangBehavior [ RunTime:0.002542s ]
INFO: [ app_begin ] --END-- [ RunTime:0.004477s ]
SQL: SHOW COLUMNS FROM `exp_user` [ RunTime:0.0327s ]
NOTIC: [8] Undefined variable: where E:\phpworkspace\express\Apps\User\Controller\LoginController.class.php 第 12 行.
SQL: SELECT * FROM `exp_user` WHERE `user_phone` = '15751005437' AND `user_password` = 'b44c8662fd2c44ebfed9e8862d222677' LIMIT 1   [ RunTime:0.0349s ]
NOTIC: [8] A session had already been started - ignoring session_start() E:\phpworkspace\express\ThinkPHP\Common\functions.php 第 1272 行.
INFO: [ view_parse ] --START--
INFO: [ template_filter ] --START--
INFO: Run Behavior\ContentReplaceBehavior [ RunTime:0.000207s ]
INFO: [ template_filter ] --END-- [ RunTime:0.000591s ]
INFO: Run Behavior\ParseTemplateBehavior [ RunTime:0.020810s ]
INFO: [ view_parse ] --END-- [ RunTime:0.021444s ]
INFO: [ view_filter ] --START--
INFO: Run Behavior\WriteHtmlCacheBehavior [ RunTime:0.000831s ]
INFO: [ view_filter ] --END-- [ RunTime:0.001151s ]
INFO: [ app_end ] --START--
INFO: Run Behavior\ShowPageTraceBehavior [ RunTime:0.001261s ]
INFO: [ app_end ] --END-- [ RunTime:0.001743s ]

[ 2016-03-15T11:14:13+08:00 ] 127.0.0.1 /User/Index/myinfo
INFO: [ app_init ] --START--
INFO: Run Behavior\BuildLiteBehavior [ RunTime:0.000139s ]
INFO: [ app_init ] --END-- [ RunTime:0.001509s ]
INFO: [ app_begin ] --START--
INFO: Run Behavior\ReadHtmlCacheBehavior [ RunTime:0.001287s ]
INFO: Run Behavior\ReadHtmlCacheBehavior [ RunTime:0.000084s ]
INFO: Run Behavior\CheckLangBehavior [ RunTime:0.002632s ]
INFO: [ app_begin ] --END-- [ RunTime:0.004861s ]
SQL: SHOW COLUMNS FROM `exp_user` [ RunTime:0.0510s ]
SQL: SHOW COLUMNS FROM `exp_school_area` [ RunTime:0.0318s ]
SQL: SHOW COLUMNS FROM `exp_school_area_detail` [ RunTime:0.0335s ]
SQL: SELECT * FROM `exp_user` WHERE `user_phone` = '15751005437' AND `status` = 1 LIMIT 1   [ RunTime:0.0317s ]
SQL: SELECT * FROM `exp_school_area` WHERE `status` = 1  [ RunTime:0.0360s ]
SQL: SELECT * FROM `exp_school_area_detail` WHERE `status` = 1  [ RunTime:0.0351s ]
INFO: [ view_parse ] --START--
INFO: [ template_filter ] --START--
INFO: Run Behavior\ContentReplaceBehavior [ RunTime:0.000361s ]
INFO: [ template_filter ] --END-- [ RunTime:0.001108s ]
INFO: Run Behavior\ParseTemplateBehavior [ RunTime:0.026964s ]
INFO: [ view_parse ] --END-- [ RunTime:0.027698s ]
INFO: [ view_filter ] --START--
INFO: Run Behavior\WriteHtmlCacheBehavior [ RunTime:0.001297s ]
INFO: [ view_filter ] --END-- [ RunTime:0.001872s ]

[ 2016-03-15T11:14:16+08:00 ] 127.0.0.1 /User/Login/login
INFO: [ app_init ] --START--
INFO: Run Behavior\BuildLiteBehavior [ RunTime:0.000231s ]
INFO: [ app_init ] --END-- [ RunTime:0.002215s ]
INFO: [ app_begin ] --START--
INFO: Run Behavior\ReadHtmlCacheBehavior [ RunTime:0.002492s ]
INFO: Run Behavior\ReadHtmlCacheBehavior [ RunTime:0.000182s ]
INFO: Run Behavior\CheckLangBehavior [ RunTime:0.002982s ]
INFO: [ app_begin ] --END-- [ RunTime:0.007605s ]
INFO: [ view_parse ] --START--
INFO: [ template_filter ] --START--
INFO: Run Behavior\ContentReplaceBehavior [ RunTime:0.000448s ]
INFO: [ template_filter ] --END-- [ RunTime:0.001008s ]
INFO: Run Behavior\ParseTemplateBehavior [ RunTime:0.038030s ]
INFO: [ view_parse ] --END-- [ RunTime:0.038481s ]
INFO: [ view_filter ] --START--
INFO: Run Behavior\WriteHtmlCacheBehavior [ RunTime:0.000979s ]
INFO: [ view_filter ] --END-- [ RunTime:0.001338s ]
INFO: [ app_end ] --START--
INFO: Run Behavior\ShowPageTraceBehavior [ RunTime:0.001656s ]
INFO: [ app_end ] --END-- [ RunTime:0.002178s ]

[ 2016-03-15T11:20:14+08:00 ] 127.0.0.1 /User/Login/login
INFO: [ app_init ] --START--
INFO: Run Behavior\BuildLiteBehavior [ RunTime:0.000096s ]
INFO: [ app_init ] --END-- [ RunTime:0.001556s ]
INFO: [ app_begin ] --START--
INFO: Run Behavior\ReadHtmlCacheBehavior [ RunTime:0.001923s ]
INFO: Run Behavior\ReadHtmlCacheBehavior [ RunTime:0.000055s ]
INFO: Run Behavior\CheckLangBehavior [ RunTime:0.002156s ]
INFO: [ app_begin ] --END-- [ RunTime:0.005130s ]
SQL: SHOW COLUMNS FROM `exp_user` [ RunTime:0.0317s ]
NOTIC: [8] Undefined variable: where E:\phpworkspace\express\Apps\User\Controller\LoginController.class.php 第 12 行.
SQL: SELECT * FROM `exp_user` WHERE `user_phone` = '15751005437' AND `user_password` = 'b44c8662fd2c44ebfed9e8862d222677' LIMIT 1   [ RunTime:0.0319s ]
NOTIC: [8] A session had already been started - ignoring session_start() E:\phpworkspace\express\ThinkPHP\Common\functions.php 第 1272 行.
INFO: [ view_parse ] --START--
INFO: [ template_filter ] --START--
INFO: Run Behavior\ContentReplaceBehavior [ RunTime:0.000221s ]
INFO: [ template_filter ] --END-- [ RunTime:0.000612s ]
INFO: Run Behavior\ParseTemplateBehavior [ RunTime:0.020759s ]
INFO: [ view_parse ] --END-- [ RunTime:0.021257s ]
INFO: [ view_filter ] --START--
INFO: Run Behavior\WriteHtmlCacheBehavior [ RunTime:0.001153s ]
INFO: [ view_filter ] --END-- [ RunTime:0.001668s ]
INFO: [ app_end ] --START--
INFO: Run Behavior\ShowPageTraceBehavior [ RunTime:0.001871s ]
INFO: [ app_end ] --END-- [ RunTime:0.002517s ]

[ 2016-03-15T11:20:23+08:00 ] 127.0.0.1 /User/Login/login
INFO: [ app_init ] --START--
INFO: Run Behavior\BuildLiteBehavior [ RunTime:0.000153s ]
INFO: [ app_init ] --END-- [ RunTime:0.001821s ]
INFO: [ app_begin ] --START--
INFO: Run Behavior\ReadHtmlCacheBehavior [ RunTime:0.001252s ]
INFO: Run Behavior\ReadHtmlCacheBehavior [ RunTime:0.000084s ]
INFO: Run Behavior\CheckLangBehavior [ RunTime:0.001825s ]
INFO: [ app_begin ] --END-- [ RunTime:0.004164s ]
INFO: [ view_parse ] --START--
INFO: [ template_filter ] --START--
INFO: Run Behavior\ContentReplaceBehavior [ RunTime:0.000232s ]
INFO: [ template_filter ] --END-- [ RunTime:0.000648s ]
INFO: Run Behavior\ParseTemplateBehavior [ RunTime:0.023156s ]
INFO: [ view_parse ] --END-- [ RunTime:0.023567s ]
INFO: [ view_filter ] --START--
INFO: Run Behavior\WriteHtmlCacheBehavior [ RunTime:0.000946s ]
INFO: [ view_filter ] --END-- [ RunTime:0.001529s ]
INFO: [ app_end ] --START--
INFO: Run Behavior\ShowPageTraceBehavior [ RunTime:0.001140s ]
INFO: [ app_end ] --END-- [ RunTime:0.001467s ]

[ 2016-03-15T11:20:34+08:00 ] 127.0.0.1 /User/Index/myinfo
INFO: [ app_init ] --START--
INFO: Run Behavior\BuildLiteBehavior [ RunTime:0.000142s ]
INFO: [ app_init ] --END-- [ RunTime:0.001938s ]
INFO: [ app_begin ] --START--
INFO: Run Behavior\ReadHtmlCacheBehavior [ RunTime:0.002469s ]
INFO: Run Behavior\ReadHtmlCacheBehavior [ RunTime:0.000170s ]
INFO: Run Behavior\CheckLangBehavior [ RunTime:0.004003s ]
INFO: [ app_begin ] --END-- [ RunTime:0.008863s ]
SQL: SHOW COLUMNS FROM `exp_user` [ RunTime:0.0305s ]
SQL: SHOW COLUMNS FROM `exp_school_area` [ RunTime:0.0298s ]
SQL: SHOW COLUMNS FROM `exp_school_area_detail` [ RunTime:0.0351s ]
SQL: SELECT * FROM `exp_user` WHERE `user_phone` = '15751005437' LIMIT 1   [ RunTime:0.0279s ]
SQL: SELECT * FROM `exp_school_area` WHERE `status` = 1  [ RunTime:0.0288s ]
SQL: SELECT * FROM `exp_school_area_detail` WHERE `status` = 1  [ RunTime:0.0269s ]
INFO: [ view_parse ] --START--
INFO: [ template_filter ] --START--
INFO: Run Behavior\ContentReplaceBehavior [ RunTime:0.000223s ]
INFO: [ template_filter ] --END-- [ RunTime:0.000607s ]
INFO: Run Behavior\ParseTemplateBehavior [ RunTime:0.022132s ]
INFO: [ view_parse ] --END-- [ RunTime:0.022736s ]
INFO: [ view_filter ] --START--
INFO: Run Behavior\WriteHtmlCacheBehavior [ RunTime:0.000889s ]
INFO: [ view_filter ] --END-- [ RunTime:0.001406s ]
INFO: [ app_end ] --START--
INFO: Run Behavior\ShowPageTraceBehavior [ RunTime:0.001157s ]
INFO: [ app_end ] --END-- [ RunTime:0.001531s ]

[ 2016-03-15T14:36:20+08:00 ] 127.0.0.1 /User/Login/login
INFO: [ app_init ] --START--
INFO: Run Behavior\BuildLiteBehavior [ RunTime:0.000356s ]
INFO: [ app_init ] --END-- [ RunTime:0.005068s ]
INFO: [ app_begin ] --START--
INFO: Run Behavior\ReadHtmlCacheBehavior [ RunTime:0.002411s ]
INFO: Run Behavior\ReadHtmlCacheBehavior [ RunTime:0.006005s ]
INFO: Run Behavior\CheckLangBehavior [ RunTime:0.004359s ]
INFO: [ app_begin ] --END-- [ RunTime:0.015183s ]
INFO: [ view_parse ] --START--
INFO: [ template_filter ] --START--
INFO: Run Behavior\ContentReplaceBehavior [ RunTime:0.000217s ]
INFO: [ template_filter ] --END-- [ RunTime:0.000574s ]
INFO: Run Behavior\ParseTemplateBehavior [ RunTime:0.047805s ]
INFO: [ view_parse ] --END-- [ RunTime:0.048409s ]
INFO: [ view_filter ] --START--
INFO: Run Behavior\WriteHtmlCacheBehavior [ RunTime:0.001386s ]
INFO: [ view_filter ] --END-- [ RunTime:0.001929s ]
INFO: [ app_end ] --START--
INFO: Run Behavior\ShowPageTraceBehavior [ RunTime:0.001698s ]
INFO: [ app_end ] --END-- [ RunTime:0.002051s ]

[ 2016-03-15T14:36:24+08:00 ] 127.0.0.1 /User/Login/login
INFO: [ app_init ] --START--
INFO: Run Behavior\BuildLiteBehavior [ RunTime:0.000120s ]
INFO: [ app_init ] --END-- [ RunTime:0.001545s ]
INFO: [ app_begin ] --START--
INFO: Run Behavior\ReadHtmlCacheBehavior [ RunTime:0.001655s ]
INFO: Run Behavior\ReadHtmlCacheBehavior [ RunTime:0.000057s ]
INFO: Run Behavior\CheckLangBehavior [ RunTime:0.001772s ]
INFO: [ app_begin ] --END-- [ RunTime:0.004424s ]
SQL: SHOW COLUMNS FROM `exp_user` [ RunTime:0.0686s ]
NOTIC: [8] Undefined variable: where E:\phpworkspace\express\Apps\User\Controller\LoginController.class.php 第 12 行.
SQL: SELECT * FROM `exp_user` WHERE `user_phone` = '15751005437' AND `user_password` = 'b44c8662fd2c44ebfed9e8862d222677' LIMIT 1   [ RunTime:0.0417s ]
NOTIC: [8] Use of undefined constant res - assumed 'res' E:\phpworkspace\express\Apps\User\Controller\LoginController.class.php 第 16 行.
NOTIC: [8] A session had already been started - ignoring session_start() E:\phpworkspace\express\ThinkPHP\Common\functions.php 第 1272 行.
INFO: [ view_parse ] --START--
INFO: [ template_filter ] --START--
INFO: Run Behavior\ContentReplaceBehavior [ RunTime:0.000199s ]
INFO: [ template_filter ] --END-- [ RunTime:0.000554s ]
INFO: Run Behavior\ParseTemplateBehavior [ RunTime:0.019359s ]
INFO: [ view_parse ] --END-- [ RunTime:0.019769s ]
INFO: [ view_filter ] --START--
INFO: Run Behavior\WriteHtmlCacheBehavior [ RunTime:0.000797s ]
INFO: [ view_filter ] --END-- [ RunTime:0.001120s ]
INFO: [ app_end ] --START--
INFO: Run Behavior\ShowPageTraceBehavior [ RunTime:0.001382s ]
INFO: [ app_end ] --END-- [ RunTime:0.001817s ]

[ 2016-03-15T14:36:36+08:00 ] 127.0.0.1 /User/Login/login
INFO: [ app_init ] --START--
INFO: Run Behavior\BuildLiteBehavior [ RunTime:0.000143s ]
INFO: [ app_init ] --END-- [ RunTime:0.001817s ]
INFO: [ app_begin ] --START--
INFO: Run Behavior\ReadHtmlCacheBehavior [ RunTime:0.001589s ]
INFO: Run Behavior\ReadHtmlCacheBehavior [ RunTime:0.000176s ]
INFO: Run Behavior\CheckLangBehavior [ RunTime:0.001800s ]
INFO: [ app_begin ] --END-- [ RunTime:0.004591s ]
INFO: [ view_parse ] --START--
INFO: [ template_filter ] --START--
INFO: Run Behavior\ContentReplaceBehavior [ RunTime:0.000374s ]
INFO: [ template_filter ] --END-- [ RunTime:0.000904s ]
INFO: Run Behavior\ParseTemplateBehavior [ RunTime:0.036696s ]
INFO: [ view_parse ] --END-- [ RunTime:0.037355s ]
INFO: [ view_filter ] --START--
INFO: Run Behavior\WriteHtmlCacheBehavior [ RunTime:0.001478s ]
INFO: [ view_filter ] --END-- [ RunTime:0.002334s ]
INFO: [ app_end ] --START--
INFO: Run Behavior\ShowPageTraceBehavior [ RunTime:0.001778s ]
INFO: [ app_end ] --END-- [ RunTime:0.002451s ]

[ 2016-03-15T14:36:38+08:00 ] 127.0.0.1 /User/Login/login
INFO: [ app_init ] --START--
INFO: Run Behavior\BuildLiteBehavior [ RunTime:0.000136s ]
INFO: [ app_init ] --END-- [ RunTime:0.001851s ]
INFO: [ app_begin ] --START--
INFO: Run Behavior\ReadHtmlCacheBehavior [ RunTime:0.001739s ]
INFO: Run Behavior\ReadHtmlCacheBehavior [ RunTime:0.000155s ]
INFO: Run Behavior\CheckLangBehavior [ RunTime:0.004260s ]
INFO: [ app_begin ] --END-- [ RunTime:0.008984s ]
INFO: [ view_parse ] --START--
INFO: [ template_filter ] --START--
INFO: Run Behavior\ContentReplaceBehavior [ RunTime:0.000213s ]
INFO: [ template_filter ] --END-- [ RunTime:0.000823s ]
INFO: Run Behavior\ParseTemplateBehavior [ RunTime:0.032470s ]
INFO: [ view_parse ] --END-- [ RunTime:0.032878s ]
INFO: [ view_filter ] --START--
INFO: Run Behavior\WriteHtmlCacheBehavior [ RunTime:0.000846s ]
INFO: [ view_filter ] --END-- [ RunTime:0.001227s ]
INFO: [ app_end ] --START--
INFO: Run Behavior\ShowPageTraceBehavior [ RunTime:0.001769s ]
INFO: [ app_end ] --END-- [ RunTime:0.002283s ]

[ 2016-03-15T14:36:40+08:00 ] 127.0.0.1 /User/Login/login
INFO: [ app_init ] --START--
INFO: Run Behavior\BuildLiteBehavior [ RunTime:0.000073s ]
INFO: [ app_init ] --END-- [ RunTime:0.001107s ]
INFO: [ app_begin ] --START--
INFO: Run Behavior\ReadHtmlCacheBehavior [ RunTime:0.001159s ]
INFO: Run Behavior\ReadHtmlCacheBehavior [ RunTime:0.000054s ]
INFO: Run Behavior\CheckLangBehavior [ RunTime:0.002008s ]
INFO: [ app_begin ] --END-- [ RunTime:0.004012s ]
SQL: SHOW COLUMNS FROM `exp_user` [ RunTime:0.0413s ]
NOTIC: [8] Undefined variable: where E:\phpworkspace\express\Apps\User\Controller\LoginController.class.php 第 12 行.
SQL: SELECT * FROM `exp_user` WHERE `user_phone` = '15751005437' AND `user_password` = 'b44c8662fd2c44ebfed9e8862d222677' LIMIT 1   [ RunTime:0.0486s ]
NOTIC: [8] A session had already been started - ignoring session_start() E:\phpworkspace\express\ThinkPHP\Common\functions.php 第 1272 行.
INFO: [ view_parse ] --START--
INFO: [ template_filter ] --START--
INFO: Run Behavior\ContentReplaceBehavior [ RunTime:0.000202s ]
INFO: [ template_filter ] --END-- [ RunTime:0.000552s ]
INFO: Run Behavior\ParseTemplateBehavior [ RunTime:0.019194s ]
INFO: [ view_parse ] --END-- [ RunTime:0.019600s ]
INFO: [ view_filter ] --START--
INFO: Run Behavior\WriteHtmlCacheBehavior [ RunTime:0.000759s ]
INFO: [ view_filter ] --END-- [ RunTime:0.001091s ]
INFO: [ app_end ] --START--
INFO: Run Behavior\ShowPageTraceBehavior [ RunTime:0.001434s ]
INFO: [ app_end ] --END-- [ RunTime:0.001919s ]

[ 2016-03-15T14:39:45+08:00 ] 127.0.0.1 /User/Login/login
INFO: [ app_init ] --START--
INFO: Run Behavior\BuildLiteBehavior [ RunTime:0.000097s ]
INFO: [ app_init ] --END-- [ RunTime:0.001192s ]
INFO: [ app_begin ] --START--
INFO: Run Behavior\ReadHtmlCacheBehavior [ RunTime:0.001665s ]
INFO: Run Behavior\ReadHtmlCacheBehavior [ RunTime:0.000128s ]
INFO: Run Behavior\CheckLangBehavior [ RunTime:0.002405s ]
INFO: [ app_begin ] --END-- [ RunTime:0.005298s ]
INFO: [ view_parse ] --START--
INFO: [ template_filter ] --START--
INFO: Run Behavior\ContentReplaceBehavior [ RunTime:0.000212s ]
INFO: [ template_filter ] --END-- [ RunTime:0.000594s ]
INFO: Run Behavior\ParseTemplateBehavior [ RunTime:0.020075s ]
INFO: [ view_parse ] --END-- [ RunTime:0.020571s ]
INFO: [ view_filter ] --START--
INFO: Run Behavior\WriteHtmlCacheBehavior [ RunTime:0.000796s ]
INFO: [ view_filter ] --END-- [ RunTime:0.001117s ]
INFO: [ app_end ] --START--
INFO: Run Behavior\ShowPageTraceBehavior [ RunTime:0.001118s ]
INFO: [ app_end ] --END-- [ RunTime:0.001448s ]

[ 2016-03-15T14:39:46+08:00 ] 127.0.0.1 /User/Login/login
INFO: [ app_init ] --START--
INFO: Run Behavior\BuildLiteBehavior [ RunTime:0.000146s ]
INFO: [ app_init ] --END-- [ RunTime:0.002130s ]
INFO: [ app_begin ] --START--
INFO: Run Behavior\ReadHtmlCacheBehavior [ RunTime:0.001632s ]
INFO: Run Behavior\ReadHtmlCacheBehavior [ RunTime:0.000175s ]
INFO: Run Behavior\CheckLangBehavior [ RunTime:0.003558s ]
INFO: [ app_begin ] --END-- [ RunTime:0.006707s ]
INFO: [ view_parse ] --START--
INFO: [ template_filter ] --START--
INFO: Run Behavior\ContentReplaceBehavior [ RunTime:0.002045s ]
INFO: [ template_filter ] --END-- [ RunTime:0.003262s ]
INFO: Run Behavior\ParseTemplateBehavior [ RunTime:0.044894s ]
INFO: [ view_parse ] --END-- [ RunTime:0.045624s ]
INFO: [ view_filter ] --START--
INFO: Run Behavior\WriteHtmlCacheBehavior [ RunTime:0.001522s ]
INFO: [ view_filter ] --END-- [ RunTime:0.002319s ]
INFO: [ app_end ] --START--
INFO: Run Behavior\ShowPageTraceBehavior [ RunTime:0.001209s ]
INFO: [ app_end ] --END-- [ RunTime:0.001700s ]

[ 2016-03-15T14:39:48+08:00 ] 127.0.0.1 /User/Login/login
INFO: [ app_init ] --START--
INFO: Run Behavior\BuildLiteBehavior [ RunTime:0.000093s ]
INFO: [ app_init ] --END-- [ RunTime:0.001338s ]
INFO: [ app_begin ] --START--
INFO: Run Behavior\ReadHtmlCacheBehavior [ RunTime:0.002387s ]
INFO: Run Behavior\ReadHtmlCacheBehavior [ RunTime:0.000071s ]
INFO: Run Behavior\CheckLangBehavior [ RunTime:0.002378s ]
INFO: [ app_begin ] --END-- [ RunTime:0.006389s ]
SQL: SHOW COLUMNS FROM `exp_user` [ RunTime:0.0290s ]
NOTIC: [8] Undefined variable: where E:\phpworkspace\express\Apps\User\Controller\LoginController.class.php 第 12 行.
SQL: SELECT * FROM `exp_user` WHERE `user_phone` = '15751005437' AND `user_password` = 'b44c8662fd2c44ebfed9e8862d222677' LIMIT 1   [ RunTime:0.0286s ]
INFO: [ view_parse ] --START--
INFO: [ template_filter ] --START--
INFO: Run Behavior\ContentReplaceBehavior [ RunTime:0.000368s ]
INFO: [ template_filter ] --END-- [ RunTime:0.001060s ]
INFO: Run Behavior\ParseTemplateBehavior [ RunTime:0.024473s ]
INFO: [ view_parse ] --END-- [ RunTime:0.025041s ]
INFO: [ view_filter ] --START--
INFO: Run Behavior\WriteHtmlCacheBehavior [ RunTime:0.001769s ]
INFO: [ view_filter ] --END-- [ RunTime:0.002442s ]

[ 2016-03-15T14:39:52+08:00 ] 127.0.0.1 /User/Login/login
INFO: [ app_init ] --START--
INFO: Run Behavior\BuildLiteBehavior [ RunTime:0.000180s ]
INFO: [ app_init ] --END-- [ RunTime:0.001508s ]
INFO: [ app_begin ] --START--
INFO: Run Behavior\ReadHtmlCacheBehavior [ RunTime:0.001163s ]
INFO: Run Behavior\ReadHtmlCacheBehavior [ RunTime:0.000085s ]
INFO: Run Behavior\CheckLangBehavior [ RunTime:0.001748s ]
INFO: [ app_begin ] --END-- [ RunTime:0.003799s ]
INFO: [ view_parse ] --START--
INFO: [ template_filter ] --START--
INFO: Run Behavior\ContentReplaceBehavior [ RunTime:0.000207s ]
INFO: [ template_filter ] --END-- [ RunTime:0.000559s ]
INFO: Run Behavior\ParseTemplateBehavior [ RunTime:0.022037s ]
INFO: [ view_parse ] --END-- [ RunTime:0.022658s ]
INFO: [ view_filter ] --START--
INFO: Run Behavior\WriteHtmlCacheBehavior [ RunTime:0.001616s ]
INFO: [ view_filter ] --END-- [ RunTime:0.002308s ]
INFO: [ app_end ] --START--
INFO: Run Behavior\ShowPageTraceBehavior [ RunTime:0.001674s ]
INFO: [ app_end ] --END-- [ RunTime:0.002010s ]

[ 2016-03-15T14:40:17+08:00 ] 127.0.0.1 /User/Login/login
INFO: [ app_init ] --START--
INFO: Run Behavior\BuildLiteBehavior [ RunTime:0.000108s ]
INFO: [ app_init ] --END-- [ RunTime:0.001560s ]
INFO: [ app_begin ] --START--
INFO: Run Behavior\ReadHtmlCacheBehavior [ RunTime:0.001456s ]
INFO: Run Behavior\ReadHtmlCacheBehavior [ RunTime:0.000055s ]
INFO: Run Behavior\CheckLangBehavior [ RunTime:0.004769s ]
INFO: [ app_begin ] --END-- [ RunTime:0.007215s ]
SQL: SHOW COLUMNS FROM `exp_user` [ RunTime:0.0324s ]
NOTIC: [8] Undefined variable: where E:\phpworkspace\express\Apps\User\Controller\LoginController.class.php 第 12 行.
SQL: SELECT * FROM `exp_user` WHERE `user_phone` = '15751005437' AND `user_password` = 'b44c8662fd2c44ebfed9e8862d222677' LIMIT 1   [ RunTime:0.0302s ]
INFO: [ view_parse ] --START--
INFO: [ template_filter ] --START--
INFO: Run Behavior\ContentReplaceBehavior [ RunTime:0.000206s ]
INFO: [ template_filter ] --END-- [ RunTime:0.000700s ]
INFO: Run Behavior\ParseTemplateBehavior [ RunTime:0.020922s ]
INFO: [ view_parse ] --END-- [ RunTime:0.021480s ]
INFO: [ view_filter ] --START--
INFO: Run Behavior\WriteHtmlCacheBehavior [ RunTime:0.000983s ]
INFO: [ view_filter ] --END-- [ RunTime:0.001335s ]

[ 2016-03-15T14:40:20+08:00 ] 127.0.0.1 /User/Login/login
INFO: [ app_init ] --START--
INFO: Run Behavior\BuildLiteBehavior [ RunTime:0.000143s ]
INFO: [ app_init ] --END-- [ RunTime:0.002688s ]
INFO: [ app_begin ] --START--
INFO: Run Behavior\ReadHtmlCacheBehavior [ RunTime:0.001214s ]
INFO: Run Behavior\ReadHtmlCacheBehavior [ RunTime:0.000083s ]
INFO: Run Behavior\CheckLangBehavior [ RunTime:0.001708s ]
INFO: [ app_begin ] --END-- [ RunTime:0.003717s ]
INFO: [ view_parse ] --START--
INFO: [ template_filter ] --START--
INFO: Run Behavior\ContentReplaceBehavior [ RunTime:0.000232s ]
INFO: [ template_filter ] --END-- [ RunTime:0.000917s ]
INFO: Run Behavior\ParseTemplateBehavior [ RunTime:0.023259s ]
INFO: [ view_parse ] --END-- [ RunTime:0.023736s ]
INFO: [ view_filter ] --START--
INFO: Run Behavior\WriteHtmlCacheBehavior [ RunTime:0.000904s ]
INFO: [ view_filter ] --END-- [ RunTime:0.001240s ]
INFO: [ app_end ] --START--
INFO: Run Behavior\ShowPageTraceBehavior [ RunTime:0.001393s ]
INFO: [ app_end ] --END-- [ RunTime:0.001739s ]

[ 2016-03-15T14:46:11+08:00 ] 127.0.0.1 /User/Login/login
INFO: [ app_init ] --START--
INFO: Run Behavior\BuildLiteBehavior [ RunTime:0.000134s ]
INFO: [ app_init ] --END-- [ RunTime:0.001655s ]
INFO: [ app_begin ] --START--
INFO: Run Behavior\ReadHtmlCacheBehavior [ RunTime:0.001583s ]
INFO: Run Behavior\ReadHtmlCacheBehavior [ RunTime:0.000074s ]
INFO: Run Behavior\CheckLangBehavior [ RunTime:0.002365s ]
INFO: [ app_begin ] --END-- [ RunTime:0.004950s ]
SQL: SHOW COLUMNS FROM `exp_user` [ RunTime:0.0277s ]
NOTIC: [8] Undefined variable: where E:\phpworkspace\express\Apps\User\Controller\LoginController.class.php 第 12 行.
SQL: SELECT * FROM `exp_user` WHERE `user_phone` = '15751005437' AND `user_password` = 'b44c8662fd2c44ebfed9e8862d222677' LIMIT 1   [ RunTime:0.0271s ]
INFO: [ view_parse ] --START--
INFO: [ template_filter ] --START--
INFO: Run Behavior\ContentReplaceBehavior [ RunTime:0.000200s ]
INFO: [ template_filter ] --END-- [ RunTime:0.000550s ]
INFO: Run Behavior\ParseTemplateBehavior [ RunTime:0.019097s ]
INFO: [ view_parse ] --END-- [ RunTime:0.019643s ]
INFO: [ view_filter ] --START--
INFO: Run Behavior\WriteHtmlCacheBehavior [ RunTime:0.001216s ]
INFO: [ view_filter ] --END-- [ RunTime:0.001620s ]

[ 2016-03-15T14:46:12+08:00 ] 127.0.0.1 /User/Login/login
INFO: [ app_init ] --START--
INFO: Run Behavior\BuildLiteBehavior [ RunTime:0.000167s ]
INFO: [ app_init ] --END-- [ RunTime:0.001819s ]
INFO: [ app_begin ] --START--
INFO: Run Behavior\ReadHtmlCacheBehavior [ RunTime:0.001171s ]
INFO: Run Behavior\ReadHtmlCacheBehavior [ RunTime:0.000115s ]
INFO: Run Behavior\CheckLangBehavior [ RunTime:0.002034s ]
INFO: [ app_begin ] --END-- [ RunTime:0.004204s ]
INFO: [ view_parse ] --START--
INFO: [ template_filter ] --START--
INFO: Run Behavior\ContentReplaceBehavior [ RunTime:0.000260s ]
INFO: [ template_filter ] --END-- [ RunTime:0.000665s ]
INFO: Run Behavior\ParseTemplateBehavior [ RunTime:0.023719s ]
INFO: [ view_parse ] --END-- [ RunTime:0.024103s ]
INFO: [ view_filter ] --START--
INFO: Run Behavior\WriteHtmlCacheBehavior [ RunTime:0.001091s ]
INFO: [ view_filter ] --END-- [ RunTime:0.001425s ]
INFO: [ app_end ] --START--
INFO: Run Behavior\ShowPageTraceBehavior [ RunTime:0.001629s ]
INFO: [ app_end ] --END-- [ RunTime:0.001964s ]

[ 2016-03-15T19:45:25+08:00 ] 127.0.0.1 /User/Login/login
INFO: [ app_init ] --START--
INFO: Run Behavior\BuildLiteBehavior [ RunTime:0.000080s ]
INFO: [ app_init ] --END-- [ RunTime:0.001368s ]
INFO: [ app_begin ] --START--
INFO: Run Behavior\ReadHtmlCacheBehavior [ RunTime:0.002357s ]
INFO: Run Behavior\ReadHtmlCacheBehavior [ RunTime:0.000128s ]
INFO: Run Behavior\CheckLangBehavior [ RunTime:0.003566s ]
INFO: [ app_begin ] --END-- [ RunTime:0.007117s ]
INFO: [ view_parse ] --START--
INFO: [ template_filter ] --START--
INFO: Run Behavior\ContentReplaceBehavior [ RunTime:0.000231s ]
INFO: [ template_filter ] --END-- [ RunTime:0.000585s ]
INFO: Run Behavior\ParseTemplateBehavior [ RunTime:0.103104s ]
INFO: [ view_parse ] --END-- [ RunTime:0.103630s ]
INFO: [ view_filter ] --START--
INFO: Run Behavior\WriteHtmlCacheBehavior [ RunTime:0.001003s ]
INFO: [ view_filter ] --END-- [ RunTime:0.001328s ]
INFO: [ app_end ] --START--
INFO: Run Behavior\ShowPageTraceBehavior [ RunTime:0.002862s ]
INFO: [ app_end ] --END-- [ RunTime:0.004282s ]

[ 2016-03-15T19:45:28+08:00 ] 127.0.0.1 /User/Login/login
INFO: [ app_init ] --START--
INFO: Run Behavior\BuildLiteBehavior [ RunTime:0.000072s ]
INFO: [ app_init ] --END-- [ RunTime:0.001136s ]
INFO: [ app_begin ] --START--
INFO: Run Behavior\ReadHtmlCacheBehavior [ RunTime:0.001393s ]
INFO: Run Behavior\ReadHtmlCacheBehavior [ RunTime:0.000057s ]
INFO: Run Behavior\CheckLangBehavior [ RunTime:0.003124s ]
INFO: [ app_begin ] --END-- [ RunTime:0.005533s ]
SQL: SHOW COLUMNS FROM `exp_user` [ RunTime:0.0560s ]
NOTIC: [8] Undefined variable: where E:\phpworkspace\express\Apps\User\Controller\LoginController.class.php 第 12 行.
SQL: SELECT * FROM `exp_user` WHERE `user_phone` = '15751005437' AND `user_password` = 'b44c8662fd2c44ebfed9e8862d222677' LIMIT 1   [ RunTime:0.0328s ]
NOTIC: [8] A session had already been started - ignoring session_start() E:\phpworkspace\express\ThinkPHP\Common\functions.php 第 1272 行.
INFO: [ view_parse ] --START--
INFO: [ template_filter ] --START--
INFO: Run Behavior\ContentReplaceBehavior [ RunTime:0.000228s ]
INFO: [ template_filter ] --END-- [ RunTime:0.000594s ]
INFO: Run Behavior\ParseTemplateBehavior [ RunTime:0.023116s ]
INFO: [ view_parse ] --END-- [ RunTime:0.023607s ]
INFO: [ view_filter ] --START--
INFO: Run Behavior\WriteHtmlCacheBehavior [ RunTime:0.000932s ]
INFO: [ view_filter ] --END-- [ RunTime:0.001459s ]
INFO: [ app_end ] --START--
INFO: Run Behavior\ShowPageTraceBehavior [ RunTime:0.001778s ]
INFO: [ app_end ] --END-- [ RunTime:0.002467s ]

[ 2016-03-15T19:45:47+08:00 ] 127.0.0.1 /User/Index/index
INFO: [ app_init ] --START--
INFO: Run Behavior\BuildLiteBehavior [ RunTime:0.000141s ]
INFO: [ app_init ] --END-- [ RunTime:0.002349s ]
INFO: [ app_begin ] --START--
INFO: Run Behavior\ReadHtmlCacheBehavior [ RunTime:0.001887s ]
INFO: Run Behavior\ReadHtmlCacheBehavior [ RunTime:0.000084s ]
INFO: Run Behavior\CheckLangBehavior [ RunTime:0.002347s ]
INFO: [ app_begin ] --END-- [ RunTime:0.005250s ]
INFO: [ view_parse ] --START--
INFO: [ template_filter ] --START--
INFO: Run Behavior\ContentReplaceBehavior [ RunTime:0.000214s ]
INFO: [ template_filter ] --END-- [ RunTime:0.000657s ]
INFO: Run Behavior\ParseTemplateBehavior [ RunTime:0.061152s ]
INFO: [ view_parse ] --END-- [ RunTime:0.061644s ]
INFO: [ view_filter ] --START--
INFO: Run Behavior\WriteHtmlCacheBehavior [ RunTime:0.001388s ]
INFO: [ view_filter ] --END-- [ RunTime:0.001785s ]
INFO: [ app_end ] --START--
INFO: Run Behavior\ShowPageTraceBehavior [ RunTime:0.002161s ]
INFO: [ app_end ] --END-- [ RunTime:0.002684s ]

[ 2016-03-15T19:46:05+08:00 ] 127.0.0.1 /User/Order/my_order
INFO: [ app_init ] --START--
INFO: Run Behavior\BuildLiteBehavior [ RunTime:0.000073s ]
INFO: [ app_init ] --END-- [ RunTime:0.001120s ]
INFO: [ app_begin ] --START--
INFO: Run Behavior\ReadHtmlCacheBehavior [ RunTime:0.001766s ]
INFO: Run Behavior\ReadHtmlCacheBehavior [ RunTime:0.000179s ]
INFO: Run Behavior\CheckLangBehavior [ RunTime:0.002799s ]
INFO: [ app_begin ] --END-- [ RunTime:0.005903s ]
SQL: SHOW COLUMNS FROM `exp_user` [ RunTime:0.0270s ]
SQL: SHOW COLUMNS FROM `exp_order` [ RunTime:0.0282s ]
SQL: SHOW COLUMNS FROM `exp_status` [ RunTime:0.0268s ]
SQL: SHOW COLUMNS FROM `exp_cend` [ RunTime:0.0381s ]
SQL: SHOW COLUMNS FROM `exp_cend_status` [ RunTime:0.0335s ]
SQL: SELECT * FROM `exp_order` INNER JOIN exp_user on exp_order.order_user_id = exp_user.user_id INNER JOIN exp_status on exp_order.order_status_id = exp_status.status_id  WHERE `user_phone` = '15751005437' ORDER BY order_id desc  [ RunTime:0.0292s ]
SQL: SELECT * FROM `exp_cend` INNER JOIN exp_user on exp_cend.user_id=exp_user.user_id INNER JOIN exp_cend_status on exp_cend.status_id=exp_cend_status.status_id  WHERE `user_phone` = '15751005437' ORDER BY cend_id desc  [ RunTime:0.0337s ]
INFO: [ view_parse ] --START--
INFO: [ template_filter ] --START--
INFO: Run Behavior\ContentReplaceBehavior [ RunTime:0.000597s ]
INFO: [ template_filter ] --END-- [ RunTime:0.001504s ]
INFO: Run Behavior\ParseTemplateBehavior [ RunTime:0.038484s ]
INFO: [ view_parse ] --END-- [ RunTime:0.039411s ]
INFO: [ view_filter ] --START--
INFO: Run Behavior\WriteHtmlCacheBehavior [ RunTime:0.001056s ]
INFO: [ view_filter ] --END-- [ RunTime:0.001537s ]
INFO: [ app_end ] --START--
INFO: Run Behavior\ShowPageTraceBehavior [ RunTime:0.001174s ]
INFO: [ app_end ] --END-- [ RunTime:0.001649s ]

[ 2016-03-15T19:50:44+08:00 ] 127.0.0.1 /User/Order/my_order
INFO: [ app_init ] --START--
INFO: Run Behavior\BuildLiteBehavior [ RunTime:0.000104s ]
INFO: [ app_init ] --END-- [ RunTime:0.001593s ]
INFO: [ app_begin ] --START--
INFO: Run Behavior\ReadHtmlCacheBehavior [ RunTime:0.003255s ]
INFO: Run Behavior\ReadHtmlCacheBehavior [ RunTime:0.000110s ]
INFO: Run Behavior\CheckLangBehavior [ RunTime:0.003475s ]
INFO: [ app_begin ] --END-- [ RunTime:0.008167s ]
SQL: SHOW COLUMNS FROM `exp_user` [ RunTime:0.0335s ]
SQL: SHOW COLUMNS FROM `exp_order` [ RunTime:0.0337s ]
SQL: SHOW COLUMNS FROM `exp_status` [ RunTime:0.0335s ]
SQL: SHOW COLUMNS FROM `exp_cend` [ RunTime:0.0332s ]
SQL: SHOW COLUMNS FROM `exp_cend_status` [ RunTime:0.0324s ]
SQL: SELECT * FROM `exp_order` INNER JOIN exp_user on exp_order.order_user_id = exp_user.user_id INNER JOIN exp_status on exp_order.order_status_id = exp_status.status_id  WHERE `user_phone` = '15751005437' ORDER BY order_id desc  [ RunTime:0.0347s ]
SQL: SELECT * FROM `exp_cend` INNER JOIN exp_user on exp_cend.user_id=exp_user.user_id INNER JOIN exp_cend_status on exp_cend.status_id=exp_cend_status.status_id  WHERE `user_phone` = '15751005437' ORDER BY cend_id desc  [ RunTime:0.0332s ]
INFO: [ view_parse ] --START--
INFO: [ template_filter ] --START--
INFO: Run Behavior\ContentReplaceBehavior [ RunTime:0.000471s ]
INFO: [ template_filter ] --END-- [ RunTime:0.001224s ]
INFO: Run Behavior\ParseTemplateBehavior [ RunTime:0.057278s ]
INFO: [ view_parse ] --END-- [ RunTime:0.057659s ]
INFO: [ view_filter ] --START--
INFO: Run Behavior\WriteHtmlCacheBehavior [ RunTime:0.000945s ]
INFO: [ view_filter ] --END-- [ RunTime:0.001271s ]
INFO: [ app_end ] --START--
INFO: Run Behavior\ShowPageTraceBehavior [ RunTime:0.001395s ]
INFO: [ app_end ] --END-- [ RunTime:0.001774s ]

[ 2016-03-15T19:51:08+08:00 ] 127.0.0.1 /User/Order/my_order
INFO: [ app_init ] --START--
INFO: Run Behavior\BuildLiteBehavior [ RunTime:0.000112s ]
INFO: [ app_init ] --END-- [ RunTime:0.002137s ]
INFO: [ app_begin ] --START--
INFO: Run Behavior\ReadHtmlCacheBehavior [ RunTime:0.001882s ]
INFO: Run Behavior\ReadHtmlCacheBehavior [ RunTime:0.000085s ]
INFO: Run Behavior\CheckLangBehavior [ RunTime:0.004507s ]
INFO: [ app_begin ] --END-- [ RunTime:0.007295s ]
SQL: SHOW COLUMNS FROM `exp_user` [ RunTime:0.0282s ]
SQL: SHOW COLUMNS FROM `exp_order` [ RunTime:0.0281s ]
SQL: SHOW COLUMNS FROM `exp_status` [ RunTime:0.0281s ]
SQL: SHOW COLUMNS FROM `exp_cend` [ RunTime:0.0336s ]
SQL: SHOW COLUMNS FROM `exp_cend_status` [ RunTime:0.0310s ]
SQL: SELECT * FROM `exp_order` INNER JOIN exp_user on exp_order.order_user_id = exp_user.user_id INNER JOIN exp_status on exp_order.order_status_id = exp_status.status_id  WHERE `user_phone` = '15751005437' ORDER BY order_id desc  [ RunTime:0.0336s ]
SQL: SELECT * FROM `exp_cend` INNER JOIN exp_user on exp_cend.user_id=exp_user.user_id INNER JOIN exp_cend_status on exp_cend.status_id=exp_cend_status.status_id  WHERE `user_phone` = '15751005437' ORDER BY cend_id desc  [ RunTime:0.0331s ]
INFO: [ view_parse ] --START--
INFO: [ template_filter ] --START--
INFO: Run Behavior\ContentReplaceBehavior [ RunTime:0.000335s ]
INFO: [ template_filter ] --END-- [ RunTime:0.000973s ]
INFO: Run Behavior\ParseTemplateBehavior [ RunTime:0.048394s ]
INFO: [ view_parse ] --END-- [ RunTime:0.048906s ]
INFO: [ view_filter ] --START--
INFO: Run Behavior\WriteHtmlCacheBehavior [ RunTime:0.001120s ]
INFO: [ view_filter ] --END-- [ RunTime:0.001522s ]
INFO: [ app_end ] --START--
INFO: Run Behavior\ShowPageTraceBehavior [ RunTime:0.001766s ]
INFO: [ app_end ] --END-- [ RunTime:0.002164s ]

[ 2016-03-15T19:51:51+08:00 ] 127.0.0.1 /User/Order/my_order
INFO: [ app_init ] --START--
INFO: Run Behavior\BuildLiteBehavior [ RunTime:0.000134s ]
INFO: [ app_init ] --END-- [ RunTime:0.001998s ]
INFO: [ app_begin ] --START--
INFO: Run Behavior\ReadHtmlCacheBehavior [ RunTime:0.001583s ]
INFO: Run Behavior\ReadHtmlCacheBehavior [ RunTime:0.000091s ]
INFO: Run Behavior\CheckLangBehavior [ RunTime:0.002446s ]
INFO: [ app_begin ] --END-- [ RunTime:0.005059s ]
SQL: SHOW COLUMNS FROM `exp_user` [ RunTime:0.0289s ]
SQL: SHOW COLUMNS FROM `exp_order` [ RunTime:0.0277s ]
SQL: SHOW COLUMNS FROM `exp_status` [ RunTime:0.0291s ]
SQL: SHOW COLUMNS FROM `exp_cend` [ RunTime:0.0278s ]
SQL: SHOW COLUMNS FROM `exp_cend_status` [ RunTime:0.0269s ]
SQL: SELECT * FROM `exp_order` INNER JOIN exp_user on exp_order.order_user_id = exp_user.user_id INNER JOIN exp_status on exp_order.order_status_id = exp_status.status_id  WHERE `user_phone` = '15751005437' ORDER BY order_id desc  [ RunTime:0.0310s ]
SQL: SELECT * FROM `exp_cend` INNER JOIN exp_user on exp_cend.user_id=exp_user.user_id INNER JOIN exp_cend_status on exp_cend.status_id=exp_cend_status.status_id  WHERE `user_phone` = '15751005437' ORDER BY cend_id desc  [ RunTime:0.0294s ]
INFO: [ view_parse ] --START--
INFO: [ template_filter ] --START--
INFO: Run Behavior\ContentReplaceBehavior [ RunTime:0.000250s ]
INFO: [ template_filter ] --END-- [ RunTime:0.000610s ]
INFO: Run Behavior\ParseTemplateBehavior [ RunTime:0.042299s ]
INFO: [ view_parse ] --END-- [ RunTime:0.042726s ]
INFO: [ view_filter ] --START--
INFO: Run Behavior\WriteHtmlCacheBehavior [ RunTime:0.001266s ]
INFO: [ view_filter ] --END-- [ RunTime:0.001604s ]
INFO: [ app_end ] --START--
INFO: Run Behavior\ShowPageTraceBehavior [ RunTime:0.001652s ]
INFO: [ app_end ] --END-- [ RunTime:0.001986s ]

[ 2016-03-15T19:52:14+08:00 ] 127.0.0.1 /User/Order/my_order
INFO: [ app_init ] --START--
INFO: Run Behavior\BuildLiteBehavior [ RunTime:0.000156s ]
INFO: [ app_init ] --END-- [ RunTime:0.001843s ]
INFO: [ app_begin ] --START--
INFO: Run Behavior\ReadHtmlCacheBehavior [ RunTime:0.001220s ]
INFO: Run Behavior\ReadHtmlCacheBehavior [ RunTime:0.000084s ]
INFO: Run Behavior\CheckLangBehavior [ RunTime:0.002429s ]
INFO: [ app_begin ] --END-- [ RunTime:0.004735s ]
SQL: SHOW COLUMNS FROM `exp_user` [ RunTime:0.0336s ]
SQL: SHOW COLUMNS FROM `exp_order` [ RunTime:0.0326s ]
SQL: SHOW COLUMNS FROM `exp_status` [ RunTime:0.0326s ]
SQL: SHOW COLUMNS FROM `exp_cend` [ RunTime:0.0325s ]
SQL: SHOW COLUMNS FROM `exp_cend_status` [ RunTime:0.0348s ]
SQL: SELECT * FROM `exp_order` INNER JOIN exp_user on exp_order.order_user_id = exp_user.user_id INNER JOIN exp_status on exp_order.order_status_id = exp_status.status_id  WHERE `user_phone` = '15751005437' ORDER BY order_id desc  [ RunTime:0.0352s ]
SQL: SELECT * FROM `exp_cend` INNER JOIN exp_user on exp_cend.user_id=exp_user.user_id INNER JOIN exp_cend_status on exp_cend.status_id=exp_cend_status.status_id  WHERE `user_phone` = '15751005437' ORDER BY cend_id desc  [ RunTime:0.0337s ]
INFO: [ view_parse ] --START--
INFO: [ template_filter ] --START--
INFO: Run Behavior\ContentReplaceBehavior [ RunTime:0.000319s ]
INFO: [ template_filter ] --END-- [ RunTime:0.000787s ]
INFO: Run Behavior\ParseTemplateBehavior [ RunTime:0.047248s ]
INFO: [ view_parse ] --END-- [ RunTime:0.047996s ]
INFO: [ view_filter ] --START--
INFO: Run Behavior\WriteHtmlCacheBehavior [ RunTime:0.001375s ]
INFO: [ view_filter ] --END-- [ RunTime:0.001748s ]
INFO: [ app_end ] --START--
INFO: Run Behavior\ShowPageTraceBehavior [ RunTime:0.001634s ]
INFO: [ app_end ] --END-- [ RunTime:0.002028s ]

