[ 2016-04-07T02:29:48+08:00 ] 127.0.0.1 /User/
INFO: [ app_init ] --START--
INFO: Run Behavior\BuildLiteBehavior [ RunTime:0.000022s ]
INFO: [ app_init ] --END-- [ RunTime:0.008332s ]
INFO: [ app_begin ] --START--
INFO: Run Behavior\ReadHtmlCacheBehavior [ RunTime:0.000993s ]
INFO: Run Behavior\ReadHtmlCacheBehavior [ RunTime:0.000008s ]
INFO: Run Behavior\CheckLangBehavior [ RunTime:0.001012s ]
INFO: [ app_begin ] --END-- [ RunTime:0.002118s ]

[ 2016-04-07T02:29:48+08:00 ] 127.0.0.1 /User/Login/login
INFO: [ app_init ] --START--
INFO: Run Behavior\BuildLiteBehavior [ RunTime:0.000013s ]
INFO: [ app_init ] --END-- [ RunTime:0.000566s ]
INFO: [ app_begin ] --START--
INFO: Run Behavior\ReadHtmlCacheBehavior [ RunTime:0.001073s ]
INFO: Run Behavior\ReadHtmlCacheBehavior [ RunTime:0.000008s ]
INFO: Run Behavior\CheckLangBehavior [ RunTime:0.000876s ]
INFO: [ app_begin ] --END-- [ RunTime:0.002075s ]
INFO: [ view_parse ] --START--
INFO: [ template_filter ] --START--
INFO: Run Behavior\ContentReplaceBehavior [ RunTime:0.013254s ]
INFO: [ template_filter ] --END-- [ RunTime:0.013342s ]
INFO: Run Behavior\ParseTemplateBehavior [ RunTime:0.096282s ]
INFO: [ view_parse ] --END-- [ RunTime:0.096354s ]
INFO: [ view_filter ] --START--
INFO: Run Behavior\WriteHtmlCacheBehavior [ RunTime:0.000922s ]
INFO: [ view_filter ] --END-- [ RunTime:0.000965s ]
INFO: [ app_end ] --START--
INFO: Run Behavior\ShowPageTraceBehavior [ RunTime:0.001330s ]
INFO: [ app_end ] --END-- [ RunTime:0.001373s ]

[ 2016-04-07T02:30:02+08:00 ] 127.0.0.1 /User/Login/login
INFO: [ app_init ] --START--
INFO: Run Behavior\BuildLiteBehavior [ RunTime:0.000018s ]
INFO: [ app_init ] --END-- [ RunTime:0.000492s ]
INFO: [ app_begin ] --START--
INFO: Run Behavior\ReadHtmlCacheBehavior [ RunTime:0.000606s ]
INFO: Run Behavior\ReadHtmlCacheBehavior [ RunTime:0.000006s ]
INFO: Run Behavior\CheckLangBehavior [ RunTime:0.000606s ]
INFO: [ app_begin ] --END-- [ RunTime:0.001308s ]
SQL: SHOW COLUMNS FROM `exp_user` [ RunTime:0.0438s ]
NOTIC: [8] Undefined variable: where E:\wamp\Apache24\htdocs\express\Apps\User\Controller\LoginController.class.php 第 12 行.
SQL: SELECT * FROM `exp_user` WHERE `user_phone` = '15751001019' AND `user_password` = 'e10adc3949ba59abbe56e057f20f883e' LIMIT 1   [ RunTime:0.1818s ]
NOTIC: [8] A session had already been started - ignoring session_start() E:\wamp\Apache24\htdocs\express\ThinkPHP\Common\functions.php 第 1272 行.
INFO: [ view_parse ] --START--
INFO: [ template_filter ] --START--
INFO: Run Behavior\ContentReplaceBehavior [ RunTime:0.000115s ]
INFO: [ template_filter ] --END-- [ RunTime:0.000254s ]
INFO: Run Behavior\ParseTemplateBehavior [ RunTime:0.075815s ]
INFO: [ view_parse ] --END-- [ RunTime:0.075987s ]
INFO: [ view_filter ] --START--
INFO: Run Behavior\WriteHtmlCacheBehavior [ RunTime:0.002199s ]
INFO: [ view_filter ] --END-- [ RunTime:0.002365s ]
INFO: [ app_end ] --START--
INFO: Run Behavior\ShowPageTraceBehavior [ RunTime:0.003743s ]
INFO: [ app_end ] --END-- [ RunTime:0.003957s ]

[ 2016-04-07T02:30:20+08:00 ] 127.0.0.1 /User/Index/index
INFO: [ app_init ] --START--
INFO: Run Behavior\BuildLiteBehavior [ RunTime:0.000014s ]
INFO: [ app_init ] --END-- [ RunTime:0.000515s ]
INFO: [ app_begin ] --START--
INFO: Run Behavior\ReadHtmlCacheBehavior [ RunTime:0.000623s ]
INFO: Run Behavior\ReadHtmlCacheBehavior [ RunTime:0.000007s ]
INFO: Run Behavior\CheckLangBehavior [ RunTime:0.000573s ]
INFO: [ app_begin ] --END-- [ RunTime:0.001284s ]
INFO: [ view_parse ] --START--
INFO: [ template_filter ] --START--
INFO: Run Behavior\ContentReplaceBehavior [ RunTime:0.000047s ]
INFO: [ template_filter ] --END-- [ RunTime:0.000088s ]
INFO: Run Behavior\ParseTemplateBehavior [ RunTime:0.030020s ]
INFO: [ view_parse ] --END-- [ RunTime:0.030175s ]
INFO: [ view_filter ] --START--
INFO: Run Behavior\WriteHtmlCacheBehavior [ RunTime:0.000603s ]
INFO: [ view_filter ] --END-- [ RunTime:0.000648s ]
INFO: [ app_end ] --START--
INFO: Run Behavior\ShowPageTraceBehavior [ RunTime:0.000641s ]
INFO: [ app_end ] --END-- [ RunTime:0.000678s ]

[ 2016-04-07T02:30:30+08:00 ] 127.0.0.1 /User/Index/change_password
INFO: [ app_init ] --START--
INFO: Run Behavior\BuildLiteBehavior [ RunTime:0.000014s ]
INFO: [ app_init ] --END-- [ RunTime:0.000553s ]
INFO: [ app_begin ] --START--
INFO: Run Behavior\ReadHtmlCacheBehavior [ RunTime:0.000762s ]
INFO: Run Behavior\ReadHtmlCacheBehavior [ RunTime:0.000008s ]
INFO: Run Behavior\CheckLangBehavior [ RunTime:0.000770s ]
INFO: [ app_begin ] --END-- [ RunTime:0.001635s ]
INFO: [ view_parse ] --START--
INFO: [ template_filter ] --START--
INFO: Run Behavior\ContentReplaceBehavior [ RunTime:0.000042s ]
INFO: [ template_filter ] --END-- [ RunTime:0.000095s ]
INFO: Run Behavior\ParseTemplateBehavior [ RunTime:0.059655s ]
INFO: [ view_parse ] --END-- [ RunTime:0.059723s ]
INFO: [ view_filter ] --START--
INFO: Run Behavior\WriteHtmlCacheBehavior [ RunTime:0.000545s ]
INFO: [ view_filter ] --END-- [ RunTime:0.000584s ]
INFO: [ app_end ] --START--
INFO: Run Behavior\ShowPageTraceBehavior [ RunTime:0.000737s ]
INFO: [ app_end ] --END-- [ RunTime:0.000780s ]

[ 2016-04-07T02:31:01+08:00 ] 127.0.0.1 /User/Login/
INFO: [ app_init ] --START--
INFO: Run Behavior\BuildLiteBehavior [ RunTime:0.000013s ]
INFO: [ app_init ] --END-- [ RunTime:0.000540s ]
INFO: [ app_begin ] --START--
INFO: Run Behavior\ReadHtmlCacheBehavior [ RunTime:0.001557s ]
INFO: Run Behavior\ReadHtmlCacheBehavior [ RunTime:0.000009s ]
INFO: Run Behavior\CheckLangBehavior [ RunTime:0.000831s ]
INFO: [ app_begin ] --END-- [ RunTime:0.002554s ]
INFO: [ view_parse ] --START--
INFO: [ template_filter ] --START--
INFO: Run Behavior\ContentReplaceBehavior [ RunTime:0.000044s ]
INFO: [ template_filter ] --END-- [ RunTime:0.000099s ]
INFO: Run Behavior\ParseTemplateBehavior [ RunTime:0.052136s ]
INFO: [ view_parse ] --END-- [ RunTime:0.052208s ]
INFO: [ view_filter ] --START--
INFO: Run Behavior\WriteHtmlCacheBehavior [ RunTime:0.000592s ]
INFO: [ view_filter ] --END-- [ RunTime:0.000630s ]
INFO: [ app_end ] --START--
INFO: Run Behavior\ShowPageTraceBehavior [ RunTime:0.000785s ]
INFO: [ app_end ] --END-- [ RunTime:0.000824s ]

[ 2016-04-07T02:31:01+08:00 ] 127.0.0.1 /User/Login/
INFO: [ app_init ] --START--
INFO: Run Behavior\BuildLiteBehavior [ RunTime:0.000013s ]
INFO: [ app_init ] --END-- [ RunTime:0.000504s ]
INFO: [ app_begin ] --START--
INFO: Run Behavior\ReadHtmlCacheBehavior [ RunTime:0.000658s ]
INFO: Run Behavior\ReadHtmlCacheBehavior [ RunTime:0.000006s ]
INFO: Run Behavior\CheckLangBehavior [ RunTime:0.000654s ]
INFO: [ app_begin ] --END-- [ RunTime:0.001395s ]
INFO: [ view_parse ] --START--
INFO: [ template_filter ] --START--
INFO: Run Behavior\ContentReplaceBehavior [ RunTime:0.000031s ]
INFO: [ template_filter ] --END-- [ RunTime:0.000072s ]
INFO: Run Behavior\ParseTemplateBehavior [ RunTime:0.005360s ]
INFO: [ view_parse ] --END-- [ RunTime:0.005411s ]
INFO: [ view_filter ] --START--
INFO: Run Behavior\WriteHtmlCacheBehavior [ RunTime:0.000632s ]
INFO: [ view_filter ] --END-- [ RunTime:0.000830s ]
INFO: [ app_end ] --START--
INFO: Run Behavior\ShowPageTraceBehavior [ RunTime:0.000697s ]
INFO: [ app_end ] --END-- [ RunTime:0.000744s ]

[ 2016-04-07T02:31:47+08:00 ] 127.0.0.1 /User/Login/login
INFO: [ app_init ] --START--
INFO: Run Behavior\BuildLiteBehavior [ RunTime:0.000013s ]
INFO: [ app_init ] --END-- [ RunTime:0.000422s ]
INFO: [ app_begin ] --START--
INFO: Run Behavior\ReadHtmlCacheBehavior [ RunTime:0.000656s ]
INFO: Run Behavior\ReadHtmlCacheBehavior [ RunTime:0.000012s ]
INFO: Run Behavior\CheckLangBehavior [ RunTime:0.000936s ]
INFO: [ app_begin ] --END-- [ RunTime:0.001723s ]
INFO: [ view_parse ] --START--
INFO: [ template_filter ] --START--
INFO: Run Behavior\ContentReplaceBehavior [ RunTime:0.000037s ]
INFO: [ template_filter ] --END-- [ RunTime:0.000077s ]
INFO: Run Behavior\ParseTemplateBehavior [ RunTime:0.005615s ]
INFO: [ view_parse ] --END-- [ RunTime:0.005666s ]
INFO: [ view_filter ] --START--
INFO: Run Behavior\WriteHtmlCacheBehavior [ RunTime:0.000425s ]
INFO: [ view_filter ] --END-- [ RunTime:0.000455s ]
INFO: [ app_end ] --START--
INFO: Run Behavior\ShowPageTraceBehavior [ RunTime:0.000571s ]
INFO: [ app_end ] --END-- [ RunTime:0.000604s ]

[ 2016-04-07T02:31:50+08:00 ] 127.0.0.1 /User/register/forgetpassword
INFO: [ app_init ] --START--
INFO: Run Behavior\BuildLiteBehavior [ RunTime:0.000015s ]
INFO: [ app_init ] --END-- [ RunTime:0.000629s ]
INFO: [ app_begin ] --START--
INFO: Run Behavior\ReadHtmlCacheBehavior [ RunTime:0.000857s ]
INFO: Run Behavior\ReadHtmlCacheBehavior [ RunTime:0.000015s ]
INFO: Run Behavior\CheckLangBehavior [ RunTime:0.000907s ]
INFO: [ app_begin ] --END-- [ RunTime:0.001929s ]
INFO: [ view_parse ] --START--
INFO: [ template_filter ] --START--
INFO: Run Behavior\ContentReplaceBehavior [ RunTime:0.000038s ]
INFO: [ template_filter ] --END-- [ RunTime:0.000084s ]
INFO: Run Behavior\ParseTemplateBehavior [ RunTime:0.026988s ]
INFO: [ view_parse ] --END-- [ RunTime:0.027085s ]
INFO: [ view_filter ] --START--
INFO: Run Behavior\WriteHtmlCacheBehavior [ RunTime:0.001099s ]
INFO: [ view_filter ] --END-- [ RunTime:0.001187s ]
NOTIC: [8] Undefined index: user_phone E:\wamp\Apache24\htdocs\express\Apps\Common\Common\function.php 第 51 行.
NOTIC: [8] Undefined index: passcode E:\wamp\Apache24\htdocs\express\Apps\Common\Common\function.php 第 51 行.
NOTIC: [8] Undefined index: user_password E:\wamp\Apache24\htdocs\express\Apps\Common\Common\function.php 第 51 行.
NOTIC: [8] Undefined index: passcode E:\wamp\Apache24\htdocs\express\Apps\Common\Common\function.php 第 63 行.
INFO: [ view_parse ] --START--
INFO: [ template_filter ] --START--
INFO: Run Behavior\ContentReplaceBehavior [ RunTime:0.000044s ]
INFO: [ template_filter ] --END-- [ RunTime:-0.025374s ]
INFO: Run Behavior\ParseTemplateBehavior [ RunTime:0.003388s ]
INFO: [ view_parse ] --END-- [ RunTime:-0.001762s ]
INFO: [ view_filter ] --START--
INFO: Run Behavior\WriteHtmlCacheBehavior [ RunTime:0.000014s ]
INFO: [ view_filter ] --END-- [ RunTime:-0.004040s ]

[ 2016-04-07T02:32:31+08:00 ] 127.0.0.1 /User/Login/login
INFO: [ app_init ] --START--
INFO: Run Behavior\BuildLiteBehavior [ RunTime:0.000015s ]
INFO: [ app_init ] --END-- [ RunTime:0.000613s ]
INFO: [ app_begin ] --START--
INFO: Run Behavior\ReadHtmlCacheBehavior [ RunTime:0.000838s ]
INFO: Run Behavior\ReadHtmlCacheBehavior [ RunTime:0.000009s ]
INFO: Run Behavior\CheckLangBehavior [ RunTime:0.000781s ]
INFO: [ app_begin ] --END-- [ RunTime:0.001731s ]
INFO: [ view_parse ] --START--
INFO: [ template_filter ] --START--
INFO: Run Behavior\ContentReplaceBehavior [ RunTime:0.000045s ]
INFO: [ template_filter ] --END-- [ RunTime:0.000091s ]
INFO: Run Behavior\ParseTemplateBehavior [ RunTime:0.006554s ]
INFO: [ view_parse ] --END-- [ RunTime:0.006609s ]
INFO: [ view_filter ] --START--
INFO: Run Behavior\WriteHtmlCacheBehavior [ RunTime:0.000650s ]
INFO: [ view_filter ] --END-- [ RunTime:0.000686s ]
INFO: [ app_end ] --START--
INFO: Run Behavior\ShowPageTraceBehavior [ RunTime:0.000633s ]
INFO: [ app_end ] --END-- [ RunTime:0.000681s ]

[ 2016-04-07T02:32:32+08:00 ] 127.0.0.1 /User/register/forgetpassword
INFO: [ app_init ] --START--
INFO: Run Behavior\BuildLiteBehavior [ RunTime:0.000012s ]
INFO: [ app_init ] --END-- [ RunTime:0.000411s ]
INFO: [ app_begin ] --START--
INFO: Run Behavior\ReadHtmlCacheBehavior [ RunTime:0.000558s ]
INFO: Run Behavior\ReadHtmlCacheBehavior [ RunTime:0.000006s ]
INFO: Run Behavior\CheckLangBehavior [ RunTime:0.000564s ]
INFO: [ app_begin ] --END-- [ RunTime:0.001205s ]
INFO: [ view_parse ] --START--
INFO: [ template_filter ] --START--
INFO: Run Behavior\ContentReplaceBehavior [ RunTime:0.000037s ]
INFO: [ template_filter ] --END-- [ RunTime:0.000080s ]
INFO: Run Behavior\ParseTemplateBehavior [ RunTime:0.005769s ]
INFO: [ view_parse ] --END-- [ RunTime:0.005825s ]
INFO: [ view_filter ] --START--
INFO: Run Behavior\WriteHtmlCacheBehavior [ RunTime:0.000409s ]
INFO: [ view_filter ] --END-- [ RunTime:0.000439s ]

[ 2016-04-07T02:42:07+08:00 ] 127.0.0.1 /User/Register/register
INFO: [ app_init ] --START--
INFO: Run Behavior\BuildLiteBehavior [ RunTime:0.000013s ]
INFO: [ app_init ] --END-- [ RunTime:0.000552s ]
INFO: [ app_begin ] --START--
INFO: Run Behavior\ReadHtmlCacheBehavior [ RunTime:0.000833s ]
INFO: Run Behavior\ReadHtmlCacheBehavior [ RunTime:0.000008s ]
INFO: Run Behavior\CheckLangBehavior [ RunTime:0.000881s ]
INFO: [ app_begin ] --END-- [ RunTime:0.001863s ]
INFO: [ view_parse ] --START--
INFO: [ template_filter ] --START--
INFO: Run Behavior\ContentReplaceBehavior [ RunTime:0.000070s ]
INFO: [ template_filter ] --END-- [ RunTime:0.000119s ]
INFO: Run Behavior\ParseTemplateBehavior [ RunTime:0.029616s ]
INFO: [ view_parse ] --END-- [ RunTime:0.029684s ]
INFO: [ view_filter ] --START--
INFO: Run Behavior\WriteHtmlCacheBehavior [ RunTime:0.000516s ]
INFO: [ view_filter ] --END-- [ RunTime:0.000551s ]
INFO: [ app_end ] --START--
INFO: Run Behavior\ShowPageTraceBehavior [ RunTime:0.001147s ]
INFO: [ app_end ] --END-- [ RunTime:0.001218s ]

[ 2016-04-07T02:42:20+08:00 ] 127.0.0.1 /User/Register/regValidate/pnum/15751001019
INFO: [ app_init ] --START--
INFO: Run Behavior\BuildLiteBehavior [ RunTime:0.000011s ]
INFO: [ app_init ] --END-- [ RunTime:0.000411s ]
INFO: [ app_begin ] --START--
INFO: Run Behavior\ReadHtmlCacheBehavior [ RunTime:0.000677s ]
INFO: Run Behavior\ReadHtmlCacheBehavior [ RunTime:0.000007s ]
INFO: Run Behavior\CheckLangBehavior [ RunTime:0.000666s ]
INFO: [ app_begin ] --END-- [ RunTime:0.001439s ]
NOTIC: [8] Use of undefined constant pnum - assumed 'pnum' E:\wamp\Apache24\htdocs\express\Apps\User\Controller\RegisterController.class.php 第 37 行.
SQL: SHOW COLUMNS FROM `exp_user` [ RunTime:0.0308s ]
SQL: SELECT * FROM `exp_user` WHERE `user_phone` = '15751001019' LIMIT 1   [ RunTime:0.0288s ]
INFO: [ app_end ] --START--
INFO: Run Behavior\ShowPageTraceBehavior [ RunTime:0.002753s ]
INFO: [ app_end ] --END-- [ RunTime:0.002891s ]

[ 2016-04-07T02:48:34+08:00 ] 127.0.0.1 /User/register/forgetpassword
INFO: [ app_init ] --START--
INFO: Run Behavior\BuildLiteBehavior [ RunTime:0.000018s ]
INFO: [ app_init ] --END-- [ RunTime:0.000720s ]
INFO: [ app_begin ] --START--
INFO: Run Behavior\ReadHtmlCacheBehavior [ RunTime:0.001422s ]
INFO: Run Behavior\ReadHtmlCacheBehavior [ RunTime:0.000023s ]
INFO: Run Behavior\CheckLangBehavior [ RunTime:0.001410s ]
INFO: [ app_begin ] --END-- [ RunTime:0.003059s ]
INFO: [ view_parse ] --START--
INFO: [ template_filter ] --START--
INFO: Run Behavior\ContentReplaceBehavior [ RunTime:0.000043s ]
INFO: [ template_filter ] --END-- [ RunTime:0.000088s ]
INFO: Run Behavior\ParseTemplateBehavior [ RunTime:0.007937s ]
INFO: [ view_parse ] --END-- [ RunTime:0.008004s ]
INFO: [ view_filter ] --START--
INFO: Run Behavior\WriteHtmlCacheBehavior [ RunTime:0.000504s ]
INFO: [ view_filter ] --END-- [ RunTime:0.000534s ]

[ 2016-04-07T02:48:34+08:00 ] 127.0.0.1 /User/Register/register
INFO: [ app_init ] --START--
INFO: Run Behavior\BuildLiteBehavior [ RunTime:0.000018s ]
INFO: [ app_init ] --END-- [ RunTime:0.000722s ]
INFO: [ app_begin ] --START--
INFO: Run Behavior\ReadHtmlCacheBehavior [ RunTime:0.001866s ]
INFO: Run Behavior\ReadHtmlCacheBehavior [ RunTime:0.000013s ]
INFO: Run Behavior\CheckLangBehavior [ RunTime:0.001312s ]
INFO: [ app_begin ] --END-- [ RunTime:0.003361s ]
INFO: [ view_parse ] --START--
INFO: [ template_filter ] --START--
INFO: Run Behavior\ContentReplaceBehavior [ RunTime:0.000060s ]
INFO: [ template_filter ] --END-- [ RunTime:0.000108s ]
INFO: Run Behavior\ParseTemplateBehavior [ RunTime:0.007963s ]
INFO: [ view_parse ] --END-- [ RunTime:0.008032s ]
INFO: [ view_filter ] --START--
INFO: Run Behavior\WriteHtmlCacheBehavior [ RunTime:0.000532s ]
INFO: [ view_filter ] --END-- [ RunTime:0.000570s ]
INFO: [ app_end ] --START--
INFO: Run Behavior\ShowPageTraceBehavior [ RunTime:0.000739s ]
INFO: [ app_end ] --END-- [ RunTime:0.000781s ]

[ 2016-04-07T02:48:41+08:00 ] 127.0.0.1 /User/register/cendMessage
INFO: [ app_init ] --START--
INFO: Run Behavior\BuildLiteBehavior [ RunTime:0.000016s ]
INFO: [ app_init ] --END-- [ RunTime:0.000656s ]
INFO: [ app_begin ] --START--
INFO: Run Behavior\ReadHtmlCacheBehavior [ RunTime:0.000892s ]
INFO: Run Behavior\ReadHtmlCacheBehavior [ RunTime:0.000008s ]
INFO: Run Behavior\CheckLangBehavior [ RunTime:0.000882s ]
INFO: [ app_begin ] --END-- [ RunTime:0.001901s ]
INFO: [ app_end ] --START--
INFO: Run Behavior\ShowPageTraceBehavior [ RunTime:0.002404s ]
INFO: [ app_end ] --END-- [ RunTime:0.002577s ]

[ 2016-04-07T02:49:11+08:00 ] 127.0.0.1 /User/register/forgetpassword
INFO: [ app_init ] --START--
INFO: Run Behavior\BuildLiteBehavior [ RunTime:0.000018s ]
INFO: [ app_init ] --END-- [ RunTime:0.000635s ]
INFO: [ app_begin ] --START--
INFO: Run Behavior\ReadHtmlCacheBehavior [ RunTime:0.000743s ]
INFO: Run Behavior\ReadHtmlCacheBehavior [ RunTime:0.000008s ]
INFO: Run Behavior\CheckLangBehavior [ RunTime:0.000766s ]
INFO: [ app_begin ] --END-- [ RunTime:0.001647s ]
SQL: SHOW COLUMNS FROM `exp_user` [ RunTime:0.0361s ]
SQL: SELECT * FROM `exp_user` WHERE `user_phone` = '15751001019' LIMIT 1   [ RunTime:0.0350s ]
INFO: [ view_parse ] --START--
INFO: [ template_filter ] --START--
INFO: Run Behavior\ContentReplaceBehavior [ RunTime:0.000143s ]
INFO: [ template_filter ] --END-- [ RunTime:0.000305s ]
INFO: Run Behavior\ParseTemplateBehavior [ RunTime:0.022840s ]
INFO: [ view_parse ] --END-- [ RunTime:0.023029s ]
INFO: [ view_filter ] --START--
INFO: Run Behavior\WriteHtmlCacheBehavior [ RunTime:0.001614s ]
INFO: [ view_filter ] --END-- [ RunTime:0.001736s ]

[ 2016-04-07T02:51:43+08:00 ] 127.0.0.1 /User/register/cendMessage
INFO: [ app_init ] --START--
INFO: Run Behavior\BuildLiteBehavior [ RunTime:0.000015s ]
INFO: [ app_init ] --END-- [ RunTime:0.000551s ]
INFO: [ app_begin ] --START--
INFO: Run Behavior\ReadHtmlCacheBehavior [ RunTime:0.000794s ]
INFO: Run Behavior\ReadHtmlCacheBehavior [ RunTime:0.000006s ]
INFO: Run Behavior\CheckLangBehavior [ RunTime:0.000787s ]
INFO: [ app_begin ] --END-- [ RunTime:0.001679s ]
INFO: [ app_end ] --START--
INFO: Run Behavior\ShowPageTraceBehavior [ RunTime:0.002450s ]
INFO: [ app_end ] --END-- [ RunTime:0.002638s ]

[ 2016-04-07T02:52:04+08:00 ] 127.0.0.1 /User/register/forgetpassword
INFO: [ app_init ] --START--
INFO: Run Behavior\BuildLiteBehavior [ RunTime:0.000011s ]
INFO: [ app_init ] --END-- [ RunTime:0.000504s ]
INFO: [ app_begin ] --START--
INFO: Run Behavior\ReadHtmlCacheBehavior [ RunTime:0.000642s ]
INFO: Run Behavior\ReadHtmlCacheBehavior [ RunTime:0.000005s ]
INFO: Run Behavior\CheckLangBehavior [ RunTime:0.000650s ]
INFO: [ app_begin ] --END-- [ RunTime:0.001373s ]
SQL: SHOW COLUMNS FROM `exp_user` [ RunTime:0.0342s ]
SQL: SELECT * FROM `exp_user` WHERE `user_phone` = '15751001019' LIMIT 1   [ RunTime:0.0347s ]
SQL: UPDATE `exp_user` SET `user_phone`='15751001019',`user_password`='1234567' WHERE `user_phone` = '15751001019' [ RunTime:0.0392s ]
INFO: [ view_parse ] --START--
INFO: [ template_filter ] --START--
INFO: Run Behavior\ContentReplaceBehavior [ RunTime:0.000121s ]
INFO: [ template_filter ] --END-- [ RunTime:0.000263s ]
INFO: Run Behavior\ParseTemplateBehavior [ RunTime:0.021154s ]
INFO: [ view_parse ] --END-- [ RunTime:0.021336s ]
INFO: [ view_filter ] --START--
INFO: Run Behavior\WriteHtmlCacheBehavior [ RunTime:0.002304s ]
INFO: [ view_filter ] --END-- [ RunTime:0.002461s ]
INFO: [ app_end ] --START--
INFO: Run Behavior\ShowPageTraceBehavior [ RunTime:0.002530s ]
INFO: [ app_end ] --END-- [ RunTime:0.002672s ]

[ 2016-04-07T02:52:06+08:00 ] 127.0.0.1 /User/Index/index
INFO: [ app_init ] --START--
INFO: Run Behavior\BuildLiteBehavior [ RunTime:0.000033s ]
INFO: [ app_init ] --END-- [ RunTime:0.001490s ]
INFO: [ app_begin ] --START--
INFO: Run Behavior\ReadHtmlCacheBehavior [ RunTime:0.001022s ]
INFO: Run Behavior\ReadHtmlCacheBehavior [ RunTime:0.000011s ]
INFO: Run Behavior\CheckLangBehavior [ RunTime:0.000930s ]
INFO: [ app_begin ] --END-- [ RunTime:0.002112s ]
INFO: [ view_parse ] --START--
INFO: [ template_filter ] --START--
INFO: Run Behavior\ContentReplaceBehavior [ RunTime:0.000047s ]
INFO: [ template_filter ] --END-- [ RunTime:0.000090s ]
INFO: Run Behavior\ParseTemplateBehavior [ RunTime:0.005725s ]
INFO: [ view_parse ] --END-- [ RunTime:0.005779s ]
INFO: [ view_filter ] --START--
INFO: Run Behavior\WriteHtmlCacheBehavior [ RunTime:0.000496s ]
INFO: [ view_filter ] --END-- [ RunTime:0.000544s ]
INFO: [ app_end ] --START--
INFO: Run Behavior\ShowPageTraceBehavior [ RunTime:0.000756s ]
INFO: [ app_end ] --END-- [ RunTime:0.000803s ]

[ 2016-04-07T02:52:28+08:00 ] 127.0.0.1 /User/Login/login
INFO: [ app_init ] --START--
INFO: Run Behavior\BuildLiteBehavior [ RunTime:0.000013s ]
INFO: [ app_init ] --END-- [ RunTime:0.000582s ]
INFO: [ app_begin ] --START--
INFO: Run Behavior\ReadHtmlCacheBehavior [ RunTime:0.000719s ]
INFO: Run Behavior\ReadHtmlCacheBehavior [ RunTime:0.000007s ]
INFO: Run Behavior\CheckLangBehavior [ RunTime:0.000726s ]
INFO: [ app_begin ] --END-- [ RunTime:0.001530s ]
INFO: [ view_parse ] --START--
INFO: [ template_filter ] --START--
INFO: Run Behavior\ContentReplaceBehavior [ RunTime:0.000039s ]
INFO: [ template_filter ] --END-- [ RunTime:0.000087s ]
INFO: Run Behavior\ParseTemplateBehavior [ RunTime:0.007140s ]
INFO: [ view_parse ] --END-- [ RunTime:0.007197s ]
INFO: [ view_filter ] --START--
INFO: Run Behavior\WriteHtmlCacheBehavior [ RunTime:0.000570s ]
INFO: [ view_filter ] --END-- [ RunTime:0.000620s ]
INFO: [ app_end ] --START--
INFO: Run Behavior\ShowPageTraceBehavior [ RunTime:0.001012s ]
INFO: [ app_end ] --END-- [ RunTime:0.001054s ]

[ 2016-04-07T02:52:38+08:00 ] 127.0.0.1 /User/Login/login
INFO: [ app_init ] --START--
INFO: Run Behavior\BuildLiteBehavior [ RunTime:0.000017s ]
INFO: [ app_init ] --END-- [ RunTime:0.000622s ]
INFO: [ app_begin ] --START--
INFO: Run Behavior\ReadHtmlCacheBehavior [ RunTime:0.000916s ]
INFO: Run Behavior\ReadHtmlCacheBehavior [ RunTime:0.000007s ]
INFO: Run Behavior\CheckLangBehavior [ RunTime:0.000943s ]
INFO: [ app_begin ] --END-- [ RunTime:0.001991s ]
SQL: SHOW COLUMNS FROM `exp_user` [ RunTime:0.0306s ]
NOTIC: [8] Undefined variable: where E:\wamp\Apache24\htdocs\express\Apps\User\Controller\LoginController.class.php 第 12 行.
SQL: SELECT * FROM `exp_user` WHERE `user_phone` = '15751001019' AND `user_password` = 'e10adc3949ba59abbe56e057f20f883e' LIMIT 1   [ RunTime:0.0404s ]
INFO: [ app_end ] --START--
INFO: Run Behavior\ShowPageTraceBehavior [ RunTime:0.002616s ]
INFO: [ app_end ] --END-- [ RunTime:0.002804s ]

[ 2016-04-07T02:52:42+08:00 ] 127.0.0.1 /User/Login/login
INFO: [ app_init ] --START--
INFO: Run Behavior\BuildLiteBehavior [ RunTime:0.000064s ]
INFO: [ app_init ] --END-- [ RunTime:0.001258s ]
INFO: [ app_begin ] --START--
INFO: Run Behavior\ReadHtmlCacheBehavior [ RunTime:0.000901s ]
INFO: Run Behavior\ReadHtmlCacheBehavior [ RunTime:0.000008s ]
INFO: Run Behavior\CheckLangBehavior [ RunTime:0.000889s ]
INFO: [ app_begin ] --END-- [ RunTime:0.001928s ]
SQL: SHOW COLUMNS FROM `exp_user` [ RunTime:0.0311s ]
NOTIC: [8] Undefined variable: where E:\wamp\Apache24\htdocs\express\Apps\User\Controller\LoginController.class.php 第 12 行.
SQL: SELECT * FROM `exp_user` WHERE `user_phone` = '15751001019' AND `user_password` = 'fcea920f7412b5da7be0cf42b8c93759' LIMIT 1   [ RunTime:0.0297s ]
INFO: [ app_end ] --START--
INFO: Run Behavior\ShowPageTraceBehavior [ RunTime:0.000872s ]
INFO: [ app_end ] --END-- [ RunTime:0.000913s ]

[ 2016-04-07T02:52:46+08:00 ] 127.0.0.1 /User/Login/login
INFO: [ app_init ] --START--
INFO: Run Behavior\BuildLiteBehavior [ RunTime:0.000015s ]
INFO: [ app_init ] --END-- [ RunTime:0.000638s ]
INFO: [ app_begin ] --START--
INFO: Run Behavior\ReadHtmlCacheBehavior [ RunTime:0.000740s ]
INFO: Run Behavior\ReadHtmlCacheBehavior [ RunTime:0.000005s ]
INFO: Run Behavior\CheckLangBehavior [ RunTime:0.000715s ]
INFO: [ app_begin ] --END-- [ RunTime:0.001545s ]
SQL: SHOW COLUMNS FROM `exp_user` [ RunTime:0.0433s ]
NOTIC: [8] Undefined variable: where E:\wamp\Apache24\htdocs\express\Apps\User\Controller\LoginController.class.php 第 12 行.
SQL: SELECT * FROM `exp_user` WHERE `user_phone` = '15751001019' AND `user_password` = 'fcea920f7412b5da7be0cf42b8c93759' LIMIT 1   [ RunTime:0.0562s ]
INFO: [ app_end ] --START--
INFO: Run Behavior\ShowPageTraceBehavior [ RunTime:0.002427s ]
INFO: [ app_end ] --END-- [ RunTime:0.002587s ]

[ 2016-04-07T02:53:31+08:00 ] 127.0.0.1 /User/Login/login
INFO: [ app_init ] --START--
INFO: Run Behavior\BuildLiteBehavior [ RunTime:0.000016s ]
INFO: [ app_init ] --END-- [ RunTime:0.000590s ]
INFO: [ app_begin ] --START--
INFO: Run Behavior\ReadHtmlCacheBehavior [ RunTime:0.000856s ]
INFO: Run Behavior\ReadHtmlCacheBehavior [ RunTime:0.000008s ]
INFO: Run Behavior\CheckLangBehavior [ RunTime:0.000857s ]
INFO: [ app_begin ] --END-- [ RunTime:0.001816s ]
INFO: [ view_parse ] --START--
INFO: [ template_filter ] --START--
INFO: Run Behavior\ContentReplaceBehavior [ RunTime:0.000044s ]
INFO: [ template_filter ] --END-- [ RunTime:0.000090s ]
INFO: Run Behavior\ParseTemplateBehavior [ RunTime:0.007413s ]
INFO: [ view_parse ] --END-- [ RunTime:0.007496s ]
INFO: [ view_filter ] --START--
INFO: Run Behavior\WriteHtmlCacheBehavior [ RunTime:0.000909s ]
INFO: [ view_filter ] --END-- [ RunTime:0.000960s ]
INFO: [ app_end ] --START--
INFO: Run Behavior\ShowPageTraceBehavior [ RunTime:0.001010s ]
INFO: [ app_end ] --END-- [ RunTime:0.001061s ]

[ 2016-04-07T02:53:41+08:00 ] 127.0.0.1 /User/Login/login
INFO: [ app_init ] --START--
INFO: Run Behavior\BuildLiteBehavior [ RunTime:0.000012s ]
INFO: [ app_init ] --END-- [ RunTime:0.000474s ]
INFO: [ app_begin ] --START--
INFO: Run Behavior\ReadHtmlCacheBehavior [ RunTime:0.000710s ]
INFO: Run Behavior\ReadHtmlCacheBehavior [ RunTime:0.000005s ]
INFO: Run Behavior\CheckLangBehavior [ RunTime:0.000716s ]
INFO: [ app_begin ] --END-- [ RunTime:0.001508s ]
SQL: SHOW COLUMNS FROM `exp_user` [ RunTime:0.0319s ]
NOTIC: [8] Undefined variable: where E:\wamp\Apache24\htdocs\express\Apps\User\Controller\LoginController.class.php 第 12 行.
SQL: SELECT * FROM `exp_user` WHERE `user_phone` = '15751001019' AND `user_password` = 'fcea920f7412b5da7be0cf42b8c93759' LIMIT 1   [ RunTime:0.0438s ]
INFO: [ view_parse ] --START--
INFO: [ template_filter ] --START--
INFO: Run Behavior\ContentReplaceBehavior [ RunTime:0.000109s ]
INFO: [ template_filter ] --END-- [ RunTime:0.000247s ]
INFO: Run Behavior\ParseTemplateBehavior [ RunTime:0.021005s ]
INFO: [ view_parse ] --END-- [ RunTime:0.021239s ]
INFO: [ view_filter ] --START--
INFO: Run Behavior\WriteHtmlCacheBehavior [ RunTime:0.002034s ]
INFO: [ view_filter ] --END-- [ RunTime:0.002175s ]

[ 2016-04-07T02:54:12+08:00 ] 127.0.0.1 /User/Login/login
INFO: [ app_init ] --START--
INFO: Run Behavior\BuildLiteBehavior [ RunTime:0.000022s ]
INFO: [ app_init ] --END-- [ RunTime:0.000538s ]
INFO: [ app_begin ] --START--
INFO: Run Behavior\ReadHtmlCacheBehavior [ RunTime:0.001131s ]
INFO: Run Behavior\ReadHtmlCacheBehavior [ RunTime:0.000007s ]
INFO: Run Behavior\CheckLangBehavior [ RunTime:0.000955s ]
INFO: [ app_begin ] --END-- [ RunTime:0.002234s ]
SQL: SHOW COLUMNS FROM `exp_user` [ RunTime:0.9365s ]
NOTIC: [8] Undefined variable: where E:\wamp\Apache24\htdocs\express\Apps\User\Controller\LoginController.class.php 第 12 行.
SQL: SELECT * FROM `exp_user` WHERE `user_phone` = '15751001019' AND `user_password` = 'e10adc3949ba59abbe56e057f20f883e' LIMIT 1   [ RunTime:0.0325s ]
INFO: [ view_parse ] --START--
INFO: [ template_filter ] --START--
INFO: Run Behavior\ContentReplaceBehavior [ RunTime:0.000118s ]
INFO: [ template_filter ] --END-- [ RunTime:0.000260s ]
INFO: Run Behavior\ParseTemplateBehavior [ RunTime:0.022259s ]
INFO: [ view_parse ] --END-- [ RunTime:0.022415s ]
INFO: [ view_filter ] --START--
INFO: Run Behavior\WriteHtmlCacheBehavior [ RunTime:0.001850s ]
INFO: [ view_filter ] --END-- [ RunTime:0.001968s ]

[ 2016-04-07T02:59:41+08:00 ] 127.0.0.1 /User/register/forgetpassword
INFO: [ app_init ] --START--
INFO: Run Behavior\BuildLiteBehavior [ RunTime:0.000014s ]
INFO: [ app_init ] --END-- [ RunTime:0.000562s ]
INFO: [ app_begin ] --START--
INFO: Run Behavior\ReadHtmlCacheBehavior [ RunTime:0.000847s ]
INFO: Run Behavior\ReadHtmlCacheBehavior [ RunTime:0.000008s ]
INFO: Run Behavior\CheckLangBehavior [ RunTime:0.000869s ]
INFO: [ app_begin ] --END-- [ RunTime:0.001818s ]
INFO: [ view_parse ] --START--
INFO: [ template_filter ] --START--
INFO: Run Behavior\ContentReplaceBehavior [ RunTime:0.000072s ]
INFO: [ template_filter ] --END-- [ RunTime:0.000348s ]
INFO: Run Behavior\ParseTemplateBehavior [ RunTime:0.008939s ]
INFO: [ view_parse ] --END-- [ RunTime:0.009041s ]
INFO: [ view_filter ] --START--
INFO: Run Behavior\WriteHtmlCacheBehavior [ RunTime:0.000715s ]
INFO: [ view_filter ] --END-- [ RunTime:0.000789s ]

[ 2016-04-07T02:59:51+08:00 ] 127.0.0.1 /User/register/cendMessage
INFO: [ app_init ] --START--
INFO: Run Behavior\BuildLiteBehavior [ RunTime:0.000010s ]
INFO: [ app_init ] --END-- [ RunTime:0.000383s ]
INFO: [ app_begin ] --START--
INFO: Run Behavior\ReadHtmlCacheBehavior [ RunTime:0.000619s ]
INFO: Run Behavior\ReadHtmlCacheBehavior [ RunTime:0.000005s ]
INFO: Run Behavior\CheckLangBehavior [ RunTime:0.000634s ]
INFO: [ app_begin ] --END-- [ RunTime:0.001328s ]
INFO: [ app_end ] --START--
INFO: Run Behavior\ShowPageTraceBehavior [ RunTime:0.003064s ]
INFO: [ app_end ] --END-- [ RunTime:0.003241s ]

[ 2016-04-07T03:00:19+08:00 ] 127.0.0.1 /User/register/forgetpassword
INFO: [ app_init ] --START--
INFO: Run Behavior\BuildLiteBehavior [ RunTime:0.000014s ]
INFO: [ app_init ] --END-- [ RunTime:0.000486s ]
INFO: [ app_begin ] --START--
INFO: Run Behavior\ReadHtmlCacheBehavior [ RunTime:0.000728s ]
INFO: Run Behavior\ReadHtmlCacheBehavior [ RunTime:0.000005s ]
INFO: Run Behavior\CheckLangBehavior [ RunTime:0.000656s ]
INFO: [ app_begin ] --END-- [ RunTime:0.001491s ]
SQL: SHOW COLUMNS FROM `exp_user` [ RunTime:0.0439s ]
SQL: SELECT * FROM `exp_user` WHERE `user_phone` = '15751001019' LIMIT 1   [ RunTime:0.0309s ]
SQL: UPDATE `exp_user` SET `user_phone`='15751001019',`user_password`='e10adc3949ba59abbe56e057f20f883e' WHERE `user_phone` = '15751001019' [ RunTime:0.0332s ]
INFO: [ view_parse ] --START--
INFO: [ template_filter ] --START--
INFO: Run Behavior\ContentReplaceBehavior [ RunTime:0.000174s ]
INFO: [ template_filter ] --END-- [ RunTime:0.000334s ]
INFO: Run Behavior\ParseTemplateBehavior [ RunTime:0.020905s ]
INFO: [ view_parse ] --END-- [ RunTime:0.021052s ]
INFO: [ view_filter ] --START--
INFO: Run Behavior\WriteHtmlCacheBehavior [ RunTime:0.001796s ]
INFO: [ view_filter ] --END-- [ RunTime:0.001911s ]
INFO: [ app_end ] --START--
INFO: Run Behavior\ShowPageTraceBehavior [ RunTime:0.002416s ]
INFO: [ app_end ] --END-- [ RunTime:0.002536s ]

[ 2016-04-07T03:00:21+08:00 ] 127.0.0.1 /User/Index/index
INFO: [ app_init ] --START--
INFO: Run Behavior\BuildLiteBehavior [ RunTime:0.000017s ]
INFO: [ app_init ] --END-- [ RunTime:0.000743s ]
INFO: [ app_begin ] --START--
INFO: Run Behavior\ReadHtmlCacheBehavior [ RunTime:0.001138s ]
INFO: Run Behavior\ReadHtmlCacheBehavior [ RunTime:0.000011s ]
INFO: Run Behavior\CheckLangBehavior [ RunTime:0.001151s ]
INFO: [ app_begin ] --END-- [ RunTime:0.002427s ]
INFO: [ view_parse ] --START--
INFO: [ template_filter ] --START--
INFO: Run Behavior\ContentReplaceBehavior [ RunTime:0.000072s ]
INFO: [ template_filter ] --END-- [ RunTime:0.000142s ]
INFO: Run Behavior\ParseTemplateBehavior [ RunTime:0.010592s ]
INFO: [ view_parse ] --END-- [ RunTime:0.010669s ]
INFO: [ view_filter ] --START--
INFO: Run Behavior\WriteHtmlCacheBehavior [ RunTime:0.000896s ]
INFO: [ view_filter ] --END-- [ RunTime:0.000951s ]
INFO: [ app_end ] --START--
INFO: Run Behavior\ShowPageTraceBehavior [ RunTime:0.001175s ]
INFO: [ app_end ] --END-- [ RunTime:0.001232s ]

[ 2016-04-07T03:00:32+08:00 ] 127.0.0.1 /User/Login/login
INFO: [ app_init ] --START--
INFO: Run Behavior\BuildLiteBehavior [ RunTime:0.000012s ]
INFO: [ app_init ] --END-- [ RunTime:0.000425s ]
INFO: [ app_begin ] --START--
INFO: Run Behavior\ReadHtmlCacheBehavior [ RunTime:0.000683s ]
INFO: Run Behavior\ReadHtmlCacheBehavior [ RunTime:0.000007s ]
INFO: Run Behavior\CheckLangBehavior [ RunTime:0.000792s ]
INFO: [ app_begin ] --END-- [ RunTime:0.001593s ]
INFO: [ view_parse ] --START--
INFO: [ template_filter ] --START--
INFO: Run Behavior\ContentReplaceBehavior [ RunTime:0.000037s ]
INFO: [ template_filter ] --END-- [ RunTime:0.000080s ]
INFO: Run Behavior\ParseTemplateBehavior [ RunTime:0.005823s ]
INFO: [ view_parse ] --END-- [ RunTime:0.005878s ]
INFO: [ view_filter ] --START--
INFO: Run Behavior\WriteHtmlCacheBehavior [ RunTime:0.000486s ]
INFO: [ view_filter ] --END-- [ RunTime:0.000516s ]
INFO: [ app_end ] --START--
INFO: Run Behavior\ShowPageTraceBehavior [ RunTime:0.000637s ]
INFO: [ app_end ] --END-- [ RunTime:0.000669s ]

[ 2016-04-07T03:00:42+08:00 ] 127.0.0.1 /User/Login/login
INFO: [ app_init ] --START--
INFO: Run Behavior\BuildLiteBehavior [ RunTime:0.000011s ]
INFO: [ app_init ] --END-- [ RunTime:0.000483s ]
INFO: [ app_begin ] --START--
INFO: Run Behavior\ReadHtmlCacheBehavior [ RunTime:0.000708s ]
INFO: Run Behavior\ReadHtmlCacheBehavior [ RunTime:0.000005s ]
INFO: Run Behavior\CheckLangBehavior [ RunTime:0.000707s ]
INFO: [ app_begin ] --END-- [ RunTime:0.001502s ]
SQL: SHOW COLUMNS FROM `exp_user` [ RunTime:0.0366s ]
SQL: SELECT * FROM `exp_user` WHERE `user_phone` = '15751001019' AND `user_password` = 'e10adc3949ba59abbe56e057f20f883e' LIMIT 1   [ RunTime:0.0340s ]
NOTIC: [8] A session had already been started - ignoring session_start() E:\wamp\Apache24\htdocs\express\ThinkPHP\Common\functions.php 第 1272 行.
INFO: [ view_parse ] --START--
INFO: [ template_filter ] --START--
INFO: Run Behavior\ContentReplaceBehavior [ RunTime:0.000107s ]
INFO: [ template_filter ] --END-- [ RunTime:0.000239s ]
INFO: Run Behavior\ParseTemplateBehavior [ RunTime:0.020525s ]
INFO: [ view_parse ] --END-- [ RunTime:0.020678s ]
INFO: [ view_filter ] --START--
INFO: Run Behavior\WriteHtmlCacheBehavior [ RunTime:0.001861s ]
INFO: [ view_filter ] --END-- [ RunTime:0.001977s ]
INFO: [ app_end ] --START--
INFO: Run Behavior\ShowPageTraceBehavior [ RunTime:0.002818s ]
INFO: [ app_end ] --END-- [ RunTime:0.002954s ]

[ 2016-04-07T03:10:03+08:00 ] 127.0.0.1 /User/
INFO: [ app_init ] --START--
INFO: Run Behavior\BuildLiteBehavior [ RunTime:0.000014s ]
INFO: [ app_init ] --END-- [ RunTime:0.000617s ]
INFO: [ app_begin ] --START--
INFO: Run Behavior\ReadHtmlCacheBehavior [ RunTime:0.000924s ]
INFO: Run Behavior\ReadHtmlCacheBehavior [ RunTime:0.000009s ]
INFO: Run Behavior\CheckLangBehavior [ RunTime:0.000883s ]
INFO: [ app_begin ] --END-- [ RunTime:0.001931s ]
INFO: [ view_parse ] --START--
INFO: [ template_filter ] --START--
INFO: Run Behavior\ContentReplaceBehavior [ RunTime:0.000100s ]
INFO: [ template_filter ] --END-- [ RunTime:0.000202s ]
INFO: Run Behavior\ParseTemplateBehavior [ RunTime:0.007208s ]
INFO: [ view_parse ] --END-- [ RunTime:0.007270s ]
INFO: [ view_filter ] --START--
INFO: Run Behavior\WriteHtmlCacheBehavior [ RunTime:0.000544s ]
INFO: [ view_filter ] --END-- [ RunTime:0.000582s ]
INFO: [ app_end ] --START--
INFO: Run Behavior\ShowPageTraceBehavior [ RunTime:0.000923s ]
INFO: [ app_end ] --END-- [ RunTime:0.000970s ]

[ 2016-04-07T03:10:56+08:00 ] 127.0.0.1 /User/
INFO: [ app_init ] --START--
INFO: Run Behavior\BuildLiteBehavior [ RunTime:0.000014s ]
INFO: [ app_init ] --END-- [ RunTime:0.000487s ]
INFO: [ app_begin ] --START--
INFO: Run Behavior\ReadHtmlCacheBehavior [ RunTime:0.000863s ]
INFO: Run Behavior\ReadHtmlCacheBehavior [ RunTime:0.000007s ]
INFO: Run Behavior\CheckLangBehavior [ RunTime:0.000750s ]
INFO: [ app_begin ] --END-- [ RunTime:0.001712s ]
INFO: [ view_parse ] --START--
INFO: [ template_filter ] --START--
INFO: Run Behavior\ContentReplaceBehavior [ RunTime:0.000081s ]
INFO: [ template_filter ] --END-- [ RunTime:0.000155s ]
INFO: Run Behavior\ParseTemplateBehavior [ RunTime:0.007290s ]
INFO: [ view_parse ] --END-- [ RunTime:0.007351s ]
INFO: [ view_filter ] --START--
INFO: Run Behavior\WriteHtmlCacheBehavior [ RunTime:0.000501s ]
INFO: [ view_filter ] --END-- [ RunTime:0.000535s ]
INFO: [ app_end ] --START--
INFO: Run Behavior\ShowPageTraceBehavior [ RunTime:0.001173s ]
INFO: [ app_end ] --END-- [ RunTime:0.001249s ]

