[ 2016-06-01T00:06:00+08:00 ] 127.0.0.1 /User/
INFO: [ app_init ] --START--
INFO: Run Behavior\BuildLiteBehavior [ RunTime:0.000000s ]
INFO: [ app_init ] --END-- [ RunTime:0.000000s ]
INFO: [ app_begin ] --START--
INFO: Run Behavior\ReadHtmlCacheBehavior [ RunTime:0.001000s ]
INFO: Run Behavior\ReadHtmlCacheBehavior [ RunTime:0.000000s ]
INFO: Run Behavior\CheckLangBehavior [ RunTime:0.011001s ]
INFO: [ app_begin ] --END-- [ RunTime:0.012001s ]
INFO: [ view_parse ] --START--
INFO: [ template_filter ] --START--
INFO: Run Behavior\ContentReplaceBehavior [ RunTime:0.000000s ]
INFO: [ template_filter ] --END-- [ RunTime:0.000000s ]
INFO: Run Behavior\ParseTemplateBehavior [ RunTime:0.127008s ]
INFO: [ view_parse ] --END-- [ RunTime:0.127008s ]
INFO: [ view_filter ] --START--
INFO: Run Behavior\WriteHtmlCacheBehavior [ RunTime:0.001000s ]
INFO: [ view_filter ] --END-- [ RunTime:0.001000s ]
INFO: [ app_end ] --START--
INFO: Run Behavior\ShowPageTraceBehavior [ RunTime:0.001000s ]
INFO: [ app_end ] --END-- [ RunTime:0.001000s ]

[ 2016-06-01T00:06:04+08:00 ] 127.0.0.1 /User/Index/myinfo
INFO: [ app_init ] --START--
INFO: Run Behavior\BuildLiteBehavior [ RunTime:0.000000s ]
INFO: [ app_init ] --END-- [ RunTime:0.000000s ]
INFO: [ app_begin ] --START--
INFO: Run Behavior\ReadHtmlCacheBehavior [ RunTime:0.001000s ]
INFO: Run Behavior\ReadHtmlCacheBehavior [ RunTime:0.000000s ]
INFO: Run Behavior\CheckLangBehavior [ RunTime:0.000000s ]
INFO: [ app_begin ] --END-- [ RunTime:0.001000s ]
SQL: SHOW COLUMNS FROM `exp_user` [ RunTime:0.0410s ]
SQL: SHOW COLUMNS FROM `exp_school_area` [ RunTime:0.0380s ]
SQL: SHOW COLUMNS FROM `exp_school_area_detail` [ RunTime:0.0390s ]
SQL: SELECT * FROM `exp_user` WHERE `user_phone` = '15751001019' LIMIT 1   [ RunTime:0.0520s ]
SQL: SELECT * FROM `exp_school_area` WHERE `status` = 1  [ RunTime:0.0410s ]
SQL: SELECT * FROM `exp_school_area_detail` WHERE `status` = 1  [ RunTime:0.0490s ]
INFO: [ view_parse ] --START--
INFO: [ template_filter ] --START--
INFO: Run Behavior\ContentReplaceBehavior [ RunTime:0.000000s ]
INFO: [ template_filter ] --END-- [ RunTime:0.000000s ]
INFO: Run Behavior\ParseTemplateBehavior [ RunTime:0.089005s ]
INFO: [ view_parse ] --END-- [ RunTime:0.089005s ]
INFO: [ view_filter ] --START--
INFO: Run Behavior\WriteHtmlCacheBehavior [ RunTime:0.000000s ]
INFO: [ view_filter ] --END-- [ RunTime:0.000000s ]
INFO: [ app_end ] --START--
INFO: Run Behavior\ShowPageTraceBehavior [ RunTime:0.001000s ]
INFO: [ app_end ] --END-- [ RunTime:0.001000s ]

[ 2016-06-01T00:06:06+08:00 ] 127.0.0.1 /User/Order/my_order
INFO: [ app_init ] --START--
INFO: Run Behavior\BuildLiteBehavior [ RunTime:0.000000s ]
INFO: [ app_init ] --END-- [ RunTime:0.000000s ]
INFO: [ app_begin ] --START--
INFO: Run Behavior\ReadHtmlCacheBehavior [ RunTime:0.000000s ]
INFO: Run Behavior\ReadHtmlCacheBehavior [ RunTime:0.000000s ]
INFO: Run Behavior\CheckLangBehavior [ RunTime:0.001000s ]
INFO: [ app_begin ] --END-- [ RunTime:0.001000s ]
SQL: SHOW COLUMNS FROM `exp_user` [ RunTime:0.0310s ]
SQL: SHOW COLUMNS FROM `exp_order` [ RunTime:0.0280s ]
SQL: SHOW COLUMNS FROM `exp_status` [ RunTime:0.0300s ]
SQL: SHOW COLUMNS FROM `exp_cend` [ RunTime:0.0430s ]
SQL: SHOW COLUMNS FROM `exp_cend_status` [ RunTime:0.0310s ]
SQL: SELECT * FROM `exp_order` INNER JOIN exp_user on exp_order.order_user_id = exp_user.user_id INNER JOIN exp_status on exp_order.order_status_id = exp_status.status_id  WHERE `user_phone` = '15751001019' AND `order_deleted` = 0 ORDER BY order_id desc  [ RunTime:0.0840s ]
SQL: SELECT * FROM `exp_cend` INNER JOIN exp_user on exp_cend.user_id=exp_user.user_id INNER JOIN exp_cend_status on exp_cend.status_id=exp_cend_status.status_id  WHERE `user_phone` = '15751001019' AND `delete` = 0 ORDER BY cend_id desc  [ RunTime:0.0330s ]
INFO: [ view_parse ] --START--
INFO: [ template_filter ] --START--
INFO: Run Behavior\ContentReplaceBehavior [ RunTime:0.000000s ]
INFO: [ template_filter ] --END-- [ RunTime:0.000000s ]
INFO: Run Behavior\ParseTemplateBehavior [ RunTime:0.545031s ]
INFO: [ view_parse ] --END-- [ RunTime:0.545031s ]
INFO: [ view_filter ] --START--
INFO: Run Behavior\WriteHtmlCacheBehavior [ RunTime:0.001000s ]
INFO: [ view_filter ] --END-- [ RunTime:0.001000s ]
INFO: [ app_end ] --START--
INFO: Run Behavior\ShowPageTraceBehavior [ RunTime:0.000000s ]
INFO: [ app_end ] --END-- [ RunTime:0.000000s ]

[ 2016-06-01T02:28:44+08:00 ] 127.0.0.1 /User/Order/my_order
INFO: [ app_init ] --START--
INFO: Run Behavior\BuildLiteBehavior [ RunTime:0.000000s ]
INFO: [ app_init ] --END-- [ RunTime:0.000000s ]
INFO: [ app_begin ] --START--
INFO: Run Behavior\ReadHtmlCacheBehavior [ RunTime:0.000000s ]
INFO: Run Behavior\ReadHtmlCacheBehavior [ RunTime:0.000000s ]
INFO: Run Behavior\CheckLangBehavior [ RunTime:0.000000s ]
INFO: [ app_begin ] --END-- [ RunTime:0.000000s ]
SQL: SHOW COLUMNS FROM `exp_user` [ RunTime:0.0230s ]
SQL: SHOW COLUMNS FROM `exp_order` [ RunTime:0.0240s ]
SQL: SHOW COLUMNS FROM `exp_status` [ RunTime:0.0230s ]
SQL: SHOW COLUMNS FROM `exp_cend` [ RunTime:0.0230s ]
SQL: SHOW COLUMNS FROM `exp_cend_status` [ RunTime:0.0230s ]
SQL: SELECT * FROM `exp_order` INNER JOIN exp_user on exp_order.order_user_id = exp_user.user_id INNER JOIN exp_status on exp_order.order_status_id = exp_status.status_id  WHERE `user_phone` = '15751001019' AND `order_deleted` = 0 ORDER BY order_id desc  [ RunTime:0.0790s ]
SQL: SELECT * FROM `exp_cend` INNER JOIN exp_user on exp_cend.user_id=exp_user.user_id INNER JOIN exp_cend_status on exp_cend.status_id=exp_cend_status.status_id  WHERE `user_phone` = '15751001019' AND `delete` = 0 ORDER BY cend_id desc  [ RunTime:0.0250s ]
SQL: SHOW COLUMNS FROM `exp_glist` [ RunTime:0.0240s ]
ERR: 1054:Unknown column 'delete' in 'where clause'
 [ SQL语句 ] : SELECT * FROM `exp_glist` INNER JOIN exp_user on exp_glist.glist_userid=exp_user.user_id  WHERE `user_phone` = '15751001019' AND `delete` = 0 ORDER BY glist_id desc 
ERR: 1054:Unknown column 'delete' in 'where clause'
 [ SQL语句 ] : SELECT * FROM `exp_glist` INNER JOIN exp_user on exp_glist.glist_userid=exp_user.user_id  WHERE `user_phone` = '15751001019' AND `delete` = 0 ORDER BY glist_id desc 

[ 2016-06-01T02:37:34+08:00 ] 127.0.0.1 /User/Order/my_order
INFO: [ app_init ] --START--
INFO: Run Behavior\BuildLiteBehavior [ RunTime:0.000000s ]
INFO: [ app_init ] --END-- [ RunTime:0.000000s ]
INFO: [ app_begin ] --START--
INFO: Run Behavior\ReadHtmlCacheBehavior [ RunTime:0.000000s ]
INFO: Run Behavior\ReadHtmlCacheBehavior [ RunTime:0.000000s ]
INFO: Run Behavior\CheckLangBehavior [ RunTime:0.000000s ]
INFO: [ app_begin ] --END-- [ RunTime:0.001000s ]
SQL: SHOW COLUMNS FROM `exp_user` [ RunTime:0.0220s ]
SQL: SHOW COLUMNS FROM `exp_order` [ RunTime:0.0220s ]
SQL: SHOW COLUMNS FROM `exp_status` [ RunTime:0.0230s ]
SQL: SHOW COLUMNS FROM `exp_cend` [ RunTime:0.0220s ]
SQL: SHOW COLUMNS FROM `exp_cend_status` [ RunTime:0.0210s ]
SQL: SELECT `user_id` FROM `exp_user` WHERE `user_phone` = '15751001019' LIMIT 1   [ RunTime:0.0210s ]
SQL: SELECT * FROM `exp_order` INNER JOIN exp_user on exp_order.order_user_id = exp_user.user_id INNER JOIN exp_status on exp_order.order_status_id = exp_status.status_id  WHERE `user_phone` = '15751001019' AND `order_deleted` = 0 ORDER BY order_id desc  [ RunTime:0.0770s ]
SQL: SELECT * FROM `exp_cend` INNER JOIN exp_user on exp_cend.user_id=exp_user.user_id INNER JOIN exp_cend_status on exp_cend.status_id=exp_cend_status.status_id  WHERE `user_phone` = '15751001019' AND `delete` = 0 ORDER BY cend_id desc  [ RunTime:0.0230s ]
SQL: SHOW COLUMNS FROM `exp_glist` [ RunTime:0.0220s ]
SQL: SELECT * FROM `exp_glist` INNER JOIN exp_user on exp_glist.glist_userid=exp_user.user_id  WHERE `glist_userid` = '998' AND `glist_deleted` = 0 ORDER BY glist_id desc  [ RunTime:0.0230s ]
SQL: SHOW COLUMNS FROM `exp_lcend` [ RunTime:0.0220s ]
SQL: SELECT * FROM `exp_lcend` INNER JOIN exp_user on exp_lcend.lcend_userid=exp_user.user_id  WHERE `lcend_userid` = '998' AND `lcend_delete` = 0 ORDER BY lcend_id desc  [ RunTime:0.0150s ]
INFO: [ view_parse ] --START--
INFO: [ template_filter ] --START--
INFO: Run Behavior\ContentReplaceBehavior [ RunTime:0.000000s ]
INFO: [ template_filter ] --END-- [ RunTime:0.000000s ]
INFO: Run Behavior\ParseTemplateBehavior [ RunTime:0.022001s ]
INFO: [ view_parse ] --END-- [ RunTime:0.023001s ]
INFO: [ view_filter ] --START--
INFO: Run Behavior\WriteHtmlCacheBehavior [ RunTime:0.000000s ]
INFO: [ view_filter ] --END-- [ RunTime:0.000000s ]
INFO: [ app_end ] --START--
INFO: Run Behavior\ShowPageTraceBehavior [ RunTime:0.000000s ]
INFO: [ app_end ] --END-- [ RunTime:0.000000s ]

[ 2016-06-01T02:39:20+08:00 ] 127.0.0.1 /User/Order/my_order
INFO: [ app_init ] --START--
INFO: Run Behavior\BuildLiteBehavior [ RunTime:0.000000s ]
INFO: [ app_init ] --END-- [ RunTime:0.000000s ]
INFO: [ app_begin ] --START--
INFO: Run Behavior\ReadHtmlCacheBehavior [ RunTime:0.000000s ]
INFO: Run Behavior\ReadHtmlCacheBehavior [ RunTime:0.000000s ]
INFO: Run Behavior\CheckLangBehavior [ RunTime:0.000000s ]
INFO: [ app_begin ] --END-- [ RunTime:0.000000s ]
SQL: SHOW COLUMNS FROM `exp_user` [ RunTime:0.0270s ]
SQL: SHOW COLUMNS FROM `exp_order` [ RunTime:0.0270s ]
SQL: SHOW COLUMNS FROM `exp_status` [ RunTime:0.0260s ]
SQL: SHOW COLUMNS FROM `exp_cend` [ RunTime:0.0270s ]
SQL: SHOW COLUMNS FROM `exp_cend_status` [ RunTime:0.0270s ]
SQL: SELECT `user_id` FROM `exp_user` WHERE `user_phone` = '15751001019' LIMIT 1   [ RunTime:0.0260s ]

[ 2016-06-01T02:41:42+08:00 ] 127.0.0.1 /User/Order/my_order
INFO: [ app_init ] --START--
INFO: Run Behavior\BuildLiteBehavior [ RunTime:0.000000s ]
INFO: [ app_init ] --END-- [ RunTime:0.000000s ]
INFO: [ app_begin ] --START--
INFO: Run Behavior\ReadHtmlCacheBehavior [ RunTime:0.000000s ]
INFO: Run Behavior\ReadHtmlCacheBehavior [ RunTime:0.000000s ]
INFO: Run Behavior\CheckLangBehavior [ RunTime:0.000000s ]
INFO: [ app_begin ] --END-- [ RunTime:0.000000s ]
SQL: SHOW COLUMNS FROM `exp_user` [ RunTime:0.0260s ]
SQL: SHOW COLUMNS FROM `exp_order` [ RunTime:0.0270s ]
SQL: SHOW COLUMNS FROM `exp_status` [ RunTime:0.0300s ]
SQL: SHOW COLUMNS FROM `exp_cend` [ RunTime:0.0260s ]
SQL: SHOW COLUMNS FROM `exp_cend_status` [ RunTime:0.0270s ]
SQL: SELECT `user_id` FROM `exp_user` WHERE `user_phone` = '15751001019' LIMIT 1   [ RunTime:0.0280s ]
SQL: SELECT * FROM `exp_order` INNER JOIN exp_user on exp_order.order_user_id = exp_user.user_id INNER JOIN exp_status on exp_order.order_status_id = exp_status.status_id  WHERE `user_phone` = '15751001019' AND `order_deleted` = 0 ORDER BY order_id desc  [ RunTime:0.0780s ]
SQL: SELECT * FROM `exp_cend` INNER JOIN exp_user on exp_cend.user_id=exp_user.user_id INNER JOIN exp_cend_status on exp_cend.status_id=exp_cend_status.status_id  WHERE `user_phone` = '15751001019' AND `delete` = 0 ORDER BY cend_id desc  [ RunTime:0.0270s ]
SQL: SHOW COLUMNS FROM `exp_glist` [ RunTime:0.0270s ]
SQL: SELECT * FROM `exp_glist` INNER JOIN exp_user on exp_glist.glist_userid=exp_user.user_id  WHERE `glist_userid` = '998' AND `glist_deleted` = 0 ORDER BY glist_id desc  [ RunTime:0.0270s ]
SQL: SHOW COLUMNS FROM `exp_lcend` [ RunTime:0.0260s ]
SQL: SELECT * FROM `exp_lcend` INNER JOIN exp_user on exp_lcend.lcend_userid=exp_user.user_id  WHERE `lcend_userid` = '998' AND `lcend_delete` = 0 ORDER BY lcend_id desc  [ RunTime:0.0280s ]

[ 2016-06-01T02:42:40+08:00 ] 127.0.0.1 /User/Order/my_order
INFO: [ app_init ] --START--
INFO: Run Behavior\BuildLiteBehavior [ RunTime:0.000000s ]
INFO: [ app_init ] --END-- [ RunTime:0.000000s ]
INFO: [ app_begin ] --START--
INFO: Run Behavior\ReadHtmlCacheBehavior [ RunTime:0.001000s ]
INFO: Run Behavior\ReadHtmlCacheBehavior [ RunTime:0.000000s ]
INFO: Run Behavior\CheckLangBehavior [ RunTime:0.001000s ]
INFO: [ app_begin ] --END-- [ RunTime:0.004000s ]
SQL: SHOW COLUMNS FROM `exp_user` [ RunTime:0.0220s ]
SQL: SHOW COLUMNS FROM `exp_order` [ RunTime:0.0220s ]
SQL: SHOW COLUMNS FROM `exp_status` [ RunTime:0.0220s ]
SQL: SHOW COLUMNS FROM `exp_cend` [ RunTime:0.0220s ]
SQL: SHOW COLUMNS FROM `exp_cend_status` [ RunTime:0.0260s ]
SQL: SELECT `user_id` FROM `exp_user` WHERE `user_phone` = '15751001019' LIMIT 1   [ RunTime:0.0230s ]
SQL: SELECT * FROM `exp_order` INNER JOIN exp_user on exp_order.order_user_id = exp_user.user_id INNER JOIN exp_status on exp_order.order_status_id = exp_status.status_id  WHERE `user_phone` = '15751001019' AND `order_deleted` = 0 ORDER BY order_id desc  [ RunTime:0.0750s ]
SQL: SELECT * FROM `exp_cend` INNER JOIN exp_user on exp_cend.user_id=exp_user.user_id INNER JOIN exp_cend_status on exp_cend.status_id=exp_cend_status.status_id  WHERE `user_phone` = '15751001019' AND `delete` = 0 ORDER BY cend_id desc  [ RunTime:0.0270s ]
SQL: SHOW COLUMNS FROM `exp_glist` [ RunTime:0.0340s ]
SQL: SELECT * FROM `exp_glist` INNER JOIN exp_user on exp_glist.glist_userid=exp_user.user_id  WHERE `glist_userid` = '998' AND `glist_deleted` = 0 ORDER BY glist_id desc  [ RunTime:0.0220s ]
SQL: SHOW COLUMNS FROM `exp_lcend` [ RunTime:0.0210s ]
SQL: SELECT * FROM `exp_lcend` INNER JOIN exp_user on exp_lcend.lcend_userid=exp_user.user_id  WHERE `lcend_userid` = '998' AND `lcend_delete` = 0 ORDER BY lcend_id desc  [ RunTime:0.0220s ]

[ 2016-06-01T02:43:03+08:00 ] 127.0.0.1 /User/Order/my_order
INFO: [ app_init ] --START--
INFO: Run Behavior\BuildLiteBehavior [ RunTime:0.001000s ]
INFO: [ app_init ] --END-- [ RunTime:0.001000s ]
INFO: [ app_begin ] --START--
INFO: Run Behavior\ReadHtmlCacheBehavior [ RunTime:0.000000s ]
INFO: Run Behavior\ReadHtmlCacheBehavior [ RunTime:0.000000s ]
INFO: Run Behavior\CheckLangBehavior [ RunTime:0.001001s ]
INFO: [ app_begin ] --END-- [ RunTime:0.001001s ]
SQL: SHOW COLUMNS FROM `exp_user` [ RunTime:0.0270s ]
SQL: SHOW COLUMNS FROM `exp_order` [ RunTime:0.0280s ]
SQL: SHOW COLUMNS FROM `exp_status` [ RunTime:0.0270s ]
SQL: SHOW COLUMNS FROM `exp_cend` [ RunTime:0.0280s ]
SQL: SHOW COLUMNS FROM `exp_cend_status` [ RunTime:0.0280s ]
SQL: SELECT `user_id` FROM `exp_user` WHERE `user_phone` = '15751001019' LIMIT 1   [ RunTime:0.0270s ]
SQL: SELECT * FROM `exp_order` INNER JOIN exp_user on exp_order.order_user_id = exp_user.user_id INNER JOIN exp_status on exp_order.order_status_id = exp_status.status_id  WHERE `user_phone` = '15751001019' AND `order_deleted` = 0 ORDER BY order_id desc  [ RunTime:0.0820s ]
SQL: SELECT * FROM `exp_cend` INNER JOIN exp_user on exp_cend.user_id=exp_user.user_id INNER JOIN exp_cend_status on exp_cend.status_id=exp_cend_status.status_id  WHERE `user_phone` = '15751001019' AND `delete` = 0 ORDER BY cend_id desc  [ RunTime:0.0290s ]
SQL: SHOW COLUMNS FROM `exp_glist` [ RunTime:0.0280s ]
SQL: SELECT * FROM `exp_glist` INNER JOIN exp_user on exp_glist.glist_userid=exp_user.user_id  WHERE `glist_userid` = '998' AND `glist_deleted` = 0 ORDER BY glist_id desc  [ RunTime:0.0280s ]
SQL: SHOW COLUMNS FROM `exp_lcend` [ RunTime:0.0270s ]
SQL: SELECT * FROM `exp_lcend` INNER JOIN exp_user on exp_lcend.lcend_userid=exp_user.user_id  WHERE `lcend_userid` = '998' AND `lcend_delete` = 0 ORDER BY lcend_id desc  [ RunTime:0.0280s ]

[ 2016-06-01T02:43:36+08:00 ] 127.0.0.1 /User/Order/my_order
INFO: [ app_init ] --START--
INFO: Run Behavior\BuildLiteBehavior [ RunTime:0.000000s ]
INFO: [ app_init ] --END-- [ RunTime:0.000000s ]
INFO: [ app_begin ] --START--
INFO: Run Behavior\ReadHtmlCacheBehavior [ RunTime:0.000000s ]
INFO: Run Behavior\ReadHtmlCacheBehavior [ RunTime:0.000000s ]
INFO: Run Behavior\CheckLangBehavior [ RunTime:0.000000s ]
INFO: [ app_begin ] --END-- [ RunTime:0.000000s ]
SQL: SHOW COLUMNS FROM `exp_user` [ RunTime:0.0240s ]
SQL: SHOW COLUMNS FROM `exp_order` [ RunTime:0.0230s ]
SQL: SHOW COLUMNS FROM `exp_status` [ RunTime:0.0250s ]
SQL: SHOW COLUMNS FROM `exp_cend` [ RunTime:0.0230s ]
SQL: SHOW COLUMNS FROM `exp_cend_status` [ RunTime:0.0230s ]
SQL: SELECT `user_id` FROM `exp_user` WHERE `user_phone` = '15751001019' LIMIT 1   [ RunTime:0.0220s ]
SQL: SELECT * FROM `exp_order` INNER JOIN exp_user on exp_order.order_user_id = exp_user.user_id INNER JOIN exp_status on exp_order.order_status_id = exp_status.status_id  WHERE `user_phone` = '15751001019' AND `order_deleted` = 0 ORDER BY order_id desc  [ RunTime:0.0790s ]
SQL: SELECT * FROM `exp_cend` INNER JOIN exp_user on exp_cend.user_id=exp_user.user_id INNER JOIN exp_cend_status on exp_cend.status_id=exp_cend_status.status_id  WHERE `user_phone` = '15751001019' AND `delete` = 0 ORDER BY cend_id desc  [ RunTime:0.0250s ]
SQL: SHOW COLUMNS FROM `exp_glist` [ RunTime:0.0270s ]
SQL: SELECT * FROM `exp_glist` INNER JOIN exp_user on exp_glist.glist_userid=exp_user.user_id  WHERE `glist_userid` = '998' AND `glist_deleted` = 0 ORDER BY glist_id desc  [ RunTime:0.0260s ]
SQL: SHOW COLUMNS FROM `exp_lcend` [ RunTime:0.0230s ]
SQL: SELECT * FROM `exp_lcend` INNER JOIN exp_user on exp_lcend.lcend_userid=exp_user.user_id  WHERE `lcend_userid` = '998' AND `lcend_delete` = 0 ORDER BY lcend_id desc  [ RunTime:0.0230s ]
INFO: [ view_parse ] --START--
INFO: [ template_filter ] --START--
INFO: Run Behavior\ContentReplaceBehavior [ RunTime:0.000000s ]
INFO: [ template_filter ] --END-- [ RunTime:0.000000s ]
NOTIC: [8] Undefined index: status_name E:\wamp\Apache24\htdocs\express\Apps\Runtime\Cache\User\e70d60f446db9ea65e4c43d1270fa9bb.php 第 90 行.
NOTIC: [8] Undefined index: cend_id E:\wamp\Apache24\htdocs\express\Apps\Runtime\Cache\User\e70d60f446db9ea65e4c43d1270fa9bb.php 第 96 行.
NOTIC: [8] Undefined index: phone E:\wamp\Apache24\htdocs\express\Apps\Runtime\Cache\User\e70d60f446db9ea65e4c43d1270fa9bb.php 第 96 行.
NOTIC: [8] Undefined index: lcend_address E:\wamp\Apache24\htdocs\express\Apps\Runtime\Cache\User\e70d60f446db9ea65e4c43d1270fa9bb.php 第 100 行.
INFO: Run Behavior\ParseTemplateBehavior [ RunTime:0.007000s ]
INFO: [ view_parse ] --END-- [ RunTime:0.007000s ]
INFO: [ view_filter ] --START--
INFO: Run Behavior\WriteHtmlCacheBehavior [ RunTime:0.000000s ]
INFO: [ view_filter ] --END-- [ RunTime:0.000000s ]
INFO: [ app_end ] --START--
INFO: Run Behavior\ShowPageTraceBehavior [ RunTime:0.001000s ]
INFO: [ app_end ] --END-- [ RunTime:0.001000s ]

[ 2016-06-01T02:44:10+08:00 ] 127.0.0.1 /User/Order/my_order
INFO: [ app_init ] --START--
INFO: Run Behavior\BuildLiteBehavior [ RunTime:0.000000s ]
INFO: [ app_init ] --END-- [ RunTime:0.000000s ]
INFO: [ app_begin ] --START--
INFO: Run Behavior\ReadHtmlCacheBehavior [ RunTime:0.000000s ]
INFO: Run Behavior\ReadHtmlCacheBehavior [ RunTime:0.000000s ]
INFO: Run Behavior\CheckLangBehavior [ RunTime:0.000000s ]
INFO: [ app_begin ] --END-- [ RunTime:0.000000s ]
SQL: SHOW COLUMNS FROM `exp_user` [ RunTime:0.0270s ]
SQL: SHOW COLUMNS FROM `exp_order` [ RunTime:0.0260s ]
SQL: SHOW COLUMNS FROM `exp_status` [ RunTime:0.0260s ]
SQL: SHOW COLUMNS FROM `exp_cend` [ RunTime:0.0260s ]
SQL: SHOW COLUMNS FROM `exp_cend_status` [ RunTime:0.0260s ]
SQL: SELECT `user_id` FROM `exp_user` WHERE `user_phone` = '15751001019' LIMIT 1   [ RunTime:0.0260s ]
SQL: SELECT * FROM `exp_order` INNER JOIN exp_user on exp_order.order_user_id = exp_user.user_id INNER JOIN exp_status on exp_order.order_status_id = exp_status.status_id  WHERE `user_phone` = '15751001019' AND `order_deleted` = 0 ORDER BY order_id desc  [ RunTime:0.0810s ]
SQL: SELECT * FROM `exp_cend` INNER JOIN exp_user on exp_cend.user_id=exp_user.user_id INNER JOIN exp_cend_status on exp_cend.status_id=exp_cend_status.status_id  WHERE `user_phone` = '15751001019' AND `delete` = 0 ORDER BY cend_id desc  [ RunTime:0.0330s ]
SQL: SHOW COLUMNS FROM `exp_glist` [ RunTime:0.0260s ]
SQL: SELECT * FROM `exp_glist` INNER JOIN exp_user on exp_glist.glist_userid=exp_user.user_id  WHERE `glist_userid` = '998' AND `glist_deleted` = 0 ORDER BY glist_id desc  [ RunTime:0.0270s ]
SQL: SHOW COLUMNS FROM `exp_lcend` [ RunTime:0.0260s ]
SQL: SELECT * FROM `exp_lcend` INNER JOIN exp_user on exp_lcend.lcend_userid=exp_user.user_id  WHERE `lcend_userid` = '998' AND `lcend_delete` = 0 ORDER BY lcend_id desc  [ RunTime:0.0280s ]
INFO: [ view_parse ] --START--
INFO: [ template_filter ] --START--
INFO: Run Behavior\ContentReplaceBehavior [ RunTime:0.000000s ]
INFO: [ template_filter ] --END-- [ RunTime:0.000000s ]
NOTIC: [8] Undefined index: status_name E:\wamp\Apache24\htdocs\express\Apps\Runtime\Cache\User\e70d60f446db9ea65e4c43d1270fa9bb.php 第 90 行.
NOTIC: [8] Undefined index: cend_id E:\wamp\Apache24\htdocs\express\Apps\Runtime\Cache\User\e70d60f446db9ea65e4c43d1270fa9bb.php 第 96 行.
NOTIC: [8] Undefined index: phone E:\wamp\Apache24\htdocs\express\Apps\Runtime\Cache\User\e70d60f446db9ea65e4c43d1270fa9bb.php 第 96 行.
INFO: Run Behavior\ParseTemplateBehavior [ RunTime:0.007000s ]
INFO: [ view_parse ] --END-- [ RunTime:0.007000s ]
INFO: [ view_filter ] --START--
INFO: Run Behavior\WriteHtmlCacheBehavior [ RunTime:0.001000s ]
INFO: [ view_filter ] --END-- [ RunTime:0.001000s ]
INFO: [ app_end ] --START--
INFO: Run Behavior\ShowPageTraceBehavior [ RunTime:0.001000s ]
INFO: [ app_end ] --END-- [ RunTime:0.001000s ]

[ 2016-06-01T02:47:44+08:00 ] 127.0.0.1 /User/Order/my_order
INFO: [ app_init ] --START--
INFO: Run Behavior\BuildLiteBehavior [ RunTime:0.000000s ]
INFO: [ app_init ] --END-- [ RunTime:0.000000s ]
INFO: [ app_begin ] --START--
INFO: Run Behavior\ReadHtmlCacheBehavior [ RunTime:0.001000s ]
INFO: Run Behavior\ReadHtmlCacheBehavior [ RunTime:0.000000s ]
INFO: Run Behavior\CheckLangBehavior [ RunTime:0.000000s ]
INFO: [ app_begin ] --END-- [ RunTime:0.001000s ]
SQL: SHOW COLUMNS FROM `exp_user` [ RunTime:0.0280s ]
SQL: SHOW COLUMNS FROM `exp_order` [ RunTime:0.0290s ]
SQL: SHOW COLUMNS FROM `exp_status` [ RunTime:0.0270s ]
SQL: SHOW COLUMNS FROM `exp_cend` [ RunTime:0.0280s ]
SQL: SHOW COLUMNS FROM `exp_cend_status` [ RunTime:0.0270s ]
SQL: SELECT `user_id` FROM `exp_user` WHERE `user_phone` = '15751001019' LIMIT 1   [ RunTime:0.0270s ]
SQL: SELECT * FROM `exp_order` INNER JOIN exp_user on exp_order.order_user_id = exp_user.user_id INNER JOIN exp_status on exp_order.order_status_id = exp_status.status_id  WHERE `user_phone` = '15751001019' AND `order_deleted` = 0 ORDER BY order_id desc  [ RunTime:0.0820s ]
SQL: SELECT * FROM `exp_cend` INNER JOIN exp_user on exp_cend.user_id=exp_user.user_id INNER JOIN exp_cend_status on exp_cend.status_id=exp_cend_status.status_id  WHERE `user_phone` = '15751001019' AND `delete` = 0 ORDER BY cend_id desc  [ RunTime:0.0290s ]
SQL: SHOW COLUMNS FROM `exp_glist` [ RunTime:0.0290s ]
SQL: SELECT * FROM `exp_glist` INNER JOIN exp_user on exp_glist.glist_userid=exp_user.user_id  WHERE `glist_userid` = '998' AND `glist_deleted` = 0 ORDER BY glist_id desc  [ RunTime:0.0300s ]
SQL: SHOW COLUMNS FROM `exp_lcend` [ RunTime:0.0280s ]
SQL: SELECT * FROM `exp_lcend` INNER JOIN exp_user on exp_lcend.lcend_userid=exp_user.user_id  WHERE `lcend_userid` = '998' AND `lcend_delete` = 0 ORDER BY lcend_id desc  [ RunTime:0.0280s ]
INFO: [ view_parse ] --START--
INFO: [ template_filter ] --START--
INFO: Run Behavior\ContentReplaceBehavior [ RunTime:0.000000s ]
INFO: [ template_filter ] --END-- [ RunTime:0.000000s ]
NOTIC: [8] Undefined index: status_name E:\wamp\Apache24\htdocs\express\Apps\Runtime\Cache\User\e70d60f446db9ea65e4c43d1270fa9bb.php 第 90 行.
NOTIC: [8] Undefined index: cend_id E:\wamp\Apache24\htdocs\express\Apps\Runtime\Cache\User\e70d60f446db9ea65e4c43d1270fa9bb.php 第 96 行.
NOTIC: [8] Undefined index: phone E:\wamp\Apache24\htdocs\express\Apps\Runtime\Cache\User\e70d60f446db9ea65e4c43d1270fa9bb.php 第 96 行.
NOTIC: [8] Undefined index: status_name E:\wamp\Apache24\htdocs\express\Apps\Runtime\Cache\User\e70d60f446db9ea65e4c43d1270fa9bb.php 第 109 行.
NOTIC: [8] Undefined index: cend_id E:\wamp\Apache24\htdocs\express\Apps\Runtime\Cache\User\e70d60f446db9ea65e4c43d1270fa9bb.php 第 115 行.
NOTIC: [8] Undefined index: phone E:\wamp\Apache24\htdocs\express\Apps\Runtime\Cache\User\e70d60f446db9ea65e4c43d1270fa9bb.php 第 115 行.
NOTIC: [8] Undefined index: status_name E:\wamp\Apache24\htdocs\express\Apps\Runtime\Cache\User\e70d60f446db9ea65e4c43d1270fa9bb.php 第 109 行.
NOTIC: [8] Undefined index: cend_id E:\wamp\Apache24\htdocs\express\Apps\Runtime\Cache\User\e70d60f446db9ea65e4c43d1270fa9bb.php 第 115 行.
NOTIC: [8] Undefined index: phone E:\wamp\Apache24\htdocs\express\Apps\Runtime\Cache\User\e70d60f446db9ea65e4c43d1270fa9bb.php 第 115 行.
NOTIC: [8] Undefined index: status_name E:\wamp\Apache24\htdocs\express\Apps\Runtime\Cache\User\e70d60f446db9ea65e4c43d1270fa9bb.php 第 109 行.
NOTIC: [8] Undefined index: cend_id E:\wamp\Apache24\htdocs\express\Apps\Runtime\Cache\User\e70d60f446db9ea65e4c43d1270fa9bb.php 第 115 行.
NOTIC: [8] Undefined index: phone E:\wamp\Apache24\htdocs\express\Apps\Runtime\Cache\User\e70d60f446db9ea65e4c43d1270fa9bb.php 第 115 行.
NOTIC: [8] Undefined index: status_name E:\wamp\Apache24\htdocs\express\Apps\Runtime\Cache\User\e70d60f446db9ea65e4c43d1270fa9bb.php 第 109 行.
NOTIC: [8] Undefined index: cend_id E:\wamp\Apache24\htdocs\express\Apps\Runtime\Cache\User\e70d60f446db9ea65e4c43d1270fa9bb.php 第 115 行.
NOTIC: [8] Undefined index: phone E:\wamp\Apache24\htdocs\express\Apps\Runtime\Cache\User\e70d60f446db9ea65e4c43d1270fa9bb.php 第 115 行.
NOTIC: [8] Undefined index: status_name E:\wamp\Apache24\htdocs\express\Apps\Runtime\Cache\User\e70d60f446db9ea65e4c43d1270fa9bb.php 第 109 行.
NOTIC: [8] Undefined index: cend_id E:\wamp\Apache24\htdocs\express\Apps\Runtime\Cache\User\e70d60f446db9ea65e4c43d1270fa9bb.php 第 115 行.
NOTIC: [8] Undefined index: phone E:\wamp\Apache24\htdocs\express\Apps\Runtime\Cache\User\e70d60f446db9ea65e4c43d1270fa9bb.php 第 115 行.
NOTIC: [8] Undefined index: status_name E:\wamp\Apache24\htdocs\express\Apps\Runtime\Cache\User\e70d60f446db9ea65e4c43d1270fa9bb.php 第 109 行.
NOTIC: [8] Undefined index: cend_id E:\wamp\Apache24\htdocs\express\Apps\Runtime\Cache\User\e70d60f446db9ea65e4c43d1270fa9bb.php 第 115 行.
NOTIC: [8] Undefined index: phone E:\wamp\Apache24\htdocs\express\Apps\Runtime\Cache\User\e70d60f446db9ea65e4c43d1270fa9bb.php 第 115 行.
NOTIC: [8] Undefined index: status_name E:\wamp\Apache24\htdocs\express\Apps\Runtime\Cache\User\e70d60f446db9ea65e4c43d1270fa9bb.php 第 109 行.
NOTIC: [8] Undefined index: cend_id E:\wamp\Apache24\htdocs\express\Apps\Runtime\Cache\User\e70d60f446db9ea65e4c43d1270fa9bb.php 第 115 行.
NOTIC: [8] Undefined index: phone E:\wamp\Apache24\htdocs\express\Apps\Runtime\Cache\User\e70d60f446db9ea65e4c43d1270fa9bb.php 第 115 行.
INFO: Run Behavior\ParseTemplateBehavior [ RunTime:0.010000s ]
INFO: [ view_parse ] --END-- [ RunTime:0.010000s ]
INFO: [ view_filter ] --START--
INFO: Run Behavior\WriteHtmlCacheBehavior [ RunTime:0.000000s ]
INFO: [ view_filter ] --END-- [ RunTime:0.001000s ]
INFO: [ app_end ] --START--
INFO: Run Behavior\ShowPageTraceBehavior [ RunTime:0.001000s ]
INFO: [ app_end ] --END-- [ RunTime:0.001000s ]

