[ 2016-03-23T11:56:18+08:00 ] 127.0.0.1 /favicon.ico
INFO: [ app_init ] --START--
INFO: Run Behavior\BuildLiteBehavior [ RunTime:0.000073s ]
INFO: [ app_init ] --END-- [ RunTime:0.001083s ]
ERR: 无法加载模块:Favicon

[ 2016-03-23T11:56:44+08:00 ] 127.0.0.1 /CLodopfuncs.js
INFO: [ app_init ] --START--
INFO: Run Behavior\BuildLiteBehavior [ RunTime:0.000132s ]
INFO: [ app_init ] --END-- [ RunTime:0.001722s ]
ERR: 无法加载模块:CLodopfuncs

[ 2016-03-23T11:57:45+08:00 ] 127.0.0.1 /CLodopfuncs.js
INFO: [ app_init ] --START--
INFO: Run Behavior\BuildLiteBehavior [ RunTime:0.000136s ]
INFO: [ app_init ] --END-- [ RunTime:0.001808s ]
ERR: 无法加载模块:CLodopfuncs

[ 2016-03-23T12:12:50+08:00 ] 127.0.0.1 /CLodopfuncs.js
INFO: [ app_init ] --START--
INFO: Run Behavior\BuildLiteBehavior [ RunTime:0.000141s ]
INFO: [ app_init ] --END-- [ RunTime:0.002068s ]
ERR: 无法加载模块:CLodopfuncs

[ 2016-03-23T12:19:37+08:00 ] 127.0.0.1 /CLodopfuncs.js
INFO: [ app_init ] --START--
INFO: Run Behavior\BuildLiteBehavior [ RunTime:0.000151s ]
INFO: [ app_init ] --END-- [ RunTime:0.002062s ]
ERR: 无法加载模块:CLodopfuncs

[ 2016-03-23T12:19:44+08:00 ] 127.0.0.1 /CLodopfuncs.js
INFO: [ app_init ] --START--
INFO: Run Behavior\BuildLiteBehavior [ RunTime:0.000144s ]
INFO: [ app_init ] --END-- [ RunTime:0.002652s ]
ERR: 无法加载模块:CLodopfuncs

[ 2016-03-23T12:21:28+08:00 ] 127.0.0.1 /CLodopfuncs.js
INFO: [ app_init ] --START--
INFO: Run Behavior\BuildLiteBehavior [ RunTime:0.000284s ]
INFO: [ app_init ] --END-- [ RunTime:0.001996s ]
ERR: 无法加载模块:CLodopfuncs

[ 2016-03-23T12:33:41+08:00 ] 127.0.0.1 /CLodopfuncs.js
INFO: [ app_init ] --START--
INFO: Run Behavior\BuildLiteBehavior [ RunTime:0.000128s ]
INFO: [ app_init ] --END-- [ RunTime:0.001704s ]
ERR: 无法加载模块:CLodopfuncs

[ 2016-03-23T12:33:46+08:00 ] 127.0.0.1 /CLodopfuncs.js
INFO: [ app_init ] --START--
INFO: Run Behavior\BuildLiteBehavior [ RunTime:0.000135s ]
INFO: [ app_init ] --END-- [ RunTime:0.002529s ]
ERR: 无法加载模块:CLodopfuncs

[ 2016-03-23T12:40:00+08:00 ] 127.0.0.1 /CLodopfuncs.js
INFO: [ app_init ] --START--
INFO: Run Behavior\BuildLiteBehavior [ RunTime:0.000135s ]
INFO: [ app_init ] --END-- [ RunTime:0.001796s ]
ERR: 无法加载模块:CLodopfuncs

[ 2016-03-23T12:40:08+08:00 ] 127.0.0.1 /CLodopfuncs.js
INFO: [ app_init ] --START--
INFO: Run Behavior\BuildLiteBehavior [ RunTime:0.000154s ]
INFO: [ app_init ] --END-- [ RunTime:0.001831s ]
ERR: 无法加载模块:CLodopfuncs

[ 2016-03-23T13:13:28+08:00 ] 127.0.0.1 /CLodopfuncs.js
INFO: [ app_init ] --START--
INFO: Run Behavior\BuildLiteBehavior [ RunTime:0.000137s ]
INFO: [ app_init ] --END-- [ RunTime:0.001768s ]
ERR: 无法加载模块:CLodopfuncs

[ 2016-03-23T13:13:32+08:00 ] 127.0.0.1 /CLodopfuncs.js
INFO: [ app_init ] --START--
INFO: Run Behavior\BuildLiteBehavior [ RunTime:0.000145s ]
INFO: [ app_init ] --END-- [ RunTime:0.003099s ]
ERR: 无法加载模块:CLodopfuncs

[ 2016-03-23T13:13:35+08:00 ] 127.0.0.1 /CLodopfuncs.js
INFO: [ app_init ] --START--
INFO: Run Behavior\BuildLiteBehavior [ RunTime:0.000102s ]
INFO: [ app_init ] --END-- [ RunTime:0.001395s ]
ERR: 无法加载模块:CLodopfuncs

