[ 2016-04-09T19:40:56+08:00 ] 127.0.0.1 /favicon.ico
INFO: [ app_init ] --START--
INFO: Run Behavior\BuildLiteBehavior [ RunTime:0.000041s ]
INFO: [ app_init ] --END-- [ RunTime:0.229255s ]
ERR: 无法加载模块:Favicon

[ 2016-04-09T19:40:59+08:00 ] 127.0.0.1 /favicon.ico
INFO: [ app_init ] --START--
INFO: Run Behavior\BuildLiteBehavior [ RunTime:0.000027s ]
INFO: [ app_init ] --END-- [ RunTime:0.000892s ]
ERR: 无法加载模块:Favicon

[ 2016-04-09T19:41:33+08:00 ] 127.0.0.1 /CLodopfuncs.js
INFO: [ app_init ] --START--
INFO: Run Behavior\BuildLiteBehavior [ RunTime:0.000012s ]
INFO: [ app_init ] --END-- [ RunTime:0.000366s ]
ERR: 无法加载模块:CLodopfuncs

[ 2016-04-09T19:42:08+08:00 ] 127.0.0.1 /CLodopfuncs.js
INFO: [ app_init ] --START--
INFO: Run Behavior\BuildLiteBehavior [ RunTime:0.000026s ]
INFO: [ app_init ] --END-- [ RunTime:0.000706s ]
ERR: 无法加载模块:CLodopfuncs

[ 2016-04-09T19:43:00+08:00 ] 127.0.0.1 /CLodopfuncs.js
INFO: [ app_init ] --START--
INFO: Run Behavior\BuildLiteBehavior [ RunTime:0.000019s ]
INFO: [ app_init ] --END-- [ RunTime:0.000572s ]
ERR: 无法加载模块:CLodopfuncs

[ 2016-04-09T19:43:23+08:00 ] 127.0.0.1 /CLodopfuncs.js
INFO: [ app_init ] --START--
INFO: Run Behavior\BuildLiteBehavior [ RunTime:0.000012s ]
INFO: [ app_init ] --END-- [ RunTime:0.000350s ]
ERR: 无法加载模块:CLodopfuncs

[ 2016-04-09T19:45:25+08:00 ] 127.0.0.1 /CLodopfuncs.js
INFO: [ app_init ] --START--
INFO: Run Behavior\BuildLiteBehavior [ RunTime:0.000020s ]
INFO: [ app_init ] --END-- [ RunTime:0.000577s ]
ERR: 无法加载模块:CLodopfuncs

[ 2016-04-09T19:48:00+08:00 ] 127.0.0.1 /CLodopfuncs.js
INFO: [ app_init ] --START--
INFO: Run Behavior\BuildLiteBehavior [ RunTime:0.000019s ]
INFO: [ app_init ] --END-- [ RunTime:0.000542s ]
ERR: 无法加载模块:CLodopfuncs

[ 2016-04-09T19:48:46+08:00 ] 127.0.0.1 /CLodopfuncs.js
INFO: [ app_init ] --START--
INFO: Run Behavior\BuildLiteBehavior [ RunTime:0.000011s ]
INFO: [ app_init ] --END-- [ RunTime:0.000378s ]
ERR: 无法加载模块:CLodopfuncs

[ 2016-04-09T19:48:57+08:00 ] 127.0.0.1 /CLodopfuncs.js
INFO: [ app_init ] --START--
INFO: Run Behavior\BuildLiteBehavior [ RunTime:0.000018s ]
INFO: [ app_init ] --END-- [ RunTime:0.000542s ]
ERR: 无法加载模块:CLodopfuncs

[ 2016-04-09T19:51:49+08:00 ] 127.0.0.1 /CLodopfuncs.js
INFO: [ app_init ] --START--
INFO: Run Behavior\BuildLiteBehavior [ RunTime:0.000014s ]
INFO: [ app_init ] --END-- [ RunTime:0.000574s ]
ERR: 无法加载模块:CLodopfuncs

[ 2016-04-09T19:53:55+08:00 ] 127.0.0.1 /CLodopfuncs.js
INFO: [ app_init ] --START--
INFO: Run Behavior\BuildLiteBehavior [ RunTime:0.000012s ]
INFO: [ app_init ] --END-- [ RunTime:0.000336s ]
ERR: 无法加载模块:CLodopfuncs

[ 2016-04-09T19:53:58+08:00 ] 127.0.0.1 /CLodopfuncs.js
INFO: [ app_init ] --START--
INFO: Run Behavior\BuildLiteBehavior [ RunTime:0.000012s ]
INFO: [ app_init ] --END-- [ RunTime:0.000348s ]
ERR: 无法加载模块:CLodopfuncs

[ 2016-04-09T19:54:04+08:00 ] 127.0.0.1 /CLodopfuncs.js
INFO: [ app_init ] --START--
INFO: Run Behavior\BuildLiteBehavior [ RunTime:0.000013s ]
INFO: [ app_init ] --END-- [ RunTime:0.000377s ]
ERR: 无法加载模块:CLodopfuncs

[ 2016-04-09T19:54:13+08:00 ] 127.0.0.1 /CLodopfuncs.js
INFO: [ app_init ] --START--
INFO: Run Behavior\BuildLiteBehavior [ RunTime:0.000012s ]
INFO: [ app_init ] --END-- [ RunTime:0.000371s ]
ERR: 无法加载模块:CLodopfuncs

[ 2016-04-09T19:54:17+08:00 ] 127.0.0.1 /CLodopfuncs.js
INFO: [ app_init ] --START--
INFO: Run Behavior\BuildLiteBehavior [ RunTime:0.000019s ]
INFO: [ app_init ] --END-- [ RunTime:0.000535s ]
ERR: 无法加载模块:CLodopfuncs

[ 2016-04-09T19:54:20+08:00 ] 127.0.0.1 /CLodopfuncs.js
INFO: [ app_init ] --START--
INFO: Run Behavior\BuildLiteBehavior [ RunTime:0.000021s ]
INFO: [ app_init ] --END-- [ RunTime:0.000649s ]
ERR: 无法加载模块:CLodopfuncs

[ 2016-04-09T19:54:27+08:00 ] 127.0.0.1 /CLodopfuncs.js
INFO: [ app_init ] --START--
INFO: Run Behavior\BuildLiteBehavior [ RunTime:0.000027s ]
INFO: [ app_init ] --END-- [ RunTime:0.000602s ]
ERR: 无法加载模块:CLodopfuncs

[ 2016-04-09T19:54:53+08:00 ] 127.0.0.1 /CLodopfuncs.js
INFO: [ app_init ] --START--
INFO: Run Behavior\BuildLiteBehavior [ RunTime:0.000018s ]
INFO: [ app_init ] --END-- [ RunTime:0.000537s ]
ERR: 无法加载模块:CLodopfuncs

[ 2016-04-09T19:55:29+08:00 ] 127.0.0.1 /CLodopfuncs.js
INFO: [ app_init ] --START--
INFO: Run Behavior\BuildLiteBehavior [ RunTime:0.000012s ]
INFO: [ app_init ] --END-- [ RunTime:0.000365s ]
ERR: 无法加载模块:CLodopfuncs

[ 2016-04-09T19:55:53+08:00 ] 127.0.0.1 /CLodopfuncs.js
INFO: [ app_init ] --START--
INFO: Run Behavior\BuildLiteBehavior [ RunTime:0.000019s ]
INFO: [ app_init ] --END-- [ RunTime:0.000564s ]
ERR: 无法加载模块:CLodopfuncs

[ 2016-04-09T19:56:37+08:00 ] 127.0.0.1 /CLodopfuncs.js
INFO: [ app_init ] --START--
INFO: Run Behavior\BuildLiteBehavior [ RunTime:0.000025s ]
INFO: [ app_init ] --END-- [ RunTime:0.000640s ]
ERR: 无法加载模块:CLodopfuncs

[ 2016-04-09T19:56:40+08:00 ] 127.0.0.1 /CLodopfuncs.js
INFO: [ app_init ] --START--
INFO: Run Behavior\BuildLiteBehavior [ RunTime:0.000012s ]
INFO: [ app_init ] --END-- [ RunTime:0.000346s ]
ERR: 无法加载模块:CLodopfuncs

[ 2016-04-09T19:56:46+08:00 ] 127.0.0.1 /CLodopfuncs.js
INFO: [ app_init ] --START--
INFO: Run Behavior\BuildLiteBehavior [ RunTime:0.000013s ]
INFO: [ app_init ] --END-- [ RunTime:0.000458s ]
ERR: 无法加载模块:CLodopfuncs

[ 2016-04-09T19:57:06+08:00 ] 127.0.0.1 /CLodopfuncs.js
INFO: [ app_init ] --START--
INFO: Run Behavior\BuildLiteBehavior [ RunTime:0.000013s ]
INFO: [ app_init ] --END-- [ RunTime:0.000371s ]
ERR: 无法加载模块:CLodopfuncs

[ 2016-04-09T19:57:10+08:00 ] 127.0.0.1 /CLodopfuncs.js
INFO: [ app_init ] --START--
INFO: Run Behavior\BuildLiteBehavior [ RunTime:0.000021s ]
INFO: [ app_init ] --END-- [ RunTime:0.000671s ]
ERR: 无法加载模块:CLodopfuncs

[ 2016-04-09T20:00:14+08:00 ] 127.0.0.1 /CLodopfuncs.js
INFO: [ app_init ] --START--
INFO: Run Behavior\BuildLiteBehavior [ RunTime:0.000021s ]
INFO: [ app_init ] --END-- [ RunTime:0.000549s ]
ERR: 无法加载模块:CLodopfuncs

[ 2016-04-09T20:04:30+08:00 ] 127.0.0.1 /CLodopfuncs.js
INFO: [ app_init ] --START--
INFO: Run Behavior\BuildLiteBehavior [ RunTime:0.000020s ]
INFO: [ app_init ] --END-- [ RunTime:0.000653s ]
ERR: 无法加载模块:CLodopfuncs

[ 2016-04-09T20:05:11+08:00 ] 127.0.0.1 /CLodopfuncs.js
INFO: [ app_init ] --START--
INFO: Run Behavior\BuildLiteBehavior [ RunTime:0.000012s ]
INFO: [ app_init ] --END-- [ RunTime:0.000437s ]
ERR: 无法加载模块:CLodopfuncs

[ 2016-04-09T20:05:12+08:00 ] 127.0.0.1 /CLodopfuncs.js
INFO: [ app_init ] --START--
INFO: Run Behavior\BuildLiteBehavior [ RunTime:0.000021s ]
INFO: [ app_init ] --END-- [ RunTime:0.000595s ]
ERR: 无法加载模块:CLodopfuncs

[ 2016-04-09T20:24:47+08:00 ] 127.0.0.1 /CLodopfuncs.js
INFO: [ app_init ] --START--
INFO: Run Behavior\BuildLiteBehavior [ RunTime:0.000013s ]
INFO: [ app_init ] --END-- [ RunTime:0.000379s ]
ERR: 无法加载模块:CLodopfuncs

[ 2016-04-09T20:24:49+08:00 ] 127.0.0.1 /CLodopfuncs.js
INFO: [ app_init ] --START--
INFO: Run Behavior\BuildLiteBehavior [ RunTime:0.000022s ]
INFO: [ app_init ] --END-- [ RunTime:0.000604s ]
ERR: 无法加载模块:CLodopfuncs

[ 2016-04-09T20:25:09+08:00 ] 127.0.0.1 /CLodopfuncs.js
INFO: [ app_init ] --START--
INFO: Run Behavior\BuildLiteBehavior [ RunTime:0.000023s ]
INFO: [ app_init ] --END-- [ RunTime:0.000886s ]
ERR: 无法加载模块:CLodopfuncs

[ 2016-04-09T20:47:33+08:00 ] 127.0.0.1 /CLodopfuncs.js
INFO: [ app_init ] --START--
INFO: Run Behavior\BuildLiteBehavior [ RunTime:0.000021s ]
INFO: [ app_init ] --END-- [ RunTime:0.000608s ]
ERR: 无法加载模块:CLodopfuncs

[ 2016-04-09T20:47:53+08:00 ] 127.0.0.1 /CLodopfuncs.js
INFO: [ app_init ] --START--
INFO: Run Behavior\BuildLiteBehavior [ RunTime:0.000012s ]
INFO: [ app_init ] --END-- [ RunTime:0.000351s ]
ERR: 无法加载模块:CLodopfuncs

[ 2016-04-09T21:17:07+08:00 ] 127.0.0.1 /favicon.ico
INFO: [ app_init ] --START--
INFO: Run Behavior\BuildLiteBehavior [ RunTime:0.000015s ]
INFO: [ app_init ] --END-- [ RunTime:0.000517s ]
ERR: 无法加载模块:Favicon

[ 2016-04-09T21:17:38+08:00 ] 127.0.0.1 /CLodopfuncs.js
INFO: [ app_init ] --START--
INFO: Run Behavior\BuildLiteBehavior [ RunTime:0.000017s ]
INFO: [ app_init ] --END-- [ RunTime:0.000533s ]
ERR: 无法加载模块:CLodopfuncs

[ 2016-04-09T21:18:35+08:00 ] 127.0.0.1 /CLodopfuncs.js
INFO: [ app_init ] --START--
INFO: Run Behavior\BuildLiteBehavior [ RunTime:0.000012s ]
INFO: [ app_init ] --END-- [ RunTime:0.000349s ]
ERR: 无法加载模块:CLodopfuncs

[ 2016-04-09T21:28:12+08:00 ] 127.0.0.1 /CLodopfuncs.js
INFO: [ app_init ] --START--
INFO: Run Behavior\BuildLiteBehavior [ RunTime:0.000018s ]
INFO: [ app_init ] --END-- [ RunTime:0.000539s ]
ERR: 无法加载模块:CLodopfuncs

[ 2016-04-09T21:28:15+08:00 ] 127.0.0.1 /CLodopfuncs.js
INFO: [ app_init ] --START--
INFO: Run Behavior\BuildLiteBehavior [ RunTime:0.000018s ]
INFO: [ app_init ] --END-- [ RunTime:0.000530s ]
ERR: 无法加载模块:CLodopfuncs

[ 2016-04-09T21:28:17+08:00 ] 127.0.0.1 /CLodopfuncs.js
INFO: [ app_init ] --START--
INFO: Run Behavior\BuildLiteBehavior [ RunTime:0.000016s ]
INFO: [ app_init ] --END-- [ RunTime:0.000474s ]
ERR: 无法加载模块:CLodopfuncs

[ 2016-04-09T21:28:21+08:00 ] 127.0.0.1 /CLodopfuncs.js
INFO: [ app_init ] --START--
INFO: Run Behavior\BuildLiteBehavior [ RunTime:0.000013s ]
INFO: [ app_init ] --END-- [ RunTime:0.000451s ]
ERR: 无法加载模块:CLodopfuncs

[ 2016-04-09T21:28:26+08:00 ] 127.0.0.1 /CLodopfuncs.js
INFO: [ app_init ] --START--
INFO: Run Behavior\BuildLiteBehavior [ RunTime:0.000018s ]
INFO: [ app_init ] --END-- [ RunTime:0.000373s ]
ERR: 无法加载模块:CLodopfuncs

[ 2016-04-09T21:28:30+08:00 ] 127.0.0.1 /CLodopfuncs.js
INFO: [ app_init ] --START--
INFO: Run Behavior\BuildLiteBehavior [ RunTime:0.000021s ]
INFO: [ app_init ] --END-- [ RunTime:0.000583s ]
ERR: 无法加载模块:CLodopfuncs

[ 2016-04-09T21:29:25+08:00 ] 127.0.0.1 /CLodopfuncs.js
INFO: [ app_init ] --START--
INFO: Run Behavior\BuildLiteBehavior [ RunTime:0.000013s ]
INFO: [ app_init ] --END-- [ RunTime:0.000362s ]
ERR: 无法加载模块:CLodopfuncs

[ 2016-04-09T21:36:06+08:00 ] 127.0.0.1 /favicon.ico
INFO: [ app_init ] --START--
INFO: Run Behavior\BuildLiteBehavior [ RunTime:0.000022s ]
INFO: [ app_init ] --END-- [ RunTime:0.000785s ]
ERR: 无法加载模块:Favicon

