[ 2016-06-04T12:06:34+08:00 ] 114.229.51.105 /Public/ueditor/ueditor/lang/zh-cn/zh-cn.js
INFO: [ app_init ] --START--
INFO: Run Behavior\BuildLiteBehavior [ RunTime:0.000014s ]
INFO: [ app_init ] --END-- [ RunTime:0.000275s ]
INFO: [ app_begin ] --START--
INFO: Run Behavior\ReadHtmlCacheBehavior [ RunTime:0.000322s ]
INFO: Run Behavior\ReadHtmlCacheBehavior [ RunTime:0.000011s ]
INFO: Run Behavior\CheckLangBehavior [ RunTime:0.000289s ]
INFO: [ app_begin ] --END-- [ RunTime:0.000731s ]
ERR: 无法加载控制器:Ueditor

[ 2016-06-04T16:22:56+08:00 ] 114.229.51.105 /Public/ueditor/ueditor/lang/zh-cn/zh-cn.js
INFO: [ app_init ] --START--
INFO: Run Behavior\BuildLiteBehavior [ RunTime:0.000013s ]
INFO: [ app_init ] --END-- [ RunTime:0.000290s ]
INFO: [ app_begin ] --START--
INFO: Run Behavior\ReadHtmlCacheBehavior [ RunTime:0.000357s ]
INFO: Run Behavior\ReadHtmlCacheBehavior [ RunTime:0.000011s ]
INFO: Run Behavior\CheckLangBehavior [ RunTime:0.000261s ]
INFO: [ app_begin ] --END-- [ RunTime:0.000735s ]
ERR: 无法加载控制器:Ueditor

[ 2016-06-04T16:22:56+08:00 ] 114.229.51.105 /Public/ueditor/ueditor/lang/zh-cn/zh-cn.js
INFO: [ app_init ] --START--
INFO: Run Behavior\BuildLiteBehavior [ RunTime:0.000013s ]
INFO: [ app_init ] --END-- [ RunTime:0.000261s ]
INFO: [ app_begin ] --START--
INFO: Run Behavior\ReadHtmlCacheBehavior [ RunTime:0.000323s ]
INFO: Run Behavior\ReadHtmlCacheBehavior [ RunTime:0.000011s ]
INFO: Run Behavior\CheckLangBehavior [ RunTime:0.000259s ]
INFO: [ app_begin ] --END-- [ RunTime:0.000709s ]
ERR: 无法加载控制器:Ueditor

[ 2016-06-04T19:35:11+08:00 ] 114.229.252.131 /Public/ueditor/ueditor/lang/zh-cn/zh-cn.js
INFO: [ app_init ] --START--
INFO: Run Behavior\BuildLiteBehavior [ RunTime:0.000013s ]
INFO: [ app_init ] --END-- [ RunTime:0.000248s ]
INFO: [ app_begin ] --START--
INFO: Run Behavior\ReadHtmlCacheBehavior [ RunTime:0.000323s ]
INFO: Run Behavior\ReadHtmlCacheBehavior [ RunTime:0.000011s ]
INFO: Run Behavior\CheckLangBehavior [ RunTime:0.000261s ]
INFO: [ app_begin ] --END-- [ RunTime:0.000702s ]
ERR: 无法加载控制器:Ueditor

[ 2016-06-04T19:35:28+08:00 ] 114.229.252.131 /Public/ueditor/ueditor/lang/zh-cn/zh-cn.js
INFO: [ app_init ] --START--
INFO: Run Behavior\BuildLiteBehavior [ RunTime:0.000015s ]
INFO: [ app_init ] --END-- [ RunTime:0.000263s ]
INFO: [ app_begin ] --START--
INFO: Run Behavior\ReadHtmlCacheBehavior [ RunTime:0.000347s ]
INFO: Run Behavior\ReadHtmlCacheBehavior [ RunTime:0.000011s ]
INFO: Run Behavior\CheckLangBehavior [ RunTime:0.000260s ]
INFO: [ app_begin ] --END-- [ RunTime:0.000724s ]
ERR: 无法加载控制器:Ueditor

[ 2016-06-04T19:51:40+08:00 ] 114.229.252.131 /Public/ueditor/ueditor/lang/zh-cn/zh-cn.js
INFO: [ app_init ] --START--
INFO: Run Behavior\BuildLiteBehavior [ RunTime:0.000013s ]
INFO: [ app_init ] --END-- [ RunTime:0.000249s ]
INFO: [ app_begin ] --START--
INFO: Run Behavior\ReadHtmlCacheBehavior [ RunTime:0.000311s ]
INFO: Run Behavior\ReadHtmlCacheBehavior [ RunTime:0.000013s ]
INFO: Run Behavior\CheckLangBehavior [ RunTime:0.000261s ]
INFO: [ app_begin ] --END-- [ RunTime:0.000720s ]
ERR: 无法加载控制器:Ueditor

