[ 2016-06-12T14:48:09+08:00 ] 114.229.254.94 /Public/ueditor/ueditor/lang/zh-cn/zh-cn.js
INFO: [ app_init ] --START--
INFO: Run Behavior\BuildLiteBehavior [ RunTime:0.000013s ]
INFO: [ app_init ] --END-- [ RunTime:0.000249s ]
INFO: [ app_begin ] --START--
INFO: Run Behavior\ReadHtmlCacheBehavior [ RunTime:0.000349s ]
INFO: Run Behavior\ReadHtmlCacheBehavior [ RunTime:0.000011s ]
INFO: Run Behavior\CheckLangBehavior [ RunTime:0.000265s ]
INFO: [ app_begin ] --END-- [ RunTime:0.000730s ]
ERR: 无法加载控制器:Ueditor

[ 2016-06-12T15:26:10+08:00 ] 114.229.252.97 /Public/ueditor/ueditor/lang/zh-cn/zh-cn.js
INFO: [ app_init ] --START--
INFO: Run Behavior\BuildLiteBehavior [ RunTime:0.000017s ]
INFO: [ app_init ] --END-- [ RunTime:0.000284s ]
INFO: [ app_begin ] --START--
INFO: Run Behavior\ReadHtmlCacheBehavior [ RunTime:0.000365s ]
INFO: Run Behavior\ReadHtmlCacheBehavior [ RunTime:0.000011s ]
INFO: Run Behavior\CheckLangBehavior [ RunTime:0.000264s ]
INFO: [ app_begin ] --END-- [ RunTime:0.000745s ]
ERR: 无法加载控制器:Ueditor

[ 2016-06-12T15:26:10+08:00 ] 114.229.252.97 /Public/ueditor/ueditor/lang/zh-cn/zh-cn.js
INFO: [ app_init ] --START--
INFO: Run Behavior\BuildLiteBehavior [ RunTime:0.000015s ]
INFO: [ app_init ] --END-- [ RunTime:0.000297s ]
INFO: [ app_begin ] --START--
INFO: Run Behavior\ReadHtmlCacheBehavior [ RunTime:0.000325s ]
INFO: Run Behavior\ReadHtmlCacheBehavior [ RunTime:0.000013s ]
INFO: Run Behavior\CheckLangBehavior [ RunTime:0.000261s ]
INFO: [ app_begin ] --END-- [ RunTime:0.000729s ]
ERR: 无法加载控制器:Ueditor

