[ 2016-05-02T21:33:02+08:00 ] 114.229.253.113 /Admin/Index/index
INFO: [ app_init ] --START--
INFO: Run Behavior\BuildLiteBehavior [ RunTime:0.000014s ]
INFO: [ app_init ] --END-- [ RunTime:0.000270s ]
INFO: [ app_begin ] --START--
INFO: Run Behavior\ReadHtmlCacheBehavior [ RunTime:0.000411s ]
INFO: Run Behavior\ReadHtmlCacheBehavior [ RunTime:0.000011s ]
INFO: Run Behavior\CheckLangBehavior [ RunTime:0.000359s ]
INFO: [ app_begin ] --END-- [ RunTime:0.000916s ]
INFO: [ view_parse ] --START--
INFO: [ template_filter ] --START--
INFO: Run Behavior\ContentReplaceBehavior [ RunTime:0.000058s ]
INFO: [ template_filter ] --END-- [ RunTime:0.000142s ]
INFO: Run Behavior\ParseTemplateBehavior [ RunTime:0.006831s ]
INFO: [ view_parse ] --END-- [ RunTime:0.006914s ]
INFO: [ view_filter ] --START--
INFO: Run Behavior\WriteHtmlCacheBehavior [ RunTime:0.000151s ]
INFO: [ view_filter ] --END-- [ RunTime:0.000215s ]

[ 2016-05-02T21:33:05+08:00 ] 114.229.253.113 /Admin/Login/login
INFO: [ app_init ] --START--
INFO: Run Behavior\BuildLiteBehavior [ RunTime:0.000014s ]
INFO: [ app_init ] --END-- [ RunTime:0.000270s ]
INFO: [ app_begin ] --START--
INFO: Run Behavior\ReadHtmlCacheBehavior [ RunTime:0.000346s ]
INFO: Run Behavior\ReadHtmlCacheBehavior [ RunTime:0.000011s ]
INFO: Run Behavior\CheckLangBehavior [ RunTime:0.000260s ]
INFO: [ app_begin ] --END-- [ RunTime:0.000722s ]
INFO: [ view_parse ] --START--
INFO: [ template_filter ] --START--
INFO: Run Behavior\ContentReplaceBehavior [ RunTime:0.000040s ]
INFO: [ template_filter ] --END-- [ RunTime:0.000098s ]
INFO: Run Behavior\ParseTemplateBehavior [ RunTime:0.016461s ]
INFO: [ view_parse ] --END-- [ RunTime:0.016515s ]
INFO: [ view_filter ] --START--
INFO: Run Behavior\WriteHtmlCacheBehavior [ RunTime:0.000178s ]
INFO: [ view_filter ] --END-- [ RunTime:0.000282s ]
INFO: [ app_end ] --START--
INFO: Run Behavior\ShowPageTraceBehavior [ RunTime:0.000364s ]
INFO: [ app_end ] --END-- [ RunTime:0.000413s ]

[ 2016-05-02T21:33:07+08:00 ] 114.229.253.113 /Admin/Login/dologin
INFO: [ app_init ] --START--
INFO: Run Behavior\BuildLiteBehavior [ RunTime:0.000015s ]
INFO: [ app_init ] --END-- [ RunTime:0.000300s ]
INFO: [ app_begin ] --START--
INFO: Run Behavior\ReadHtmlCacheBehavior [ RunTime:0.000314s ]
INFO: Run Behavior\ReadHtmlCacheBehavior [ RunTime:0.000008s ]
INFO: Run Behavior\CheckLangBehavior [ RunTime:0.000340s ]
INFO: [ app_begin ] --END-- [ RunTime:0.000771s ]
SQL: SHOW COLUMNS FROM `exp_admin` [ RunTime:0.0013s ]
SQL: SELECT * FROM `exp_admin` WHERE `admin_account` = 'ujsexpress01' AND `admin_password` = '239df74abd9b9585fda68d73e9f44c0f'  [ RunTime:0.0005s ]
INFO: [ view_parse ] --START--
INFO: [ template_filter ] --START--
INFO: Run Behavior\ContentReplaceBehavior [ RunTime:0.000046s ]
INFO: [ template_filter ] --END-- [ RunTime:0.000143s ]
INFO: Run Behavior\ParseTemplateBehavior [ RunTime:0.006801s ]
INFO: [ view_parse ] --END-- [ RunTime:0.006856s ]
INFO: [ view_filter ] --START--
INFO: Run Behavior\WriteHtmlCacheBehavior [ RunTime:0.000120s ]
INFO: [ view_filter ] --END-- [ RunTime:0.000167s ]
INFO: [ app_end ] --START--
INFO: Run Behavior\ShowPageTraceBehavior [ RunTime:0.000371s ]
INFO: [ app_end ] --END-- [ RunTime:0.000420s ]

[ 2016-05-02T21:33:09+08:00 ] 114.229.253.113 /Admin/Index/index
INFO: [ app_init ] --START--
INFO: Run Behavior\BuildLiteBehavior [ RunTime:0.000016s ]
INFO: [ app_init ] --END-- [ RunTime:0.000271s ]
INFO: [ app_begin ] --START--
INFO: Run Behavior\ReadHtmlCacheBehavior [ RunTime:0.000345s ]
INFO: Run Behavior\ReadHtmlCacheBehavior [ RunTime:0.000012s ]
INFO: Run Behavior\CheckLangBehavior [ RunTime:0.000269s ]
INFO: [ app_begin ] --END-- [ RunTime:0.000734s ]
SQL: SHOW COLUMNS FROM `exp_order` [ RunTime:0.0013s ]
SQL: SELECT COUNT(*) AS tp_count FROM `exp_order` WHERE ( DATE_SUB(curdate(),INTERVAL 0 DAY) = date(FROM_UNIXTIME(order_time)) ) LIMIT 1   [ RunTime:0.0153s ]
SQL: SELECT COUNT(*) AS tp_count FROM `exp_order` WHERE ( DATE_SUB(curdate(),INTERVAL 1 DAY) = date(FROM_UNIXTIME(order_time)) ) LIMIT 1   [ RunTime:0.0149s ]
SQL: SELECT COUNT(*) AS tp_count FROM `exp_order` WHERE ( DATE_SUB(curdate(),INTERVAL 2 DAY) = date(FROM_UNIXTIME(order_time)) ) LIMIT 1   [ RunTime:0.0148s ]
SQL: SELECT COUNT(*) AS tp_count FROM `exp_order` WHERE ( DATE_SUB(curdate(),INTERVAL 3 DAY) = date(FROM_UNIXTIME(order_time)) ) LIMIT 1   [ RunTime:0.0155s ]
SQL: SELECT COUNT(*) AS tp_count FROM `exp_order` WHERE ( DATE_SUB(curdate(),INTERVAL 4 DAY) = date(FROM_UNIXTIME(order_time)) ) LIMIT 1   [ RunTime:0.0150s ]
SQL: SELECT COUNT(*) AS tp_count FROM `exp_order` WHERE ( DATE_SUB(curdate(),INTERVAL 5 DAY) = date(FROM_UNIXTIME(order_time)) ) LIMIT 1   [ RunTime:0.0152s ]
SQL: SELECT COUNT(*) AS tp_count FROM `exp_order` WHERE ( DATE_SUB(curdate(),INTERVAL 6 DAY) = date(FROM_UNIXTIME(order_time)) ) LIMIT 1   [ RunTime:0.0151s ]
SQL: SHOW COLUMNS FROM `exp_user` [ RunTime:0.0012s ]
NOTIC: [8] Use of undefined constant user_id - assumed 'user_id' /webdocs/express/Apps/Admin/Controller/IndexController.class.php 第 16 行.
SQL: SELECT COUNT(user_id) AS tp_count FROM `exp_user` LIMIT 1   [ RunTime:0.0003s ]
SQL: SELECT COUNT(*) AS tp_count FROM `exp_user` WHERE ( DATE_SUB(curdate(),INTERVAL 0 DAY)= date(FROM_UNIXTIME(user_regtime)) ) LIMIT 1   [ RunTime:0.0033s ]
SQL: SELECT COUNT(*) AS tp_count FROM `exp_user` WHERE ( DATE_SUB(curdate(),INTERVAL 1 DAY)= date(FROM_UNIXTIME(user_regtime)) ) LIMIT 1   [ RunTime:0.0032s ]
SQL: SELECT COUNT(*) AS tp_count FROM `exp_user` WHERE ( DATE_SUB(curdate(),INTERVAL 2 DAY)= date(FROM_UNIXTIME(user_regtime)) ) LIMIT 1   [ RunTime:0.0033s ]
SQL: SELECT COUNT(*) AS tp_count FROM `exp_user` WHERE ( DATE_SUB(curdate(),INTERVAL 3 DAY)= date(FROM_UNIXTIME(user_regtime)) ) LIMIT 1   [ RunTime:0.0032s ]
SQL: SELECT COUNT(*) AS tp_count FROM `exp_user` WHERE ( DATE_SUB(curdate(),INTERVAL 4 DAY)= date(FROM_UNIXTIME(user_regtime)) ) LIMIT 1   [ RunTime:0.0033s ]
SQL: SELECT COUNT(*) AS tp_count FROM `exp_user` WHERE ( DATE_SUB(curdate(),INTERVAL 5 DAY)= date(FROM_UNIXTIME(user_regtime)) ) LIMIT 1   [ RunTime:0.0033s ]
SQL: SELECT COUNT(*) AS tp_count FROM `exp_user` WHERE ( DATE_SUB(curdate(),INTERVAL 6 DAY)= date(FROM_UNIXTIME(user_regtime)) ) LIMIT 1   [ RunTime:0.0034s ]
SQL: SELECT `server_content`,count(order_id) as num FROM `exp_order` INNER JOIN exp_server on exp_server.server_id=exp_order.order_server_id  GROUP BY order_server_id  [ RunTime:0.0137s ]
SQL: SHOW COLUMNS FROM `exp_cend` [ RunTime:0.0012s ]
SQL: SELECT COUNT(*) AS tp_count FROM `exp_cend` WHERE ( DATE_SUB(curdate(),INTERVAL 0 DAY) = date(FROM_UNIXTIME(register_time)) ) LIMIT 1   [ RunTime:0.0004s ]
SQL: SELECT COUNT(*) AS tp_count FROM `exp_cend` WHERE ( DATE_SUB(curdate(),INTERVAL 1 DAY) = date(FROM_UNIXTIME(register_time)) ) LIMIT 1   [ RunTime:0.0003s ]
SQL: SELECT COUNT(*) AS tp_count FROM `exp_cend` WHERE ( DATE_SUB(curdate(),INTERVAL 2 DAY) = date(FROM_UNIXTIME(register_time)) ) LIMIT 1   [ RunTime:0.0003s ]
SQL: SELECT COUNT(*) AS tp_count FROM `exp_cend` WHERE ( DATE_SUB(curdate(),INTERVAL 3 DAY) = date(FROM_UNIXTIME(register_time)) ) LIMIT 1   [ RunTime:0.0003s ]
SQL: SELECT COUNT(*) AS tp_count FROM `exp_cend` WHERE ( DATE_SUB(curdate(),INTERVAL 4 DAY) = date(FROM_UNIXTIME(register_time)) ) LIMIT 1   [ RunTime:0.0003s ]
SQL: SELECT COUNT(*) AS tp_count FROM `exp_cend` WHERE ( DATE_SUB(curdate(),INTERVAL 5 DAY) = date(FROM_UNIXTIME(register_time)) ) LIMIT 1   [ RunTime:0.0003s ]
SQL: SELECT COUNT(*) AS tp_count FROM `exp_cend` WHERE ( DATE_SUB(curdate(),INTERVAL 6 DAY) = date(FROM_UNIXTIME(register_time)) ) LIMIT 1   [ RunTime:0.0003s ]
INFO: [ view_parse ] --START--
INFO: [ template_filter ] --START--
INFO: Run Behavior\ContentReplaceBehavior [ RunTime:0.000060s ]
INFO: [ template_filter ] --END-- [ RunTime:0.000130s ]
NOTIC: [8] Use of undefined constant server_content - assumed 'server_content' /webdocs/express/Apps/Runtime/Cache/Admin/859e94050170c96367cb52465a51a945.php 第 196 行.
NOTIC: [8] Use of undefined constant server_content - assumed 'server_content' /webdocs/express/Apps/Runtime/Cache/Admin/859e94050170c96367cb52465a51a945.php 第 196 行.
NOTIC: [8] Use of undefined constant server_content - assumed 'server_content' /webdocs/express/Apps/Runtime/Cache/Admin/859e94050170c96367cb52465a51a945.php 第 196 行.
NOTIC: [8] Use of undefined constant num - assumed 'num' /webdocs/express/Apps/Runtime/Cache/Admin/859e94050170c96367cb52465a51a945.php 第 205 行.
NOTIC: [8] Use of undefined constant server_content - assumed 'server_content' /webdocs/express/Apps/Runtime/Cache/Admin/859e94050170c96367cb52465a51a945.php 第 205 行.
NOTIC: [8] Use of undefined constant num - assumed 'num' /webdocs/express/Apps/Runtime/Cache/Admin/859e94050170c96367cb52465a51a945.php 第 206 行.
NOTIC: [8] Use of undefined constant server_content - assumed 'server_content' /webdocs/express/Apps/Runtime/Cache/Admin/859e94050170c96367cb52465a51a945.php 第 206 行.
NOTIC: [8] Use of undefined constant num - assumed 'num' /webdocs/express/Apps/Runtime/Cache/Admin/859e94050170c96367cb52465a51a945.php 第 207 行.
NOTIC: [8] Use of undefined constant server_content - assumed 'server_content' /webdocs/express/Apps/Runtime/Cache/Admin/859e94050170c96367cb52465a51a945.php 第 207 行.
INFO: Run Behavior\ParseTemplateBehavior [ RunTime:0.029494s ]
INFO: [ view_parse ] --END-- [ RunTime:0.029571s ]
INFO: [ view_filter ] --START--
INFO: Run Behavior\WriteHtmlCacheBehavior [ RunTime:0.000112s ]
INFO: [ view_filter ] --END-- [ RunTime:0.000166s ]
INFO: [ app_end ] --START--
INFO: Run Behavior\ShowPageTraceBehavior [ RunTime:0.000358s ]
INFO: [ app_end ] --END-- [ RunTime:0.000408s ]

[ 2016-05-02T21:33:49+08:00 ] 114.229.253.113 /Admin/OrderManage/orderlist
INFO: [ app_init ] --START--
INFO: Run Behavior\BuildLiteBehavior [ RunTime:0.000016s ]
INFO: [ app_init ] --END-- [ RunTime:0.000301s ]
INFO: [ app_begin ] --START--
INFO: Run Behavior\ReadHtmlCacheBehavior [ RunTime:0.000330s ]
INFO: Run Behavior\ReadHtmlCacheBehavior [ RunTime:0.000011s ]
INFO: Run Behavior\CheckLangBehavior [ RunTime:0.000293s ]
INFO: [ app_begin ] --END-- [ RunTime:0.000742s ]
SQL: SHOW COLUMNS FROM `exp_order` [ RunTime:0.0014s ]
SQL: SELECT COUNT(*) AS tp_count FROM `exp_order` WHERE `order_deleted` = 0 LIMIT 1   [ RunTime:0.0055s ]
INFO: [ view_parse ] --START--
INFO: [ template_filter ] --START--
INFO: Run Behavior\ContentReplaceBehavior [ RunTime:0.000056s ]
INFO: [ template_filter ] --END-- [ RunTime:0.000147s ]
SQL: SHOW COLUMNS FROM `exp_order` [ RunTime:0.0014s ]
SQL: SELECT * FROM `exp_order` INNER JOIN exp_school_area on exp_order.school_area_id=exp_school_area.school_area_id INNER JOIN exp_school_area_detail on exp_order.school_area_detail_id=exp_school_area_detail.school_area_detail_id INNER JOIN exp_status on exp_order.order_status_id=exp_status.status_id  WHERE `order_deleted` = 0 ORDER BY order_id desc LIMIT 0,30   [ RunTime:0.0644s ]
INFO: [ view_parse ] --START--
INFO: [ template_filter ] --START--
INFO: Run Behavior\ContentReplaceBehavior [ RunTime:0.000048s ]
INFO: [ template_filter ] --END-- [ RunTime:-0.073526s ]
INFO: Run Behavior\ParseTemplateBehavior [ RunTime:0.005820s ]
INFO: [ view_parse ] --END-- [ RunTime:0.005886s ]
INFO: [ view_filter ] --START--
INFO: Run Behavior\WriteHtmlCacheBehavior [ RunTime:0.000200s ]
INFO: [ view_filter ] --END-- [ RunTime:0.000248s ]
INFO: Run Behavior\ParseTemplateBehavior [ RunTime:0.006199s ]
INFO: [ view_parse ] --END-- [ RunTime:0.005886s ]
INFO: [ view_filter ] --START--
INFO: Run Behavior\WriteHtmlCacheBehavior [ RunTime:0.000011s ]
INFO: [ view_filter ] --END-- [ RunTime:-0.000118s ]
INFO: [ app_end ] --START--
INFO: Run Behavior\ShowPageTraceBehavior [ RunTime:0.000525s ]
INFO: [ app_end ] --END-- [ RunTime:0.000633s ]

