[ 2016-05-30T15:31:46+08:00 ] 127.0.0.1 /Admin/
INFO: [ app_init ] --START--
INFO: Run Behavior\BuildLiteBehavior [ RunTime:0.000000s ]
INFO: [ app_init ] --END-- [ RunTime:0.000000s ]
INFO: [ app_begin ] --START--
INFO: Run Behavior\ReadHtmlCacheBehavior [ RunTime:0.000000s ]
INFO: Run Behavior\ReadHtmlCacheBehavior [ RunTime:0.000000s ]
INFO: Run Behavior\CheckLangBehavior [ RunTime:0.001000s ]
INFO: [ app_begin ] --END-- [ RunTime:0.001000s ]
INFO: [ view_parse ] --START--
INFO: [ template_filter ] --START--
INFO: Run Behavior\ContentReplaceBehavior [ RunTime:0.000000s ]
INFO: [ template_filter ] --END-- [ RunTime:0.000000s ]
INFO: Run Behavior\ParseTemplateBehavior [ RunTime:0.028001s ]
INFO: [ view_parse ] --END-- [ RunTime:0.028001s ]
INFO: [ view_filter ] --START--
INFO: Run Behavior\WriteHtmlCacheBehavior [ RunTime:0.000000s ]
INFO: [ view_filter ] --END-- [ RunTime:0.000000s ]

[ 2016-05-30T15:31:49+08:00 ] 127.0.0.1 /Admin/Login/login
INFO: [ app_init ] --START--
INFO: Run Behavior\BuildLiteBehavior [ RunTime:0.000000s ]
INFO: [ app_init ] --END-- [ RunTime:0.000000s ]
INFO: [ app_begin ] --START--
INFO: Run Behavior\ReadHtmlCacheBehavior [ RunTime:0.000000s ]
INFO: Run Behavior\ReadHtmlCacheBehavior [ RunTime:0.000000s ]
INFO: Run Behavior\CheckLangBehavior [ RunTime:0.001000s ]
INFO: [ app_begin ] --END-- [ RunTime:0.001000s ]
INFO: [ view_parse ] --START--
INFO: [ template_filter ] --START--
INFO: Run Behavior\ContentReplaceBehavior [ RunTime:0.001000s ]
INFO: [ template_filter ] --END-- [ RunTime:0.001000s ]
INFO: Run Behavior\ParseTemplateBehavior [ RunTime:0.042002s ]
INFO: [ view_parse ] --END-- [ RunTime:0.042002s ]
INFO: [ view_filter ] --START--
INFO: Run Behavior\WriteHtmlCacheBehavior [ RunTime:0.000000s ]
INFO: [ view_filter ] --END-- [ RunTime:0.000000s ]
INFO: [ app_end ] --START--
INFO: Run Behavior\ShowPageTraceBehavior [ RunTime:0.001000s ]
INFO: [ app_end ] --END-- [ RunTime:0.002001s ]

[ 2016-05-30T15:32:06+08:00 ] 127.0.0.1 /Admin/Login/dologin
INFO: [ app_init ] --START--
INFO: Run Behavior\BuildLiteBehavior [ RunTime:0.000000s ]
INFO: [ app_init ] --END-- [ RunTime:0.000000s ]
INFO: [ app_begin ] --START--
INFO: Run Behavior\ReadHtmlCacheBehavior [ RunTime:0.000000s ]
INFO: Run Behavior\ReadHtmlCacheBehavior [ RunTime:0.000000s ]
INFO: Run Behavior\CheckLangBehavior [ RunTime:0.001000s ]
INFO: [ app_begin ] --END-- [ RunTime:0.001000s ]
SQL: SHOW COLUMNS FROM `exp_admin` [ RunTime:0.0250s ]
SQL: SELECT * FROM `exp_admin` WHERE `admin_account` = 'ujsexpress01' AND `admin_password` = '239df74abd9b9585fda68d73e9f44c0f'  [ RunTime:0.0240s ]
INFO: [ view_parse ] --START--
INFO: [ template_filter ] --START--
INFO: Run Behavior\ContentReplaceBehavior [ RunTime:0.000000s ]
INFO: [ template_filter ] --END-- [ RunTime:0.000000s ]
INFO: Run Behavior\ParseTemplateBehavior [ RunTime:0.005000s ]
INFO: [ view_parse ] --END-- [ RunTime:0.005000s ]
INFO: [ view_filter ] --START--
INFO: Run Behavior\WriteHtmlCacheBehavior [ RunTime:0.000000s ]
INFO: [ view_filter ] --END-- [ RunTime:0.000000s ]
INFO: [ app_end ] --START--
INFO: Run Behavior\ShowPageTraceBehavior [ RunTime:0.000000s ]
INFO: [ app_end ] --END-- [ RunTime:0.001000s ]

[ 2016-05-30T15:32:09+08:00 ] 127.0.0.1 /Admin/Index/index
INFO: [ app_init ] --START--
INFO: Run Behavior\BuildLiteBehavior [ RunTime:0.000000s ]
INFO: [ app_init ] --END-- [ RunTime:0.000000s ]
INFO: [ app_begin ] --START--
INFO: Run Behavior\ReadHtmlCacheBehavior [ RunTime:0.001001s ]
INFO: Run Behavior\ReadHtmlCacheBehavior [ RunTime:0.000000s ]
INFO: Run Behavior\CheckLangBehavior [ RunTime:0.001000s ]
INFO: [ app_begin ] --END-- [ RunTime:0.002001s ]
SQL: SHOW COLUMNS FROM `exp_order` [ RunTime:0.0280s ]
SQL: SELECT COUNT(*) AS tp_count FROM `exp_order` WHERE ( DATE_SUB(curdate(),INTERVAL 0 DAY) = date(FROM_UNIXTIME(order_time)) ) LIMIT 1   [ RunTime:0.0510s ]
SQL: SELECT COUNT(*) AS tp_count FROM `exp_order` WHERE ( DATE_SUB(curdate(),INTERVAL 1 DAY) = date(FROM_UNIXTIME(order_time)) ) LIMIT 1   [ RunTime:0.0470s ]
SQL: SELECT COUNT(*) AS tp_count FROM `exp_order` WHERE ( DATE_SUB(curdate(),INTERVAL 2 DAY) = date(FROM_UNIXTIME(order_time)) ) LIMIT 1   [ RunTime:0.0490s ]
SQL: SELECT COUNT(*) AS tp_count FROM `exp_order` WHERE ( DATE_SUB(curdate(),INTERVAL 3 DAY) = date(FROM_UNIXTIME(order_time)) ) LIMIT 1   [ RunTime:0.0500s ]
SQL: SELECT COUNT(*) AS tp_count FROM `exp_order` WHERE ( DATE_SUB(curdate(),INTERVAL 4 DAY) = date(FROM_UNIXTIME(order_time)) ) LIMIT 1   [ RunTime:0.0500s ]
SQL: SELECT COUNT(*) AS tp_count FROM `exp_order` WHERE ( DATE_SUB(curdate(),INTERVAL 5 DAY) = date(FROM_UNIXTIME(order_time)) ) LIMIT 1   [ RunTime:0.0510s ]
SQL: SELECT COUNT(*) AS tp_count FROM `exp_order` WHERE ( DATE_SUB(curdate(),INTERVAL 6 DAY) = date(FROM_UNIXTIME(order_time)) ) LIMIT 1   [ RunTime:0.0500s ]
SQL: SHOW COLUMNS FROM `exp_user` [ RunTime:0.0250s ]
NOTIC: [8] Use of undefined constant user_id - assumed 'user_id' E:\wamp\Apache24\htdocs\express\Apps\Admin\Controller\IndexController.class.php 第 17 行.
SQL: SELECT COUNT(user_id) AS tp_count FROM `exp_user` LIMIT 1   [ RunTime:0.0230s ]
SQL: SELECT COUNT(*) AS tp_count FROM `exp_user` WHERE ( DATE_SUB(curdate(),INTERVAL 0 DAY)= date(FROM_UNIXTIME(user_regtime)) ) LIMIT 1   [ RunTime:0.0300s ]
SQL: SELECT COUNT(*) AS tp_count FROM `exp_user` WHERE ( DATE_SUB(curdate(),INTERVAL 1 DAY)= date(FROM_UNIXTIME(user_regtime)) ) LIMIT 1   [ RunTime:0.0280s ]
SQL: SELECT COUNT(*) AS tp_count FROM `exp_user` WHERE ( DATE_SUB(curdate(),INTERVAL 2 DAY)= date(FROM_UNIXTIME(user_regtime)) ) LIMIT 1   [ RunTime:0.0280s ]
SQL: SELECT COUNT(*) AS tp_count FROM `exp_user` WHERE ( DATE_SUB(curdate(),INTERVAL 3 DAY)= date(FROM_UNIXTIME(user_regtime)) ) LIMIT 1   [ RunTime:0.0270s ]
SQL: SELECT COUNT(*) AS tp_count FROM `exp_user` WHERE ( DATE_SUB(curdate(),INTERVAL 4 DAY)= date(FROM_UNIXTIME(user_regtime)) ) LIMIT 1   [ RunTime:0.0270s ]
SQL: SELECT COUNT(*) AS tp_count FROM `exp_user` WHERE ( DATE_SUB(curdate(),INTERVAL 5 DAY)= date(FROM_UNIXTIME(user_regtime)) ) LIMIT 1   [ RunTime:0.0280s ]
SQL: SELECT COUNT(*) AS tp_count FROM `exp_user` WHERE ( DATE_SUB(curdate(),INTERVAL 6 DAY)= date(FROM_UNIXTIME(user_regtime)) ) LIMIT 1   [ RunTime:0.0300s ]
SQL: SELECT `server_content`,count(order_id) as num FROM `exp_order` INNER JOIN exp_server on exp_server.server_id=exp_order.order_server_id  GROUP BY order_server_id  [ RunTime:0.0590s ]
SQL: SHOW COLUMNS FROM `exp_cend` [ RunTime:0.0250s ]
SQL: SELECT COUNT(*) AS tp_count FROM `exp_cend` WHERE ( DATE_SUB(curdate(),INTERVAL 0 DAY) = date(FROM_UNIXTIME(register_time)) ) LIMIT 1   [ RunTime:0.0280s ]
SQL: SELECT COUNT(*) AS tp_count FROM `exp_cend` WHERE ( DATE_SUB(curdate(),INTERVAL 1 DAY) = date(FROM_UNIXTIME(register_time)) ) LIMIT 1   [ RunTime:0.0250s ]
SQL: SELECT COUNT(*) AS tp_count FROM `exp_cend` WHERE ( DATE_SUB(curdate(),INTERVAL 2 DAY) = date(FROM_UNIXTIME(register_time)) ) LIMIT 1   [ RunTime:0.0250s ]
SQL: SELECT COUNT(*) AS tp_count FROM `exp_cend` WHERE ( DATE_SUB(curdate(),INTERVAL 3 DAY) = date(FROM_UNIXTIME(register_time)) ) LIMIT 1   [ RunTime:0.0250s ]
SQL: SELECT COUNT(*) AS tp_count FROM `exp_cend` WHERE ( DATE_SUB(curdate(),INTERVAL 4 DAY) = date(FROM_UNIXTIME(register_time)) ) LIMIT 1   [ RunTime:0.0270s ]
SQL: SELECT COUNT(*) AS tp_count FROM `exp_cend` WHERE ( DATE_SUB(curdate(),INTERVAL 5 DAY) = date(FROM_UNIXTIME(register_time)) ) LIMIT 1   [ RunTime:0.0250s ]
SQL: SELECT COUNT(*) AS tp_count FROM `exp_cend` WHERE ( DATE_SUB(curdate(),INTERVAL 6 DAY) = date(FROM_UNIXTIME(register_time)) ) LIMIT 1   [ RunTime:0.0270s ]
INFO: [ view_parse ] --START--
INFO: [ template_filter ] --START--
INFO: Run Behavior\ContentReplaceBehavior [ RunTime:0.000000s ]
INFO: [ template_filter ] --END-- [ RunTime:0.000000s ]
NOTIC: [8] Use of undefined constant server_content - assumed 'server_content' E:\wamp\Apache24\htdocs\express\Apps\Runtime\Cache\Admin\859e94050170c96367cb52465a51a945.php 第 198 行.
NOTIC: [8] Use of undefined constant server_content - assumed 'server_content' E:\wamp\Apache24\htdocs\express\Apps\Runtime\Cache\Admin\859e94050170c96367cb52465a51a945.php 第 198 行.
NOTIC: [8] Use of undefined constant server_content - assumed 'server_content' E:\wamp\Apache24\htdocs\express\Apps\Runtime\Cache\Admin\859e94050170c96367cb52465a51a945.php 第 198 行.
NOTIC: [8] Use of undefined constant num - assumed 'num' E:\wamp\Apache24\htdocs\express\Apps\Runtime\Cache\Admin\859e94050170c96367cb52465a51a945.php 第 207 行.
NOTIC: [8] Use of undefined constant server_content - assumed 'server_content' E:\wamp\Apache24\htdocs\express\Apps\Runtime\Cache\Admin\859e94050170c96367cb52465a51a945.php 第 207 行.
NOTIC: [8] Use of undefined constant num - assumed 'num' E:\wamp\Apache24\htdocs\express\Apps\Runtime\Cache\Admin\859e94050170c96367cb52465a51a945.php 第 208 行.
NOTIC: [8] Use of undefined constant server_content - assumed 'server_content' E:\wamp\Apache24\htdocs\express\Apps\Runtime\Cache\Admin\859e94050170c96367cb52465a51a945.php 第 208 行.
NOTIC: [8] Use of undefined constant num - assumed 'num' E:\wamp\Apache24\htdocs\express\Apps\Runtime\Cache\Admin\859e94050170c96367cb52465a51a945.php 第 209 行.
NOTIC: [8] Use of undefined constant server_content - assumed 'server_content' E:\wamp\Apache24\htdocs\express\Apps\Runtime\Cache\Admin\859e94050170c96367cb52465a51a945.php 第 209 行.
INFO: Run Behavior\ParseTemplateBehavior [ RunTime:0.077004s ]
INFO: [ view_parse ] --END-- [ RunTime:0.077004s ]
INFO: [ view_filter ] --START--
INFO: Run Behavior\WriteHtmlCacheBehavior [ RunTime:0.001001s ]
INFO: [ view_filter ] --END-- [ RunTime:0.001001s ]
INFO: [ app_end ] --START--
INFO: Run Behavior\ShowPageTraceBehavior [ RunTime:0.001000s ]
INFO: [ app_end ] --END-- [ RunTime:0.001000s ]

[ 2016-05-30T15:32:14+08:00 ] 127.0.0.1 /Admin/OrderManage/orderlist
INFO: [ app_init ] --START--
INFO: Run Behavior\BuildLiteBehavior [ RunTime:0.000000s ]
INFO: [ app_init ] --END-- [ RunTime:0.000000s ]
INFO: [ app_begin ] --START--
INFO: Run Behavior\ReadHtmlCacheBehavior [ RunTime:0.000000s ]
INFO: Run Behavior\ReadHtmlCacheBehavior [ RunTime:0.000000s ]
INFO: Run Behavior\CheckLangBehavior [ RunTime:0.001000s ]
INFO: [ app_begin ] --END-- [ RunTime:0.001000s ]
SQL: SHOW COLUMNS FROM `exp_order` [ RunTime:0.0210s ]
SQL: SELECT COUNT(*) AS tp_count FROM `exp_order` WHERE `order_deleted` = 0 LIMIT 1   [ RunTime:0.0290s ]
INFO: [ view_parse ] --START--
INFO: [ template_filter ] --START--
INFO: Run Behavior\ContentReplaceBehavior [ RunTime:0.000000s ]
INFO: [ template_filter ] --END-- [ RunTime:0.000000s ]
SQL: SHOW COLUMNS FROM `exp_order` [ RunTime:0.0230s ]
SQL: SELECT * FROM `exp_order` INNER JOIN exp_school_area on exp_order.school_area_id=exp_school_area.school_area_id INNER JOIN exp_school_area_detail on exp_order.school_area_detail_id=exp_school_area_detail.school_area_detail_id INNER JOIN exp_status on exp_order.order_status_id=exp_status.status_id  WHERE `order_deleted` = 0 ORDER BY order_id desc LIMIT 0,30   [ RunTime:0.1300s ]
INFO: [ view_parse ] --START--
INFO: [ template_filter ] --START--
INFO: Run Behavior\ContentReplaceBehavior [ RunTime:0.000000s ]
INFO: [ template_filter ] --END-- [ RunTime:-0.217012s ]
INFO: Run Behavior\ParseTemplateBehavior [ RunTime:0.006000s ]
INFO: [ view_parse ] --END-- [ RunTime:0.006000s ]
INFO: [ view_filter ] --START--
INFO: Run Behavior\WriteHtmlCacheBehavior [ RunTime:0.000000s ]
INFO: [ view_filter ] --END-- [ RunTime:0.000000s ]
INFO: Run Behavior\ParseTemplateBehavior [ RunTime:0.006000s ]
INFO: [ view_parse ] --END-- [ RunTime:0.006000s ]
INFO: [ view_filter ] --START--
INFO: Run Behavior\WriteHtmlCacheBehavior [ RunTime:0.000000s ]
INFO: [ view_filter ] --END-- [ RunTime:0.000000s ]
INFO: [ app_end ] --START--
INFO: Run Behavior\ShowPageTraceBehavior [ RunTime:0.000000s ]
INFO: [ app_end ] --END-- [ RunTime:0.000000s ]

[ 2016-05-30T15:32:16+08:00 ] 127.0.0.1 /Admin/orderManage/ordercontent/id/16388
INFO: [ app_init ] --START--
INFO: Run Behavior\BuildLiteBehavior [ RunTime:0.000000s ]
INFO: [ app_init ] --END-- [ RunTime:0.001001s ]
INFO: [ app_begin ] --START--
INFO: Run Behavior\ReadHtmlCacheBehavior [ RunTime:0.001000s ]
INFO: Run Behavior\ReadHtmlCacheBehavior [ RunTime:0.000000s ]
INFO: Run Behavior\CheckLangBehavior [ RunTime:0.000000s ]
INFO: [ app_begin ] --END-- [ RunTime:0.002000s ]
INFO: [ view_parse ] --START--
INFO: [ template_filter ] --START--
INFO: Run Behavior\ContentReplaceBehavior [ RunTime:0.000000s ]
INFO: [ template_filter ] --END-- [ RunTime:0.000000s ]
SQL: SHOW COLUMNS FROM `exp_order` [ RunTime:0.0220s ]
SQL: SELECT * FROM `exp_order` INNER JOIN exp_school_area on exp_order.school_area_id=exp_school_area.school_area_id INNER JOIN exp_school_area_detail on exp_order.school_area_detail_id=exp_school_area_detail.school_area_detail_id INNER JOIN exp_status on exp_order.order_status_id=exp_status.status_id INNER JOIN exp_user on exp_order.order_user_id=exp_user.user_id  WHERE `order_id` = '16388' LIMIT 1   [ RunTime:0.0460s ]
SQL: UPDATE `exp_order` SET `order_status_id`='4' WHERE `order_id` = 16388 [ RunTime:0.0220s ]
INFO: [ view_parse ] --START--
INFO: [ template_filter ] --START--
INFO: Run Behavior\ContentReplaceBehavior [ RunTime:0.000000s ]
INFO: [ template_filter ] --END-- [ RunTime:-0.287016s ]
NOTIC: [8] Undefined index: from E:\wamp\Apache24\htdocs\express\Apps\Runtime\Cache\Admin\8b62078c3c2eb0c4a390997d8fab39f4.php 第 45 行.
NOTIC: [8] Undefined index: from E:\wamp\Apache24\htdocs\express\Apps\Runtime\Cache\Admin\8b62078c3c2eb0c4a390997d8fab39f4.php 第 83 行.
INFO: Run Behavior\ParseTemplateBehavior [ RunTime:0.118007s ]
INFO: [ view_parse ] --END-- [ RunTime:0.118007s ]
INFO: [ view_filter ] --START--
INFO: Run Behavior\WriteHtmlCacheBehavior [ RunTime:0.001000s ]
INFO: [ view_filter ] --END-- [ RunTime:0.001000s ]
INFO: Run Behavior\ParseTemplateBehavior [ RunTime:0.119007s ]
INFO: [ view_parse ] --END-- [ RunTime:0.118007s ]
INFO: [ view_filter ] --START--
INFO: Run Behavior\WriteHtmlCacheBehavior [ RunTime:0.000000s ]
INFO: [ view_filter ] --END-- [ RunTime:0.000000s ]
INFO: [ app_end ] --START--
INFO: Run Behavior\ShowPageTraceBehavior [ RunTime:0.001000s ]
INFO: [ app_end ] --END-- [ RunTime:0.001000s ]

