[ 2016-05-28T08:19:58+08:00 ] 121.42.0.33 /Admin/Login/login
INFO: [ app_init ] --START--
INFO: Run Behavior\BuildLiteBehavior [ RunTime:0.000015s ]
INFO: [ app_init ] --END-- [ RunTime:0.000274s ]
INFO: [ app_begin ] --START--
INFO: Run Behavior\ReadHtmlCacheBehavior [ RunTime:0.000551s ]
INFO: Run Behavior\ReadHtmlCacheBehavior [ RunTime:0.000016s ]
INFO: Run Behavior\CheckLangBehavior [ RunTime:0.000510s ]
INFO: [ app_begin ] --END-- [ RunTime:0.001226s ]
INFO: [ view_parse ] --START--
INFO: [ template_filter ] --START--
INFO: Run Behavior\ContentReplaceBehavior [ RunTime:0.000068s ]
INFO: [ template_filter ] --END-- [ RunTime:0.000136s ]
INFO: Run Behavior\ParseTemplateBehavior [ RunTime:0.004798s ]
INFO: [ view_parse ] --END-- [ RunTime:0.004855s ]
INFO: [ view_filter ] --START--
INFO: Run Behavior\WriteHtmlCacheBehavior [ RunTime:0.000118s ]
INFO: [ view_filter ] --END-- [ RunTime:0.000163s ]
INFO: [ app_end ] --START--
INFO: Run Behavior\ShowPageTraceBehavior [ RunTime:0.000368s ]
INFO: [ app_end ] --END-- [ RunTime:0.000415s ]

[ 2016-05-28T15:12:16+08:00 ] 114.229.254.143 /Admin/Index/index
INFO: [ app_init ] --START--
INFO: Run Behavior\BuildLiteBehavior [ RunTime:0.000015s ]
INFO: [ app_init ] --END-- [ RunTime:0.000269s ]
INFO: [ app_begin ] --START--
INFO: Run Behavior\ReadHtmlCacheBehavior [ RunTime:0.000324s ]
INFO: Run Behavior\ReadHtmlCacheBehavior [ RunTime:0.000011s ]
INFO: Run Behavior\CheckLangBehavior [ RunTime:0.000300s ]
INFO: [ app_begin ] --END-- [ RunTime:0.000742s ]
INFO: [ view_parse ] --START--
INFO: [ template_filter ] --START--
INFO: Run Behavior\ContentReplaceBehavior [ RunTime:0.000036s ]
INFO: [ template_filter ] --END-- [ RunTime:0.000090s ]
INFO: Run Behavior\ParseTemplateBehavior [ RunTime:0.004288s ]
INFO: [ view_parse ] --END-- [ RunTime:0.004342s ]
INFO: [ view_filter ] --START--
INFO: Run Behavior\WriteHtmlCacheBehavior [ RunTime:0.000140s ]
INFO: [ view_filter ] --END-- [ RunTime:0.000186s ]

[ 2016-05-28T15:12:20+08:00 ] 114.229.254.143 /Admin/Login/login
INFO: [ app_init ] --START--
INFO: Run Behavior\BuildLiteBehavior [ RunTime:0.000015s ]
INFO: [ app_init ] --END-- [ RunTime:0.000264s ]
INFO: [ app_begin ] --START--
INFO: Run Behavior\ReadHtmlCacheBehavior [ RunTime:0.000323s ]
INFO: Run Behavior\ReadHtmlCacheBehavior [ RunTime:0.000011s ]
INFO: Run Behavior\CheckLangBehavior [ RunTime:0.000263s ]
INFO: [ app_begin ] --END-- [ RunTime:0.000703s ]
INFO: [ view_parse ] --START--
INFO: [ template_filter ] --START--
INFO: Run Behavior\ContentReplaceBehavior [ RunTime:0.000038s ]
INFO: [ template_filter ] --END-- [ RunTime:0.000093s ]
INFO: Run Behavior\ParseTemplateBehavior [ RunTime:0.004384s ]
INFO: [ view_parse ] --END-- [ RunTime:0.004438s ]
INFO: [ view_filter ] --START--
INFO: Run Behavior\WriteHtmlCacheBehavior [ RunTime:0.000134s ]
INFO: [ view_filter ] --END-- [ RunTime:0.000180s ]
INFO: [ app_end ] --START--
INFO: Run Behavior\ShowPageTraceBehavior [ RunTime:0.000336s ]
INFO: [ app_end ] --END-- [ RunTime:0.000383s ]

[ 2016-05-28T15:12:24+08:00 ] 114.229.254.143 /Admin/Login/dologin
INFO: [ app_init ] --START--
INFO: Run Behavior\BuildLiteBehavior [ RunTime:0.000014s ]
INFO: [ app_init ] --END-- [ RunTime:0.000287s ]
INFO: [ app_begin ] --START--
INFO: Run Behavior\ReadHtmlCacheBehavior [ RunTime:0.000318s ]
INFO: Run Behavior\ReadHtmlCacheBehavior [ RunTime:0.000008s ]
INFO: Run Behavior\CheckLangBehavior [ RunTime:0.000355s ]
INFO: [ app_begin ] --END-- [ RunTime:0.000789s ]
SQL: SHOW COLUMNS FROM `exp_admin` [ RunTime:0.0020s ]
SQL: SELECT * FROM `exp_admin` WHERE `admin_account` = 'ujsexpress01' AND `admin_password` = '239df74abd9b9585fda68d73e9f44c0f'  [ RunTime:0.0004s ]
INFO: [ view_parse ] --START--
INFO: [ template_filter ] --START--
INFO: Run Behavior\ContentReplaceBehavior [ RunTime:0.000036s ]
INFO: [ template_filter ] --END-- [ RunTime:0.000089s ]
INFO: Run Behavior\ParseTemplateBehavior [ RunTime:0.004505s ]
INFO: [ view_parse ] --END-- [ RunTime:0.004558s ]
INFO: [ view_filter ] --START--
INFO: Run Behavior\WriteHtmlCacheBehavior [ RunTime:0.000112s ]
INFO: [ view_filter ] --END-- [ RunTime:0.000157s ]
INFO: [ app_end ] --START--
INFO: Run Behavior\ShowPageTraceBehavior [ RunTime:0.000359s ]
INFO: [ app_end ] --END-- [ RunTime:0.000407s ]

[ 2016-05-28T15:12:26+08:00 ] 114.229.254.143 /Admin/Index/index
INFO: [ app_init ] --START--
INFO: Run Behavior\BuildLiteBehavior [ RunTime:0.000015s ]
INFO: [ app_init ] --END-- [ RunTime:0.000300s ]
INFO: [ app_begin ] --START--
INFO: Run Behavior\ReadHtmlCacheBehavior [ RunTime:0.000319s ]
INFO: Run Behavior\ReadHtmlCacheBehavior [ RunTime:0.000011s ]
INFO: Run Behavior\CheckLangBehavior [ RunTime:0.000292s ]
INFO: [ app_begin ] --END-- [ RunTime:0.000729s ]
SQL: SHOW COLUMNS FROM `exp_order` [ RunTime:0.0020s ]
SQL: SELECT COUNT(*) AS tp_count FROM `exp_order` WHERE ( DATE_SUB(curdate(),INTERVAL 0 DAY) = date(FROM_UNIXTIME(order_time)) ) LIMIT 1   [ RunTime:0.0254s ]
SQL: SELECT COUNT(*) AS tp_count FROM `exp_order` WHERE ( DATE_SUB(curdate(),INTERVAL 1 DAY) = date(FROM_UNIXTIME(order_time)) ) LIMIT 1   [ RunTime:0.0250s ]
SQL: SELECT COUNT(*) AS tp_count FROM `exp_order` WHERE ( DATE_SUB(curdate(),INTERVAL 2 DAY) = date(FROM_UNIXTIME(order_time)) ) LIMIT 1   [ RunTime:0.0246s ]
SQL: SELECT COUNT(*) AS tp_count FROM `exp_order` WHERE ( DATE_SUB(curdate(),INTERVAL 3 DAY) = date(FROM_UNIXTIME(order_time)) ) LIMIT 1   [ RunTime:0.0251s ]
SQL: SELECT COUNT(*) AS tp_count FROM `exp_order` WHERE ( DATE_SUB(curdate(),INTERVAL 4 DAY) = date(FROM_UNIXTIME(order_time)) ) LIMIT 1   [ RunTime:0.0249s ]
SQL: SELECT COUNT(*) AS tp_count FROM `exp_order` WHERE ( DATE_SUB(curdate(),INTERVAL 5 DAY) = date(FROM_UNIXTIME(order_time)) ) LIMIT 1   [ RunTime:0.0248s ]
SQL: SELECT COUNT(*) AS tp_count FROM `exp_order` WHERE ( DATE_SUB(curdate(),INTERVAL 6 DAY) = date(FROM_UNIXTIME(order_time)) ) LIMIT 1   [ RunTime:0.0252s ]
SQL: SHOW COLUMNS FROM `exp_user` [ RunTime:0.0019s ]
NOTIC: [8] Use of undefined constant user_id - assumed 'user_id' /webdocs/express/Apps/Admin/Controller/IndexController.class.php 第 15 行.
SQL: SELECT COUNT(user_id) AS tp_count FROM `exp_user` LIMIT 1   [ RunTime:0.0002s ]
SQL: SELECT COUNT(*) AS tp_count FROM `exp_user` WHERE ( DATE_SUB(curdate(),INTERVAL 0 DAY)= date(FROM_UNIXTIME(user_regtime)) ) LIMIT 1   [ RunTime:0.0044s ]
SQL: SELECT COUNT(*) AS tp_count FROM `exp_user` WHERE ( DATE_SUB(curdate(),INTERVAL 1 DAY)= date(FROM_UNIXTIME(user_regtime)) ) LIMIT 1   [ RunTime:0.0042s ]
SQL: SELECT COUNT(*) AS tp_count FROM `exp_user` WHERE ( DATE_SUB(curdate(),INTERVAL 2 DAY)= date(FROM_UNIXTIME(user_regtime)) ) LIMIT 1   [ RunTime:0.0042s ]
SQL: SELECT COUNT(*) AS tp_count FROM `exp_user` WHERE ( DATE_SUB(curdate(),INTERVAL 3 DAY)= date(FROM_UNIXTIME(user_regtime)) ) LIMIT 1   [ RunTime:0.0046s ]
SQL: SELECT COUNT(*) AS tp_count FROM `exp_user` WHERE ( DATE_SUB(curdate(),INTERVAL 4 DAY)= date(FROM_UNIXTIME(user_regtime)) ) LIMIT 1   [ RunTime:0.0043s ]
SQL: SELECT COUNT(*) AS tp_count FROM `exp_user` WHERE ( DATE_SUB(curdate(),INTERVAL 5 DAY)= date(FROM_UNIXTIME(user_regtime)) ) LIMIT 1   [ RunTime:0.0042s ]
SQL: SELECT COUNT(*) AS tp_count FROM `exp_user` WHERE ( DATE_SUB(curdate(),INTERVAL 6 DAY)= date(FROM_UNIXTIME(user_regtime)) ) LIMIT 1   [ RunTime:0.0043s ]
SQL: SELECT `server_content`,count(order_id) as num FROM `exp_order` INNER JOIN exp_server on exp_server.server_id=exp_order.order_server_id  GROUP BY order_server_id  [ RunTime:0.0228s ]
SQL: SHOW COLUMNS FROM `exp_cend` [ RunTime:0.0017s ]
SQL: SELECT COUNT(*) AS tp_count FROM `exp_cend` WHERE ( DATE_SUB(curdate(),INTERVAL 0 DAY) = date(FROM_UNIXTIME(register_time)) ) LIMIT 1   [ RunTime:0.0004s ]
SQL: SELECT COUNT(*) AS tp_count FROM `exp_cend` WHERE ( DATE_SUB(curdate(),INTERVAL 1 DAY) = date(FROM_UNIXTIME(register_time)) ) LIMIT 1   [ RunTime:0.0004s ]
SQL: SELECT COUNT(*) AS tp_count FROM `exp_cend` WHERE ( DATE_SUB(curdate(),INTERVAL 2 DAY) = date(FROM_UNIXTIME(register_time)) ) LIMIT 1   [ RunTime:0.0004s ]
SQL: SELECT COUNT(*) AS tp_count FROM `exp_cend` WHERE ( DATE_SUB(curdate(),INTERVAL 3 DAY) = date(FROM_UNIXTIME(register_time)) ) LIMIT 1   [ RunTime:0.0004s ]
SQL: SELECT COUNT(*) AS tp_count FROM `exp_cend` WHERE ( DATE_SUB(curdate(),INTERVAL 4 DAY) = date(FROM_UNIXTIME(register_time)) ) LIMIT 1   [ RunTime:0.0004s ]
SQL: SELECT COUNT(*) AS tp_count FROM `exp_cend` WHERE ( DATE_SUB(curdate(),INTERVAL 5 DAY) = date(FROM_UNIXTIME(register_time)) ) LIMIT 1   [ RunTime:0.0004s ]
SQL: SELECT COUNT(*) AS tp_count FROM `exp_cend` WHERE ( DATE_SUB(curdate(),INTERVAL 6 DAY) = date(FROM_UNIXTIME(register_time)) ) LIMIT 1   [ RunTime:0.0004s ]
INFO: [ view_parse ] --START--
INFO: [ template_filter ] --START--
INFO: Run Behavior\ContentReplaceBehavior [ RunTime:0.000058s ]
INFO: [ template_filter ] --END-- [ RunTime:0.000115s ]
NOTIC: [8] Use of undefined constant server_content - assumed 'server_content' /webdocs/express/Apps/Runtime/Cache/Admin/859e94050170c96367cb52465a51a945.php 第 198 行.
NOTIC: [8] Use of undefined constant server_content - assumed 'server_content' /webdocs/express/Apps/Runtime/Cache/Admin/859e94050170c96367cb52465a51a945.php 第 198 行.
NOTIC: [8] Use of undefined constant server_content - assumed 'server_content' /webdocs/express/Apps/Runtime/Cache/Admin/859e94050170c96367cb52465a51a945.php 第 198 行.
NOTIC: [8] Use of undefined constant num - assumed 'num' /webdocs/express/Apps/Runtime/Cache/Admin/859e94050170c96367cb52465a51a945.php 第 207 行.
NOTIC: [8] Use of undefined constant server_content - assumed 'server_content' /webdocs/express/Apps/Runtime/Cache/Admin/859e94050170c96367cb52465a51a945.php 第 207 行.
NOTIC: [8] Use of undefined constant num - assumed 'num' /webdocs/express/Apps/Runtime/Cache/Admin/859e94050170c96367cb52465a51a945.php 第 208 行.
NOTIC: [8] Use of undefined constant server_content - assumed 'server_content' /webdocs/express/Apps/Runtime/Cache/Admin/859e94050170c96367cb52465a51a945.php 第 208 行.
NOTIC: [8] Use of undefined constant num - assumed 'num' /webdocs/express/Apps/Runtime/Cache/Admin/859e94050170c96367cb52465a51a945.php 第 209 行.
NOTIC: [8] Use of undefined constant server_content - assumed 'server_content' /webdocs/express/Apps/Runtime/Cache/Admin/859e94050170c96367cb52465a51a945.php 第 209 行.
INFO: Run Behavior\ParseTemplateBehavior [ RunTime:0.008169s ]
INFO: [ view_parse ] --END-- [ RunTime:0.008250s ]
INFO: [ view_filter ] --START--
INFO: Run Behavior\WriteHtmlCacheBehavior [ RunTime:0.000120s ]
INFO: [ view_filter ] --END-- [ RunTime:0.000167s ]
INFO: [ app_end ] --START--
INFO: Run Behavior\ShowPageTraceBehavior [ RunTime:0.000433s ]
INFO: [ app_end ] --END-- [ RunTime:0.000489s ]

[ 2016-05-28T15:12:52+08:00 ] 114.229.254.143 /Admin/OrderManage/orderlist
INFO: [ app_init ] --START--
INFO: Run Behavior\BuildLiteBehavior [ RunTime:0.000015s ]
INFO: [ app_init ] --END-- [ RunTime:0.000276s ]
INFO: [ app_begin ] --START--
INFO: Run Behavior\ReadHtmlCacheBehavior [ RunTime:0.000322s ]
INFO: Run Behavior\ReadHtmlCacheBehavior [ RunTime:0.000012s ]
INFO: Run Behavior\CheckLangBehavior [ RunTime:0.000287s ]
INFO: [ app_begin ] --END-- [ RunTime:0.000736s ]
SQL: SHOW COLUMNS FROM `exp_order` [ RunTime:0.0020s ]
SQL: SELECT COUNT(*) AS tp_count FROM `exp_order` WHERE `order_deleted` = 0 LIMIT 1   [ RunTime:0.0090s ]
INFO: [ view_parse ] --START--
INFO: [ template_filter ] --START--
INFO: Run Behavior\ContentReplaceBehavior [ RunTime:0.000047s ]
INFO: [ template_filter ] --END-- [ RunTime:0.000101s ]
SQL: SHOW COLUMNS FROM `exp_order` [ RunTime:0.0017s ]
SQL: SELECT * FROM `exp_order` INNER JOIN exp_school_area on exp_order.school_area_id=exp_school_area.school_area_id INNER JOIN exp_school_area_detail on exp_order.school_area_detail_id=exp_school_area_detail.school_area_detail_id INNER JOIN exp_status on exp_order.order_status_id=exp_status.status_id  WHERE `order_deleted` = 0 ORDER BY order_id desc LIMIT 0,30   [ RunTime:0.1111s ]
INFO: [ view_parse ] --START--
INFO: [ template_filter ] --START--
INFO: Run Behavior\ContentReplaceBehavior [ RunTime:0.000063s ]
INFO: [ template_filter ] --END-- [ RunTime:-0.118001s ]
INFO: Run Behavior\ParseTemplateBehavior [ RunTime:0.004727s ]
INFO: [ view_parse ] --END-- [ RunTime:0.004793s ]
INFO: [ view_filter ] --START--
INFO: Run Behavior\WriteHtmlCacheBehavior [ RunTime:0.000140s ]
INFO: [ view_filter ] --END-- [ RunTime:0.000187s ]
INFO: Run Behavior\ParseTemplateBehavior [ RunTime:0.005052s ]
INFO: [ view_parse ] --END-- [ RunTime:0.004793s ]
INFO: [ view_filter ] --START--
INFO: Run Behavior\WriteHtmlCacheBehavior [ RunTime:0.000011s ]
INFO: [ view_filter ] --END-- [ RunTime:-0.000122s ]
INFO: [ app_end ] --START--
INFO: Run Behavior\ShowPageTraceBehavior [ RunTime:0.000404s ]
INFO: [ app_end ] --END-- [ RunTime:0.000479s ]

[ 2016-05-28T15:12:58+08:00 ] 114.229.254.143 /Admin/OrderManage/orderlist/p/8
INFO: [ app_init ] --START--
INFO: Run Behavior\BuildLiteBehavior [ RunTime:0.000015s ]
INFO: [ app_init ] --END-- [ RunTime:0.000266s ]
INFO: [ app_begin ] --START--
INFO: Run Behavior\ReadHtmlCacheBehavior [ RunTime:0.000351s ]
INFO: Run Behavior\ReadHtmlCacheBehavior [ RunTime:0.000011s ]
INFO: Run Behavior\CheckLangBehavior [ RunTime:0.000259s ]
INFO: [ app_begin ] --END-- [ RunTime:0.000729s ]
SQL: SHOW COLUMNS FROM `exp_order` [ RunTime:0.0024s ]
SQL: SELECT COUNT(*) AS tp_count FROM `exp_order` WHERE `order_deleted` = 0 LIMIT 1   [ RunTime:0.0099s ]
INFO: [ view_parse ] --START--
INFO: [ template_filter ] --START--
INFO: Run Behavior\ContentReplaceBehavior [ RunTime:0.000050s ]
INFO: [ template_filter ] --END-- [ RunTime:0.000105s ]
SQL: SHOW COLUMNS FROM `exp_order` [ RunTime:0.0020s ]
SQL: SELECT * FROM `exp_order` INNER JOIN exp_school_area on exp_order.school_area_id=exp_school_area.school_area_id INNER JOIN exp_school_area_detail on exp_order.school_area_detail_id=exp_school_area_detail.school_area_detail_id INNER JOIN exp_status on exp_order.order_status_id=exp_status.status_id  WHERE `order_deleted` = 0 ORDER BY order_id desc LIMIT 210,30   [ RunTime:0.1397s ]
INFO: [ view_parse ] --START--
INFO: [ template_filter ] --START--
INFO: Run Behavior\ContentReplaceBehavior [ RunTime:0.000053s ]
INFO: [ template_filter ] --END-- [ RunTime:-0.146639s ]
INFO: Run Behavior\ParseTemplateBehavior [ RunTime:0.004289s ]
INFO: [ view_parse ] --END-- [ RunTime:0.004354s ]
INFO: [ view_filter ] --START--
INFO: Run Behavior\WriteHtmlCacheBehavior [ RunTime:0.000132s ]
INFO: [ view_filter ] --END-- [ RunTime:0.000179s ]
INFO: Run Behavior\ParseTemplateBehavior [ RunTime:0.004594s ]
INFO: [ view_parse ] --END-- [ RunTime:0.004354s ]
INFO: [ view_filter ] --START--
INFO: Run Behavior\WriteHtmlCacheBehavior [ RunTime:0.000012s ]
INFO: [ view_filter ] --END-- [ RunTime:-0.000140s ]
INFO: [ app_end ] --START--
INFO: Run Behavior\ShowPageTraceBehavior [ RunTime:0.000354s ]
INFO: [ app_end ] --END-- [ RunTime:0.000407s ]

[ 2016-05-28T15:13:03+08:00 ] 114.229.254.143 /Admin/OrderManage/orderlist/p/55
INFO: [ app_init ] --START--
INFO: Run Behavior\BuildLiteBehavior [ RunTime:0.000014s ]
INFO: [ app_init ] --END-- [ RunTime:0.000266s ]
INFO: [ app_begin ] --START--
INFO: Run Behavior\ReadHtmlCacheBehavior [ RunTime:0.000345s ]
INFO: Run Behavior\ReadHtmlCacheBehavior [ RunTime:0.000011s ]
INFO: Run Behavior\CheckLangBehavior [ RunTime:0.000358s ]
INFO: [ app_begin ] --END-- [ RunTime:0.000873s ]
SQL: SHOW COLUMNS FROM `exp_order` [ RunTime:0.0020s ]
SQL: SELECT COUNT(*) AS tp_count FROM `exp_order` WHERE `order_deleted` = 0 LIMIT 1   [ RunTime:0.0090s ]
INFO: [ view_parse ] --START--
INFO: [ template_filter ] --START--
INFO: Run Behavior\ContentReplaceBehavior [ RunTime:0.000050s ]
INFO: [ template_filter ] --END-- [ RunTime:0.000105s ]
SQL: SHOW COLUMNS FROM `exp_order` [ RunTime:0.0018s ]
SQL: SELECT * FROM `exp_order` INNER JOIN exp_school_area on exp_order.school_area_id=exp_school_area.school_area_id INNER JOIN exp_school_area_detail on exp_order.school_area_detail_id=exp_school_area_detail.school_area_detail_id INNER JOIN exp_status on exp_order.order_status_id=exp_status.status_id  WHERE `order_deleted` = 0 ORDER BY order_id desc LIMIT 1620,30   [ RunTime:0.1150s ]
INFO: [ view_parse ] --START--
INFO: [ template_filter ] --START--
INFO: Run Behavior\ContentReplaceBehavior [ RunTime:0.000048s ]
INFO: [ template_filter ] --END-- [ RunTime:-0.123371s ]
INFO: Run Behavior\ParseTemplateBehavior [ RunTime:0.004348s ]
INFO: [ view_parse ] --END-- [ RunTime:0.004411s ]
INFO: [ view_filter ] --START--
INFO: Run Behavior\WriteHtmlCacheBehavior [ RunTime:0.000130s ]
INFO: [ view_filter ] --END-- [ RunTime:0.000177s ]
INFO: Run Behavior\ParseTemplateBehavior [ RunTime:0.004691s ]
INFO: [ view_parse ] --END-- [ RunTime:0.004411s ]
INFO: [ view_filter ] --START--
INFO: Run Behavior\WriteHtmlCacheBehavior [ RunTime:0.000012s ]
INFO: [ view_filter ] --END-- [ RunTime:-0.000158s ]
INFO: [ app_end ] --START--
INFO: Run Behavior\ShowPageTraceBehavior [ RunTime:0.000364s ]
INFO: [ app_end ] --END-- [ RunTime:0.000416s ]

[ 2016-05-28T15:13:07+08:00 ] 114.229.254.143 /Admin/OrderManage/orderlist/p/50
INFO: [ app_init ] --START--
INFO: Run Behavior\BuildLiteBehavior [ RunTime:0.000014s ]
INFO: [ app_init ] --END-- [ RunTime:0.000265s ]
INFO: [ app_begin ] --START--
INFO: Run Behavior\ReadHtmlCacheBehavior [ RunTime:0.000328s ]
INFO: Run Behavior\ReadHtmlCacheBehavior [ RunTime:0.000011s ]
INFO: Run Behavior\CheckLangBehavior [ RunTime:0.000260s ]
INFO: [ app_begin ] --END-- [ RunTime:0.000705s ]
SQL: SHOW COLUMNS FROM `exp_order` [ RunTime:0.0020s ]
SQL: SELECT COUNT(*) AS tp_count FROM `exp_order` WHERE `order_deleted` = 0 LIMIT 1   [ RunTime:0.0089s ]
INFO: [ view_parse ] --START--
INFO: [ template_filter ] --START--
INFO: Run Behavior\ContentReplaceBehavior [ RunTime:0.000047s ]
INFO: [ template_filter ] --END-- [ RunTime:0.000100s ]
SQL: SHOW COLUMNS FROM `exp_order` [ RunTime:0.0017s ]
SQL: SELECT * FROM `exp_order` INNER JOIN exp_school_area on exp_order.school_area_id=exp_school_area.school_area_id INNER JOIN exp_school_area_detail on exp_order.school_area_detail_id=exp_school_area_detail.school_area_detail_id INNER JOIN exp_status on exp_order.order_status_id=exp_status.status_id  WHERE `order_deleted` = 0 ORDER BY order_id desc LIMIT 1470,30   [ RunTime:0.1158s ]
INFO: [ view_parse ] --START--
INFO: [ template_filter ] --START--
INFO: Run Behavior\ContentReplaceBehavior [ RunTime:0.000048s ]
INFO: [ template_filter ] --END-- [ RunTime:-0.122352s ]
INFO: Run Behavior\ParseTemplateBehavior [ RunTime:0.004465s ]
INFO: [ view_parse ] --END-- [ RunTime:0.004528s ]
INFO: [ view_filter ] --START--
INFO: Run Behavior\WriteHtmlCacheBehavior [ RunTime:0.000133s ]
INFO: [ view_filter ] --END-- [ RunTime:0.000180s ]
INFO: Run Behavior\ParseTemplateBehavior [ RunTime:0.004771s ]
INFO: [ view_parse ] --END-- [ RunTime:0.004528s ]
INFO: [ view_filter ] --START--
INFO: Run Behavior\WriteHtmlCacheBehavior [ RunTime:0.000011s ]
INFO: [ view_filter ] --END-- [ RunTime:-0.000113s ]
INFO: [ app_end ] --START--
INFO: Run Behavior\ShowPageTraceBehavior [ RunTime:0.000381s ]
INFO: [ app_end ] --END-- [ RunTime:0.000434s ]

[ 2016-05-28T15:13:11+08:00 ] 114.229.254.143 /Admin/OrderManage/orderlist/p/45
INFO: [ app_init ] --START--
INFO: Run Behavior\BuildLiteBehavior [ RunTime:0.000015s ]
INFO: [ app_init ] --END-- [ RunTime:0.000290s ]
INFO: [ app_begin ] --START--
INFO: Run Behavior\ReadHtmlCacheBehavior [ RunTime:0.000358s ]
INFO: Run Behavior\ReadHtmlCacheBehavior [ RunTime:0.000018s ]
INFO: Run Behavior\CheckLangBehavior [ RunTime:0.000264s ]
INFO: [ app_begin ] --END-- [ RunTime:0.000756s ]
SQL: SHOW COLUMNS FROM `exp_order` [ RunTime:0.0021s ]
SQL: SELECT COUNT(*) AS tp_count FROM `exp_order` WHERE `order_deleted` = 0 LIMIT 1   [ RunTime:0.0091s ]
INFO: [ view_parse ] --START--
INFO: [ template_filter ] --START--
INFO: Run Behavior\ContentReplaceBehavior [ RunTime:0.000050s ]
INFO: [ template_filter ] --END-- [ RunTime:0.000106s ]
SQL: SHOW COLUMNS FROM `exp_order` [ RunTime:0.0019s ]
SQL: SELECT * FROM `exp_order` INNER JOIN exp_school_area on exp_order.school_area_id=exp_school_area.school_area_id INNER JOIN exp_school_area_detail on exp_order.school_area_detail_id=exp_school_area_detail.school_area_detail_id INNER JOIN exp_status on exp_order.order_status_id=exp_status.status_id  WHERE `order_deleted` = 0 ORDER BY order_id desc LIMIT 1320,30   [ RunTime:0.1145s ]
INFO: [ view_parse ] --START--
INFO: [ template_filter ] --START--
INFO: Run Behavior\ContentReplaceBehavior [ RunTime:0.000047s ]
INFO: [ template_filter ] --END-- [ RunTime:-0.121443s ]
INFO: Run Behavior\ParseTemplateBehavior [ RunTime:0.004382s ]
INFO: [ view_parse ] --END-- [ RunTime:0.004473s ]
INFO: [ view_filter ] --START--
INFO: Run Behavior\WriteHtmlCacheBehavior [ RunTime:0.000132s ]
INFO: [ view_filter ] --END-- [ RunTime:0.000179s ]
INFO: Run Behavior\ParseTemplateBehavior [ RunTime:0.004691s ]
INFO: [ view_parse ] --END-- [ RunTime:0.004473s ]
INFO: [ view_filter ] --START--
INFO: Run Behavior\WriteHtmlCacheBehavior [ RunTime:0.000011s ]
INFO: [ view_filter ] --END-- [ RunTime:-0.000115s ]
INFO: [ app_end ] --START--
INFO: Run Behavior\ShowPageTraceBehavior [ RunTime:0.000337s ]
INFO: [ app_end ] --END-- [ RunTime:0.000411s ]

[ 2016-05-28T15:13:15+08:00 ] 114.229.254.143 /Admin/OrderManage/orderlist/p/43
INFO: [ app_init ] --START--
INFO: Run Behavior\BuildLiteBehavior [ RunTime:0.000015s ]
INFO: [ app_init ] --END-- [ RunTime:0.000267s ]
INFO: [ app_begin ] --START--
INFO: Run Behavior\ReadHtmlCacheBehavior [ RunTime:0.000327s ]
INFO: Run Behavior\ReadHtmlCacheBehavior [ RunTime:0.000011s ]
INFO: Run Behavior\CheckLangBehavior [ RunTime:0.000314s ]
INFO: [ app_begin ] --END-- [ RunTime:0.000759s ]
SQL: SHOW COLUMNS FROM `exp_order` [ RunTime:0.0020s ]
SQL: SELECT COUNT(*) AS tp_count FROM `exp_order` WHERE `order_deleted` = 0 LIMIT 1   [ RunTime:0.0092s ]
INFO: [ view_parse ] --START--
INFO: [ template_filter ] --START--
INFO: Run Behavior\ContentReplaceBehavior [ RunTime:0.000047s ]
INFO: [ template_filter ] --END-- [ RunTime:0.000100s ]
SQL: SHOW COLUMNS FROM `exp_order` [ RunTime:0.0020s ]
SQL: SELECT * FROM `exp_order` INNER JOIN exp_school_area on exp_order.school_area_id=exp_school_area.school_area_id INNER JOIN exp_school_area_detail on exp_order.school_area_detail_id=exp_school_area_detail.school_area_detail_id INNER JOIN exp_status on exp_order.order_status_id=exp_status.status_id  WHERE `order_deleted` = 0 ORDER BY order_id desc LIMIT 1260,30   [ RunTime:0.1118s ]
INFO: [ view_parse ] --START--
INFO: [ template_filter ] --START--
INFO: Run Behavior\ContentReplaceBehavior [ RunTime:0.000048s ]
INFO: [ template_filter ] --END-- [ RunTime:-0.120958s ]
INFO: Run Behavior\ParseTemplateBehavior [ RunTime:0.004318s ]
INFO: [ view_parse ] --END-- [ RunTime:0.004382s ]
INFO: [ view_filter ] --START--
INFO: Run Behavior\WriteHtmlCacheBehavior [ RunTime:0.000137s ]
INFO: [ view_filter ] --END-- [ RunTime:0.000186s ]
INFO: Run Behavior\ParseTemplateBehavior [ RunTime:0.004655s ]
INFO: [ view_parse ] --END-- [ RunTime:0.004382s ]
INFO: [ view_filter ] --START--
INFO: Run Behavior\WriteHtmlCacheBehavior [ RunTime:0.000011s ]
INFO: [ view_filter ] --END-- [ RunTime:-0.000113s ]
INFO: [ app_end ] --START--
INFO: Run Behavior\ShowPageTraceBehavior [ RunTime:0.000350s ]
INFO: [ app_end ] --END-- [ RunTime:0.000402s ]

[ 2016-05-28T15:13:19+08:00 ] 114.229.254.143 /Admin/OrderManage/orderlist/p/42
INFO: [ app_init ] --START--
INFO: Run Behavior\BuildLiteBehavior [ RunTime:0.000015s ]
INFO: [ app_init ] --END-- [ RunTime:0.000290s ]
INFO: [ app_begin ] --START--
INFO: Run Behavior\ReadHtmlCacheBehavior [ RunTime:0.000361s ]
INFO: Run Behavior\ReadHtmlCacheBehavior [ RunTime:0.000011s ]
INFO: Run Behavior\CheckLangBehavior [ RunTime:0.000261s ]
INFO: [ app_begin ] --END-- [ RunTime:0.000740s ]
SQL: SHOW COLUMNS FROM `exp_order` [ RunTime:0.0020s ]
SQL: SELECT COUNT(*) AS tp_count FROM `exp_order` WHERE `order_deleted` = 0 LIMIT 1   [ RunTime:0.0089s ]
INFO: [ view_parse ] --START--
INFO: [ template_filter ] --START--
INFO: Run Behavior\ContentReplaceBehavior [ RunTime:0.000047s ]
INFO: [ template_filter ] --END-- [ RunTime:0.000100s ]
SQL: SHOW COLUMNS FROM `exp_order` [ RunTime:0.0017s ]
SQL: SELECT * FROM `exp_order` INNER JOIN exp_school_area on exp_order.school_area_id=exp_school_area.school_area_id INNER JOIN exp_school_area_detail on exp_order.school_area_detail_id=exp_school_area_detail.school_area_detail_id INNER JOIN exp_status on exp_order.order_status_id=exp_status.status_id  WHERE `order_deleted` = 0 ORDER BY order_id desc LIMIT 1230,30   [ RunTime:0.1120s ]
INFO: [ view_parse ] --START--
INFO: [ template_filter ] --START--
INFO: Run Behavior\ContentReplaceBehavior [ RunTime:0.000048s ]
INFO: [ template_filter ] --END-- [ RunTime:-0.118806s ]
INFO: Run Behavior\ParseTemplateBehavior [ RunTime:0.004312s ]
INFO: [ view_parse ] --END-- [ RunTime:0.004375s ]
INFO: [ view_filter ] --START--
INFO: Run Behavior\WriteHtmlCacheBehavior [ RunTime:0.000133s ]
INFO: [ view_filter ] --END-- [ RunTime:0.000180s ]
INFO: Run Behavior\ParseTemplateBehavior [ RunTime:0.004619s ]
INFO: [ view_parse ] --END-- [ RunTime:0.004375s ]
INFO: [ view_filter ] --START--
INFO: Run Behavior\WriteHtmlCacheBehavior [ RunTime:0.000011s ]
INFO: [ view_filter ] --END-- [ RunTime:-0.000116s ]
INFO: [ app_end ] --START--
INFO: Run Behavior\ShowPageTraceBehavior [ RunTime:0.000384s ]
INFO: [ app_end ] --END-- [ RunTime:0.000438s ]

[ 2016-05-28T15:13:25+08:00 ] 114.229.254.143 /Admin/orderManage/ordercontent/id/15056
INFO: [ app_init ] --START--
INFO: Run Behavior\BuildLiteBehavior [ RunTime:0.000039s ]
INFO: [ app_init ] --END-- [ RunTime:0.000301s ]
INFO: [ app_begin ] --START--
INFO: Run Behavior\ReadHtmlCacheBehavior [ RunTime:0.000333s ]
INFO: Run Behavior\ReadHtmlCacheBehavior [ RunTime:0.000011s ]
INFO: Run Behavior\CheckLangBehavior [ RunTime:0.000314s ]
INFO: [ app_begin ] --END-- [ RunTime:0.000764s ]
INFO: [ view_parse ] --START--
INFO: [ template_filter ] --START--
INFO: Run Behavior\ContentReplaceBehavior [ RunTime:0.000058s ]
INFO: [ template_filter ] --END-- [ RunTime:0.000134s ]
SQL: SHOW COLUMNS FROM `exp_order` [ RunTime:0.0020s ]
SQL: SELECT * FROM `exp_order` INNER JOIN exp_school_area on exp_order.school_area_id=exp_school_area.school_area_id INNER JOIN exp_school_area_detail on exp_order.school_area_detail_id=exp_school_area_detail.school_area_detail_id INNER JOIN exp_status on exp_order.order_status_id=exp_status.status_id INNER JOIN exp_user on exp_order.order_user_id=exp_user.user_id  WHERE `order_id` = '15056' LIMIT 1   [ RunTime:0.0007s ]
SQL: UPDATE `exp_order` SET `order_status_id`='4' WHERE `order_id` = 15056 [ RunTime:0.0003s ]
INFO: [ view_parse ] --START--
INFO: [ template_filter ] --START--
INFO: Run Behavior\ContentReplaceBehavior [ RunTime:0.000044s ]
INFO: [ template_filter ] --END-- [ RunTime:-0.013530s ]
NOTIC: [8] Undefined index: from /webdocs/express/Apps/Runtime/Cache/Admin/8b62078c3c2eb0c4a390997d8fab39f4.php 第 45 行.
NOTIC: [8] Undefined index: from /webdocs/express/Apps/Runtime/Cache/Admin/8b62078c3c2eb0c4a390997d8fab39f4.php 第 83 行.
INFO: Run Behavior\ParseTemplateBehavior [ RunTime:0.002965s ]
INFO: [ view_parse ] --END-- [ RunTime:0.003015s ]
INFO: [ view_filter ] --START--
INFO: Run Behavior\WriteHtmlCacheBehavior [ RunTime:0.000122s ]
INFO: [ view_filter ] --END-- [ RunTime:0.000167s ]
INFO: Run Behavior\ParseTemplateBehavior [ RunTime:0.003240s ]
INFO: [ view_parse ] --END-- [ RunTime:0.003015s ]
INFO: [ view_filter ] --START--
INFO: Run Behavior\WriteHtmlCacheBehavior [ RunTime:0.000010s ]
INFO: [ view_filter ] --END-- [ RunTime:-0.000102s ]
INFO: [ app_end ] --START--
INFO: Run Behavior\ShowPageTraceBehavior [ RunTime:0.000347s ]
INFO: [ app_end ] --END-- [ RunTime:0.000397s ]

[ 2016-05-28T21:51:28+08:00 ] 112.24.30.170 /Admin/OrderManage/orderlist
INFO: [ app_init ] --START--
INFO: Run Behavior\BuildLiteBehavior [ RunTime:0.000015s ]
INFO: [ app_init ] --END-- [ RunTime:0.000297s ]
INFO: [ app_begin ] --START--
INFO: Run Behavior\ReadHtmlCacheBehavior [ RunTime:0.000336s ]
INFO: Run Behavior\ReadHtmlCacheBehavior [ RunTime:0.000011s ]
INFO: Run Behavior\CheckLangBehavior [ RunTime:0.000376s ]
INFO: [ app_begin ] --END-- [ RunTime:0.000831s ]
INFO: [ view_parse ] --START--
INFO: [ template_filter ] --START--
INFO: Run Behavior\ContentReplaceBehavior [ RunTime:0.000050s ]
INFO: [ template_filter ] --END-- [ RunTime:0.000124s ]
INFO: Run Behavior\ParseTemplateBehavior [ RunTime:0.004995s ]
INFO: [ view_parse ] --END-- [ RunTime:0.005051s ]
INFO: [ view_filter ] --START--
INFO: Run Behavior\WriteHtmlCacheBehavior [ RunTime:0.000133s ]
INFO: [ view_filter ] --END-- [ RunTime:0.000182s ]

[ 2016-05-28T21:51:32+08:00 ] 112.24.30.170 /Admin/Login/login
INFO: [ app_init ] --START--
INFO: Run Behavior\BuildLiteBehavior [ RunTime:0.000014s ]
INFO: [ app_init ] --END-- [ RunTime:0.000292s ]
INFO: [ app_begin ] --START--
INFO: Run Behavior\ReadHtmlCacheBehavior [ RunTime:0.000349s ]
INFO: Run Behavior\ReadHtmlCacheBehavior [ RunTime:0.000012s ]
INFO: Run Behavior\CheckLangBehavior [ RunTime:0.000264s ]
INFO: [ app_begin ] --END-- [ RunTime:0.000735s ]
INFO: [ view_parse ] --START--
INFO: [ template_filter ] --START--
INFO: Run Behavior\ContentReplaceBehavior [ RunTime:0.000042s ]
INFO: [ template_filter ] --END-- [ RunTime:0.000100s ]
INFO: Run Behavior\ParseTemplateBehavior [ RunTime:0.004438s ]
INFO: [ view_parse ] --END-- [ RunTime:0.004495s ]
INFO: [ view_filter ] --START--
INFO: Run Behavior\WriteHtmlCacheBehavior [ RunTime:0.000112s ]
INFO: [ view_filter ] --END-- [ RunTime:0.000157s ]
INFO: [ app_end ] --START--
INFO: Run Behavior\ShowPageTraceBehavior [ RunTime:0.000338s ]
INFO: [ app_end ] --END-- [ RunTime:0.000384s ]

[ 2016-05-28T21:51:37+08:00 ] 112.24.30.170 /Admin/Login/dologin
INFO: [ app_init ] --START--
INFO: Run Behavior\BuildLiteBehavior [ RunTime:0.000015s ]
INFO: [ app_init ] --END-- [ RunTime:0.000272s ]
INFO: [ app_begin ] --START--
INFO: Run Behavior\ReadHtmlCacheBehavior [ RunTime:0.000347s ]
INFO: Run Behavior\ReadHtmlCacheBehavior [ RunTime:0.000008s ]
INFO: Run Behavior\CheckLangBehavior [ RunTime:0.000268s ]
INFO: [ app_begin ] --END-- [ RunTime:0.000736s ]
SQL: SHOW COLUMNS FROM `exp_admin` [ RunTime:0.0020s ]
SQL: SELECT * FROM `exp_admin` WHERE `admin_account` = 'ujsexpress01' AND `admin_password` = '239df74abd9b9585fda68d73e9f44c0f'  [ RunTime:0.0004s ]
INFO: [ view_parse ] --START--
INFO: [ template_filter ] --START--
INFO: Run Behavior\ContentReplaceBehavior [ RunTime:0.000044s ]
INFO: [ template_filter ] --END-- [ RunTime:0.000105s ]
INFO: Run Behavior\ParseTemplateBehavior [ RunTime:0.004434s ]
INFO: [ view_parse ] --END-- [ RunTime:0.004489s ]
INFO: [ view_filter ] --START--
INFO: Run Behavior\WriteHtmlCacheBehavior [ RunTime:0.000122s ]
INFO: [ view_filter ] --END-- [ RunTime:0.000172s ]
INFO: [ app_end ] --START--
INFO: Run Behavior\ShowPageTraceBehavior [ RunTime:0.000334s ]
INFO: [ app_end ] --END-- [ RunTime:0.000384s ]

[ 2016-05-28T21:51:39+08:00 ] 112.24.30.170 /Admin/Index/index
INFO: [ app_init ] --START--
INFO: Run Behavior\BuildLiteBehavior [ RunTime:0.000041s ]
INFO: [ app_init ] --END-- [ RunTime:0.000309s ]
INFO: [ app_begin ] --START--
INFO: Run Behavior\ReadHtmlCacheBehavior [ RunTime:0.000322s ]
INFO: Run Behavior\ReadHtmlCacheBehavior [ RunTime:0.000011s ]
INFO: Run Behavior\CheckLangBehavior [ RunTime:0.000289s ]
INFO: [ app_begin ] --END-- [ RunTime:0.000734s ]
SQL: SHOW COLUMNS FROM `exp_order` [ RunTime:0.0020s ]
SQL: SELECT COUNT(*) AS tp_count FROM `exp_order` WHERE ( DATE_SUB(curdate(),INTERVAL 0 DAY) = date(FROM_UNIXTIME(order_time)) ) LIMIT 1   [ RunTime:0.0283s ]
SQL: SELECT COUNT(*) AS tp_count FROM `exp_order` WHERE ( DATE_SUB(curdate(),INTERVAL 1 DAY) = date(FROM_UNIXTIME(order_time)) ) LIMIT 1   [ RunTime:0.0250s ]
SQL: SELECT COUNT(*) AS tp_count FROM `exp_order` WHERE ( DATE_SUB(curdate(),INTERVAL 2 DAY) = date(FROM_UNIXTIME(order_time)) ) LIMIT 1   [ RunTime:0.0244s ]
SQL: SELECT COUNT(*) AS tp_count FROM `exp_order` WHERE ( DATE_SUB(curdate(),INTERVAL 3 DAY) = date(FROM_UNIXTIME(order_time)) ) LIMIT 1   [ RunTime:0.0246s ]
SQL: SELECT COUNT(*) AS tp_count FROM `exp_order` WHERE ( DATE_SUB(curdate(),INTERVAL 4 DAY) = date(FROM_UNIXTIME(order_time)) ) LIMIT 1   [ RunTime:0.0241s ]
SQL: SELECT COUNT(*) AS tp_count FROM `exp_order` WHERE ( DATE_SUB(curdate(),INTERVAL 5 DAY) = date(FROM_UNIXTIME(order_time)) ) LIMIT 1   [ RunTime:0.0242s ]
SQL: SELECT COUNT(*) AS tp_count FROM `exp_order` WHERE ( DATE_SUB(curdate(),INTERVAL 6 DAY) = date(FROM_UNIXTIME(order_time)) ) LIMIT 1   [ RunTime:0.0250s ]
SQL: SHOW COLUMNS FROM `exp_user` [ RunTime:0.0019s ]
NOTIC: [8] Use of undefined constant user_id - assumed 'user_id' /webdocs/express/Apps/Admin/Controller/IndexController.class.php 第 15 行.
SQL: SELECT COUNT(user_id) AS tp_count FROM `exp_user` LIMIT 1   [ RunTime:0.0002s ]
SQL: SELECT COUNT(*) AS tp_count FROM `exp_user` WHERE ( DATE_SUB(curdate(),INTERVAL 0 DAY)= date(FROM_UNIXTIME(user_regtime)) ) LIMIT 1   [ RunTime:0.0042s ]
SQL: SELECT COUNT(*) AS tp_count FROM `exp_user` WHERE ( DATE_SUB(curdate(),INTERVAL 1 DAY)= date(FROM_UNIXTIME(user_regtime)) ) LIMIT 1   [ RunTime:0.0042s ]
SQL: SELECT COUNT(*) AS tp_count FROM `exp_user` WHERE ( DATE_SUB(curdate(),INTERVAL 2 DAY)= date(FROM_UNIXTIME(user_regtime)) ) LIMIT 1   [ RunTime:0.0042s ]
SQL: SELECT COUNT(*) AS tp_count FROM `exp_user` WHERE ( DATE_SUB(curdate(),INTERVAL 3 DAY)= date(FROM_UNIXTIME(user_regtime)) ) LIMIT 1   [ RunTime:0.0043s ]
SQL: SELECT COUNT(*) AS tp_count FROM `exp_user` WHERE ( DATE_SUB(curdate(),INTERVAL 4 DAY)= date(FROM_UNIXTIME(user_regtime)) ) LIMIT 1   [ RunTime:0.0043s ]
SQL: SELECT COUNT(*) AS tp_count FROM `exp_user` WHERE ( DATE_SUB(curdate(),INTERVAL 5 DAY)= date(FROM_UNIXTIME(user_regtime)) ) LIMIT 1   [ RunTime:0.0044s ]
SQL: SELECT COUNT(*) AS tp_count FROM `exp_user` WHERE ( DATE_SUB(curdate(),INTERVAL 6 DAY)= date(FROM_UNIXTIME(user_regtime)) ) LIMIT 1   [ RunTime:0.0044s ]
SQL: SELECT `server_content`,count(order_id) as num FROM `exp_order` INNER JOIN exp_server on exp_server.server_id=exp_order.order_server_id  GROUP BY order_server_id  [ RunTime:0.0227s ]
SQL: SHOW COLUMNS FROM `exp_cend` [ RunTime:0.0016s ]
SQL: SELECT COUNT(*) AS tp_count FROM `exp_cend` WHERE ( DATE_SUB(curdate(),INTERVAL 0 DAY) = date(FROM_UNIXTIME(register_time)) ) LIMIT 1   [ RunTime:0.0004s ]
SQL: SELECT COUNT(*) AS tp_count FROM `exp_cend` WHERE ( DATE_SUB(curdate(),INTERVAL 1 DAY) = date(FROM_UNIXTIME(register_time)) ) LIMIT 1   [ RunTime:0.0004s ]
SQL: SELECT COUNT(*) AS tp_count FROM `exp_cend` WHERE ( DATE_SUB(curdate(),INTERVAL 2 DAY) = date(FROM_UNIXTIME(register_time)) ) LIMIT 1   [ RunTime:0.0004s ]
SQL: SELECT COUNT(*) AS tp_count FROM `exp_cend` WHERE ( DATE_SUB(curdate(),INTERVAL 3 DAY) = date(FROM_UNIXTIME(register_time)) ) LIMIT 1   [ RunTime:0.0004s ]
SQL: SELECT COUNT(*) AS tp_count FROM `exp_cend` WHERE ( DATE_SUB(curdate(),INTERVAL 4 DAY) = date(FROM_UNIXTIME(register_time)) ) LIMIT 1   [ RunTime:0.0004s ]
SQL: SELECT COUNT(*) AS tp_count FROM `exp_cend` WHERE ( DATE_SUB(curdate(),INTERVAL 5 DAY) = date(FROM_UNIXTIME(register_time)) ) LIMIT 1   [ RunTime:0.0004s ]
SQL: SELECT COUNT(*) AS tp_count FROM `exp_cend` WHERE ( DATE_SUB(curdate(),INTERVAL 6 DAY) = date(FROM_UNIXTIME(register_time)) ) LIMIT 1   [ RunTime:0.0004s ]
INFO: [ view_parse ] --START--
INFO: [ template_filter ] --START--
INFO: Run Behavior\ContentReplaceBehavior [ RunTime:0.000057s ]
INFO: [ template_filter ] --END-- [ RunTime:0.000111s ]
NOTIC: [8] Use of undefined constant server_content - assumed 'server_content' /webdocs/express/Apps/Runtime/Cache/Admin/859e94050170c96367cb52465a51a945.php 第 198 行.
NOTIC: [8] Use of undefined constant server_content - assumed 'server_content' /webdocs/express/Apps/Runtime/Cache/Admin/859e94050170c96367cb52465a51a945.php 第 198 行.
NOTIC: [8] Use of undefined constant server_content - assumed 'server_content' /webdocs/express/Apps/Runtime/Cache/Admin/859e94050170c96367cb52465a51a945.php 第 198 行.
NOTIC: [8] Use of undefined constant num - assumed 'num' /webdocs/express/Apps/Runtime/Cache/Admin/859e94050170c96367cb52465a51a945.php 第 207 行.
NOTIC: [8] Use of undefined constant server_content - assumed 'server_content' /webdocs/express/Apps/Runtime/Cache/Admin/859e94050170c96367cb52465a51a945.php 第 207 行.
NOTIC: [8] Use of undefined constant num - assumed 'num' /webdocs/express/Apps/Runtime/Cache/Admin/859e94050170c96367cb52465a51a945.php 第 208 行.
NOTIC: [8] Use of undefined constant server_content - assumed 'server_content' /webdocs/express/Apps/Runtime/Cache/Admin/859e94050170c96367cb52465a51a945.php 第 208 行.
NOTIC: [8] Use of undefined constant num - assumed 'num' /webdocs/express/Apps/Runtime/Cache/Admin/859e94050170c96367cb52465a51a945.php 第 209 行.
NOTIC: [8] Use of undefined constant server_content - assumed 'server_content' /webdocs/express/Apps/Runtime/Cache/Admin/859e94050170c96367cb52465a51a945.php 第 209 行.
INFO: Run Behavior\ParseTemplateBehavior [ RunTime:0.007937s ]
INFO: [ view_parse ] --END-- [ RunTime:0.007988s ]
INFO: [ view_filter ] --START--
INFO: Run Behavior\WriteHtmlCacheBehavior [ RunTime:0.000138s ]
INFO: [ view_filter ] --END-- [ RunTime:0.000184s ]
INFO: [ app_end ] --START--
INFO: Run Behavior\ShowPageTraceBehavior [ RunTime:0.000355s ]
INFO: [ app_end ] --END-- [ RunTime:0.000409s ]

[ 2016-05-28T21:51:43+08:00 ] 112.24.30.170 /Admin/Index/index
INFO: [ app_init ] --START--
INFO: Run Behavior\BuildLiteBehavior [ RunTime:0.000014s ]
INFO: [ app_init ] --END-- [ RunTime:0.000269s ]
INFO: [ app_begin ] --START--
INFO: Run Behavior\ReadHtmlCacheBehavior [ RunTime:0.000325s ]
INFO: Run Behavior\ReadHtmlCacheBehavior [ RunTime:0.000011s ]
INFO: Run Behavior\CheckLangBehavior [ RunTime:0.000286s ]
INFO: [ app_begin ] --END-- [ RunTime:0.000731s ]
SQL: SHOW COLUMNS FROM `exp_order` [ RunTime:0.0021s ]
SQL: SELECT COUNT(*) AS tp_count FROM `exp_order` WHERE ( DATE_SUB(curdate(),INTERVAL 0 DAY) = date(FROM_UNIXTIME(order_time)) ) LIMIT 1   [ RunTime:0.0250s ]
SQL: SELECT COUNT(*) AS tp_count FROM `exp_order` WHERE ( DATE_SUB(curdate(),INTERVAL 1 DAY) = date(FROM_UNIXTIME(order_time)) ) LIMIT 1   [ RunTime:0.0248s ]
SQL: SELECT COUNT(*) AS tp_count FROM `exp_order` WHERE ( DATE_SUB(curdate(),INTERVAL 2 DAY) = date(FROM_UNIXTIME(order_time)) ) LIMIT 1   [ RunTime:0.0251s ]
SQL: SELECT COUNT(*) AS tp_count FROM `exp_order` WHERE ( DATE_SUB(curdate(),INTERVAL 3 DAY) = date(FROM_UNIXTIME(order_time)) ) LIMIT 1   [ RunTime:0.0249s ]
SQL: SELECT COUNT(*) AS tp_count FROM `exp_order` WHERE ( DATE_SUB(curdate(),INTERVAL 4 DAY) = date(FROM_UNIXTIME(order_time)) ) LIMIT 1   [ RunTime:0.0249s ]
SQL: SELECT COUNT(*) AS tp_count FROM `exp_order` WHERE ( DATE_SUB(curdate(),INTERVAL 5 DAY) = date(FROM_UNIXTIME(order_time)) ) LIMIT 1   [ RunTime:0.0249s ]
SQL: SELECT COUNT(*) AS tp_count FROM `exp_order` WHERE ( DATE_SUB(curdate(),INTERVAL 6 DAY) = date(FROM_UNIXTIME(order_time)) ) LIMIT 1   [ RunTime:0.0245s ]
SQL: SHOW COLUMNS FROM `exp_user` [ RunTime:0.0019s ]
NOTIC: [8] Use of undefined constant user_id - assumed 'user_id' /webdocs/express/Apps/Admin/Controller/IndexController.class.php 第 15 行.
SQL: SELECT COUNT(user_id) AS tp_count FROM `exp_user` LIMIT 1   [ RunTime:0.0002s ]
SQL: SELECT COUNT(*) AS tp_count FROM `exp_user` WHERE ( DATE_SUB(curdate(),INTERVAL 0 DAY)= date(FROM_UNIXTIME(user_regtime)) ) LIMIT 1   [ RunTime:0.0042s ]
SQL: SELECT COUNT(*) AS tp_count FROM `exp_user` WHERE ( DATE_SUB(curdate(),INTERVAL 1 DAY)= date(FROM_UNIXTIME(user_regtime)) ) LIMIT 1   [ RunTime:0.0043s ]
SQL: SELECT COUNT(*) AS tp_count FROM `exp_user` WHERE ( DATE_SUB(curdate(),INTERVAL 2 DAY)= date(FROM_UNIXTIME(user_regtime)) ) LIMIT 1   [ RunTime:0.0042s ]
SQL: SELECT COUNT(*) AS tp_count FROM `exp_user` WHERE ( DATE_SUB(curdate(),INTERVAL 3 DAY)= date(FROM_UNIXTIME(user_regtime)) ) LIMIT 1   [ RunTime:0.0043s ]
SQL: SELECT COUNT(*) AS tp_count FROM `exp_user` WHERE ( DATE_SUB(curdate(),INTERVAL 4 DAY)= date(FROM_UNIXTIME(user_regtime)) ) LIMIT 1   [ RunTime:0.0044s ]
SQL: SELECT COUNT(*) AS tp_count FROM `exp_user` WHERE ( DATE_SUB(curdate(),INTERVAL 5 DAY)= date(FROM_UNIXTIME(user_regtime)) ) LIMIT 1   [ RunTime:0.0045s ]
SQL: SELECT COUNT(*) AS tp_count FROM `exp_user` WHERE ( DATE_SUB(curdate(),INTERVAL 6 DAY)= date(FROM_UNIXTIME(user_regtime)) ) LIMIT 1   [ RunTime:0.0042s ]
SQL: SELECT `server_content`,count(order_id) as num FROM `exp_order` INNER JOIN exp_server on exp_server.server_id=exp_order.order_server_id  GROUP BY order_server_id  [ RunTime:0.0222s ]
SQL: SHOW COLUMNS FROM `exp_cend` [ RunTime:0.0019s ]
SQL: SELECT COUNT(*) AS tp_count FROM `exp_cend` WHERE ( DATE_SUB(curdate(),INTERVAL 0 DAY) = date(FROM_UNIXTIME(register_time)) ) LIMIT 1   [ RunTime:0.0005s ]
SQL: SELECT COUNT(*) AS tp_count FROM `exp_cend` WHERE ( DATE_SUB(curdate(),INTERVAL 1 DAY) = date(FROM_UNIXTIME(register_time)) ) LIMIT 1   [ RunTime:0.0004s ]
SQL: SELECT COUNT(*) AS tp_count FROM `exp_cend` WHERE ( DATE_SUB(curdate(),INTERVAL 2 DAY) = date(FROM_UNIXTIME(register_time)) ) LIMIT 1   [ RunTime:0.0004s ]
SQL: SELECT COUNT(*) AS tp_count FROM `exp_cend` WHERE ( DATE_SUB(curdate(),INTERVAL 3 DAY) = date(FROM_UNIXTIME(register_time)) ) LIMIT 1   [ RunTime:0.0004s ]
SQL: SELECT COUNT(*) AS tp_count FROM `exp_cend` WHERE ( DATE_SUB(curdate(),INTERVAL 4 DAY) = date(FROM_UNIXTIME(register_time)) ) LIMIT 1   [ RunTime:0.0004s ]
SQL: SELECT COUNT(*) AS tp_count FROM `exp_cend` WHERE ( DATE_SUB(curdate(),INTERVAL 5 DAY) = date(FROM_UNIXTIME(register_time)) ) LIMIT 1   [ RunTime:0.0004s ]
SQL: SELECT COUNT(*) AS tp_count FROM `exp_cend` WHERE ( DATE_SUB(curdate(),INTERVAL 6 DAY) = date(FROM_UNIXTIME(register_time)) ) LIMIT 1   [ RunTime:0.0004s ]
INFO: [ view_parse ] --START--
INFO: [ template_filter ] --START--
INFO: Run Behavior\ContentReplaceBehavior [ RunTime:0.000055s ]
INFO: [ template_filter ] --END-- [ RunTime:0.000109s ]
NOTIC: [8] Use of undefined constant server_content - assumed 'server_content' /webdocs/express/Apps/Runtime/Cache/Admin/859e94050170c96367cb52465a51a945.php 第 198 行.
NOTIC: [8] Use of undefined constant server_content - assumed 'server_content' /webdocs/express/Apps/Runtime/Cache/Admin/859e94050170c96367cb52465a51a945.php 第 198 行.
NOTIC: [8] Use of undefined constant server_content - assumed 'server_content' /webdocs/express/Apps/Runtime/Cache/Admin/859e94050170c96367cb52465a51a945.php 第 198 行.
NOTIC: [8] Use of undefined constant num - assumed 'num' /webdocs/express/Apps/Runtime/Cache/Admin/859e94050170c96367cb52465a51a945.php 第 207 行.
NOTIC: [8] Use of undefined constant server_content - assumed 'server_content' /webdocs/express/Apps/Runtime/Cache/Admin/859e94050170c96367cb52465a51a945.php 第 207 行.
NOTIC: [8] Use of undefined constant num - assumed 'num' /webdocs/express/Apps/Runtime/Cache/Admin/859e94050170c96367cb52465a51a945.php 第 208 行.
NOTIC: [8] Use of undefined constant server_content - assumed 'server_content' /webdocs/express/Apps/Runtime/Cache/Admin/859e94050170c96367cb52465a51a945.php 第 208 行.
NOTIC: [8] Use of undefined constant num - assumed 'num' /webdocs/express/Apps/Runtime/Cache/Admin/859e94050170c96367cb52465a51a945.php 第 209 行.
NOTIC: [8] Use of undefined constant server_content - assumed 'server_content' /webdocs/express/Apps/Runtime/Cache/Admin/859e94050170c96367cb52465a51a945.php 第 209 行.
INFO: Run Behavior\ParseTemplateBehavior [ RunTime:0.007923s ]
INFO: [ view_parse ] --END-- [ RunTime:0.007975s ]
INFO: [ view_filter ] --START--
INFO: Run Behavior\WriteHtmlCacheBehavior [ RunTime:0.000139s ]
INFO: [ view_filter ] --END-- [ RunTime:0.000184s ]
INFO: [ app_end ] --START--
INFO: Run Behavior\ShowPageTraceBehavior [ RunTime:0.000341s ]
INFO: [ app_end ] --END-- [ RunTime:0.000407s ]

