[ 2016-02-23T14:28:29+08:00 ] 127.0.0.1 /admin/index/index
INFO: [ app_init ] --START--
INFO: Run Behavior\BuildLiteBehavior [ RunTime:0.000164s ]
INFO: [ app_init ] --END-- [ RunTime:0.012795s ]
INFO: [ app_begin ] --START--
INFO: Run Behavior\ReadHtmlCacheBehavior [ RunTime:0.006545s ]
INFO: Run Behavior\ReadHtmlCacheBehavior [ RunTime:0.000204s ]
INFO: Run Behavior\CheckLangBehavior [ RunTime:0.009122s ]
INFO: [ app_begin ] --END-- [ RunTime:0.018986s ]
SQL: SHOW COLUMNS FROM `exp_order` [ RunTime:0.0312s ]
SQL: SELECT COUNT(*) AS tp_count FROM `exp_order` WHERE ( curdate() - date(FROM_UNIXTIME(order_time)) =0 ) LIMIT 1   [ RunTime:0.0329s ]
SQL: SELECT COUNT(*) AS tp_count FROM `exp_order` WHERE ( curdate() - date(FROM_UNIXTIME(order_time)) =1 ) LIMIT 1   [ RunTime:0.0302s ]
SQL: SELECT COUNT(*) AS tp_count FROM `exp_order` WHERE ( curdate() - date(FROM_UNIXTIME(order_time)) =2 ) LIMIT 1   [ RunTime:0.0304s ]
SQL: SELECT COUNT(*) AS tp_count FROM `exp_order` WHERE ( curdate() - date(FROM_UNIXTIME(order_time)) =3 ) LIMIT 1   [ RunTime:0.0304s ]
SQL: SELECT COUNT(*) AS tp_count FROM `exp_order` WHERE ( curdate() - date(FROM_UNIXTIME(order_time)) =4 ) LIMIT 1   [ RunTime:0.0303s ]
SQL: SELECT COUNT(*) AS tp_count FROM `exp_order` WHERE ( curdate() - date(FROM_UNIXTIME(order_time)) =5 ) LIMIT 1   [ RunTime:0.0303s ]
SQL: SELECT COUNT(*) AS tp_count FROM `exp_order` WHERE ( curdate() - date(FROM_UNIXTIME(order_time)) =6 ) LIMIT 1   [ RunTime:0.0305s ]
SQL: SHOW COLUMNS FROM `exp_user` [ RunTime:0.0337s ]
NOTIC: [8] Use of undefined constant user_id - assumed 'user_id' E:\phpworkspace\express\Apps\Admin\Controller\IndexController.class.php 第 28 行.
SQL: SELECT COUNT(user_id) AS tp_count FROM `exp_user` LIMIT 1   [ RunTime:0.0306s ]
SQL: SELECT COUNT(*) AS tp_count FROM `exp_user` WHERE ( curdate() - date(FROM_UNIXTIME(user_regtime)) = 0 ) LIMIT 1   [ RunTime:0.0306s ]
SQL: SELECT COUNT(*) AS tp_count FROM `exp_user` WHERE ( curdate() - date(FROM_UNIXTIME(user_regtime)) = 1 ) LIMIT 1   [ RunTime:0.0317s ]
SQL: SELECT COUNT(*) AS tp_count FROM `exp_user` WHERE ( curdate() - date(FROM_UNIXTIME(user_regtime)) = 2 ) LIMIT 1   [ RunTime:0.0303s ]
SQL: SELECT COUNT(*) AS tp_count FROM `exp_user` WHERE ( curdate() - date(FROM_UNIXTIME(user_regtime)) = 3 ) LIMIT 1   [ RunTime:0.0319s ]
SQL: SELECT COUNT(*) AS tp_count FROM `exp_user` WHERE ( curdate() - date(FROM_UNIXTIME(user_regtime)) = 4 ) LIMIT 1   [ RunTime:0.0303s ]
SQL: SELECT COUNT(*) AS tp_count FROM `exp_user` WHERE ( curdate() - date(FROM_UNIXTIME(user_regtime)) = 5 ) LIMIT 1   [ RunTime:0.0305s ]
SQL: SELECT COUNT(*) AS tp_count FROM `exp_user` WHERE ( curdate() - date(FROM_UNIXTIME(user_regtime)) = 6 ) LIMIT 1   [ RunTime:0.0360s ]
SQL: SHOW COLUMNS FROM `exp_server` [ RunTime:0.0314s ]
SQL: SELECT `server_content`,count(order_id) as num FROM `exp_order` INNER JOIN exp_server on exp_server.server_id=exp_order.order_server_id  GROUP BY order_server_id  [ RunTime:0.0306s ]
SQL: SHOW COLUMNS FROM `exp_cend` [ RunTime:0.0308s ]
SQL: SELECT COUNT(*) AS tp_count FROM `exp_cend` WHERE ( curdate() - date(FROM_UNIXTIME(register_time)) =0 ) LIMIT 1   [ RunTime:0.0317s ]
SQL: SELECT COUNT(*) AS tp_count FROM `exp_cend` WHERE ( curdate() - date(FROM_UNIXTIME(register_time)) =1 ) LIMIT 1   [ RunTime:0.0306s ]
SQL: SELECT COUNT(*) AS tp_count FROM `exp_cend` WHERE ( curdate() - date(FROM_UNIXTIME(register_time)) =2 ) LIMIT 1   [ RunTime:0.0304s ]
SQL: SELECT COUNT(*) AS tp_count FROM `exp_cend` WHERE ( curdate() - date(FROM_UNIXTIME(register_time)) =3 ) LIMIT 1   [ RunTime:0.0346s ]
SQL: SELECT COUNT(*) AS tp_count FROM `exp_cend` WHERE ( curdate() - date(FROM_UNIXTIME(register_time)) =4 ) LIMIT 1   [ RunTime:0.0326s ]
SQL: SELECT COUNT(*) AS tp_count FROM `exp_cend` WHERE ( curdate() - date(FROM_UNIXTIME(register_time)) =5 ) LIMIT 1   [ RunTime:0.0318s ]
SQL: SELECT COUNT(*) AS tp_count FROM `exp_cend` WHERE ( curdate() - date(FROM_UNIXTIME(register_time)) =6 ) LIMIT 1   [ RunTime:0.0355s ]
INFO: [ view_parse ] --START--
INFO: [ template_filter ] --START--
INFO: Run Behavior\ContentReplaceBehavior [ RunTime:0.000461s ]
INFO: [ template_filter ] --END-- [ RunTime:0.001736s ]
NOTIC: [8] Use of undefined constant server_content - assumed 'server_content' E:\phpworkspace\express\Apps\Runtime\Cache\Admin\859e94050170c96367cb52465a51a945.php 第 190 行.
NOTIC: [8] Use of undefined constant server_content - assumed 'server_content' E:\phpworkspace\express\Apps\Runtime\Cache\Admin\859e94050170c96367cb52465a51a945.php 第 190 行.
NOTIC: [8] Use of undefined constant server_content - assumed 'server_content' E:\phpworkspace\express\Apps\Runtime\Cache\Admin\859e94050170c96367cb52465a51a945.php 第 190 行.
NOTIC: [8] Use of undefined constant num - assumed 'num' E:\phpworkspace\express\Apps\Runtime\Cache\Admin\859e94050170c96367cb52465a51a945.php 第 199 行.
NOTIC: [8] Use of undefined constant server_content - assumed 'server_content' E:\phpworkspace\express\Apps\Runtime\Cache\Admin\859e94050170c96367cb52465a51a945.php 第 199 行.
NOTIC: [8] Use of undefined constant num - assumed 'num' E:\phpworkspace\express\Apps\Runtime\Cache\Admin\859e94050170c96367cb52465a51a945.php 第 200 行.
NOTIC: [8] Use of undefined constant server_content - assumed 'server_content' E:\phpworkspace\express\Apps\Runtime\Cache\Admin\859e94050170c96367cb52465a51a945.php 第 200 行.
NOTIC: [8] Use of undefined constant num - assumed 'num' E:\phpworkspace\express\Apps\Runtime\Cache\Admin\859e94050170c96367cb52465a51a945.php 第 201 行.
NOTIC: [8] Use of undefined constant server_content - assumed 'server_content' E:\phpworkspace\express\Apps\Runtime\Cache\Admin\859e94050170c96367cb52465a51a945.php 第 201 行.
INFO: Run Behavior\ParseTemplateBehavior [ RunTime:0.065577s ]
INFO: [ view_parse ] --END-- [ RunTime:0.066220s ]
INFO: [ view_filter ] --START--
INFO: Run Behavior\WriteHtmlCacheBehavior [ RunTime:0.002311s ]
INFO: [ view_filter ] --END-- [ RunTime:0.002747s ]
INFO: [ app_end ] --START--
INFO: Run Behavior\ShowPageTraceBehavior [ RunTime:0.002685s ]
INFO: [ app_end ] --END-- [ RunTime:0.003757s ]

[ 2016-02-23T14:28:36+08:00 ] 127.0.0.1 /Admin/Index/test
INFO: [ app_init ] --START--
INFO: Run Behavior\BuildLiteBehavior [ RunTime:0.000277s ]
INFO: [ app_init ] --END-- [ RunTime:0.012594s ]
INFO: [ app_begin ] --START--
INFO: Run Behavior\ReadHtmlCacheBehavior [ RunTime:0.024337s ]
INFO: Run Behavior\ReadHtmlCacheBehavior [ RunTime:0.000252s ]
INFO: Run Behavior\CheckLangBehavior [ RunTime:0.006442s ]
INFO: [ app_begin ] --END-- [ RunTime:0.034367s ]
INFO: [ view_parse ] --START--
INFO: [ template_filter ] --START--
INFO: Run Behavior\ContentReplaceBehavior [ RunTime:0.000473s ]
INFO: [ template_filter ] --END-- [ RunTime:0.001051s ]
NOTIC: [8] Undefined variable: account E:\phpworkspace\express\Apps\Runtime\Cache\Admin\00de9b0f709db9d224ab0e1e0f69240b.php 第 23 行.
INFO: Run Behavior\ParseTemplateBehavior [ RunTime:0.074868s ]
INFO: [ view_parse ] --END-- [ RunTime:0.075807s ]
INFO: [ view_filter ] --START--
INFO: Run Behavior\WriteHtmlCacheBehavior [ RunTime:0.007238s ]
INFO: [ view_filter ] --END-- [ RunTime:0.008114s ]
INFO: [ app_end ] --START--
INFO: Run Behavior\ShowPageTraceBehavior [ RunTime:0.005730s ]
INFO: [ app_end ] --END-- [ RunTime:0.006213s ]

[ 2016-02-23T14:28:39+08:00 ] 127.0.0.1 /Admin/UserManage/userlist
INFO: [ app_init ] --START--
INFO: Run Behavior\BuildLiteBehavior [ RunTime:0.000235s ]
INFO: [ app_init ] --END-- [ RunTime:0.005119s ]
INFO: [ app_begin ] --START--
INFO: Run Behavior\ReadHtmlCacheBehavior [ RunTime:0.008751s ]
INFO: Run Behavior\ReadHtmlCacheBehavior [ RunTime:0.000340s ]
INFO: Run Behavior\CheckLangBehavior [ RunTime:0.006058s ]
INFO: [ app_begin ] --END-- [ RunTime:0.017134s ]
SQL: SHOW COLUMNS FROM `exp_user` [ RunTime:0.0312s ]
SQL: SELECT * FROM `exp_user` ORDER BY user_id desc  [ RunTime:0.0308s ]
INFO: [ view_parse ] --START--
INFO: [ template_filter ] --START--
INFO: Run Behavior\ContentReplaceBehavior [ RunTime:0.000464s ]
INFO: [ template_filter ] --END-- [ RunTime:0.001419s ]
INFO: Run Behavior\ParseTemplateBehavior [ RunTime:0.049921s ]
INFO: [ view_parse ] --END-- [ RunTime:0.050370s ]
INFO: [ view_filter ] --START--
INFO: Run Behavior\WriteHtmlCacheBehavior [ RunTime:0.002564s ]
INFO: [ view_filter ] --END-- [ RunTime:0.003213s ]
INFO: [ app_end ] --START--
INFO: Run Behavior\ShowPageTraceBehavior [ RunTime:0.003757s ]
INFO: [ app_end ] --END-- [ RunTime:0.005311s ]

[ 2016-02-23T14:28:41+08:00 ] 127.0.0.1 /Admin/Index/index
INFO: [ app_init ] --START--
INFO: Run Behavior\BuildLiteBehavior [ RunTime:0.000164s ]
INFO: [ app_init ] --END-- [ RunTime:0.002315s ]
INFO: [ app_begin ] --START--
INFO: Run Behavior\ReadHtmlCacheBehavior [ RunTime:0.003219s ]
INFO: Run Behavior\ReadHtmlCacheBehavior [ RunTime:0.000155s ]
INFO: Run Behavior\CheckLangBehavior [ RunTime:0.007064s ]
INFO: [ app_begin ] --END-- [ RunTime:0.011906s ]
SQL: SHOW COLUMNS FROM `exp_order` [ RunTime:0.0244s ]
SQL: SELECT COUNT(*) AS tp_count FROM `exp_order` WHERE ( curdate() - date(FROM_UNIXTIME(order_time)) =0 ) LIMIT 1   [ RunTime:0.0240s ]
SQL: SELECT COUNT(*) AS tp_count FROM `exp_order` WHERE ( curdate() - date(FROM_UNIXTIME(order_time)) =1 ) LIMIT 1   [ RunTime:0.0256s ]
SQL: SELECT COUNT(*) AS tp_count FROM `exp_order` WHERE ( curdate() - date(FROM_UNIXTIME(order_time)) =2 ) LIMIT 1   [ RunTime:0.0236s ]
SQL: SELECT COUNT(*) AS tp_count FROM `exp_order` WHERE ( curdate() - date(FROM_UNIXTIME(order_time)) =3 ) LIMIT 1   [ RunTime:0.0237s ]
SQL: SELECT COUNT(*) AS tp_count FROM `exp_order` WHERE ( curdate() - date(FROM_UNIXTIME(order_time)) =4 ) LIMIT 1   [ RunTime:0.0238s ]
SQL: SELECT COUNT(*) AS tp_count FROM `exp_order` WHERE ( curdate() - date(FROM_UNIXTIME(order_time)) =5 ) LIMIT 1   [ RunTime:0.0257s ]
SQL: SELECT COUNT(*) AS tp_count FROM `exp_order` WHERE ( curdate() - date(FROM_UNIXTIME(order_time)) =6 ) LIMIT 1   [ RunTime:0.0250s ]
SQL: SHOW COLUMNS FROM `exp_user` [ RunTime:0.0246s ]
NOTIC: [8] Use of undefined constant user_id - assumed 'user_id' E:\phpworkspace\express\Apps\Admin\Controller\IndexController.class.php 第 28 行.
SQL: SELECT COUNT(user_id) AS tp_count FROM `exp_user` LIMIT 1   [ RunTime:0.0238s ]
SQL: SELECT COUNT(*) AS tp_count FROM `exp_user` WHERE ( curdate() - date(FROM_UNIXTIME(user_regtime)) = 0 ) LIMIT 1   [ RunTime:0.0369s ]
SQL: SELECT COUNT(*) AS tp_count FROM `exp_user` WHERE ( curdate() - date(FROM_UNIXTIME(user_regtime)) = 1 ) LIMIT 1   [ RunTime:0.0237s ]
SQL: SELECT COUNT(*) AS tp_count FROM `exp_user` WHERE ( curdate() - date(FROM_UNIXTIME(user_regtime)) = 2 ) LIMIT 1   [ RunTime:0.0238s ]
SQL: SELECT COUNT(*) AS tp_count FROM `exp_user` WHERE ( curdate() - date(FROM_UNIXTIME(user_regtime)) = 3 ) LIMIT 1   [ RunTime:0.0257s ]
SQL: SELECT COUNT(*) AS tp_count FROM `exp_user` WHERE ( curdate() - date(FROM_UNIXTIME(user_regtime)) = 4 ) LIMIT 1   [ RunTime:0.0238s ]
SQL: SELECT COUNT(*) AS tp_count FROM `exp_user` WHERE ( curdate() - date(FROM_UNIXTIME(user_regtime)) = 5 ) LIMIT 1   [ RunTime:0.0237s ]
SQL: SELECT COUNT(*) AS tp_count FROM `exp_user` WHERE ( curdate() - date(FROM_UNIXTIME(user_regtime)) = 6 ) LIMIT 1   [ RunTime:0.0237s ]
SQL: SHOW COLUMNS FROM `exp_server` [ RunTime:0.0360s ]
SQL: SELECT `server_content`,count(order_id) as num FROM `exp_order` INNER JOIN exp_server on exp_server.server_id=exp_order.order_server_id  GROUP BY order_server_id  [ RunTime:0.0245s ]
SQL: SHOW COLUMNS FROM `exp_cend` [ RunTime:0.0241s ]
SQL: SELECT COUNT(*) AS tp_count FROM `exp_cend` WHERE ( curdate() - date(FROM_UNIXTIME(register_time)) =0 ) LIMIT 1   [ RunTime:0.0242s ]
SQL: SELECT COUNT(*) AS tp_count FROM `exp_cend` WHERE ( curdate() - date(FROM_UNIXTIME(register_time)) =1 ) LIMIT 1   [ RunTime:0.0241s ]
SQL: SELECT COUNT(*) AS tp_count FROM `exp_cend` WHERE ( curdate() - date(FROM_UNIXTIME(register_time)) =2 ) LIMIT 1   [ RunTime:0.0242s ]
SQL: SELECT COUNT(*) AS tp_count FROM `exp_cend` WHERE ( curdate() - date(FROM_UNIXTIME(register_time)) =3 ) LIMIT 1   [ RunTime:0.0240s ]
SQL: SELECT COUNT(*) AS tp_count FROM `exp_cend` WHERE ( curdate() - date(FROM_UNIXTIME(register_time)) =4 ) LIMIT 1   [ RunTime:0.0238s ]
SQL: SELECT COUNT(*) AS tp_count FROM `exp_cend` WHERE ( curdate() - date(FROM_UNIXTIME(register_time)) =5 ) LIMIT 1   [ RunTime:0.0252s ]
SQL: SELECT COUNT(*) AS tp_count FROM `exp_cend` WHERE ( curdate() - date(FROM_UNIXTIME(register_time)) =6 ) LIMIT 1   [ RunTime:0.0247s ]
INFO: [ view_parse ] --START--
INFO: [ template_filter ] --START--
INFO: Run Behavior\ContentReplaceBehavior [ RunTime:0.000437s ]
INFO: [ template_filter ] --END-- [ RunTime:0.001189s ]
NOTIC: [8] Use of undefined constant server_content - assumed 'server_content' E:\phpworkspace\express\Apps\Runtime\Cache\Admin\859e94050170c96367cb52465a51a945.php 第 190 行.
NOTIC: [8] Use of undefined constant server_content - assumed 'server_content' E:\phpworkspace\express\Apps\Runtime\Cache\Admin\859e94050170c96367cb52465a51a945.php 第 190 行.
NOTIC: [8] Use of undefined constant server_content - assumed 'server_content' E:\phpworkspace\express\Apps\Runtime\Cache\Admin\859e94050170c96367cb52465a51a945.php 第 190 行.
NOTIC: [8] Use of undefined constant num - assumed 'num' E:\phpworkspace\express\Apps\Runtime\Cache\Admin\859e94050170c96367cb52465a51a945.php 第 199 行.
NOTIC: [8] Use of undefined constant server_content - assumed 'server_content' E:\phpworkspace\express\Apps\Runtime\Cache\Admin\859e94050170c96367cb52465a51a945.php 第 199 行.
NOTIC: [8] Use of undefined constant num - assumed 'num' E:\phpworkspace\express\Apps\Runtime\Cache\Admin\859e94050170c96367cb52465a51a945.php 第 200 行.
NOTIC: [8] Use of undefined constant server_content - assumed 'server_content' E:\phpworkspace\express\Apps\Runtime\Cache\Admin\859e94050170c96367cb52465a51a945.php 第 200 行.
NOTIC: [8] Use of undefined constant num - assumed 'num' E:\phpworkspace\express\Apps\Runtime\Cache\Admin\859e94050170c96367cb52465a51a945.php 第 201 行.
NOTIC: [8] Use of undefined constant server_content - assumed 'server_content' E:\phpworkspace\express\Apps\Runtime\Cache\Admin\859e94050170c96367cb52465a51a945.php 第 201 行.
INFO: Run Behavior\ParseTemplateBehavior [ RunTime:0.046030s ]
INFO: [ view_parse ] --END-- [ RunTime:0.046520s ]
INFO: [ view_filter ] --START--
INFO: Run Behavior\WriteHtmlCacheBehavior [ RunTime:0.001857s ]
INFO: [ view_filter ] --END-- [ RunTime:0.002155s ]
INFO: [ app_end ] --START--
INFO: Run Behavior\ShowPageTraceBehavior [ RunTime:0.002551s ]
INFO: [ app_end ] --END-- [ RunTime:0.003067s ]

[ 2016-02-23T14:28:45+08:00 ] 127.0.0.1 /Admin/OrderManage/orderlist
INFO: [ app_init ] --START--
INFO: Run Behavior\BuildLiteBehavior [ RunTime:0.000175s ]
INFO: [ app_init ] --END-- [ RunTime:0.002273s ]
INFO: [ app_begin ] --START--
INFO: Run Behavior\ReadHtmlCacheBehavior [ RunTime:0.008823s ]
INFO: Run Behavior\ReadHtmlCacheBehavior [ RunTime:0.000168s ]
INFO: Run Behavior\CheckLangBehavior [ RunTime:0.009245s ]
INFO: [ app_begin ] --END-- [ RunTime:0.019856s ]
SQL: SHOW COLUMNS FROM `exp_order` [ RunTime:0.0264s ]
SQL: SHOW COLUMNS FROM `exp_status` [ RunTime:0.0253s ]
SQL: SELECT * FROM `exp_order` INNER JOIN exp_status on exp_order.order_status_id=exp_status.status_id  ORDER BY order_id desc  [ RunTime:0.0261s ]
INFO: [ view_parse ] --START--
INFO: [ template_filter ] --START--
INFO: Run Behavior\ContentReplaceBehavior [ RunTime:0.000479s ]
INFO: [ template_filter ] --END-- [ RunTime:0.001122s ]
INFO: Run Behavior\ParseTemplateBehavior [ RunTime:0.055413s ]
INFO: [ view_parse ] --END-- [ RunTime:0.056152s ]
INFO: [ view_filter ] --START--
INFO: Run Behavior\WriteHtmlCacheBehavior [ RunTime:0.004862s ]
INFO: [ view_filter ] --END-- [ RunTime:0.005743s ]
INFO: [ app_end ] --START--
INFO: Run Behavior\ShowPageTraceBehavior [ RunTime:0.014636s ]
INFO: [ app_end ] --END-- [ RunTime:0.017389s ]

[ 2016-02-23T14:28:49+08:00 ] 127.0.0.1 /Admin/orderManage/ordercontent/id/1
INFO: [ app_init ] --START--
INFO: Run Behavior\BuildLiteBehavior [ RunTime:0.000252s ]
INFO: [ app_init ] --END-- [ RunTime:0.002512s ]
INFO: [ app_begin ] --START--
INFO: Run Behavior\ReadHtmlCacheBehavior [ RunTime:0.004919s ]
INFO: Run Behavior\ReadHtmlCacheBehavior [ RunTime:0.000128s ]
INFO: Run Behavior\CheckLangBehavior [ RunTime:0.011304s ]
INFO: [ app_begin ] --END-- [ RunTime:0.018431s ]
SQL: SHOW COLUMNS FROM `exp_order` [ RunTime:0.0321s ]
SQL: SELECT * FROM `exp_order` WHERE `order_id` = 1 LIMIT 1   [ RunTime:0.0302s ]
INFO: [ view_parse ] --START--
INFO: [ template_filter ] --START--
INFO: Run Behavior\ContentReplaceBehavior [ RunTime:0.000452s ]
INFO: [ template_filter ] --END-- [ RunTime:0.001110s ]
NOTIC: [8] Undefined variable: account E:\phpworkspace\express\Apps\Runtime\Cache\Admin\cad83b8523726c46d784282372d08e08.php 第 58 行.
INFO: Run Behavior\ParseTemplateBehavior [ RunTime:0.046740s ]
INFO: [ view_parse ] --END-- [ RunTime:0.047416s ]
INFO: [ view_filter ] --START--
INFO: Run Behavior\WriteHtmlCacheBehavior [ RunTime:0.002137s ]
INFO: [ view_filter ] --END-- [ RunTime:0.002798s ]
INFO: [ app_end ] --START--
INFO: Run Behavior\ShowPageTraceBehavior [ RunTime:0.005741s ]
INFO: [ app_end ] --END-- [ RunTime:0.006320s ]

[ 2016-02-23T14:44:38+08:00 ] 127.0.0.1 /Admin/orderManage/ordercontent/id/1
INFO: [ app_init ] --START--
INFO: Run Behavior\BuildLiteBehavior [ RunTime:0.000238s ]
INFO: [ app_init ] --END-- [ RunTime:0.002361s ]
INFO: [ app_begin ] --START--
INFO: Run Behavior\ReadHtmlCacheBehavior [ RunTime:0.007778s ]
INFO: Run Behavior\ReadHtmlCacheBehavior [ RunTime:0.000123s ]
INFO: Run Behavior\CheckLangBehavior [ RunTime:0.009742s ]
INFO: [ app_begin ] --END-- [ RunTime:0.024045s ]
SQL: SHOW COLUMNS FROM `exp_order` [ RunTime:0.0251s ]
SQL: SELECT * FROM `exp_order` WHERE `order_id` = 1 LIMIT 1   [ RunTime:0.0250s ]
INFO: [ view_parse ] --START--
INFO: [ template_filter ] --START--
INFO: Run Behavior\ContentReplaceBehavior [ RunTime:0.000711s ]
INFO: [ template_filter ] --END-- [ RunTime:0.001403s ]
NOTIC: [8] Undefined variable: account E:\phpworkspace\express\Apps\Runtime\Cache\Admin\cad83b8523726c46d784282372d08e08.php 第 58 行.
INFO: Run Behavior\ParseTemplateBehavior [ RunTime:0.056639s ]
INFO: [ view_parse ] --END-- [ RunTime:0.057827s ]
INFO: [ view_filter ] --START--
INFO: Run Behavior\WriteHtmlCacheBehavior [ RunTime:0.002472s ]
INFO: [ view_filter ] --END-- [ RunTime:0.003925s ]
INFO: [ app_end ] --START--
INFO: Run Behavior\ShowPageTraceBehavior [ RunTime:0.003717s ]
INFO: [ app_end ] --END-- [ RunTime:0.004409s ]

