[ 2016-07-31T21:21:18+08:00 ] 127.0.0.1 /Admin/
INFO: [ app_init ] --START--
INFO: Run Behavior\BuildLiteBehavior [ RunTime:0.000020s ]
INFO: [ app_init ] --END-- [ RunTime:0.000733s ]
INFO: [ app_begin ] --START--
INFO: Run Behavior\ReadHtmlCacheBehavior [ RunTime:0.001003s ]
INFO: Run Behavior\ReadHtmlCacheBehavior [ RunTime:0.000013s ]
INFO: Run Behavior\CheckLangBehavior [ RunTime:0.000969s ]
INFO: [ app_begin ] --END-- [ RunTime:0.002131s ]
INFO: [ view_parse ] --START--
INFO: [ template_filter ] --START--
INFO: Run Behavior\ContentReplaceBehavior [ RunTime:0.000063s ]
INFO: [ template_filter ] --END-- [ RunTime:0.000134s ]
INFO: Run Behavior\ParseTemplateBehavior [ RunTime:0.009620s ]
INFO: [ view_parse ] --END-- [ RunTime:0.009718s ]
INFO: [ view_filter ] --START--
INFO: Run Behavior\WriteHtmlCacheBehavior [ RunTime:0.000604s ]
INFO: [ view_filter ] --END-- [ RunTime:0.000662s ]

[ 2016-07-31T21:21:21+08:00 ] 127.0.0.1 /Admin/Login/login
INFO: [ app_init ] --START--
INFO: Run Behavior\BuildLiteBehavior [ RunTime:0.000022s ]
INFO: [ app_init ] --END-- [ RunTime:0.000798s ]
INFO: [ app_begin ] --START--
INFO: Run Behavior\ReadHtmlCacheBehavior [ RunTime:0.000968s ]
INFO: Run Behavior\ReadHtmlCacheBehavior [ RunTime:0.000014s ]
INFO: Run Behavior\CheckLangBehavior [ RunTime:0.000975s ]
INFO: [ app_begin ] --END-- [ RunTime:0.002120s ]
INFO: [ view_parse ] --START--
INFO: [ template_filter ] --START--
INFO: Run Behavior\ContentReplaceBehavior [ RunTime:0.000070s ]
INFO: [ template_filter ] --END-- [ RunTime:0.000153s ]
INFO: Run Behavior\ParseTemplateBehavior [ RunTime:0.010001s ]
INFO: [ view_parse ] --END-- [ RunTime:0.010098s ]
INFO: [ view_filter ] --START--
INFO: Run Behavior\WriteHtmlCacheBehavior [ RunTime:0.000612s ]
INFO: [ view_filter ] --END-- [ RunTime:0.000678s ]
INFO: [ app_end ] --START--
INFO: Run Behavior\ShowPageTraceBehavior [ RunTime:0.001220s ]
INFO: [ app_end ] --END-- [ RunTime:0.001290s ]

[ 2016-07-31T21:21:44+08:00 ] 127.0.0.1 /Admin/Login/dologin
INFO: [ app_init ] --START--
INFO: Run Behavior\BuildLiteBehavior [ RunTime:0.000019s ]
INFO: [ app_init ] --END-- [ RunTime:0.000714s ]
INFO: [ app_begin ] --START--
INFO: Run Behavior\ReadHtmlCacheBehavior [ RunTime:0.000906s ]
INFO: Run Behavior\ReadHtmlCacheBehavior [ RunTime:0.000010s ]
INFO: Run Behavior\CheckLangBehavior [ RunTime:0.000881s ]
INFO: [ app_begin ] --END-- [ RunTime:0.001943s ]
SQL: SHOW COLUMNS FROM `exp_admin` [ RunTime:0.0512s ]
SQL: SELECT * FROM `exp_admin` WHERE `admin_account` = 'ujsexpress01' AND `admin_password` = '239df74abd9b9585fda68d73e9f44c0f'  [ RunTime:0.0498s ]
INFO: [ view_parse ] --START--
INFO: [ template_filter ] --START--
INFO: Run Behavior\ContentReplaceBehavior [ RunTime:0.000063s ]
INFO: [ template_filter ] --END-- [ RunTime:0.000136s ]
INFO: Run Behavior\ParseTemplateBehavior [ RunTime:0.009367s ]
INFO: [ view_parse ] --END-- [ RunTime:0.009452s ]
INFO: [ view_filter ] --START--
INFO: Run Behavior\WriteHtmlCacheBehavior [ RunTime:0.000728s ]
INFO: [ view_filter ] --END-- [ RunTime:0.000824s ]
INFO: [ app_end ] --START--
INFO: Run Behavior\ShowPageTraceBehavior [ RunTime:0.001214s ]
INFO: [ app_end ] --END-- [ RunTime:0.001287s ]

[ 2016-07-31T21:21:48+08:00 ] 127.0.0.1 /Admin/Index/index
INFO: [ app_init ] --START--
INFO: Run Behavior\BuildLiteBehavior [ RunTime:0.000029s ]
INFO: [ app_init ] --END-- [ RunTime:0.000947s ]
INFO: [ app_begin ] --START--
INFO: Run Behavior\ReadHtmlCacheBehavior [ RunTime:0.001267s ]
INFO: Run Behavior\ReadHtmlCacheBehavior [ RunTime:0.000024s ]
INFO: Run Behavior\CheckLangBehavior [ RunTime:0.001236s ]
INFO: [ app_begin ] --END-- [ RunTime:0.002792s ]
SQL: SHOW COLUMNS FROM `exp_order` [ RunTime:0.0556s ]
SQL: SELECT COUNT(*) AS tp_count FROM `exp_order` WHERE ( DATE_SUB(curdate(),INTERVAL 0 DAY) = date(FROM_UNIXTIME(order_time)) ) LIMIT 1   [ RunTime:0.0848s ]
SQL: SELECT COUNT(*) AS tp_count FROM `exp_order` WHERE ( DATE_SUB(curdate(),INTERVAL 1 DAY) = date(FROM_UNIXTIME(order_time)) ) LIMIT 1   [ RunTime:0.0850s ]
SQL: SELECT COUNT(*) AS tp_count FROM `exp_order` WHERE ( DATE_SUB(curdate(),INTERVAL 2 DAY) = date(FROM_UNIXTIME(order_time)) ) LIMIT 1   [ RunTime:0.0828s ]
SQL: SELECT COUNT(*) AS tp_count FROM `exp_order` WHERE ( DATE_SUB(curdate(),INTERVAL 3 DAY) = date(FROM_UNIXTIME(order_time)) ) LIMIT 1   [ RunTime:0.0838s ]
SQL: SELECT COUNT(*) AS tp_count FROM `exp_order` WHERE ( DATE_SUB(curdate(),INTERVAL 4 DAY) = date(FROM_UNIXTIME(order_time)) ) LIMIT 1   [ RunTime:0.0868s ]
SQL: SELECT COUNT(*) AS tp_count FROM `exp_order` WHERE ( DATE_SUB(curdate(),INTERVAL 5 DAY) = date(FROM_UNIXTIME(order_time)) ) LIMIT 1   [ RunTime:0.0843s ]
SQL: SELECT COUNT(*) AS tp_count FROM `exp_order` WHERE ( DATE_SUB(curdate(),INTERVAL 6 DAY) = date(FROM_UNIXTIME(order_time)) ) LIMIT 1   [ RunTime:0.0868s ]
SQL: SHOW COLUMNS FROM `exp_user` [ RunTime:0.0527s ]
NOTIC: [8] Use of undefined constant user_id - assumed 'user_id' E:\phpproject\express\Apps\Admin\Controller\IndexController.class.php 第 17 行.
SQL: SELECT COUNT(user_id) AS tp_count FROM `exp_user` LIMIT 1   [ RunTime:0.0541s ]
SQL: SELECT COUNT(*) AS tp_count FROM `exp_user` WHERE ( DATE_SUB(curdate(),INTERVAL 0 DAY)= date(FROM_UNIXTIME(user_regtime)) ) LIMIT 1   [ RunTime:0.0587s ]
SQL: SELECT COUNT(*) AS tp_count FROM `exp_user` WHERE ( DATE_SUB(curdate(),INTERVAL 1 DAY)= date(FROM_UNIXTIME(user_regtime)) ) LIMIT 1   [ RunTime:0.0568s ]
SQL: SELECT COUNT(*) AS tp_count FROM `exp_user` WHERE ( DATE_SUB(curdate(),INTERVAL 2 DAY)= date(FROM_UNIXTIME(user_regtime)) ) LIMIT 1   [ RunTime:0.0650s ]
SQL: SELECT COUNT(*) AS tp_count FROM `exp_user` WHERE ( DATE_SUB(curdate(),INTERVAL 3 DAY)= date(FROM_UNIXTIME(user_regtime)) ) LIMIT 1   [ RunTime:0.0590s ]
SQL: SELECT COUNT(*) AS tp_count FROM `exp_user` WHERE ( DATE_SUB(curdate(),INTERVAL 4 DAY)= date(FROM_UNIXTIME(user_regtime)) ) LIMIT 1   [ RunTime:0.0590s ]
SQL: SELECT COUNT(*) AS tp_count FROM `exp_user` WHERE ( DATE_SUB(curdate(),INTERVAL 5 DAY)= date(FROM_UNIXTIME(user_regtime)) ) LIMIT 1   [ RunTime:0.0576s ]
SQL: SELECT COUNT(*) AS tp_count FROM `exp_user` WHERE ( DATE_SUB(curdate(),INTERVAL 6 DAY)= date(FROM_UNIXTIME(user_regtime)) ) LIMIT 1   [ RunTime:0.0589s ]
SQL: SELECT `server_content`,count(order_id) as num FROM `exp_order` INNER JOIN exp_server on exp_server.server_id=exp_order.order_server_id  GROUP BY order_server_id  [ RunTime:0.0662s ]
SQL: SHOW COLUMNS FROM `exp_cend` [ RunTime:0.0585s ]
SQL: SELECT COUNT(*) AS tp_count FROM `exp_cend` WHERE ( DATE_SUB(curdate(),INTERVAL 0 DAY) = date(FROM_UNIXTIME(register_time)) ) LIMIT 1   [ RunTime:0.0578s ]
SQL: SELECT COUNT(*) AS tp_count FROM `exp_cend` WHERE ( DATE_SUB(curdate(),INTERVAL 1 DAY) = date(FROM_UNIXTIME(register_time)) ) LIMIT 1   [ RunTime:0.0532s ]
SQL: SELECT COUNT(*) AS tp_count FROM `exp_cend` WHERE ( DATE_SUB(curdate(),INTERVAL 2 DAY) = date(FROM_UNIXTIME(register_time)) ) LIMIT 1   [ RunTime:0.0558s ]
SQL: SELECT COUNT(*) AS tp_count FROM `exp_cend` WHERE ( DATE_SUB(curdate(),INTERVAL 3 DAY) = date(FROM_UNIXTIME(register_time)) ) LIMIT 1   [ RunTime:0.0537s ]
SQL: SELECT COUNT(*) AS tp_count FROM `exp_cend` WHERE ( DATE_SUB(curdate(),INTERVAL 4 DAY) = date(FROM_UNIXTIME(register_time)) ) LIMIT 1   [ RunTime:0.0539s ]
SQL: SELECT COUNT(*) AS tp_count FROM `exp_cend` WHERE ( DATE_SUB(curdate(),INTERVAL 5 DAY) = date(FROM_UNIXTIME(register_time)) ) LIMIT 1   [ RunTime:0.0542s ]
SQL: SELECT COUNT(*) AS tp_count FROM `exp_cend` WHERE ( DATE_SUB(curdate(),INTERVAL 6 DAY) = date(FROM_UNIXTIME(register_time)) ) LIMIT 1   [ RunTime:0.0548s ]
INFO: [ view_parse ] --START--
INFO: [ template_filter ] --START--
INFO: Run Behavior\ContentReplaceBehavior [ RunTime:0.000116s ]
INFO: [ template_filter ] --END-- [ RunTime:0.000186s ]
NOTIC: [8] Use of undefined constant server_content - assumed 'server_content' E:\phpproject\express\Apps\Runtime\Cache\Admin\859e94050170c96367cb52465a51a945.php 第 200 行.
NOTIC: [8] Use of undefined constant server_content - assumed 'server_content' E:\phpproject\express\Apps\Runtime\Cache\Admin\859e94050170c96367cb52465a51a945.php 第 200 行.
NOTIC: [8] Undefined offset: 1 E:\phpproject\express\Apps\Runtime\Cache\Admin\859e94050170c96367cb52465a51a945.php 第 200 行.
NOTIC: [8] Use of undefined constant server_content - assumed 'server_content' E:\phpproject\express\Apps\Runtime\Cache\Admin\859e94050170c96367cb52465a51a945.php 第 200 行.
NOTIC: [8] Undefined offset: 2 E:\phpproject\express\Apps\Runtime\Cache\Admin\859e94050170c96367cb52465a51a945.php 第 200 行.
NOTIC: [8] Use of undefined constant num - assumed 'num' E:\phpproject\express\Apps\Runtime\Cache\Admin\859e94050170c96367cb52465a51a945.php 第 209 行.
NOTIC: [8] Use of undefined constant server_content - assumed 'server_content' E:\phpproject\express\Apps\Runtime\Cache\Admin\859e94050170c96367cb52465a51a945.php 第 209 行.
NOTIC: [8] Use of undefined constant num - assumed 'num' E:\phpproject\express\Apps\Runtime\Cache\Admin\859e94050170c96367cb52465a51a945.php 第 210 行.
NOTIC: [8] Undefined offset: 1 E:\phpproject\express\Apps\Runtime\Cache\Admin\859e94050170c96367cb52465a51a945.php 第 210 行.
NOTIC: [8] Use of undefined constant server_content - assumed 'server_content' E:\phpproject\express\Apps\Runtime\Cache\Admin\859e94050170c96367cb52465a51a945.php 第 210 行.
NOTIC: [8] Undefined offset: 1 E:\phpproject\express\Apps\Runtime\Cache\Admin\859e94050170c96367cb52465a51a945.php 第 210 行.
NOTIC: [8] Use of undefined constant num - assumed 'num' E:\phpproject\express\Apps\Runtime\Cache\Admin\859e94050170c96367cb52465a51a945.php 第 211 行.
NOTIC: [8] Undefined offset: 2 E:\phpproject\express\Apps\Runtime\Cache\Admin\859e94050170c96367cb52465a51a945.php 第 211 行.
NOTIC: [8] Use of undefined constant server_content - assumed 'server_content' E:\phpproject\express\Apps\Runtime\Cache\Admin\859e94050170c96367cb52465a51a945.php 第 211 行.
NOTIC: [8] Undefined offset: 2 E:\phpproject\express\Apps\Runtime\Cache\Admin\859e94050170c96367cb52465a51a945.php 第 211 行.
INFO: Run Behavior\ParseTemplateBehavior [ RunTime:0.016009s ]
INFO: [ view_parse ] --END-- [ RunTime:0.016107s ]
INFO: [ view_filter ] --START--
INFO: Run Behavior\WriteHtmlCacheBehavior [ RunTime:0.000475s ]
INFO: [ view_filter ] --END-- [ RunTime:0.000529s ]
INFO: [ app_end ] --START--
INFO: Run Behavior\ShowPageTraceBehavior [ RunTime:0.000909s ]
INFO: [ app_end ] --END-- [ RunTime:0.001011s ]

[ 2016-07-31T21:21:59+08:00 ] 127.0.0.1 /Admin/News/index
INFO: [ app_init ] --START--
INFO: Run Behavior\BuildLiteBehavior [ RunTime:0.000020s ]
INFO: [ app_init ] --END-- [ RunTime:0.000705s ]
INFO: [ app_begin ] --START--
INFO: Run Behavior\ReadHtmlCacheBehavior [ RunTime:0.000854s ]
INFO: Run Behavior\ReadHtmlCacheBehavior [ RunTime:0.000012s ]
INFO: Run Behavior\CheckLangBehavior [ RunTime:0.000872s ]
INFO: [ app_begin ] --END-- [ RunTime:0.001878s ]
SQL: SHOW COLUMNS FROM `exp_news` [ RunTime:0.0538s ]
SQL: SELECT * FROM `exp_news` WHERE ( news_deleted = 0 )  [ RunTime:0.6380s ]
INFO: [ view_parse ] --START--
INFO: [ template_filter ] --START--
INFO: Run Behavior\ContentReplaceBehavior [ RunTime:0.000093s ]
INFO: [ template_filter ] --END-- [ RunTime:0.000163s ]
NOTIC: [8] Undefined variable: account E:\phpproject\express\Apps\Runtime\Cache\Admin\f04644f798663e0ae821d83c9a010e31.php 第 38 行.
INFO: Run Behavior\ParseTemplateBehavior [ RunTime:0.013511s ]
INFO: [ view_parse ] --END-- [ RunTime:0.013586s ]
INFO: [ view_filter ] --START--
INFO: Run Behavior\WriteHtmlCacheBehavior [ RunTime:0.000560s ]
INFO: [ view_filter ] --END-- [ RunTime:0.000616s ]
INFO: [ app_end ] --START--
INFO: Run Behavior\ShowPageTraceBehavior [ RunTime:0.000910s ]
INFO: [ app_end ] --END-- [ RunTime:0.001075s ]

[ 2016-07-31T21:22:03+08:00 ] 127.0.0.1 /Admin/BaseParameter/expCompany
INFO: [ app_init ] --START--
INFO: Run Behavior\BuildLiteBehavior [ RunTime:0.000027s ]
INFO: [ app_init ] --END-- [ RunTime:0.000883s ]
INFO: [ app_begin ] --START--
INFO: Run Behavior\ReadHtmlCacheBehavior [ RunTime:0.000864s ]
INFO: Run Behavior\ReadHtmlCacheBehavior [ RunTime:0.000013s ]
INFO: Run Behavior\CheckLangBehavior [ RunTime:0.000870s ]
INFO: [ app_begin ] --END-- [ RunTime:0.001896s ]
SQL: SHOW COLUMNS FROM `exp_expcompany` [ RunTime:0.0565s ]
SQL: SELECT * FROM `exp_expcompany`  [ RunTime:0.0553s ]
INFO: [ view_parse ] --START--
INFO: [ template_filter ] --START--
INFO: Run Behavior\ContentReplaceBehavior [ RunTime:0.000087s ]
INFO: [ template_filter ] --END-- [ RunTime:0.000154s ]
INFO: Run Behavior\ParseTemplateBehavior [ RunTime:0.013521s ]
INFO: [ view_parse ] --END-- [ RunTime:0.013615s ]
INFO: [ view_filter ] --START--
INFO: Run Behavior\WriteHtmlCacheBehavior [ RunTime:0.000522s ]
INFO: [ view_filter ] --END-- [ RunTime:0.000591s ]
INFO: [ app_end ] --START--
INFO: Run Behavior\ShowPageTraceBehavior [ RunTime:0.000972s ]
INFO: [ app_end ] --END-- [ RunTime:0.001055s ]

[ 2016-07-31T21:22:31+08:00 ] 127.0.0.1 /Admin/BaseParameter/expCompany
INFO: [ app_init ] --START--
INFO: Run Behavior\BuildLiteBehavior [ RunTime:0.000018s ]
INFO: [ app_init ] --END-- [ RunTime:0.000628s ]
INFO: [ app_begin ] --START--
INFO: Run Behavior\ReadHtmlCacheBehavior [ RunTime:0.000899s ]
INFO: Run Behavior\ReadHtmlCacheBehavior [ RunTime:0.000016s ]
INFO: Run Behavior\CheckLangBehavior [ RunTime:0.000760s ]
INFO: [ app_begin ] --END-- [ RunTime:0.001825s ]

[ 2016-07-31T21:22:47+08:00 ] 127.0.0.1 /Admin/BaseParameter/expCompany
INFO: [ app_init ] --START--
INFO: Run Behavior\BuildLiteBehavior [ RunTime:0.000020s ]
INFO: [ app_init ] --END-- [ RunTime:0.000778s ]
INFO: [ app_begin ] --START--
INFO: Run Behavior\ReadHtmlCacheBehavior [ RunTime:0.001194s ]
INFO: Run Behavior\ReadHtmlCacheBehavior [ RunTime:0.000020s ]
INFO: Run Behavior\CheckLangBehavior [ RunTime:0.001054s ]
INFO: [ app_begin ] --END-- [ RunTime:0.002448s ]

[ 2016-07-31T21:22:50+08:00 ] 127.0.0.1 /Admin/BaseParameter/expCompany
INFO: [ app_init ] --START--
INFO: Run Behavior\BuildLiteBehavior [ RunTime:0.000020s ]
INFO: [ app_init ] --END-- [ RunTime:0.000733s ]
INFO: [ app_begin ] --START--
INFO: Run Behavior\ReadHtmlCacheBehavior [ RunTime:0.000855s ]
INFO: Run Behavior\ReadHtmlCacheBehavior [ RunTime:0.000012s ]
INFO: Run Behavior\CheckLangBehavior [ RunTime:0.000863s ]
INFO: [ app_begin ] --END-- [ RunTime:0.001872s ]

[ 2016-07-31T21:23:00+08:00 ] 127.0.0.1 /Admin/BaseParameter/expCompany
INFO: [ app_init ] --START--
INFO: Run Behavior\BuildLiteBehavior [ RunTime:0.000019s ]
INFO: [ app_init ] --END-- [ RunTime:0.000614s ]
INFO: [ app_begin ] --START--
INFO: Run Behavior\ReadHtmlCacheBehavior [ RunTime:0.000759s ]
INFO: Run Behavior\ReadHtmlCacheBehavior [ RunTime:0.000013s ]
INFO: Run Behavior\CheckLangBehavior [ RunTime:0.000778s ]
INFO: [ app_begin ] --END-- [ RunTime:0.001694s ]
SQL: SHOW COLUMNS FROM `exp_expcompany` [ RunTime:0.3550s ]
SQL: SELECT * FROM `exp_expcompany`  [ RunTime:0.0519s ]
INFO: [ view_parse ] --START--
INFO: [ template_filter ] --START--
INFO: Run Behavior\ContentReplaceBehavior [ RunTime:0.000088s ]
INFO: [ template_filter ] --END-- [ RunTime:0.000157s ]
INFO: Run Behavior\ParseTemplateBehavior [ RunTime:0.015573s ]
INFO: [ view_parse ] --END-- [ RunTime:0.015683s ]
INFO: [ view_filter ] --START--
INFO: Run Behavior\WriteHtmlCacheBehavior [ RunTime:0.000652s ]
INFO: [ view_filter ] --END-- [ RunTime:0.000721s ]
INFO: [ app_end ] --START--
INFO: Run Behavior\ShowPageTraceBehavior [ RunTime:0.001542s ]
INFO: [ app_end ] --END-- [ RunTime:0.001655s ]

[ 2016-07-31T21:23:03+08:00 ] 127.0.0.1 /Admin/Login/logout
INFO: [ app_init ] --START--
INFO: Run Behavior\BuildLiteBehavior [ RunTime:0.000018s ]
INFO: [ app_init ] --END-- [ RunTime:0.000715s ]
INFO: [ app_begin ] --START--
INFO: Run Behavior\ReadHtmlCacheBehavior [ RunTime:0.000957s ]
INFO: Run Behavior\ReadHtmlCacheBehavior [ RunTime:0.000014s ]
INFO: Run Behavior\CheckLangBehavior [ RunTime:0.000821s ]
INFO: [ app_begin ] --END-- [ RunTime:0.001965s ]
INFO: [ view_parse ] --START--
INFO: [ template_filter ] --START--
INFO: Run Behavior\ContentReplaceBehavior [ RunTime:0.000067s ]
INFO: [ template_filter ] --END-- [ RunTime:0.000146s ]
INFO: Run Behavior\ParseTemplateBehavior [ RunTime:0.008875s ]
INFO: [ view_parse ] --END-- [ RunTime:0.008990s ]
INFO: [ view_filter ] --START--
INFO: Run Behavior\WriteHtmlCacheBehavior [ RunTime:0.000970s ]
INFO: [ view_filter ] --END-- [ RunTime:0.001082s ]
INFO: [ app_end ] --START--
INFO: Run Behavior\ShowPageTraceBehavior [ RunTime:0.001324s ]
INFO: [ app_end ] --END-- [ RunTime:0.001408s ]

[ 2016-07-31T21:23:04+08:00 ] 127.0.0.1 /Admin/Login/login
INFO: [ app_init ] --START--
INFO: Run Behavior\BuildLiteBehavior [ RunTime:0.000021s ]
INFO: [ app_init ] --END-- [ RunTime:0.000798s ]
INFO: [ app_begin ] --START--
INFO: Run Behavior\ReadHtmlCacheBehavior [ RunTime:0.001128s ]
INFO: Run Behavior\ReadHtmlCacheBehavior [ RunTime:0.000015s ]
INFO: Run Behavior\CheckLangBehavior [ RunTime:0.000950s ]
INFO: [ app_begin ] --END-- [ RunTime:0.002261s ]
INFO: [ view_parse ] --START--
INFO: [ template_filter ] --START--
INFO: Run Behavior\ContentReplaceBehavior [ RunTime:0.000067s ]
INFO: [ template_filter ] --END-- [ RunTime:0.000151s ]
INFO: Run Behavior\ParseTemplateBehavior [ RunTime:0.009267s ]
INFO: [ view_parse ] --END-- [ RunTime:0.009351s ]
INFO: [ view_filter ] --START--
INFO: Run Behavior\WriteHtmlCacheBehavior [ RunTime:0.000764s ]
INFO: [ view_filter ] --END-- [ RunTime:0.000820s ]
INFO: [ app_end ] --START--
INFO: Run Behavior\ShowPageTraceBehavior [ RunTime:0.001065s ]
INFO: [ app_end ] --END-- [ RunTime:0.001125s ]

[ 2016-07-31T21:23:07+08:00 ] 127.0.0.1 /Admin/BaseParameter/expCompany
INFO: [ app_init ] --START--
INFO: Run Behavior\BuildLiteBehavior [ RunTime:0.000020s ]
INFO: [ app_init ] --END-- [ RunTime:0.000659s ]
INFO: [ app_begin ] --START--
INFO: Run Behavior\ReadHtmlCacheBehavior [ RunTime:0.000857s ]
INFO: Run Behavior\ReadHtmlCacheBehavior [ RunTime:0.000013s ]
INFO: Run Behavior\CheckLangBehavior [ RunTime:0.000855s ]
INFO: [ app_begin ] --END-- [ RunTime:0.001865s ]
NOTIC: [8] Undefined index: account E:\phpproject\express\Apps\Admin\Controller\BaseParameterController.class.php 第 7 行.
SQL: SHOW COLUMNS FROM `exp_expcompany` [ RunTime:0.0518s ]
SQL: SELECT * FROM `exp_expcompany`  [ RunTime:0.0515s ]
INFO: [ view_parse ] --START--
INFO: [ template_filter ] --START--
INFO: Run Behavior\ContentReplaceBehavior [ RunTime:0.000088s ]
INFO: [ template_filter ] --END-- [ RunTime:0.000160s ]
INFO: Run Behavior\ParseTemplateBehavior [ RunTime:0.012678s ]
INFO: [ view_parse ] --END-- [ RunTime:0.012773s ]
INFO: [ view_filter ] --START--
INFO: Run Behavior\WriteHtmlCacheBehavior [ RunTime:0.000743s ]
INFO: [ view_filter ] --END-- [ RunTime:0.000804s ]
INFO: [ app_end ] --START--
INFO: Run Behavior\ShowPageTraceBehavior [ RunTime:0.001136s ]
INFO: [ app_end ] --END-- [ RunTime:0.001237s ]

[ 2016-07-31T21:23:41+08:00 ] 127.0.0.1 /Admin/BaseParameter/expCompany
INFO: [ app_init ] --START--
INFO: Run Behavior\BuildLiteBehavior [ RunTime:0.000019s ]
INFO: [ app_init ] --END-- [ RunTime:0.000630s ]
INFO: [ app_begin ] --START--
INFO: Run Behavior\ReadHtmlCacheBehavior [ RunTime:0.000778s ]
INFO: Run Behavior\ReadHtmlCacheBehavior [ RunTime:0.000013s ]
INFO: Run Behavior\CheckLangBehavior [ RunTime:0.000900s ]
INFO: [ app_begin ] --END-- [ RunTime:0.001831s ]
INFO: [ view_parse ] --START--
INFO: [ template_filter ] --START--
INFO: Run Behavior\ContentReplaceBehavior [ RunTime:0.000058s ]
INFO: [ template_filter ] --END-- [ RunTime:0.000129s ]
INFO: Run Behavior\ParseTemplateBehavior [ RunTime:0.009426s ]
INFO: [ view_parse ] --END-- [ RunTime:0.009545s ]
INFO: [ view_filter ] --START--
INFO: Run Behavior\WriteHtmlCacheBehavior [ RunTime:0.000946s ]
INFO: [ view_filter ] --END-- [ RunTime:0.001058s ]

[ 2016-07-31T21:23:44+08:00 ] 127.0.0.1 /Admin/Login/login
INFO: [ app_init ] --START--
INFO: Run Behavior\BuildLiteBehavior [ RunTime:0.000019s ]
INFO: [ app_init ] --END-- [ RunTime:0.000653s ]
INFO: [ app_begin ] --START--
INFO: Run Behavior\ReadHtmlCacheBehavior [ RunTime:0.000853s ]
INFO: Run Behavior\ReadHtmlCacheBehavior [ RunTime:0.000023s ]
INFO: Run Behavior\CheckLangBehavior [ RunTime:0.000910s ]
INFO: [ app_begin ] --END-- [ RunTime:0.001968s ]
INFO: [ view_parse ] --START--
INFO: [ template_filter ] --START--
INFO: Run Behavior\ContentReplaceBehavior [ RunTime:0.000061s ]
INFO: [ template_filter ] --END-- [ RunTime:0.000133s ]
INFO: Run Behavior\ParseTemplateBehavior [ RunTime:0.009034s ]
INFO: [ view_parse ] --END-- [ RunTime:0.009116s ]
INFO: [ view_filter ] --START--
INFO: Run Behavior\WriteHtmlCacheBehavior [ RunTime:0.000760s ]
INFO: [ view_filter ] --END-- [ RunTime:0.000831s ]
INFO: [ app_end ] --START--
INFO: Run Behavior\ShowPageTraceBehavior [ RunTime:0.001070s ]
INFO: [ app_end ] --END-- [ RunTime:0.001150s ]

[ 2016-07-31T21:26:50+08:00 ] 127.0.0.1 /Admin/Login/dologin
INFO: [ app_init ] --START--
INFO: Run Behavior\BuildLiteBehavior [ RunTime:0.000019s ]
INFO: [ app_init ] --END-- [ RunTime:0.000768s ]
INFO: [ app_begin ] --START--
INFO: Run Behavior\ReadHtmlCacheBehavior [ RunTime:0.000992s ]
INFO: Run Behavior\ReadHtmlCacheBehavior [ RunTime:0.000009s ]
INFO: Run Behavior\CheckLangBehavior [ RunTime:0.001160s ]
INFO: [ app_begin ] --END-- [ RunTime:0.002341s ]
SQL: SHOW COLUMNS FROM `exp_admin` [ RunTime:0.0562s ]
SQL: SELECT * FROM `exp_admin` WHERE `admin_account` = 'ujsexpress01' AND `admin_password` = '239df74abd9b9585fda68d73e9f44c0f'  [ RunTime:0.0541s ]
INFO: [ view_parse ] --START--
INFO: [ template_filter ] --START--
INFO: Run Behavior\ContentReplaceBehavior [ RunTime:0.000123s ]
INFO: [ template_filter ] --END-- [ RunTime:0.000265s ]
INFO: Run Behavior\ParseTemplateBehavior [ RunTime:0.017469s ]
INFO: [ view_parse ] --END-- [ RunTime:0.017624s ]
INFO: [ view_filter ] --START--
INFO: Run Behavior\WriteHtmlCacheBehavior [ RunTime:0.001640s ]
INFO: [ view_filter ] --END-- [ RunTime:0.001777s ]
INFO: [ app_end ] --START--
INFO: Run Behavior\ShowPageTraceBehavior [ RunTime:0.002094s ]
INFO: [ app_end ] --END-- [ RunTime:0.002221s ]

[ 2016-07-31T21:26:54+08:00 ] 127.0.0.1 /Admin/Index/index
INFO: [ app_init ] --START--
INFO: Run Behavior\BuildLiteBehavior [ RunTime:0.000018s ]
INFO: [ app_init ] --END-- [ RunTime:0.000605s ]
INFO: [ app_begin ] --START--
INFO: Run Behavior\ReadHtmlCacheBehavior [ RunTime:0.000823s ]
INFO: Run Behavior\ReadHtmlCacheBehavior [ RunTime:0.000012s ]
INFO: Run Behavior\CheckLangBehavior [ RunTime:0.000770s ]
INFO: [ app_begin ] --END-- [ RunTime:0.001753s ]
SQL: SHOW COLUMNS FROM `exp_order` [ RunTime:0.0531s ]
SQL: SELECT COUNT(*) AS tp_count FROM `exp_order` WHERE ( DATE_SUB(curdate(),INTERVAL 0 DAY) = date(FROM_UNIXTIME(order_time)) ) LIMIT 1   [ RunTime:0.0822s ]
SQL: SELECT COUNT(*) AS tp_count FROM `exp_order` WHERE ( DATE_SUB(curdate(),INTERVAL 1 DAY) = date(FROM_UNIXTIME(order_time)) ) LIMIT 1   [ RunTime:0.0853s ]
SQL: SELECT COUNT(*) AS tp_count FROM `exp_order` WHERE ( DATE_SUB(curdate(),INTERVAL 2 DAY) = date(FROM_UNIXTIME(order_time)) ) LIMIT 1   [ RunTime:0.3376s ]
SQL: SELECT COUNT(*) AS tp_count FROM `exp_order` WHERE ( DATE_SUB(curdate(),INTERVAL 3 DAY) = date(FROM_UNIXTIME(order_time)) ) LIMIT 1   [ RunTime:0.0871s ]
SQL: SELECT COUNT(*) AS tp_count FROM `exp_order` WHERE ( DATE_SUB(curdate(),INTERVAL 4 DAY) = date(FROM_UNIXTIME(order_time)) ) LIMIT 1   [ RunTime:0.0809s ]
SQL: SELECT COUNT(*) AS tp_count FROM `exp_order` WHERE ( DATE_SUB(curdate(),INTERVAL 5 DAY) = date(FROM_UNIXTIME(order_time)) ) LIMIT 1   [ RunTime:0.0870s ]
SQL: SELECT COUNT(*) AS tp_count FROM `exp_order` WHERE ( DATE_SUB(curdate(),INTERVAL 6 DAY) = date(FROM_UNIXTIME(order_time)) ) LIMIT 1   [ RunTime:0.0966s ]
SQL: SHOW COLUMNS FROM `exp_user` [ RunTime:0.0496s ]
NOTIC: [8] Use of undefined constant user_id - assumed 'user_id' E:\phpproject\express\Apps\Admin\Controller\IndexController.class.php 第 17 行.
SQL: SELECT COUNT(user_id) AS tp_count FROM `exp_user` LIMIT 1   [ RunTime:0.0503s ]
SQL: SELECT COUNT(*) AS tp_count FROM `exp_user` WHERE ( DATE_SUB(curdate(),INTERVAL 0 DAY)= date(FROM_UNIXTIME(user_regtime)) ) LIMIT 1   [ RunTime:0.0572s ]
SQL: SELECT COUNT(*) AS tp_count FROM `exp_user` WHERE ( DATE_SUB(curdate(),INTERVAL 1 DAY)= date(FROM_UNIXTIME(user_regtime)) ) LIMIT 1   [ RunTime:0.0564s ]
SQL: SELECT COUNT(*) AS tp_count FROM `exp_user` WHERE ( DATE_SUB(curdate(),INTERVAL 2 DAY)= date(FROM_UNIXTIME(user_regtime)) ) LIMIT 1   [ RunTime:0.0549s ]
SQL: SELECT COUNT(*) AS tp_count FROM `exp_user` WHERE ( DATE_SUB(curdate(),INTERVAL 3 DAY)= date(FROM_UNIXTIME(user_regtime)) ) LIMIT 1   [ RunTime:0.0545s ]
SQL: SELECT COUNT(*) AS tp_count FROM `exp_user` WHERE ( DATE_SUB(curdate(),INTERVAL 4 DAY)= date(FROM_UNIXTIME(user_regtime)) ) LIMIT 1   [ RunTime:0.0553s ]
SQL: SELECT COUNT(*) AS tp_count FROM `exp_user` WHERE ( DATE_SUB(curdate(),INTERVAL 5 DAY)= date(FROM_UNIXTIME(user_regtime)) ) LIMIT 1   [ RunTime:0.0646s ]
SQL: SELECT COUNT(*) AS tp_count FROM `exp_user` WHERE ( DATE_SUB(curdate(),INTERVAL 6 DAY)= date(FROM_UNIXTIME(user_regtime)) ) LIMIT 1   [ RunTime:0.0573s ]
SQL: SELECT `server_content`,count(order_id) as num FROM `exp_order` INNER JOIN exp_server on exp_server.server_id=exp_order.order_server_id  GROUP BY order_server_id  [ RunTime:0.0654s ]
SQL: SHOW COLUMNS FROM `exp_cend` [ RunTime:0.0544s ]
SQL: SELECT COUNT(*) AS tp_count FROM `exp_cend` WHERE ( DATE_SUB(curdate(),INTERVAL 0 DAY) = date(FROM_UNIXTIME(register_time)) ) LIMIT 1   [ RunTime:0.0540s ]
SQL: SELECT COUNT(*) AS tp_count FROM `exp_cend` WHERE ( DATE_SUB(curdate(),INTERVAL 1 DAY) = date(FROM_UNIXTIME(register_time)) ) LIMIT 1   [ RunTime:0.0521s ]
SQL: SELECT COUNT(*) AS tp_count FROM `exp_cend` WHERE ( DATE_SUB(curdate(),INTERVAL 2 DAY) = date(FROM_UNIXTIME(register_time)) ) LIMIT 1   [ RunTime:0.0532s ]
SQL: SELECT COUNT(*) AS tp_count FROM `exp_cend` WHERE ( DATE_SUB(curdate(),INTERVAL 3 DAY) = date(FROM_UNIXTIME(register_time)) ) LIMIT 1   [ RunTime:0.0522s ]
SQL: SELECT COUNT(*) AS tp_count FROM `exp_cend` WHERE ( DATE_SUB(curdate(),INTERVAL 4 DAY) = date(FROM_UNIXTIME(register_time)) ) LIMIT 1   [ RunTime:0.0521s ]
SQL: SELECT COUNT(*) AS tp_count FROM `exp_cend` WHERE ( DATE_SUB(curdate(),INTERVAL 5 DAY) = date(FROM_UNIXTIME(register_time)) ) LIMIT 1   [ RunTime:0.0529s ]
SQL: SELECT COUNT(*) AS tp_count FROM `exp_cend` WHERE ( DATE_SUB(curdate(),INTERVAL 6 DAY) = date(FROM_UNIXTIME(register_time)) ) LIMIT 1   [ RunTime:0.0511s ]
INFO: [ view_parse ] --START--
INFO: [ template_filter ] --START--
INFO: Run Behavior\ContentReplaceBehavior [ RunTime:0.000221s ]
INFO: [ template_filter ] --END-- [ RunTime:0.000350s ]
NOTIC: [8] Use of undefined constant server_content - assumed 'server_content' E:\phpproject\express\Apps\Runtime\Cache\Admin\859e94050170c96367cb52465a51a945.php 第 200 行.
NOTIC: [8] Use of undefined constant server_content - assumed 'server_content' E:\phpproject\express\Apps\Runtime\Cache\Admin\859e94050170c96367cb52465a51a945.php 第 200 行.
NOTIC: [8] Undefined offset: 1 E:\phpproject\express\Apps\Runtime\Cache\Admin\859e94050170c96367cb52465a51a945.php 第 200 行.
NOTIC: [8] Use of undefined constant server_content - assumed 'server_content' E:\phpproject\express\Apps\Runtime\Cache\Admin\859e94050170c96367cb52465a51a945.php 第 200 行.
NOTIC: [8] Undefined offset: 2 E:\phpproject\express\Apps\Runtime\Cache\Admin\859e94050170c96367cb52465a51a945.php 第 200 行.
NOTIC: [8] Use of undefined constant num - assumed 'num' E:\phpproject\express\Apps\Runtime\Cache\Admin\859e94050170c96367cb52465a51a945.php 第 209 行.
NOTIC: [8] Use of undefined constant server_content - assumed 'server_content' E:\phpproject\express\Apps\Runtime\Cache\Admin\859e94050170c96367cb52465a51a945.php 第 209 行.
NOTIC: [8] Use of undefined constant num - assumed 'num' E:\phpproject\express\Apps\Runtime\Cache\Admin\859e94050170c96367cb52465a51a945.php 第 210 行.
NOTIC: [8] Undefined offset: 1 E:\phpproject\express\Apps\Runtime\Cache\Admin\859e94050170c96367cb52465a51a945.php 第 210 行.
NOTIC: [8] Use of undefined constant server_content - assumed 'server_content' E:\phpproject\express\Apps\Runtime\Cache\Admin\859e94050170c96367cb52465a51a945.php 第 210 行.
NOTIC: [8] Undefined offset: 1 E:\phpproject\express\Apps\Runtime\Cache\Admin\859e94050170c96367cb52465a51a945.php 第 210 行.
NOTIC: [8] Use of undefined constant num - assumed 'num' E:\phpproject\express\Apps\Runtime\Cache\Admin\859e94050170c96367cb52465a51a945.php 第 211 行.
NOTIC: [8] Undefined offset: 2 E:\phpproject\express\Apps\Runtime\Cache\Admin\859e94050170c96367cb52465a51a945.php 第 211 行.
NOTIC: [8] Use of undefined constant server_content - assumed 'server_content' E:\phpproject\express\Apps\Runtime\Cache\Admin\859e94050170c96367cb52465a51a945.php 第 211 行.
NOTIC: [8] Undefined offset: 2 E:\phpproject\express\Apps\Runtime\Cache\Admin\859e94050170c96367cb52465a51a945.php 第 211 行.
INFO: Run Behavior\ParseTemplateBehavior [ RunTime:0.027959s ]
INFO: [ view_parse ] --END-- [ RunTime:0.028094s ]
INFO: [ view_filter ] --START--
INFO: Run Behavior\WriteHtmlCacheBehavior [ RunTime:0.001407s ]
INFO: [ view_filter ] --END-- [ RunTime:0.001545s ]
INFO: [ app_end ] --START--
INFO: Run Behavior\ShowPageTraceBehavior [ RunTime:0.002237s ]
INFO: [ app_end ] --END-- [ RunTime:0.002438s ]

[ 2016-07-31T21:26:57+08:00 ] 127.0.0.1 /Admin/News/index
INFO: [ app_init ] --START--
INFO: Run Behavior\BuildLiteBehavior [ RunTime:0.000019s ]
INFO: [ app_init ] --END-- [ RunTime:0.000625s ]
INFO: [ app_begin ] --START--
INFO: Run Behavior\ReadHtmlCacheBehavior [ RunTime:0.000891s ]
INFO: Run Behavior\ReadHtmlCacheBehavior [ RunTime:0.000013s ]
INFO: Run Behavior\CheckLangBehavior [ RunTime:0.000860s ]
INFO: [ app_begin ] --END-- [ RunTime:0.001903s ]
SQL: SHOW COLUMNS FROM `exp_news` [ RunTime:0.0535s ]
SQL: SELECT * FROM `exp_news` WHERE ( news_deleted = 0 )  [ RunTime:0.2694s ]
INFO: [ view_parse ] --START--
INFO: [ template_filter ] --START--
INFO: Run Behavior\ContentReplaceBehavior [ RunTime:0.000094s ]
INFO: [ template_filter ] --END-- [ RunTime:0.000168s ]
NOTIC: [8] Undefined variable: account E:\phpproject\express\Apps\Runtime\Cache\Admin\f04644f798663e0ae821d83c9a010e31.php 第 38 行.
INFO: Run Behavior\ParseTemplateBehavior [ RunTime:0.013467s ]
INFO: [ view_parse ] --END-- [ RunTime:0.013532s ]
INFO: [ view_filter ] --START--
INFO: Run Behavior\WriteHtmlCacheBehavior [ RunTime:0.000658s ]
INFO: [ view_filter ] --END-- [ RunTime:0.000724s ]
INFO: [ app_end ] --START--
INFO: Run Behavior\ShowPageTraceBehavior [ RunTime:0.001051s ]
INFO: [ app_end ] --END-- [ RunTime:0.001113s ]

[ 2016-07-31T21:27:21+08:00 ] 127.0.0.1 /Admin/News/index
INFO: [ app_init ] --START--
INFO: Run Behavior\BuildLiteBehavior [ RunTime:0.000019s ]
INFO: [ app_init ] --END-- [ RunTime:0.000713s ]
INFO: [ app_begin ] --START--
INFO: Run Behavior\ReadHtmlCacheBehavior [ RunTime:0.000869s ]
INFO: Run Behavior\ReadHtmlCacheBehavior [ RunTime:0.000013s ]
INFO: Run Behavior\CheckLangBehavior [ RunTime:0.000861s ]
INFO: [ app_begin ] --END-- [ RunTime:0.001886s ]
SQL: SHOW COLUMNS FROM `exp_news` [ RunTime:0.0512s ]
SQL: SELECT * FROM `exp_news` WHERE ( news_deleted = 0 )  [ RunTime:0.5172s ]
INFO: [ view_parse ] --START--
INFO: [ template_filter ] --START--
INFO: Run Behavior\ContentReplaceBehavior [ RunTime:0.000187s ]
INFO: [ template_filter ] --END-- [ RunTime:0.000341s ]
INFO: Run Behavior\ParseTemplateBehavior [ RunTime:0.029532s ]
INFO: [ view_parse ] --END-- [ RunTime:0.029705s ]
INFO: [ view_filter ] --START--
INFO: Run Behavior\WriteHtmlCacheBehavior [ RunTime:0.001406s ]
INFO: [ view_filter ] --END-- [ RunTime:0.001530s ]
INFO: [ app_end ] --START--
INFO: Run Behavior\ShowPageTraceBehavior [ RunTime:0.002226s ]
INFO: [ app_end ] --END-- [ RunTime:0.002415s ]

[ 2016-07-31T21:27:57+08:00 ] 127.0.0.1 /Admin/News/index
INFO: [ app_init ] --START--
INFO: Run Behavior\BuildLiteBehavior [ RunTime:0.000020s ]
INFO: [ app_init ] --END-- [ RunTime:0.000642s ]
INFO: [ app_begin ] --START--
INFO: Run Behavior\ReadHtmlCacheBehavior [ RunTime:0.000775s ]
INFO: Run Behavior\ReadHtmlCacheBehavior [ RunTime:0.000014s ]
INFO: Run Behavior\CheckLangBehavior [ RunTime:0.000761s ]
INFO: [ app_begin ] --END-- [ RunTime:0.001692s ]
SQL: SHOW COLUMNS FROM `exp_news` [ RunTime:0.0497s ]
SQL: SELECT * FROM `exp_news` WHERE ( news_deleted = 0 )  [ RunTime:0.1624s ]
INFO: [ view_parse ] --START--
INFO: [ template_filter ] --START--
INFO: Run Behavior\ContentReplaceBehavior [ RunTime:0.000091s ]
INFO: [ template_filter ] --END-- [ RunTime:0.000163s ]
INFO: Run Behavior\ParseTemplateBehavior [ RunTime:0.012997s ]
INFO: [ view_parse ] --END-- [ RunTime:0.013086s ]
INFO: [ view_filter ] --START--
INFO: Run Behavior\WriteHtmlCacheBehavior [ RunTime:0.000711s ]
INFO: [ view_filter ] --END-- [ RunTime:0.000768s ]
INFO: [ app_end ] --START--
INFO: Run Behavior\ShowPageTraceBehavior [ RunTime:0.001045s ]
INFO: [ app_end ] --END-- [ RunTime:0.001104s ]

[ 2016-07-31T21:28:09+08:00 ] 127.0.0.1 /Admin/News/index
INFO: [ app_init ] --START--
INFO: Run Behavior\BuildLiteBehavior [ RunTime:0.000019s ]
INFO: [ app_init ] --END-- [ RunTime:0.000641s ]
INFO: [ app_begin ] --START--
INFO: Run Behavior\ReadHtmlCacheBehavior [ RunTime:0.000753s ]
INFO: Run Behavior\ReadHtmlCacheBehavior [ RunTime:0.000013s ]
INFO: Run Behavior\CheckLangBehavior [ RunTime:0.000740s ]
INFO: [ app_begin ] --END-- [ RunTime:0.001655s ]
SQL: SHOW COLUMNS FROM `exp_news` [ RunTime:0.0544s ]
SQL: SELECT * FROM `exp_news` WHERE ( news_deleted = 0 )  [ RunTime:0.2588s ]
INFO: [ view_parse ] --START--
INFO: [ template_filter ] --START--
INFO: Run Behavior\ContentReplaceBehavior [ RunTime:0.000090s ]
INFO: [ template_filter ] --END-- [ RunTime:0.000159s ]
NOTIC: [8] Undefined variable: account E:\phpproject\express\Apps\Runtime\Cache\Admin\f04644f798663e0ae821d83c9a010e31.php 第 38 行.
INFO: Run Behavior\ParseTemplateBehavior [ RunTime:0.013754s ]
INFO: [ view_parse ] --END-- [ RunTime:0.013820s ]
INFO: [ view_filter ] --START--
INFO: Run Behavior\WriteHtmlCacheBehavior [ RunTime:0.000749s ]
INFO: [ view_filter ] --END-- [ RunTime:0.000808s ]
INFO: [ app_end ] --START--
INFO: Run Behavior\ShowPageTraceBehavior [ RunTime:0.001052s ]
INFO: [ app_end ] --END-- [ RunTime:0.001113s ]

