[ 2016-02-26T11:22:07+08:00 ] 127.0.0.1 /admin/index/index
INFO: [ app_init ] --START--
INFO: Run Behavior\BuildLiteBehavior [ RunTime:0.000077s ]
INFO: [ app_init ] --END-- [ RunTime:0.001668s ]
INFO: [ app_begin ] --START--
INFO: Run Behavior\ReadHtmlCacheBehavior [ RunTime:0.001571s ]
INFO: Run Behavior\ReadHtmlCacheBehavior [ RunTime:0.000085s ]
INFO: Run Behavior\CheckLangBehavior [ RunTime:0.001924s ]
INFO: [ app_begin ] --END-- [ RunTime:0.004397s ]
NOTIC: [8] Undefined index: account E:\phpworkspace\express\Apps\Admin\Controller\IndexController.class.php 第 7 行.
INFO: [ view_parse ] --START--
INFO: [ template_filter ] --START--
INFO: Run Behavior\ContentReplaceBehavior [ RunTime:0.000203s ]
INFO: [ template_filter ] --END-- [ RunTime:0.000571s ]
INFO: Run Behavior\ParseTemplateBehavior [ RunTime:0.027052s ]
INFO: [ view_parse ] --END-- [ RunTime:0.027477s ]
INFO: [ view_filter ] --START--
INFO: Run Behavior\WriteHtmlCacheBehavior [ RunTime:0.000969s ]
INFO: [ view_filter ] --END-- [ RunTime:0.001296s ]

[ 2016-02-26T11:22:11+08:00 ] 127.0.0.1 /Admin/Index/login
INFO: [ app_init ] --START--
INFO: Run Behavior\BuildLiteBehavior [ RunTime:0.000079s ]
INFO: [ app_init ] --END-- [ RunTime:0.001313s ]
INFO: [ app_begin ] --START--
INFO: Run Behavior\ReadHtmlCacheBehavior [ RunTime:0.002301s ]
INFO: Run Behavior\ReadHtmlCacheBehavior [ RunTime:0.000094s ]
INFO: Run Behavior\CheckLangBehavior [ RunTime:0.001868s ]
INFO: [ app_begin ] --END-- [ RunTime:0.005503s ]
INFO: [ view_parse ] --START--
INFO: [ template_filter ] --START--
INFO: Run Behavior\ContentReplaceBehavior [ RunTime:0.000211s ]
INFO: [ template_filter ] --END-- [ RunTime:0.000600s ]
INFO: Run Behavior\ParseTemplateBehavior [ RunTime:0.034690s ]
INFO: [ view_parse ] --END-- [ RunTime:0.035065s ]
INFO: [ view_filter ] --START--
INFO: Run Behavior\WriteHtmlCacheBehavior [ RunTime:0.000760s ]
INFO: [ view_filter ] --END-- [ RunTime:0.001138s ]
INFO: [ app_end ] --START--
INFO: Run Behavior\ShowPageTraceBehavior [ RunTime:0.001365s ]
INFO: [ app_end ] --END-- [ RunTime:0.002378s ]

[ 2016-02-26T11:22:12+08:00 ] 127.0.0.1 /Admin/Index/dologin
INFO: [ app_init ] --START--
INFO: Run Behavior\BuildLiteBehavior [ RunTime:0.000101s ]
INFO: [ app_init ] --END-- [ RunTime:0.001673s ]
INFO: [ app_begin ] --START--
INFO: Run Behavior\ReadHtmlCacheBehavior [ RunTime:0.001104s ]
INFO: Run Behavior\ReadHtmlCacheBehavior [ RunTime:0.000055s ]
INFO: Run Behavior\CheckLangBehavior [ RunTime:0.001694s ]
INFO: [ app_begin ] --END-- [ RunTime:0.003567s ]
SQL: SHOW COLUMNS FROM `exp_admin` [ RunTime:0.0357s ]
NOTIC: [2] array_merge(): Argument #1 is not an array E:\phpworkspace\express\ThinkPHP\Library\Think\Model.class.php 第 1814 行.
SQL: SELECT * FROM `exp_admin`  [ RunTime:0.0346s ]
INFO: [ view_parse ] --START--
INFO: [ template_filter ] --START--
INFO: Run Behavior\ContentReplaceBehavior [ RunTime:0.000198s ]
INFO: [ template_filter ] --END-- [ RunTime:0.000581s ]
INFO: Run Behavior\ParseTemplateBehavior [ RunTime:0.021366s ]
INFO: [ view_parse ] --END-- [ RunTime:0.021863s ]
INFO: [ view_filter ] --START--
INFO: Run Behavior\WriteHtmlCacheBehavior [ RunTime:0.000777s ]
INFO: [ view_filter ] --END-- [ RunTime:0.001100s ]
INFO: [ app_end ] --START--
INFO: Run Behavior\ShowPageTraceBehavior [ RunTime:0.001121s ]
INFO: [ app_end ] --END-- [ RunTime:0.001454s ]

[ 2016-02-26T11:22:16+08:00 ] 127.0.0.1 /Admin/Index/index
INFO: [ app_init ] --START--
INFO: Run Behavior\BuildLiteBehavior [ RunTime:0.000152s ]
INFO: [ app_init ] --END-- [ RunTime:0.001833s ]
INFO: [ app_begin ] --START--
INFO: Run Behavior\ReadHtmlCacheBehavior [ RunTime:0.001172s ]
INFO: Run Behavior\ReadHtmlCacheBehavior [ RunTime:0.000084s ]
INFO: Run Behavior\CheckLangBehavior [ RunTime:0.003100s ]
INFO: [ app_begin ] --END-- [ RunTime:0.005108s ]
SQL: SHOW COLUMNS FROM `exp_order` [ RunTime:0.0364s ]
SQL: SELECT COUNT(*) AS tp_count FROM `exp_order` WHERE ( curdate() - date(FROM_UNIXTIME(order_time)) =0 ) LIMIT 1   [ RunTime:0.0299s ]
SQL: SELECT COUNT(*) AS tp_count FROM `exp_order` WHERE ( curdate() - date(FROM_UNIXTIME(order_time)) =1 ) LIMIT 1   [ RunTime:0.0321s ]
SQL: SELECT COUNT(*) AS tp_count FROM `exp_order` WHERE ( curdate() - date(FROM_UNIXTIME(order_time)) =2 ) LIMIT 1   [ RunTime:0.0436s ]
SQL: SELECT COUNT(*) AS tp_count FROM `exp_order` WHERE ( curdate() - date(FROM_UNIXTIME(order_time)) =3 ) LIMIT 1   [ RunTime:0.0295s ]
SQL: SELECT COUNT(*) AS tp_count FROM `exp_order` WHERE ( curdate() - date(FROM_UNIXTIME(order_time)) =4 ) LIMIT 1   [ RunTime:0.0292s ]
SQL: SELECT COUNT(*) AS tp_count FROM `exp_order` WHERE ( curdate() - date(FROM_UNIXTIME(order_time)) =5 ) LIMIT 1   [ RunTime:0.0350s ]
SQL: SELECT COUNT(*) AS tp_count FROM `exp_order` WHERE ( curdate() - date(FROM_UNIXTIME(order_time)) =6 ) LIMIT 1   [ RunTime:0.0295s ]
SQL: SHOW COLUMNS FROM `exp_user` [ RunTime:0.0324s ]
NOTIC: [8] Use of undefined constant user_id - assumed 'user_id' E:\phpworkspace\express\Apps\Admin\Controller\IndexController.class.php 第 28 行.
SQL: SELECT COUNT(user_id) AS tp_count FROM `exp_user` LIMIT 1   [ RunTime:0.0352s ]
SQL: SELECT COUNT(*) AS tp_count FROM `exp_user` WHERE ( curdate() - date(FROM_UNIXTIME(user_regtime)) = 0 ) LIMIT 1   [ RunTime:0.0306s ]
SQL: SELECT COUNT(*) AS tp_count FROM `exp_user` WHERE ( curdate() - date(FROM_UNIXTIME(user_regtime)) = 1 ) LIMIT 1   [ RunTime:0.0332s ]
SQL: SELECT COUNT(*) AS tp_count FROM `exp_user` WHERE ( curdate() - date(FROM_UNIXTIME(user_regtime)) = 2 ) LIMIT 1   [ RunTime:0.0348s ]
SQL: SELECT COUNT(*) AS tp_count FROM `exp_user` WHERE ( curdate() - date(FROM_UNIXTIME(user_regtime)) = 3 ) LIMIT 1   [ RunTime:0.0292s ]
SQL: SELECT COUNT(*) AS tp_count FROM `exp_user` WHERE ( curdate() - date(FROM_UNIXTIME(user_regtime)) = 4 ) LIMIT 1   [ RunTime:0.0291s ]
SQL: SELECT COUNT(*) AS tp_count FROM `exp_user` WHERE ( curdate() - date(FROM_UNIXTIME(user_regtime)) = 5 ) LIMIT 1   [ RunTime:0.0330s ]
SQL: SELECT COUNT(*) AS tp_count FROM `exp_user` WHERE ( curdate() - date(FROM_UNIXTIME(user_regtime)) = 6 ) LIMIT 1   [ RunTime:0.0296s ]
SQL: SHOW COLUMNS FROM `exp_server` [ RunTime:0.0313s ]
SQL: SELECT `server_content`,count(order_id) as num FROM `exp_order` INNER JOIN exp_server on exp_server.server_id=exp_order.order_server_id  GROUP BY order_server_id  [ RunTime:0.0333s ]
SQL: SHOW COLUMNS FROM `exp_cend` [ RunTime:0.0296s ]
SQL: SELECT COUNT(*) AS tp_count FROM `exp_cend` WHERE ( curdate() - date(FROM_UNIXTIME(register_time)) =0 ) LIMIT 1   [ RunTime:0.0293s ]
SQL: SELECT COUNT(*) AS tp_count FROM `exp_cend` WHERE ( curdate() - date(FROM_UNIXTIME(register_time)) =1 ) LIMIT 1   [ RunTime:0.0294s ]
SQL: SELECT COUNT(*) AS tp_count FROM `exp_cend` WHERE ( curdate() - date(FROM_UNIXTIME(register_time)) =2 ) LIMIT 1   [ RunTime:0.0291s ]
SQL: SELECT COUNT(*) AS tp_count FROM `exp_cend` WHERE ( curdate() - date(FROM_UNIXTIME(register_time)) =3 ) LIMIT 1   [ RunTime:0.0311s ]
SQL: SELECT COUNT(*) AS tp_count FROM `exp_cend` WHERE ( curdate() - date(FROM_UNIXTIME(register_time)) =4 ) LIMIT 1   [ RunTime:0.0319s ]
SQL: SELECT COUNT(*) AS tp_count FROM `exp_cend` WHERE ( curdate() - date(FROM_UNIXTIME(register_time)) =5 ) LIMIT 1   [ RunTime:0.0315s ]
SQL: SELECT COUNT(*) AS tp_count FROM `exp_cend` WHERE ( curdate() - date(FROM_UNIXTIME(register_time)) =6 ) LIMIT 1   [ RunTime:0.0329s ]
INFO: [ view_parse ] --START--
INFO: [ template_filter ] --START--
INFO: Run Behavior\ContentReplaceBehavior [ RunTime:0.000321s ]
INFO: [ template_filter ] --END-- [ RunTime:0.000752s ]
NOTIC: [8] Use of undefined constant server_content - assumed 'server_content' E:\phpworkspace\express\Apps\Runtime\Cache\Admin\859e94050170c96367cb52465a51a945.php 第 190 行.
NOTIC: [8] Use of undefined constant server_content - assumed 'server_content' E:\phpworkspace\express\Apps\Runtime\Cache\Admin\859e94050170c96367cb52465a51a945.php 第 190 行.
NOTIC: [8] Use of undefined constant server_content - assumed 'server_content' E:\phpworkspace\express\Apps\Runtime\Cache\Admin\859e94050170c96367cb52465a51a945.php 第 190 行.
NOTIC: [8] Use of undefined constant num - assumed 'num' E:\phpworkspace\express\Apps\Runtime\Cache\Admin\859e94050170c96367cb52465a51a945.php 第 199 行.
NOTIC: [8] Use of undefined constant server_content - assumed 'server_content' E:\phpworkspace\express\Apps\Runtime\Cache\Admin\859e94050170c96367cb52465a51a945.php 第 199 行.
NOTIC: [8] Use of undefined constant num - assumed 'num' E:\phpworkspace\express\Apps\Runtime\Cache\Admin\859e94050170c96367cb52465a51a945.php 第 200 行.
NOTIC: [8] Use of undefined constant server_content - assumed 'server_content' E:\phpworkspace\express\Apps\Runtime\Cache\Admin\859e94050170c96367cb52465a51a945.php 第 200 行.
NOTIC: [8] Use of undefined constant num - assumed 'num' E:\phpworkspace\express\Apps\Runtime\Cache\Admin\859e94050170c96367cb52465a51a945.php 第 201 行.
NOTIC: [8] Use of undefined constant server_content - assumed 'server_content' E:\phpworkspace\express\Apps\Runtime\Cache\Admin\859e94050170c96367cb52465a51a945.php 第 201 行.
INFO: Run Behavior\ParseTemplateBehavior [ RunTime:0.072349s ]
INFO: [ view_parse ] --END-- [ RunTime:0.072795s ]
INFO: [ view_filter ] --START--
INFO: Run Behavior\WriteHtmlCacheBehavior [ RunTime:0.000789s ]
INFO: [ view_filter ] --END-- [ RunTime:0.001112s ]
INFO: [ app_end ] --START--
INFO: Run Behavior\ShowPageTraceBehavior [ RunTime:0.001103s ]
INFO: [ app_end ] --END-- [ RunTime:0.001498s ]

[ 2016-02-26T11:22:35+08:00 ] 127.0.0.1 /Admin/OrderManage/orderlist
INFO: [ app_init ] --START--
INFO: Run Behavior\BuildLiteBehavior [ RunTime:0.000090s ]
INFO: [ app_init ] --END-- [ RunTime:0.001505s ]
INFO: [ app_begin ] --START--
INFO: Run Behavior\ReadHtmlCacheBehavior [ RunTime:0.001187s ]
INFO: Run Behavior\ReadHtmlCacheBehavior [ RunTime:0.000086s ]
INFO: Run Behavior\CheckLangBehavior [ RunTime:0.001716s ]
INFO: [ app_begin ] --END-- [ RunTime:0.003718s ]
SQL: SHOW COLUMNS FROM `exp_order` [ RunTime:0.0305s ]
SQL: SHOW COLUMNS FROM `exp_status` [ RunTime:0.0292s ]
SQL: SELECT * FROM `exp_order` INNER JOIN exp_status on exp_order.order_status_id=exp_status.status_id  ORDER BY order_id desc  [ RunTime:0.0325s ]
INFO: [ view_parse ] --START--
INFO: [ template_filter ] --START--
INFO: Run Behavior\ContentReplaceBehavior [ RunTime:0.000277s ]
INFO: [ template_filter ] --END-- [ RunTime:0.000646s ]
INFO: Run Behavior\ParseTemplateBehavior [ RunTime:0.038193s ]
INFO: [ view_parse ] --END-- [ RunTime:0.038637s ]
INFO: [ view_filter ] --START--
INFO: Run Behavior\WriteHtmlCacheBehavior [ RunTime:0.000805s ]
INFO: [ view_filter ] --END-- [ RunTime:0.001135s ]
INFO: [ app_end ] --START--
INFO: Run Behavior\ShowPageTraceBehavior [ RunTime:0.001472s ]
INFO: [ app_end ] --END-- [ RunTime:0.001974s ]

[ 2016-02-26T11:22:39+08:00 ] 127.0.0.1 /Admin/orderManage/ordercontent/id/1
INFO: [ app_init ] --START--
INFO: Run Behavior\BuildLiteBehavior [ RunTime:0.000128s ]
INFO: [ app_init ] --END-- [ RunTime:0.001657s ]
INFO: [ app_begin ] --START--
INFO: Run Behavior\ReadHtmlCacheBehavior [ RunTime:0.001675s ]
INFO: Run Behavior\ReadHtmlCacheBehavior [ RunTime:0.000086s ]
INFO: Run Behavior\CheckLangBehavior [ RunTime:0.001966s ]
INFO: [ app_begin ] --END-- [ RunTime:0.004722s ]
SQL: SHOW COLUMNS FROM `exp_order` [ RunTime:0.0282s ]
SQL: SELECT * FROM `exp_order` WHERE `order_id` = 1 LIMIT 1   [ RunTime:0.0255s ]
INFO: [ view_parse ] --START--
INFO: [ template_filter ] --START--
INFO: Run Behavior\ContentReplaceBehavior [ RunTime:0.000313s ]
INFO: [ template_filter ] --END-- [ RunTime:0.000674s ]
NOTIC: [8] Undefined variable: account E:\phpworkspace\express\Apps\Runtime\Cache\Admin\cad83b8523726c46d784282372d08e08.php 第 58 行.
INFO: Run Behavior\ParseTemplateBehavior [ RunTime:0.040986s ]
INFO: [ view_parse ] --END-- [ RunTime:0.041400s ]
INFO: [ view_filter ] --START--
INFO: Run Behavior\WriteHtmlCacheBehavior [ RunTime:0.000802s ]
INFO: [ view_filter ] --END-- [ RunTime:0.001127s ]
INFO: [ app_end ] --START--
INFO: Run Behavior\ShowPageTraceBehavior [ RunTime:0.001314s ]
INFO: [ app_end ] --END-- [ RunTime:0.001721s ]

[ 2016-02-26T11:24:53+08:00 ] 127.0.0.1 /Admin/OrderManage/orderlist
INFO: [ app_init ] --START--
INFO: Run Behavior\BuildLiteBehavior [ RunTime:0.000076s ]
INFO: [ app_init ] --END-- [ RunTime:0.001295s ]
INFO: [ app_begin ] --START--
INFO: Run Behavior\ReadHtmlCacheBehavior [ RunTime:0.002388s ]
INFO: Run Behavior\ReadHtmlCacheBehavior [ RunTime:0.000577s ]
INFO: Run Behavior\CheckLangBehavior [ RunTime:0.002430s ]
INFO: [ app_begin ] --END-- [ RunTime:0.007331s ]
SQL: SHOW COLUMNS FROM `exp_order` [ RunTime:0.0257s ]
SQL: SHOW COLUMNS FROM `exp_status` [ RunTime:0.0290s ]
SQL: SELECT * FROM `exp_order` INNER JOIN exp_status on exp_order.order_status_id=exp_status.status_id  ORDER BY order_id desc  [ RunTime:0.0301s ]
INFO: [ view_parse ] --START--
INFO: [ template_filter ] --START--
INFO: Run Behavior\ContentReplaceBehavior [ RunTime:0.000396s ]
INFO: [ template_filter ] --END-- [ RunTime:0.000785s ]
INFO: Run Behavior\ParseTemplateBehavior [ RunTime:0.045440s ]
INFO: [ view_parse ] --END-- [ RunTime:0.046331s ]
INFO: [ view_filter ] --START--
INFO: Run Behavior\WriteHtmlCacheBehavior [ RunTime:0.001814s ]
INFO: [ view_filter ] --END-- [ RunTime:0.002309s ]
INFO: [ app_end ] --START--
INFO: Run Behavior\ShowPageTraceBehavior [ RunTime:0.001845s ]
INFO: [ app_end ] --END-- [ RunTime:0.002237s ]

[ 2016-02-26T11:25:07+08:00 ] 127.0.0.1 /Admin/orderManage/ordercontent/id/1
INFO: [ app_init ] --START--
INFO: Run Behavior\BuildLiteBehavior [ RunTime:0.000077s ]
INFO: [ app_init ] --END-- [ RunTime:0.001212s ]
INFO: [ app_begin ] --START--
INFO: Run Behavior\ReadHtmlCacheBehavior [ RunTime:0.001455s ]
INFO: Run Behavior\ReadHtmlCacheBehavior [ RunTime:0.000088s ]
INFO: Run Behavior\CheckLangBehavior [ RunTime:0.001960s ]
INFO: [ app_begin ] --END-- [ RunTime:0.004316s ]
SQL: SHOW COLUMNS FROM `exp_order` [ RunTime:0.0312s ]
SQL: SELECT * FROM `exp_order` WHERE `order_id` = 1 LIMIT 1   [ RunTime:0.0346s ]
INFO: [ view_parse ] --START--
INFO: [ template_filter ] --START--
INFO: Run Behavior\ContentReplaceBehavior [ RunTime:0.000303s ]
INFO: [ template_filter ] --END-- [ RunTime:0.000657s ]
INFO: Run Behavior\ParseTemplateBehavior [ RunTime:0.027378s ]
INFO: [ view_parse ] --END-- [ RunTime:0.027983s ]
INFO: [ view_filter ] --START--
INFO: Run Behavior\WriteHtmlCacheBehavior [ RunTime:0.001697s ]
INFO: [ view_filter ] --END-- [ RunTime:0.002358s ]
INFO: [ app_end ] --START--
INFO: Run Behavior\ShowPageTraceBehavior [ RunTime:0.002482s ]
INFO: [ app_end ] --END-- [ RunTime:0.003062s ]

[ 2016-02-26T11:26:03+08:00 ] 127.0.0.1 /Admin/orderManage/ordercontent/id/1
INFO: [ app_init ] --START--
INFO: Run Behavior\BuildLiteBehavior [ RunTime:0.000079s ]
INFO: [ app_init ] --END-- [ RunTime:0.001133s ]
INFO: [ app_begin ] --START--
INFO: Run Behavior\ReadHtmlCacheBehavior [ RunTime:0.001131s ]
INFO: Run Behavior\ReadHtmlCacheBehavior [ RunTime:0.000085s ]
INFO: Run Behavior\CheckLangBehavior [ RunTime:0.001705s ]
INFO: [ app_begin ] --END-- [ RunTime:0.003636s ]
SQL: SHOW COLUMNS FROM `exp_order` [ RunTime:0.0392s ]
SQL: SELECT * FROM `exp_order` WHERE `order_id` = 1 LIMIT 1   [ RunTime:0.0374s ]
INFO: [ view_parse ] --START--
INFO: [ template_filter ] --START--
INFO: Run Behavior\ContentReplaceBehavior [ RunTime:0.000458s ]
INFO: [ template_filter ] --END-- [ RunTime:0.001196s ]
INFO: Run Behavior\ParseTemplateBehavior [ RunTime:0.038119s ]
INFO: [ view_parse ] --END-- [ RunTime:0.038546s ]
INFO: [ view_filter ] --START--
INFO: Run Behavior\WriteHtmlCacheBehavior [ RunTime:0.001424s ]
INFO: [ view_filter ] --END-- [ RunTime:0.002128s ]
INFO: [ app_end ] --START--
INFO: Run Behavior\ShowPageTraceBehavior [ RunTime:0.003291s ]
INFO: [ app_end ] --END-- [ RunTime:0.004112s ]

[ 2016-02-26T11:26:13+08:00 ] 127.0.0.1 /Admin/orderManage/ordercontent/id/1
INFO: [ app_init ] --START--
INFO: Run Behavior\BuildLiteBehavior [ RunTime:0.000074s ]
INFO: [ app_init ] --END-- [ RunTime:0.001198s ]
INFO: [ app_begin ] --START--
INFO: Run Behavior\ReadHtmlCacheBehavior [ RunTime:0.001908s ]
INFO: Run Behavior\ReadHtmlCacheBehavior [ RunTime:0.000176s ]
INFO: Run Behavior\CheckLangBehavior [ RunTime:0.002783s ]
INFO: [ app_begin ] --END-- [ RunTime:0.005968s ]
SQL: SHOW COLUMNS FROM `exp_order` [ RunTime:0.0264s ]
SQL: SELECT * FROM `exp_order` WHERE `order_id` = 1 LIMIT 1   [ RunTime:0.0387s ]
INFO: [ view_parse ] --START--
INFO: [ template_filter ] --START--
INFO: Run Behavior\ContentReplaceBehavior [ RunTime:0.000290s ]
INFO: [ template_filter ] --END-- [ RunTime:0.000710s ]
INFO: Run Behavior\ParseTemplateBehavior [ RunTime:0.028340s ]
INFO: [ view_parse ] --END-- [ RunTime:0.028730s ]
INFO: [ view_filter ] --START--
INFO: Run Behavior\WriteHtmlCacheBehavior [ RunTime:0.001019s ]
INFO: [ view_filter ] --END-- [ RunTime:0.001390s ]
INFO: [ app_end ] --START--
INFO: Run Behavior\ShowPageTraceBehavior [ RunTime:0.001519s ]
INFO: [ app_end ] --END-- [ RunTime:0.001851s ]

[ 2016-02-26T11:26:22+08:00 ] 127.0.0.1 /Admin/OrderManage/orderlist
INFO: [ app_init ] --START--
INFO: Run Behavior\BuildLiteBehavior [ RunTime:0.000107s ]
INFO: [ app_init ] --END-- [ RunTime:0.001141s ]
INFO: [ app_begin ] --START--
INFO: Run Behavior\ReadHtmlCacheBehavior [ RunTime:0.001110s ]
INFO: Run Behavior\ReadHtmlCacheBehavior [ RunTime:0.000084s ]
INFO: Run Behavior\CheckLangBehavior [ RunTime:0.001701s ]
INFO: [ app_begin ] --END-- [ RunTime:0.003612s ]
SQL: SHOW COLUMNS FROM `exp_order` [ RunTime:0.0307s ]
SQL: SHOW COLUMNS FROM `exp_status` [ RunTime:0.0330s ]
SQL: SELECT * FROM `exp_order` INNER JOIN exp_status on exp_order.order_status_id=exp_status.status_id  ORDER BY order_id desc  [ RunTime:0.0323s ]
INFO: [ view_parse ] --START--
INFO: [ template_filter ] --START--
INFO: Run Behavior\ContentReplaceBehavior [ RunTime:0.000403s ]
INFO: [ template_filter ] --END-- [ RunTime:0.000859s ]
INFO: Run Behavior\ParseTemplateBehavior [ RunTime:0.036312s ]
INFO: [ view_parse ] --END-- [ RunTime:0.036922s ]
INFO: [ view_filter ] --START--
INFO: Run Behavior\WriteHtmlCacheBehavior [ RunTime:0.001028s ]
INFO: [ view_filter ] --END-- [ RunTime:0.001364s ]
INFO: [ app_end ] --START--
INFO: Run Behavior\ShowPageTraceBehavior [ RunTime:0.003365s ]
INFO: [ app_end ] --END-- [ RunTime:0.004073s ]

[ 2016-02-26T11:33:54+08:00 ] 127.0.0.1 /Admin/OrderManage/orderlist
INFO: [ app_init ] --START--
INFO: Run Behavior\BuildLiteBehavior [ RunTime:0.000077s ]
INFO: [ app_init ] --END-- [ RunTime:0.001625s ]
INFO: [ app_begin ] --START--
INFO: Run Behavior\ReadHtmlCacheBehavior [ RunTime:0.001410s ]
INFO: Run Behavior\ReadHtmlCacheBehavior [ RunTime:0.000089s ]
INFO: Run Behavior\CheckLangBehavior [ RunTime:0.001907s ]
INFO: [ app_begin ] --END-- [ RunTime:0.004146s ]
SQL: SHOW COLUMNS FROM `exp_order` [ RunTime:0.0302s ]
SQL: SHOW COLUMNS FROM `exp_status` [ RunTime:0.0295s ]
SQL: SELECT COUNT(*) AS tp_count FROM `exp_order` LIMIT 1   [ RunTime:0.0292s ]
SQL: SELECT * FROM `exp_order` INNER JOIN exp_status on exp_order.order_status_id=exp_status.status_id  ORDER BY order_id desc LIMIT 0,2   [ RunTime:0.0309s ]
INFO: [ view_parse ] --START--
INFO: [ template_filter ] --START--
INFO: Run Behavior\ContentReplaceBehavior [ RunTime:0.000423s ]
INFO: [ template_filter ] --END-- [ RunTime:0.000866s ]
INFO: Run Behavior\ParseTemplateBehavior [ RunTime:0.036498s ]
INFO: [ view_parse ] --END-- [ RunTime:0.036879s ]
INFO: [ view_filter ] --START--
INFO: Run Behavior\WriteHtmlCacheBehavior [ RunTime:0.001260s ]
INFO: [ view_filter ] --END-- [ RunTime:0.001731s ]
INFO: [ app_end ] --START--
INFO: Run Behavior\ShowPageTraceBehavior [ RunTime:0.001832s ]
INFO: [ app_end ] --END-- [ RunTime:0.002350s ]

[ 2016-02-26T11:33:57+08:00 ] 127.0.0.1 /Admin/OrderManage/orderlist/p/2
INFO: [ app_init ] --START--
INFO: Run Behavior\BuildLiteBehavior [ RunTime:0.000084s ]
INFO: [ app_init ] --END-- [ RunTime:0.001154s ]
INFO: [ app_begin ] --START--
INFO: Run Behavior\ReadHtmlCacheBehavior [ RunTime:0.001536s ]
INFO: Run Behavior\ReadHtmlCacheBehavior [ RunTime:0.000086s ]
INFO: Run Behavior\CheckLangBehavior [ RunTime:0.001954s ]
INFO: [ app_begin ] --END-- [ RunTime:0.004302s ]
SQL: SHOW COLUMNS FROM `exp_order` [ RunTime:0.0322s ]
SQL: SHOW COLUMNS FROM `exp_status` [ RunTime:0.0327s ]
SQL: SELECT COUNT(*) AS tp_count FROM `exp_order` LIMIT 1   [ RunTime:0.0290s ]
SQL: SELECT * FROM `exp_order` INNER JOIN exp_status on exp_order.order_status_id=exp_status.status_id  ORDER BY order_id desc LIMIT 2,2   [ RunTime:0.0305s ]
INFO: [ view_parse ] --START--
INFO: [ template_filter ] --START--
INFO: Run Behavior\ContentReplaceBehavior [ RunTime:0.000281s ]
INFO: [ template_filter ] --END-- [ RunTime:0.000624s ]
INFO: Run Behavior\ParseTemplateBehavior [ RunTime:0.037668s ]
INFO: [ view_parse ] --END-- [ RunTime:0.038053s ]
INFO: [ view_filter ] --START--
INFO: Run Behavior\WriteHtmlCacheBehavior [ RunTime:0.001081s ]
INFO: [ view_filter ] --END-- [ RunTime:0.001440s ]
INFO: [ app_end ] --START--
INFO: Run Behavior\ShowPageTraceBehavior [ RunTime:0.001510s ]
INFO: [ app_end ] --END-- [ RunTime:0.001843s ]

[ 2016-02-26T11:34:02+08:00 ] 127.0.0.1 /Admin/OrderManage/orderlist/p/3
INFO: [ app_init ] --START--
INFO: Run Behavior\BuildLiteBehavior [ RunTime:0.000078s ]
INFO: [ app_init ] --END-- [ RunTime:0.001282s ]
INFO: [ app_begin ] --START--
INFO: Run Behavior\ReadHtmlCacheBehavior [ RunTime:0.001116s ]
INFO: Run Behavior\ReadHtmlCacheBehavior [ RunTime:0.000085s ]
INFO: Run Behavior\CheckLangBehavior [ RunTime:0.001645s ]
INFO: [ app_begin ] --END-- [ RunTime:0.003572s ]
SQL: SHOW COLUMNS FROM `exp_order` [ RunTime:0.0302s ]
SQL: SHOW COLUMNS FROM `exp_status` [ RunTime:0.0293s ]
SQL: SELECT COUNT(*) AS tp_count FROM `exp_order` LIMIT 1   [ RunTime:0.0287s ]
SQL: SELECT * FROM `exp_order` INNER JOIN exp_status on exp_order.order_status_id=exp_status.status_id  ORDER BY order_id desc LIMIT 4,2   [ RunTime:0.0309s ]
INFO: [ view_parse ] --START--
INFO: [ template_filter ] --START--
INFO: Run Behavior\ContentReplaceBehavior [ RunTime:0.000288s ]
INFO: [ template_filter ] --END-- [ RunTime:0.000676s ]
INFO: Run Behavior\ParseTemplateBehavior [ RunTime:0.039029s ]
INFO: [ view_parse ] --END-- [ RunTime:0.039410s ]
INFO: [ view_filter ] --START--
INFO: Run Behavior\WriteHtmlCacheBehavior [ RunTime:0.001035s ]
INFO: [ view_filter ] --END-- [ RunTime:0.001367s ]
INFO: [ app_end ] --START--
INFO: Run Behavior\ShowPageTraceBehavior [ RunTime:0.001831s ]
INFO: [ app_end ] --END-- [ RunTime:0.002288s ]

[ 2016-02-26T11:34:03+08:00 ] 127.0.0.1 /Admin/OrderManage/orderlist/p/4
INFO: [ app_init ] --START--
INFO: Run Behavior\BuildLiteBehavior [ RunTime:0.000078s ]
INFO: [ app_init ] --END-- [ RunTime:0.001259s ]
INFO: [ app_begin ] --START--
INFO: Run Behavior\ReadHtmlCacheBehavior [ RunTime:0.001429s ]
INFO: Run Behavior\ReadHtmlCacheBehavior [ RunTime:0.000105s ]
INFO: Run Behavior\CheckLangBehavior [ RunTime:0.001818s ]
INFO: [ app_begin ] --END-- [ RunTime:0.004106s ]
SQL: SHOW COLUMNS FROM `exp_order` [ RunTime:0.0251s ]
SQL: SHOW COLUMNS FROM `exp_status` [ RunTime:0.0247s ]
SQL: SELECT COUNT(*) AS tp_count FROM `exp_order` LIMIT 1   [ RunTime:0.0239s ]
SQL: SELECT * FROM `exp_order` INNER JOIN exp_status on exp_order.order_status_id=exp_status.status_id  ORDER BY order_id desc LIMIT 6,2   [ RunTime:0.0255s ]
INFO: [ view_parse ] --START--
INFO: [ template_filter ] --START--
INFO: Run Behavior\ContentReplaceBehavior [ RunTime:0.000268s ]
INFO: [ template_filter ] --END-- [ RunTime:0.000624s ]
INFO: Run Behavior\ParseTemplateBehavior [ RunTime:0.037629s ]
INFO: [ view_parse ] --END-- [ RunTime:0.038167s ]
INFO: [ view_filter ] --START--
INFO: Run Behavior\WriteHtmlCacheBehavior [ RunTime:0.001350s ]
INFO: [ view_filter ] --END-- [ RunTime:0.001844s ]
INFO: [ app_end ] --START--
INFO: Run Behavior\ShowPageTraceBehavior [ RunTime:0.002211s ]
INFO: [ app_end ] --END-- [ RunTime:0.002650s ]

[ 2016-02-26T11:34:05+08:00 ] 127.0.0.1 /Admin/OrderManage/orderlist/p/5
INFO: [ app_init ] --START--
INFO: Run Behavior\BuildLiteBehavior [ RunTime:0.000084s ]
INFO: [ app_init ] --END-- [ RunTime:0.001670s ]
INFO: [ app_begin ] --START--
INFO: Run Behavior\ReadHtmlCacheBehavior [ RunTime:0.001457s ]
INFO: Run Behavior\ReadHtmlCacheBehavior [ RunTime:0.000087s ]
INFO: Run Behavior\CheckLangBehavior [ RunTime:0.001752s ]
INFO: [ app_begin ] --END-- [ RunTime:0.004292s ]
SQL: SHOW COLUMNS FROM `exp_order` [ RunTime:0.0264s ]
SQL: SHOW COLUMNS FROM `exp_status` [ RunTime:0.0298s ]
SQL: SELECT COUNT(*) AS tp_count FROM `exp_order` LIMIT 1   [ RunTime:0.0258s ]
SQL: SELECT * FROM `exp_order` INNER JOIN exp_status on exp_order.order_status_id=exp_status.status_id  ORDER BY order_id desc LIMIT 8,2   [ RunTime:0.0291s ]
INFO: [ view_parse ] --START--
INFO: [ template_filter ] --START--
INFO: Run Behavior\ContentReplaceBehavior [ RunTime:0.000270s ]
INFO: [ template_filter ] --END-- [ RunTime:0.000622s ]
INFO: Run Behavior\ParseTemplateBehavior [ RunTime:0.035061s ]
INFO: [ view_parse ] --END-- [ RunTime:0.035466s ]
INFO: [ view_filter ] --START--
INFO: Run Behavior\WriteHtmlCacheBehavior [ RunTime:0.001090s ]
INFO: [ view_filter ] --END-- [ RunTime:0.001415s ]
INFO: [ app_end ] --START--
INFO: Run Behavior\ShowPageTraceBehavior [ RunTime:0.001775s ]
INFO: [ app_end ] --END-- [ RunTime:0.002178s ]

[ 2016-02-26T11:34:10+08:00 ] 127.0.0.1 /Admin/OrderManage/orderlist/p/4
INFO: [ app_init ] --START--
INFO: Run Behavior\BuildLiteBehavior [ RunTime:0.000077s ]
INFO: [ app_init ] --END-- [ RunTime:0.001149s ]
INFO: [ app_begin ] --START--
INFO: Run Behavior\ReadHtmlCacheBehavior [ RunTime:0.002485s ]
INFO: Run Behavior\ReadHtmlCacheBehavior [ RunTime:0.000206s ]
INFO: Run Behavior\CheckLangBehavior [ RunTime:0.002117s ]
INFO: [ app_begin ] --END-- [ RunTime:0.005917s ]
SQL: SHOW COLUMNS FROM `exp_order` [ RunTime:0.0448s ]
SQL: SHOW COLUMNS FROM `exp_status` [ RunTime:0.0260s ]
SQL: SELECT COUNT(*) AS tp_count FROM `exp_order` LIMIT 1   [ RunTime:0.0282s ]
SQL: SELECT * FROM `exp_order` INNER JOIN exp_status on exp_order.order_status_id=exp_status.status_id  ORDER BY order_id desc LIMIT 6,2   [ RunTime:0.0307s ]
INFO: [ view_parse ] --START--
INFO: [ template_filter ] --START--
INFO: Run Behavior\ContentReplaceBehavior [ RunTime:0.000306s ]
INFO: [ template_filter ] --END-- [ RunTime:0.000788s ]
INFO: Run Behavior\ParseTemplateBehavior [ RunTime:0.038005s ]
INFO: [ view_parse ] --END-- [ RunTime:0.038520s ]
INFO: [ view_filter ] --START--
INFO: Run Behavior\WriteHtmlCacheBehavior [ RunTime:0.001152s ]
INFO: [ view_filter ] --END-- [ RunTime:0.001631s ]
INFO: [ app_end ] --START--
INFO: Run Behavior\ShowPageTraceBehavior [ RunTime:0.001714s ]
INFO: [ app_end ] --END-- [ RunTime:0.002054s ]

[ 2016-02-26T11:45:18+08:00 ] 127.0.0.1 /Admin/OrderManage/orderlist/p/4
INFO: [ app_init ] --START--
INFO: Run Behavior\BuildLiteBehavior [ RunTime:0.000077s ]
INFO: [ app_init ] --END-- [ RunTime:0.001366s ]
INFO: [ app_begin ] --START--
INFO: Run Behavior\ReadHtmlCacheBehavior [ RunTime:0.001492s ]
INFO: Run Behavior\ReadHtmlCacheBehavior [ RunTime:0.000090s ]
INFO: Run Behavior\CheckLangBehavior [ RunTime:0.001933s ]
INFO: [ app_begin ] --END-- [ RunTime:0.004221s ]
SQL: SHOW COLUMNS FROM `exp_order` [ RunTime:0.0302s ]
SQL: SHOW COLUMNS FROM `exp_status` [ RunTime:0.0296s ]
SQL: SELECT COUNT(*) AS tp_count FROM `exp_order` LIMIT 1   [ RunTime:0.0291s ]
SQL: SELECT * FROM `exp_order` INNER JOIN exp_status on exp_order.order_status_id=exp_status.status_id  ORDER BY order_id desc LIMIT 6,2   [ RunTime:0.0334s ]
INFO: [ view_parse ] --START--
INFO: [ template_filter ] --START--
INFO: Run Behavior\ContentReplaceBehavior [ RunTime:0.000272s ]
INFO: [ template_filter ] --END-- [ RunTime:0.000625s ]
INFO: Run Behavior\ParseTemplateBehavior [ RunTime:0.038163s ]
INFO: [ view_parse ] --END-- [ RunTime:0.038630s ]
INFO: [ view_filter ] --START--
INFO: Run Behavior\WriteHtmlCacheBehavior [ RunTime:0.001185s ]
INFO: [ view_filter ] --END-- [ RunTime:0.001532s ]
INFO: [ app_end ] --START--
INFO: Run Behavior\ShowPageTraceBehavior [ RunTime:0.001667s ]
INFO: [ app_end ] --END-- [ RunTime:0.002100s ]

[ 2016-02-26T11:45:27+08:00 ] 127.0.0.1 /Admin/OrderManage/orderlist/p/3
INFO: [ app_init ] --START--
INFO: Run Behavior\BuildLiteBehavior [ RunTime:0.000133s ]
INFO: [ app_init ] --END-- [ RunTime:0.002351s ]
INFO: [ app_begin ] --START--
INFO: Run Behavior\ReadHtmlCacheBehavior [ RunTime:0.001495s ]
INFO: Run Behavior\ReadHtmlCacheBehavior [ RunTime:0.000088s ]
INFO: Run Behavior\CheckLangBehavior [ RunTime:0.001936s ]
INFO: [ app_begin ] --END-- [ RunTime:0.004394s ]
SQL: SHOW COLUMNS FROM `exp_order` [ RunTime:0.0337s ]
SQL: SHOW COLUMNS FROM `exp_status` [ RunTime:0.0324s ]
SQL: SELECT COUNT(*) AS tp_count FROM `exp_order` LIMIT 1   [ RunTime:0.0305s ]
SQL: SELECT * FROM `exp_order` INNER JOIN exp_status on exp_order.order_status_id=exp_status.status_id  ORDER BY order_id desc LIMIT 4,2   [ RunTime:0.0344s ]
INFO: [ view_parse ] --START--
INFO: [ template_filter ] --START--
INFO: Run Behavior\ContentReplaceBehavior [ RunTime:0.000282s ]
INFO: [ template_filter ] --END-- [ RunTime:0.000637s ]
INFO: Run Behavior\ParseTemplateBehavior [ RunTime:0.038632s ]
INFO: [ view_parse ] --END-- [ RunTime:0.039005s ]
INFO: [ view_filter ] --START--
INFO: Run Behavior\WriteHtmlCacheBehavior [ RunTime:0.001299s ]
INFO: [ view_filter ] --END-- [ RunTime:0.001650s ]
INFO: [ app_end ] --START--
INFO: Run Behavior\ShowPageTraceBehavior [ RunTime:0.002022s ]
INFO: [ app_end ] --END-- [ RunTime:0.002657s ]

[ 2016-02-26T11:45:29+08:00 ] 127.0.0.1 /Admin/OrderManage/orderlist/p/3
INFO: [ app_init ] --START--
INFO: Run Behavior\BuildLiteBehavior [ RunTime:0.000074s ]
INFO: [ app_init ] --END-- [ RunTime:0.001046s ]
INFO: [ app_begin ] --START--
INFO: Run Behavior\ReadHtmlCacheBehavior [ RunTime:0.001747s ]
INFO: Run Behavior\ReadHtmlCacheBehavior [ RunTime:0.000112s ]
INFO: Run Behavior\CheckLangBehavior [ RunTime:0.002507s ]
INFO: [ app_begin ] --END-- [ RunTime:0.005368s ]
SQL: SHOW COLUMNS FROM `exp_order` [ RunTime:0.0242s ]
SQL: SHOW COLUMNS FROM `exp_status` [ RunTime:0.0237s ]
SQL: SELECT COUNT(*) AS tp_count FROM `exp_order` LIMIT 1   [ RunTime:0.0234s ]
SQL: SELECT * FROM `exp_order` INNER JOIN exp_status on exp_order.order_status_id=exp_status.status_id  ORDER BY order_id desc LIMIT 4,2   [ RunTime:0.0268s ]
INFO: [ view_parse ] --START--
INFO: [ template_filter ] --START--
INFO: Run Behavior\ContentReplaceBehavior [ RunTime:0.000267s ]
INFO: [ template_filter ] --END-- [ RunTime:0.000645s ]
INFO: Run Behavior\ParseTemplateBehavior [ RunTime:0.041155s ]
INFO: [ view_parse ] --END-- [ RunTime:0.041793s ]
INFO: [ view_filter ] --START--
INFO: Run Behavior\WriteHtmlCacheBehavior [ RunTime:0.000928s ]
INFO: [ view_filter ] --END-- [ RunTime:0.001416s ]
INFO: [ app_end ] --START--
INFO: Run Behavior\ShowPageTraceBehavior [ RunTime:0.001099s ]
INFO: [ app_end ] --END-- [ RunTime:0.001436s ]

[ 2016-02-26T11:46:17+08:00 ] 127.0.0.1 /Admin/OrderManage/orderlist/p/3
INFO: [ app_init ] --START--
INFO: Run Behavior\BuildLiteBehavior [ RunTime:0.000082s ]
INFO: [ app_init ] --END-- [ RunTime:0.001188s ]
INFO: [ app_begin ] --START--
INFO: Run Behavior\ReadHtmlCacheBehavior [ RunTime:0.001477s ]
INFO: Run Behavior\ReadHtmlCacheBehavior [ RunTime:0.000087s ]
INFO: Run Behavior\CheckLangBehavior [ RunTime:0.003081s ]
INFO: [ app_begin ] --END-- [ RunTime:0.005987s ]
SQL: SHOW COLUMNS FROM `exp_order` [ RunTime:0.0242s ]
SQL: SHOW COLUMNS FROM `exp_status` [ RunTime:0.0244s ]
SQL: SELECT COUNT(*) AS tp_count FROM `exp_order` LIMIT 1   [ RunTime:0.0288s ]
SQL: SELECT * FROM `exp_order` INNER JOIN exp_status on exp_order.order_status_id=exp_status.status_id  ORDER BY order_id desc LIMIT 4,2   [ RunTime:0.0252s ]
INFO: [ view_parse ] --START--
INFO: [ template_filter ] --START--
INFO: Run Behavior\ContentReplaceBehavior [ RunTime:0.000268s ]
INFO: [ template_filter ] --END-- [ RunTime:0.000646s ]
INFO: Run Behavior\ParseTemplateBehavior [ RunTime:0.038269s ]
INFO: [ view_parse ] --END-- [ RunTime:0.038674s ]
INFO: [ view_filter ] --START--
INFO: Run Behavior\WriteHtmlCacheBehavior [ RunTime:0.002024s ]
INFO: [ view_filter ] --END-- [ RunTime:0.002560s ]
INFO: [ app_end ] --START--
INFO: Run Behavior\ShowPageTraceBehavior [ RunTime:0.001504s ]
INFO: [ app_end ] --END-- [ RunTime:0.001850s ]

[ 2016-02-26T11:46:19+08:00 ] 127.0.0.1 /Admin/OrderManage/orderlist/p/4
INFO: [ app_init ] --START--
INFO: Run Behavior\BuildLiteBehavior [ RunTime:0.000112s ]
INFO: [ app_init ] --END-- [ RunTime:0.001588s ]
INFO: [ app_begin ] --START--
INFO: Run Behavior\ReadHtmlCacheBehavior [ RunTime:0.001186s ]
INFO: Run Behavior\ReadHtmlCacheBehavior [ RunTime:0.000085s ]
INFO: Run Behavior\CheckLangBehavior [ RunTime:0.001712s ]
INFO: [ app_begin ] --END-- [ RunTime:0.003742s ]
SQL: SHOW COLUMNS FROM `exp_order` [ RunTime:0.0302s ]
SQL: SHOW COLUMNS FROM `exp_status` [ RunTime:0.0323s ]
SQL: SELECT COUNT(*) AS tp_count FROM `exp_order` LIMIT 1   [ RunTime:0.0295s ]
SQL: SELECT * FROM `exp_order` INNER JOIN exp_status on exp_order.order_status_id=exp_status.status_id  ORDER BY order_id desc LIMIT 6,2   [ RunTime:0.0310s ]
INFO: [ view_parse ] --START--
INFO: [ template_filter ] --START--
INFO: Run Behavior\ContentReplaceBehavior [ RunTime:0.000269s ]
INFO: [ template_filter ] --END-- [ RunTime:0.000660s ]
INFO: Run Behavior\ParseTemplateBehavior [ RunTime:0.036899s ]
INFO: [ view_parse ] --END-- [ RunTime:0.037279s ]
INFO: [ view_filter ] --START--
INFO: Run Behavior\WriteHtmlCacheBehavior [ RunTime:0.001159s ]
INFO: [ view_filter ] --END-- [ RunTime:0.001599s ]
INFO: [ app_end ] --START--
INFO: Run Behavior\ShowPageTraceBehavior [ RunTime:0.001460s ]
INFO: [ app_end ] --END-- [ RunTime:0.001793s ]

[ 2016-02-26T11:46:33+08:00 ] 127.0.0.1 /Admin/OrderManage/orderlist/p/5
INFO: [ app_init ] --START--
INFO: Run Behavior\BuildLiteBehavior [ RunTime:0.000074s ]
INFO: [ app_init ] --END-- [ RunTime:0.001084s ]
INFO: [ app_begin ] --START--
INFO: Run Behavior\ReadHtmlCacheBehavior [ RunTime:0.001134s ]
INFO: Run Behavior\ReadHtmlCacheBehavior [ RunTime:0.000085s ]
INFO: Run Behavior\CheckLangBehavior [ RunTime:0.001734s ]
INFO: [ app_begin ] --END-- [ RunTime:0.003700s ]
SQL: SHOW COLUMNS FROM `exp_order` [ RunTime:0.0276s ]
SQL: SHOW COLUMNS FROM `exp_status` [ RunTime:0.0265s ]
SQL: SELECT COUNT(*) AS tp_count FROM `exp_order` LIMIT 1   [ RunTime:0.0239s ]
SQL: SELECT * FROM `exp_order` INNER JOIN exp_status on exp_order.order_status_id=exp_status.status_id  ORDER BY order_id desc LIMIT 8,2   [ RunTime:0.0254s ]
INFO: [ view_parse ] --START--
INFO: [ template_filter ] --START--
INFO: Run Behavior\ContentReplaceBehavior [ RunTime:0.000271s ]
INFO: [ template_filter ] --END-- [ RunTime:0.000620s ]
INFO: Run Behavior\ParseTemplateBehavior [ RunTime:0.037162s ]
INFO: [ view_parse ] --END-- [ RunTime:0.037693s ]
INFO: [ view_filter ] --START--
INFO: Run Behavior\WriteHtmlCacheBehavior [ RunTime:0.000805s ]
INFO: [ view_filter ] --END-- [ RunTime:0.001138s ]
INFO: [ app_end ] --START--
INFO: Run Behavior\ShowPageTraceBehavior [ RunTime:0.001112s ]
INFO: [ app_end ] --END-- [ RunTime:0.001456s ]

[ 2016-02-26T11:46:35+08:00 ] 127.0.0.1 /Admin/OrderManage/orderlist/p/1
INFO: [ app_init ] --START--
INFO: Run Behavior\BuildLiteBehavior [ RunTime:0.000130s ]
INFO: [ app_init ] --END-- [ RunTime:0.001680s ]
INFO: [ app_begin ] --START--
INFO: Run Behavior\ReadHtmlCacheBehavior [ RunTime:0.001937s ]
INFO: Run Behavior\ReadHtmlCacheBehavior [ RunTime:0.000154s ]
INFO: Run Behavior\CheckLangBehavior [ RunTime:0.002056s ]
INFO: [ app_begin ] --END-- [ RunTime:0.005409s ]
SQL: SHOW COLUMNS FROM `exp_order` [ RunTime:0.0273s ]
SQL: SHOW COLUMNS FROM `exp_status` [ RunTime:0.0314s ]
SQL: SELECT COUNT(*) AS tp_count FROM `exp_order` LIMIT 1   [ RunTime:0.0285s ]
SQL: SELECT * FROM `exp_order` INNER JOIN exp_status on exp_order.order_status_id=exp_status.status_id  ORDER BY order_id desc LIMIT 0,2   [ RunTime:0.0279s ]
INFO: [ view_parse ] --START--
INFO: [ template_filter ] --START--
INFO: Run Behavior\ContentReplaceBehavior [ RunTime:0.000275s ]
INFO: [ template_filter ] --END-- [ RunTime:0.000629s ]
INFO: Run Behavior\ParseTemplateBehavior [ RunTime:0.036381s ]
INFO: [ view_parse ] --END-- [ RunTime:0.036966s ]
INFO: [ view_filter ] --START--
INFO: Run Behavior\WriteHtmlCacheBehavior [ RunTime:0.000875s ]
INFO: [ view_filter ] --END-- [ RunTime:0.001206s ]
INFO: [ app_end ] --START--
INFO: Run Behavior\ShowPageTraceBehavior [ RunTime:0.001195s ]
INFO: [ app_end ] --END-- [ RunTime:0.001590s ]

[ 2016-02-26T11:48:28+08:00 ] 127.0.0.1 /Admin/OrderManage/orderlist/p/1
INFO: [ app_init ] --START--
INFO: Run Behavior\BuildLiteBehavior [ RunTime:0.000115s ]
INFO: [ app_init ] --END-- [ RunTime:0.001199s ]
INFO: [ app_begin ] --START--
INFO: Run Behavior\ReadHtmlCacheBehavior [ RunTime:0.002678s ]
INFO: Run Behavior\ReadHtmlCacheBehavior [ RunTime:0.000212s ]
INFO: Run Behavior\CheckLangBehavior [ RunTime:0.002213s ]
INFO: [ app_begin ] --END-- [ RunTime:0.006190s ]
SQL: SHOW COLUMNS FROM `exp_order` [ RunTime:0.0271s ]
SQL: SHOW COLUMNS FROM `exp_status` [ RunTime:0.0260s ]
SQL: SELECT COUNT(*) AS tp_count FROM `exp_order` LIMIT 1   [ RunTime:0.0335s ]
SQL: SELECT * FROM `exp_order` INNER JOIN exp_status on exp_order.order_status_id=exp_status.status_id  ORDER BY order_id desc LIMIT 0,2   [ RunTime:0.0398s ]
INFO: [ view_parse ] --START--
INFO: [ template_filter ] --START--
INFO: Run Behavior\ContentReplaceBehavior [ RunTime:0.000273s ]
INFO: [ template_filter ] --END-- [ RunTime:0.000656s ]
INFO: Run Behavior\ParseTemplateBehavior [ RunTime:0.037123s ]
INFO: [ view_parse ] --END-- [ RunTime:0.037558s ]
INFO: [ view_filter ] --START--
INFO: Run Behavior\WriteHtmlCacheBehavior [ RunTime:0.001558s ]
INFO: [ view_filter ] --END-- [ RunTime:0.001914s ]
INFO: [ app_end ] --START--
INFO: Run Behavior\ShowPageTraceBehavior [ RunTime:0.001717s ]
INFO: [ app_end ] --END-- [ RunTime:0.002170s ]

[ 2016-02-26T11:48:32+08:00 ] 127.0.0.1 /Admin/OrderManage/orderlist/p/3
INFO: [ app_init ] --START--
INFO: Run Behavior\BuildLiteBehavior [ RunTime:0.000076s ]
INFO: [ app_init ] --END-- [ RunTime:0.001182s ]
INFO: [ app_begin ] --START--
INFO: Run Behavior\ReadHtmlCacheBehavior [ RunTime:0.001877s ]
INFO: Run Behavior\ReadHtmlCacheBehavior [ RunTime:0.000087s ]
INFO: Run Behavior\CheckLangBehavior [ RunTime:0.001939s ]
INFO: [ app_begin ] --END-- [ RunTime:0.004825s ]
SQL: SHOW COLUMNS FROM `exp_order` [ RunTime:0.0294s ]
SQL: SHOW COLUMNS FROM `exp_status` [ RunTime:0.0294s ]
SQL: SELECT COUNT(*) AS tp_count FROM `exp_order` LIMIT 1   [ RunTime:0.0294s ]
SQL: SELECT * FROM `exp_order` INNER JOIN exp_status on exp_order.order_status_id=exp_status.status_id  ORDER BY order_id desc LIMIT 4,2   [ RunTime:0.0310s ]
INFO: [ view_parse ] --START--
INFO: [ template_filter ] --START--
INFO: Run Behavior\ContentReplaceBehavior [ RunTime:0.000272s ]
INFO: [ template_filter ] --END-- [ RunTime:0.000735s ]
INFO: Run Behavior\ParseTemplateBehavior [ RunTime:0.037068s ]
INFO: [ view_parse ] --END-- [ RunTime:0.037443s ]
INFO: [ view_filter ] --START--
INFO: Run Behavior\WriteHtmlCacheBehavior [ RunTime:0.001000s ]
INFO: [ view_filter ] --END-- [ RunTime:0.001328s ]
INFO: [ app_end ] --START--
INFO: Run Behavior\ShowPageTraceBehavior [ RunTime:0.001416s ]
INFO: [ app_end ] --END-- [ RunTime:0.001897s ]

[ 2016-02-26T11:49:20+08:00 ] 127.0.0.1 /Admin/OrderManage/orderlist/p/2
INFO: [ app_init ] --START--
INFO: Run Behavior\BuildLiteBehavior [ RunTime:0.000074s ]
INFO: [ app_init ] --END-- [ RunTime:0.001060s ]
INFO: [ app_begin ] --START--
INFO: Run Behavior\ReadHtmlCacheBehavior [ RunTime:0.001206s ]
INFO: Run Behavior\ReadHtmlCacheBehavior [ RunTime:0.000106s ]
INFO: Run Behavior\CheckLangBehavior [ RunTime:0.002006s ]
INFO: [ app_begin ] --END-- [ RunTime:0.004595s ]
SQL: SHOW COLUMNS FROM `exp_order` [ RunTime:0.0278s ]
SQL: SHOW COLUMNS FROM `exp_status` [ RunTime:0.0249s ]
SQL: SELECT COUNT(*) AS tp_count FROM `exp_order` LIMIT 1   [ RunTime:0.0240s ]
SQL: SELECT * FROM `exp_order` INNER JOIN exp_status on exp_order.order_status_id=exp_status.status_id  ORDER BY order_id desc LIMIT 2,2   [ RunTime:0.0259s ]
INFO: [ view_parse ] --START--
INFO: [ template_filter ] --START--
INFO: Run Behavior\ContentReplaceBehavior [ RunTime:0.000335s ]
INFO: [ template_filter ] --END-- [ RunTime:0.000691s ]
INFO: Run Behavior\ParseTemplateBehavior [ RunTime:0.036773s ]
INFO: [ view_parse ] --END-- [ RunTime:0.037304s ]
INFO: [ view_filter ] --START--
INFO: Run Behavior\WriteHtmlCacheBehavior [ RunTime:0.001063s ]
INFO: [ view_filter ] --END-- [ RunTime:0.001455s ]
INFO: [ app_end ] --START--
INFO: Run Behavior\ShowPageTraceBehavior [ RunTime:0.001512s ]
INFO: [ app_end ] --END-- [ RunTime:0.001846s ]

[ 2016-02-26T11:49:32+08:00 ] 127.0.0.1 /Admin/OrderManage/orderlist/p/2
INFO: [ app_init ] --START--
INFO: Run Behavior\BuildLiteBehavior [ RunTime:0.000072s ]
INFO: [ app_init ] --END-- [ RunTime:0.001050s ]
INFO: [ app_begin ] --START--
INFO: Run Behavior\ReadHtmlCacheBehavior [ RunTime:0.002510s ]
INFO: Run Behavior\ReadHtmlCacheBehavior [ RunTime:0.000088s ]
INFO: Run Behavior\CheckLangBehavior [ RunTime:0.001986s ]
INFO: [ app_begin ] --END-- [ RunTime:0.005438s ]
SQL: SHOW COLUMNS FROM `exp_order` [ RunTime:0.0302s ]
SQL: SHOW COLUMNS FROM `exp_status` [ RunTime:0.0342s ]
SQL: SELECT COUNT(*) AS tp_count FROM `exp_order` LIMIT 1   [ RunTime:0.0333s ]
SQL: SELECT * FROM `exp_order` INNER JOIN exp_status on exp_order.order_status_id=exp_status.status_id  ORDER BY order_id desc LIMIT 30,30   [ RunTime:0.0323s ]
INFO: [ view_parse ] --START--
INFO: [ template_filter ] --START--
INFO: Run Behavior\ContentReplaceBehavior [ RunTime:0.000293s ]
INFO: [ template_filter ] --END-- [ RunTime:0.000891s ]
INFO: Run Behavior\ParseTemplateBehavior [ RunTime:0.036989s ]
INFO: [ view_parse ] --END-- [ RunTime:0.037431s ]
INFO: [ view_filter ] --START--
INFO: Run Behavior\WriteHtmlCacheBehavior [ RunTime:0.001128s ]
INFO: [ view_filter ] --END-- [ RunTime:0.001458s ]
INFO: [ app_end ] --START--
INFO: Run Behavior\ShowPageTraceBehavior [ RunTime:0.001497s ]
INFO: [ app_end ] --END-- [ RunTime:0.001834s ]

[ 2016-02-26T11:49:35+08:00 ] 127.0.0.1 /Admin/OrderManage/orderlist/p/2
INFO: [ app_init ] --START--
INFO: Run Behavior\BuildLiteBehavior [ RunTime:0.000075s ]
INFO: [ app_init ] --END-- [ RunTime:0.001245s ]
INFO: [ app_begin ] --START--
INFO: Run Behavior\ReadHtmlCacheBehavior [ RunTime:0.001464s ]
INFO: Run Behavior\ReadHtmlCacheBehavior [ RunTime:0.000086s ]
INFO: Run Behavior\CheckLangBehavior [ RunTime:0.001942s ]
INFO: [ app_begin ] --END-- [ RunTime:0.004364s ]
SQL: SHOW COLUMNS FROM `exp_order` [ RunTime:0.0306s ]
SQL: SHOW COLUMNS FROM `exp_status` [ RunTime:0.0319s ]
SQL: SELECT COUNT(*) AS tp_count FROM `exp_order` LIMIT 1   [ RunTime:0.0378s ]
SQL: SELECT * FROM `exp_order` INNER JOIN exp_status on exp_order.order_status_id=exp_status.status_id  ORDER BY order_id desc LIMIT 30,30   [ RunTime:0.0310s ]
INFO: [ view_parse ] --START--
INFO: [ template_filter ] --START--
INFO: Run Behavior\ContentReplaceBehavior [ RunTime:0.000275s ]
INFO: [ template_filter ] --END-- [ RunTime:0.000641s ]
INFO: Run Behavior\ParseTemplateBehavior [ RunTime:0.039508s ]
INFO: [ view_parse ] --END-- [ RunTime:0.040030s ]
INFO: [ view_filter ] --START--
INFO: Run Behavior\WriteHtmlCacheBehavior [ RunTime:0.001161s ]
INFO: [ view_filter ] --END-- [ RunTime:0.001709s ]
INFO: [ app_end ] --START--
INFO: Run Behavior\ShowPageTraceBehavior [ RunTime:0.001716s ]
INFO: [ app_end ] --END-- [ RunTime:0.002124s ]

[ 2016-02-26T11:49:38+08:00 ] 127.0.0.1 /Admin/OrderManage/orderlist
INFO: [ app_init ] --START--
INFO: Run Behavior\BuildLiteBehavior [ RunTime:0.000075s ]
INFO: [ app_init ] --END-- [ RunTime:0.001235s ]
INFO: [ app_begin ] --START--
INFO: Run Behavior\ReadHtmlCacheBehavior [ RunTime:0.001923s ]
INFO: Run Behavior\ReadHtmlCacheBehavior [ RunTime:0.000089s ]
INFO: Run Behavior\CheckLangBehavior [ RunTime:0.001875s ]
INFO: [ app_begin ] --END-- [ RunTime:0.004748s ]
SQL: SHOW COLUMNS FROM `exp_order` [ RunTime:0.0312s ]
SQL: SHOW COLUMNS FROM `exp_status` [ RunTime:0.0307s ]
SQL: SELECT COUNT(*) AS tp_count FROM `exp_order` LIMIT 1   [ RunTime:0.0318s ]
SQL: SELECT * FROM `exp_order` INNER JOIN exp_status on exp_order.order_status_id=exp_status.status_id  ORDER BY order_id desc LIMIT 0,30   [ RunTime:0.0300s ]
INFO: [ view_parse ] --START--
INFO: [ template_filter ] --START--
INFO: Run Behavior\ContentReplaceBehavior [ RunTime:0.000268s ]
INFO: [ template_filter ] --END-- [ RunTime:0.000621s ]
INFO: Run Behavior\ParseTemplateBehavior [ RunTime:0.036745s ]
INFO: [ view_parse ] --END-- [ RunTime:0.037126s ]
INFO: [ view_filter ] --START--
INFO: Run Behavior\WriteHtmlCacheBehavior [ RunTime:0.000775s ]
INFO: [ view_filter ] --END-- [ RunTime:0.001096s ]
INFO: [ app_end ] --START--
INFO: Run Behavior\ShowPageTraceBehavior [ RunTime:0.003088s ]
INFO: [ app_end ] --END-- [ RunTime:0.003612s ]

[ 2016-02-26T11:52:42+08:00 ] 127.0.0.1 /Admin/OrderManage/orderlist
INFO: [ app_init ] --START--
INFO: Run Behavior\BuildLiteBehavior [ RunTime:0.000103s ]
INFO: [ app_init ] --END-- [ RunTime:0.002265s ]
INFO: [ app_begin ] --START--
INFO: Run Behavior\ReadHtmlCacheBehavior [ RunTime:0.001534s ]
INFO: Run Behavior\ReadHtmlCacheBehavior [ RunTime:0.000085s ]
INFO: Run Behavior\CheckLangBehavior [ RunTime:0.002287s ]
INFO: [ app_begin ] --END-- [ RunTime:0.004617s ]
SQL: SHOW COLUMNS FROM `exp_order` [ RunTime:0.0321s ]
SQL: SHOW COLUMNS FROM `exp_status` [ RunTime:0.0363s ]
SQL: SELECT COUNT(*) AS tp_count FROM `exp_order` LIMIT 1   [ RunTime:0.0294s ]
SQL: SELECT * FROM `exp_order` INNER JOIN exp_status on exp_order.order_status_id=exp_status.status_id  ORDER BY order_id desc LIMIT 0,30   [ RunTime:0.0323s ]
INFO: [ view_parse ] --START--
INFO: [ template_filter ] --START--
INFO: Run Behavior\ContentReplaceBehavior [ RunTime:0.000404s ]
INFO: [ template_filter ] --END-- [ RunTime:0.000941s ]
INFO: Run Behavior\ParseTemplateBehavior [ RunTime:0.044900s ]
INFO: [ view_parse ] --END-- [ RunTime:0.045391s ]
INFO: [ view_filter ] --START--
INFO: Run Behavior\WriteHtmlCacheBehavior [ RunTime:0.000947s ]
INFO: [ view_filter ] --END-- [ RunTime:0.001311s ]
INFO: [ app_end ] --START--
INFO: Run Behavior\ShowPageTraceBehavior [ RunTime:0.001834s ]
INFO: [ app_end ] --END-- [ RunTime:0.002694s ]

[ 2016-02-26T11:52:47+08:00 ] 127.0.0.1 /Admin/OrderManage/cendlist
INFO: [ app_init ] --START--
INFO: Run Behavior\BuildLiteBehavior [ RunTime:0.000076s ]
INFO: [ app_init ] --END-- [ RunTime:0.001324s ]
INFO: [ app_begin ] --START--
INFO: Run Behavior\ReadHtmlCacheBehavior [ RunTime:0.001537s ]
INFO: Run Behavior\ReadHtmlCacheBehavior [ RunTime:0.000086s ]
INFO: Run Behavior\CheckLangBehavior [ RunTime:0.001898s ]
INFO: [ app_begin ] --END-- [ RunTime:0.004320s ]
SQL: SHOW COLUMNS FROM `exp_cend` [ RunTime:0.0272s ]
SQL: SHOW COLUMNS FROM `exp_cend_status` [ RunTime:0.0270s ]
NOTIC: [8] Undefined variable: order E:\phpworkspace\express\Apps\Admin\Controller\OrderManageController.class.php 第 110 行.

[ 2016-02-26T11:53:13+08:00 ] 127.0.0.1 /Admin/OrderManage/cendlist
INFO: [ app_init ] --START--
INFO: Run Behavior\BuildLiteBehavior [ RunTime:0.000073s ]
INFO: [ app_init ] --END-- [ RunTime:0.001080s ]
INFO: [ app_begin ] --START--
INFO: Run Behavior\ReadHtmlCacheBehavior [ RunTime:0.001144s ]
INFO: Run Behavior\ReadHtmlCacheBehavior [ RunTime:0.000086s ]
INFO: Run Behavior\CheckLangBehavior [ RunTime:0.003753s ]
INFO: [ app_begin ] --END-- [ RunTime:0.005905s ]
SQL: SHOW COLUMNS FROM `exp_cend` [ RunTime:0.0262s ]
SQL: SHOW COLUMNS FROM `exp_cend_status` [ RunTime:0.0281s ]
SQL: SELECT COUNT(*) AS tp_count FROM `exp_cend` LIMIT 1   [ RunTime:0.0526s ]
SQL: SELECT * FROM `exp_cend` INNER JOIN exp_cend_status on exp_cend.status_id=exp_cend_status.status_id  ORDER BY cend_id desc LIMIT 0,30   [ RunTime:0.0247s ]
INFO: [ view_parse ] --START--
INFO: [ template_filter ] --START--
INFO: Run Behavior\ContentReplaceBehavior [ RunTime:0.000249s ]
INFO: [ template_filter ] --END-- [ RunTime:0.000678s ]
INFO: Run Behavior\ParseTemplateBehavior [ RunTime:0.032058s ]
INFO: [ view_parse ] --END-- [ RunTime:0.032471s ]
INFO: [ view_filter ] --START--
INFO: Run Behavior\WriteHtmlCacheBehavior [ RunTime:0.000893s ]
INFO: [ view_filter ] --END-- [ RunTime:0.001261s ]
INFO: [ app_end ] --START--
INFO: Run Behavior\ShowPageTraceBehavior [ RunTime:0.002568s ]
INFO: [ app_end ] --END-- [ RunTime:0.003185s ]

[ 2016-02-26T11:53:16+08:00 ] 127.0.0.1 /Admin/OrderManage/cendlist
INFO: [ app_init ] --START--
INFO: Run Behavior\BuildLiteBehavior [ RunTime:0.000088s ]
INFO: [ app_init ] --END-- [ RunTime:0.002427s ]
INFO: [ app_begin ] --START--
INFO: Run Behavior\ReadHtmlCacheBehavior [ RunTime:0.001453s ]
INFO: Run Behavior\ReadHtmlCacheBehavior [ RunTime:0.000087s ]
INFO: Run Behavior\CheckLangBehavior [ RunTime:0.002404s ]
INFO: [ app_begin ] --END-- [ RunTime:0.004879s ]
SQL: SHOW COLUMNS FROM `exp_cend` [ RunTime:0.0293s ]
SQL: SHOW COLUMNS FROM `exp_cend_status` [ RunTime:0.0318s ]
SQL: SELECT COUNT(*) AS tp_count FROM `exp_cend` LIMIT 1   [ RunTime:0.0286s ]
SQL: SELECT * FROM `exp_cend` INNER JOIN exp_cend_status on exp_cend.status_id=exp_cend_status.status_id  ORDER BY cend_id desc LIMIT 0,30   [ RunTime:0.0292s ]
INFO: [ view_parse ] --START--
INFO: [ template_filter ] --START--
INFO: Run Behavior\ContentReplaceBehavior [ RunTime:0.000247s ]
INFO: [ template_filter ] --END-- [ RunTime:0.000639s ]
INFO: Run Behavior\ParseTemplateBehavior [ RunTime:0.031968s ]
INFO: [ view_parse ] --END-- [ RunTime:0.032394s ]
INFO: [ view_filter ] --START--
INFO: Run Behavior\WriteHtmlCacheBehavior [ RunTime:0.001112s ]
INFO: [ view_filter ] --END-- [ RunTime:0.001443s ]
INFO: [ app_end ] --START--
INFO: Run Behavior\ShowPageTraceBehavior [ RunTime:0.001544s ]
INFO: [ app_end ] --END-- [ RunTime:0.001877s ]

[ 2016-02-26T11:53:18+08:00 ] 127.0.0.1 /Admin/Index/index
INFO: [ app_init ] --START--
INFO: Run Behavior\BuildLiteBehavior [ RunTime:0.000077s ]
INFO: [ app_init ] --END-- [ RunTime:0.001449s ]
INFO: [ app_begin ] --START--
INFO: Run Behavior\ReadHtmlCacheBehavior [ RunTime:0.001508s ]
INFO: Run Behavior\ReadHtmlCacheBehavior [ RunTime:0.000087s ]
INFO: Run Behavior\CheckLangBehavior [ RunTime:0.001934s ]
INFO: [ app_begin ] --END-- [ RunTime:0.004243s ]
SQL: SHOW COLUMNS FROM `exp_order` [ RunTime:0.0304s ]
SQL: SELECT COUNT(*) AS tp_count FROM `exp_order` WHERE ( curdate() - date(FROM_UNIXTIME(order_time)) =0 ) LIMIT 1   [ RunTime:0.0317s ]
SQL: SELECT COUNT(*) AS tp_count FROM `exp_order` WHERE ( curdate() - date(FROM_UNIXTIME(order_time)) =1 ) LIMIT 1   [ RunTime:0.0409s ]
SQL: SELECT COUNT(*) AS tp_count FROM `exp_order` WHERE ( curdate() - date(FROM_UNIXTIME(order_time)) =2 ) LIMIT 1   [ RunTime:0.0291s ]
SQL: SELECT COUNT(*) AS tp_count FROM `exp_order` WHERE ( curdate() - date(FROM_UNIXTIME(order_time)) =3 ) LIMIT 1   [ RunTime:0.0283s ]
SQL: SELECT COUNT(*) AS tp_count FROM `exp_order` WHERE ( curdate() - date(FROM_UNIXTIME(order_time)) =4 ) LIMIT 1   [ RunTime:0.0358s ]
SQL: SELECT COUNT(*) AS tp_count FROM `exp_order` WHERE ( curdate() - date(FROM_UNIXTIME(order_time)) =5 ) LIMIT 1   [ RunTime:0.0283s ]
SQL: SELECT COUNT(*) AS tp_count FROM `exp_order` WHERE ( curdate() - date(FROM_UNIXTIME(order_time)) =6 ) LIMIT 1   [ RunTime:0.0284s ]
SQL: SHOW COLUMNS FROM `exp_user` [ RunTime:0.0309s ]
NOTIC: [8] Use of undefined constant user_id - assumed 'user_id' E:\phpworkspace\express\Apps\Admin\Controller\IndexController.class.php 第 28 行.
SQL: SELECT COUNT(user_id) AS tp_count FROM `exp_user` LIMIT 1   [ RunTime:0.0283s ]
SQL: SELECT COUNT(*) AS tp_count FROM `exp_user` WHERE ( curdate() - date(FROM_UNIXTIME(user_regtime)) = 0 ) LIMIT 1   [ RunTime:0.0308s ]
SQL: SELECT COUNT(*) AS tp_count FROM `exp_user` WHERE ( curdate() - date(FROM_UNIXTIME(user_regtime)) = 1 ) LIMIT 1   [ RunTime:0.0298s ]
SQL: SELECT COUNT(*) AS tp_count FROM `exp_user` WHERE ( curdate() - date(FROM_UNIXTIME(user_regtime)) = 2 ) LIMIT 1   [ RunTime:0.0284s ]
SQL: SELECT COUNT(*) AS tp_count FROM `exp_user` WHERE ( curdate() - date(FROM_UNIXTIME(user_regtime)) = 3 ) LIMIT 1   [ RunTime:0.0305s ]
SQL: SELECT COUNT(*) AS tp_count FROM `exp_user` WHERE ( curdate() - date(FROM_UNIXTIME(user_regtime)) = 4 ) LIMIT 1   [ RunTime:0.0337s ]
SQL: SELECT COUNT(*) AS tp_count FROM `exp_user` WHERE ( curdate() - date(FROM_UNIXTIME(user_regtime)) = 5 ) LIMIT 1   [ RunTime:0.0288s ]
SQL: SELECT COUNT(*) AS tp_count FROM `exp_user` WHERE ( curdate() - date(FROM_UNIXTIME(user_regtime)) = 6 ) LIMIT 1   [ RunTime:0.0284s ]
SQL: SHOW COLUMNS FROM `exp_server` [ RunTime:0.0288s ]
SQL: SELECT `server_content`,count(order_id) as num FROM `exp_order` INNER JOIN exp_server on exp_server.server_id=exp_order.order_server_id  GROUP BY order_server_id  [ RunTime:0.0291s ]
SQL: SHOW COLUMNS FROM `exp_cend` [ RunTime:0.0287s ]
SQL: SELECT COUNT(*) AS tp_count FROM `exp_cend` WHERE ( curdate() - date(FROM_UNIXTIME(register_time)) =0 ) LIMIT 1   [ RunTime:0.0308s ]
SQL: SELECT COUNT(*) AS tp_count FROM `exp_cend` WHERE ( curdate() - date(FROM_UNIXTIME(register_time)) =1 ) LIMIT 1   [ RunTime:0.0284s ]
SQL: SELECT COUNT(*) AS tp_count FROM `exp_cend` WHERE ( curdate() - date(FROM_UNIXTIME(register_time)) =2 ) LIMIT 1   [ RunTime:0.0283s ]
SQL: SELECT COUNT(*) AS tp_count FROM `exp_cend` WHERE ( curdate() - date(FROM_UNIXTIME(register_time)) =3 ) LIMIT 1   [ RunTime:0.0284s ]
SQL: SELECT COUNT(*) AS tp_count FROM `exp_cend` WHERE ( curdate() - date(FROM_UNIXTIME(register_time)) =4 ) LIMIT 1   [ RunTime:0.0356s ]
SQL: SELECT COUNT(*) AS tp_count FROM `exp_cend` WHERE ( curdate() - date(FROM_UNIXTIME(register_time)) =5 ) LIMIT 1   [ RunTime:0.0282s ]
SQL: SELECT COUNT(*) AS tp_count FROM `exp_cend` WHERE ( curdate() - date(FROM_UNIXTIME(register_time)) =6 ) LIMIT 1   [ RunTime:0.0282s ]
INFO: [ view_parse ] --START--
INFO: [ template_filter ] --START--
INFO: Run Behavior\ContentReplaceBehavior [ RunTime:0.000352s ]
INFO: [ template_filter ] --END-- [ RunTime:0.000922s ]
NOTIC: [8] Use of undefined constant server_content - assumed 'server_content' E:\phpworkspace\express\Apps\Runtime\Cache\Admin\859e94050170c96367cb52465a51a945.php 第 190 行.
NOTIC: [8] Use of undefined constant server_content - assumed 'server_content' E:\phpworkspace\express\Apps\Runtime\Cache\Admin\859e94050170c96367cb52465a51a945.php 第 190 行.
NOTIC: [8] Use of undefined constant server_content - assumed 'server_content' E:\phpworkspace\express\Apps\Runtime\Cache\Admin\859e94050170c96367cb52465a51a945.php 第 190 行.
NOTIC: [8] Use of undefined constant num - assumed 'num' E:\phpworkspace\express\Apps\Runtime\Cache\Admin\859e94050170c96367cb52465a51a945.php 第 199 行.
NOTIC: [8] Use of undefined constant server_content - assumed 'server_content' E:\phpworkspace\express\Apps\Runtime\Cache\Admin\859e94050170c96367cb52465a51a945.php 第 199 行.
NOTIC: [8] Use of undefined constant num - assumed 'num' E:\phpworkspace\express\Apps\Runtime\Cache\Admin\859e94050170c96367cb52465a51a945.php 第 200 行.
NOTIC: [8] Use of undefined constant server_content - assumed 'server_content' E:\phpworkspace\express\Apps\Runtime\Cache\Admin\859e94050170c96367cb52465a51a945.php 第 200 行.
NOTIC: [8] Use of undefined constant num - assumed 'num' E:\phpworkspace\express\Apps\Runtime\Cache\Admin\859e94050170c96367cb52465a51a945.php 第 201 行.
NOTIC: [8] Use of undefined constant server_content - assumed 'server_content' E:\phpworkspace\express\Apps\Runtime\Cache\Admin\859e94050170c96367cb52465a51a945.php 第 201 行.
INFO: Run Behavior\ParseTemplateBehavior [ RunTime:0.042858s ]
INFO: [ view_parse ] --END-- [ RunTime:0.043431s ]
INFO: [ view_filter ] --START--
INFO: Run Behavior\WriteHtmlCacheBehavior [ RunTime:0.001806s ]
INFO: [ view_filter ] --END-- [ RunTime:0.003590s ]
INFO: [ app_end ] --START--
INFO: Run Behavior\ShowPageTraceBehavior [ RunTime:0.002345s ]
INFO: [ app_end ] --END-- [ RunTime:0.002841s ]

[ 2016-02-26T11:53:40+08:00 ] 127.0.0.1 /Admin/OrderManage/orderlist
INFO: [ app_init ] --START--
INFO: Run Behavior\BuildLiteBehavior [ RunTime:0.000076s ]
INFO: [ app_init ] --END-- [ RunTime:0.001165s ]
INFO: [ app_begin ] --START--
INFO: Run Behavior\ReadHtmlCacheBehavior [ RunTime:0.001137s ]
INFO: Run Behavior\ReadHtmlCacheBehavior [ RunTime:0.000086s ]
INFO: Run Behavior\CheckLangBehavior [ RunTime:0.001662s ]
INFO: [ app_begin ] --END-- [ RunTime:0.003631s ]
SQL: SHOW COLUMNS FROM `exp_order` [ RunTime:0.0305s ]
SQL: SHOW COLUMNS FROM `exp_status` [ RunTime:0.0330s ]
SQL: SELECT COUNT(*) AS tp_count FROM `exp_order` LIMIT 1   [ RunTime:0.0369s ]
SQL: SELECT * FROM `exp_order` INNER JOIN exp_status on exp_order.order_status_id=exp_status.status_id  ORDER BY order_id desc LIMIT 0,30   [ RunTime:0.0332s ]
INFO: [ view_parse ] --START--
INFO: [ template_filter ] --START--
INFO: Run Behavior\ContentReplaceBehavior [ RunTime:0.000276s ]
INFO: [ template_filter ] --END-- [ RunTime:0.000643s ]
INFO: Run Behavior\ParseTemplateBehavior [ RunTime:0.038296s ]
INFO: [ view_parse ] --END-- [ RunTime:0.038866s ]
INFO: [ view_filter ] --START--
INFO: Run Behavior\WriteHtmlCacheBehavior [ RunTime:0.001646s ]
INFO: [ view_filter ] --END-- [ RunTime:0.001999s ]
INFO: [ app_end ] --START--
INFO: Run Behavior\ShowPageTraceBehavior [ RunTime:0.002024s ]
INFO: [ app_end ] --END-- [ RunTime:0.002538s ]

[ 2016-02-26T11:53:41+08:00 ] 127.0.0.1 /Admin/OrderManage/cendlist
INFO: [ app_init ] --START--
INFO: Run Behavior\BuildLiteBehavior [ RunTime:0.000073s ]
INFO: [ app_init ] --END-- [ RunTime:0.001038s ]
INFO: [ app_begin ] --START--
INFO: Run Behavior\ReadHtmlCacheBehavior [ RunTime:0.002542s ]
INFO: Run Behavior\ReadHtmlCacheBehavior [ RunTime:0.000087s ]
INFO: Run Behavior\CheckLangBehavior [ RunTime:0.002319s ]
INFO: [ app_begin ] --END-- [ RunTime:0.005698s ]
SQL: SHOW COLUMNS FROM `exp_cend` [ RunTime:0.0246s ]
SQL: SHOW COLUMNS FROM `exp_cend_status` [ RunTime:0.0242s ]
SQL: SELECT COUNT(*) AS tp_count FROM `exp_cend` LIMIT 1   [ RunTime:0.0294s ]
SQL: SELECT * FROM `exp_cend` INNER JOIN exp_cend_status on exp_cend.status_id=exp_cend_status.status_id  ORDER BY cend_id desc LIMIT 0,30   [ RunTime:0.0249s ]
INFO: [ view_parse ] --START--
INFO: [ template_filter ] --START--
INFO: Run Behavior\ContentReplaceBehavior [ RunTime:0.000256s ]
INFO: [ template_filter ] --END-- [ RunTime:0.000611s ]
INFO: Run Behavior\ParseTemplateBehavior [ RunTime:0.033674s ]
INFO: [ view_parse ] --END-- [ RunTime:0.034337s ]
INFO: [ view_filter ] --START--
INFO: Run Behavior\WriteHtmlCacheBehavior [ RunTime:0.001230s ]
INFO: [ view_filter ] --END-- [ RunTime:0.001662s ]
INFO: [ app_end ] --START--
INFO: Run Behavior\ShowPageTraceBehavior [ RunTime:0.002002s ]
INFO: [ app_end ] --END-- [ RunTime:0.002507s ]

[ 2016-02-26T11:53:42+08:00 ] 127.0.0.1 /Admin/MessageManage/messagelist
INFO: [ app_init ] --START--
INFO: Run Behavior\BuildLiteBehavior [ RunTime:0.000096s ]
INFO: [ app_init ] --END-- [ RunTime:0.001123s ]
INFO: [ app_begin ] --START--
INFO: Run Behavior\ReadHtmlCacheBehavior [ RunTime:0.001102s ]
INFO: Run Behavior\ReadHtmlCacheBehavior [ RunTime:0.000156s ]
INFO: Run Behavior\CheckLangBehavior [ RunTime:0.001911s ]
INFO: [ app_begin ] --END-- [ RunTime:0.004019s ]
SQL: SHOW COLUMNS FROM `exp_user` [ RunTime:0.0284s ]
SQL: SHOW COLUMNS FROM `exp_message` [ RunTime:0.0286s ]
SQL: SELECT * FROM `exp_message` INNER JOIN exp_user on exp_message.user_id=exp_user.user_id   [ RunTime:0.0283s ]
INFO: [ view_parse ] --START--
INFO: [ template_filter ] --START--
INFO: Run Behavior\ContentReplaceBehavior [ RunTime:0.000278s ]
INFO: [ template_filter ] --END-- [ RunTime:0.000873s ]
INFO: Run Behavior\ParseTemplateBehavior [ RunTime:0.052009s ]
INFO: [ view_parse ] --END-- [ RunTime:0.052388s ]
INFO: [ view_filter ] --START--
INFO: Run Behavior\WriteHtmlCacheBehavior [ RunTime:0.001259s ]
INFO: [ view_filter ] --END-- [ RunTime:0.001625s ]
INFO: [ app_end ] --START--
INFO: Run Behavior\ShowPageTraceBehavior [ RunTime:0.001516s ]
INFO: [ app_end ] --END-- [ RunTime:0.001882s ]

[ 2016-02-26T11:53:44+08:00 ] 127.0.0.1 /Admin/MessageManage/messagelist
INFO: [ app_init ] --START--
INFO: Run Behavior\BuildLiteBehavior [ RunTime:0.000074s ]
INFO: [ app_init ] --END-- [ RunTime:0.001075s ]
INFO: [ app_begin ] --START--
INFO: Run Behavior\ReadHtmlCacheBehavior [ RunTime:0.001308s ]
INFO: Run Behavior\ReadHtmlCacheBehavior [ RunTime:0.000094s ]
INFO: Run Behavior\CheckLangBehavior [ RunTime:0.001935s ]
INFO: [ app_begin ] --END-- [ RunTime:0.004062s ]
SQL: SHOW COLUMNS FROM `exp_user` [ RunTime:0.0277s ]
SQL: SHOW COLUMNS FROM `exp_message` [ RunTime:0.0241s ]
SQL: SELECT * FROM `exp_message` INNER JOIN exp_user on exp_message.user_id=exp_user.user_id   [ RunTime:0.0246s ]
INFO: [ view_parse ] --START--
INFO: [ template_filter ] --START--
INFO: Run Behavior\ContentReplaceBehavior [ RunTime:0.000241s ]
INFO: [ template_filter ] --END-- [ RunTime:0.000653s ]
INFO: Run Behavior\ParseTemplateBehavior [ RunTime:0.031674s ]
INFO: [ view_parse ] --END-- [ RunTime:0.032683s ]
INFO: [ view_filter ] --START--
INFO: Run Behavior\WriteHtmlCacheBehavior [ RunTime:0.001446s ]
INFO: [ view_filter ] --END-- [ RunTime:0.001908s ]
INFO: [ app_end ] --START--
INFO: Run Behavior\ShowPageTraceBehavior [ RunTime:0.001562s ]
INFO: [ app_end ] --END-- [ RunTime:0.001903s ]

[ 2016-02-26T11:53:46+08:00 ] 127.0.0.1 /Admin/BaseParameter/expCompany
INFO: [ app_init ] --START--
INFO: Run Behavior\BuildLiteBehavior [ RunTime:0.000104s ]
INFO: [ app_init ] --END-- [ RunTime:0.001394s ]
INFO: [ app_begin ] --START--
INFO: Run Behavior\ReadHtmlCacheBehavior [ RunTime:0.001303s ]
INFO: Run Behavior\ReadHtmlCacheBehavior [ RunTime:0.000130s ]
INFO: Run Behavior\CheckLangBehavior [ RunTime:0.001765s ]
INFO: [ app_begin ] --END-- [ RunTime:0.003947s ]
SQL: SHOW COLUMNS FROM `exp_expcompany` [ RunTime:0.0297s ]
SQL: SELECT * FROM `exp_expcompany` WHERE `status` = 1  [ RunTime:0.0358s ]
INFO: [ view_parse ] --START--
INFO: [ template_filter ] --START--
INFO: Run Behavior\ContentReplaceBehavior [ RunTime:0.000270s ]
INFO: [ template_filter ] --END-- [ RunTime:0.000645s ]
INFO: Run Behavior\ParseTemplateBehavior [ RunTime:0.042893s ]
INFO: [ view_parse ] --END-- [ RunTime:0.043494s ]
INFO: [ view_filter ] --START--
INFO: Run Behavior\WriteHtmlCacheBehavior [ RunTime:0.001955s ]
INFO: [ view_filter ] --END-- [ RunTime:0.002690s ]
INFO: [ app_end ] --START--
INFO: Run Behavior\ShowPageTraceBehavior [ RunTime:0.001573s ]
INFO: [ app_end ] --END-- [ RunTime:0.001959s ]

[ 2016-02-26T11:53:52+08:00 ] 127.0.0.1 /Admin/OrderManage/orderlist
INFO: [ app_init ] --START--
INFO: Run Behavior\BuildLiteBehavior [ RunTime:0.000140s ]
INFO: [ app_init ] --END-- [ RunTime:0.001918s ]
INFO: [ app_begin ] --START--
INFO: Run Behavior\ReadHtmlCacheBehavior [ RunTime:0.001706s ]
INFO: Run Behavior\ReadHtmlCacheBehavior [ RunTime:0.000088s ]
INFO: Run Behavior\CheckLangBehavior [ RunTime:0.001781s ]
INFO: [ app_begin ] --END-- [ RunTime:0.004514s ]
SQL: SHOW COLUMNS FROM `exp_order` [ RunTime:0.0303s ]
SQL: SHOW COLUMNS FROM `exp_status` [ RunTime:0.0312s ]
SQL: SELECT COUNT(*) AS tp_count FROM `exp_order` LIMIT 1   [ RunTime:0.0316s ]
SQL: SELECT * FROM `exp_order` INNER JOIN exp_status on exp_order.order_status_id=exp_status.status_id  ORDER BY order_id desc LIMIT 0,30   [ RunTime:0.0357s ]
INFO: [ view_parse ] --START--
INFO: [ template_filter ] --START--
INFO: Run Behavior\ContentReplaceBehavior [ RunTime:0.000272s ]
INFO: [ template_filter ] --END-- [ RunTime:0.000668s ]
INFO: Run Behavior\ParseTemplateBehavior [ RunTime:0.037301s ]
INFO: [ view_parse ] --END-- [ RunTime:0.037856s ]
INFO: [ view_filter ] --START--
INFO: Run Behavior\WriteHtmlCacheBehavior [ RunTime:0.001165s ]
INFO: [ view_filter ] --END-- [ RunTime:0.001493s ]
INFO: [ app_end ] --START--
INFO: Run Behavior\ShowPageTraceBehavior [ RunTime:0.002378s ]
INFO: [ app_end ] --END-- [ RunTime:0.002780s ]

[ 2016-02-26T12:15:37+08:00 ] 127.0.0.1 /admin/index/index
INFO: [ app_init ] --START--
INFO: Run Behavior\BuildLiteBehavior [ RunTime:0.000077s ]
INFO: [ app_init ] --END-- [ RunTime:0.001331s ]
INFO: [ app_begin ] --START--
INFO: Run Behavior\ReadHtmlCacheBehavior [ RunTime:0.002034s ]
INFO: Run Behavior\ReadHtmlCacheBehavior [ RunTime:0.000091s ]
INFO: Run Behavior\CheckLangBehavior [ RunTime:0.001976s ]
INFO: [ app_begin ] --END-- [ RunTime:0.005264s ]
NOTIC: [8] Undefined index: account E:\phpworkspace\express\Apps\Admin\Controller\IndexController.class.php 第 7 行.
INFO: [ view_parse ] --START--
INFO: [ template_filter ] --START--
INFO: Run Behavior\ContentReplaceBehavior [ RunTime:0.000358s ]
INFO: [ template_filter ] --END-- [ RunTime:0.001036s ]
INFO: Run Behavior\ParseTemplateBehavior [ RunTime:0.023949s ]
INFO: [ view_parse ] --END-- [ RunTime:0.024341s ]
INFO: [ view_filter ] --START--
INFO: Run Behavior\WriteHtmlCacheBehavior [ RunTime:0.000946s ]
INFO: [ view_filter ] --END-- [ RunTime:0.001285s ]

[ 2016-02-26T12:15:41+08:00 ] 127.0.0.1 /Admin/Index/login
INFO: [ app_init ] --START--
INFO: Run Behavior\BuildLiteBehavior [ RunTime:0.000188s ]
INFO: [ app_init ] --END-- [ RunTime:0.001785s ]
INFO: [ app_begin ] --START--
INFO: Run Behavior\ReadHtmlCacheBehavior [ RunTime:0.001180s ]
INFO: Run Behavior\ReadHtmlCacheBehavior [ RunTime:0.000086s ]
INFO: Run Behavior\CheckLangBehavior [ RunTime:0.001744s ]
INFO: [ app_begin ] --END-- [ RunTime:0.003730s ]
INFO: [ view_parse ] --START--
INFO: [ template_filter ] --START--
INFO: Run Behavior\ContentReplaceBehavior [ RunTime:0.000212s ]
INFO: [ template_filter ] --END-- [ RunTime:0.000599s ]
INFO: Run Behavior\ParseTemplateBehavior [ RunTime:0.025634s ]
INFO: [ view_parse ] --END-- [ RunTime:0.026199s ]
INFO: [ view_filter ] --START--
INFO: Run Behavior\WriteHtmlCacheBehavior [ RunTime:0.000785s ]
INFO: [ view_filter ] --END-- [ RunTime:0.001113s ]
INFO: [ app_end ] --START--
INFO: Run Behavior\ShowPageTraceBehavior [ RunTime:0.001364s ]
INFO: [ app_end ] --END-- [ RunTime:0.001696s ]

[ 2016-02-26T12:15:43+08:00 ] 127.0.0.1 /Admin/Index/dologin
INFO: [ app_init ] --START--
INFO: Run Behavior\BuildLiteBehavior [ RunTime:0.000075s ]
INFO: [ app_init ] --END-- [ RunTime:0.001134s ]
INFO: [ app_begin ] --START--
INFO: Run Behavior\ReadHtmlCacheBehavior [ RunTime:0.001307s ]
INFO: Run Behavior\ReadHtmlCacheBehavior [ RunTime:0.000062s ]
INFO: Run Behavior\CheckLangBehavior [ RunTime:0.002265s ]
INFO: [ app_begin ] --END-- [ RunTime:0.004667s ]
SQL: SHOW COLUMNS FROM `exp_admin` [ RunTime:0.0304s ]
NOTIC: [2] array_merge(): Argument #1 is not an array E:\phpworkspace\express\ThinkPHP\Library\Think\Model.class.php 第 1814 行.
SQL: SELECT * FROM `exp_admin`  [ RunTime:0.0658s ]
INFO: [ view_parse ] --START--
INFO: [ template_filter ] --START--
INFO: Run Behavior\ContentReplaceBehavior [ RunTime:0.000365s ]
INFO: [ template_filter ] --END-- [ RunTime:0.001273s ]
INFO: Run Behavior\ParseTemplateBehavior [ RunTime:0.025724s ]
INFO: [ view_parse ] --END-- [ RunTime:0.026107s ]
INFO: [ view_filter ] --START--
INFO: Run Behavior\WriteHtmlCacheBehavior [ RunTime:0.000768s ]
INFO: [ view_filter ] --END-- [ RunTime:0.001093s ]
INFO: [ app_end ] --START--
INFO: Run Behavior\ShowPageTraceBehavior [ RunTime:0.001727s ]
INFO: [ app_end ] --END-- [ RunTime:0.002397s ]

[ 2016-02-26T12:15:46+08:00 ] 127.0.0.1 /Admin/Index/index
INFO: [ app_init ] --START--
INFO: Run Behavior\BuildLiteBehavior [ RunTime:0.000094s ]
INFO: [ app_init ] --END-- [ RunTime:0.001059s ]
INFO: [ app_begin ] --START--
INFO: Run Behavior\ReadHtmlCacheBehavior [ RunTime:0.001217s ]
INFO: Run Behavior\ReadHtmlCacheBehavior [ RunTime:0.000113s ]
INFO: Run Behavior\CheckLangBehavior [ RunTime:0.001699s ]
INFO: [ app_begin ] --END-- [ RunTime:0.003782s ]
SQL: SHOW COLUMNS FROM `exp_order` [ RunTime:0.0294s ]
SQL: SELECT COUNT(*) AS tp_count FROM `exp_order` WHERE ( curdate() - date(FROM_UNIXTIME(order_time)) =0 ) LIMIT 1   [ RunTime:0.0292s ]
SQL: SELECT COUNT(*) AS tp_count FROM `exp_order` WHERE ( curdate() - date(FROM_UNIXTIME(order_time)) =1 ) LIMIT 1   [ RunTime:0.0286s ]
SQL: SELECT COUNT(*) AS tp_count FROM `exp_order` WHERE ( curdate() - date(FROM_UNIXTIME(order_time)) =2 ) LIMIT 1   [ RunTime:0.0322s ]
SQL: SELECT COUNT(*) AS tp_count FROM `exp_order` WHERE ( curdate() - date(FROM_UNIXTIME(order_time)) =3 ) LIMIT 1   [ RunTime:0.0286s ]
SQL: SELECT COUNT(*) AS tp_count FROM `exp_order` WHERE ( curdate() - date(FROM_UNIXTIME(order_time)) =4 ) LIMIT 1   [ RunTime:0.0289s ]
SQL: SELECT COUNT(*) AS tp_count FROM `exp_order` WHERE ( curdate() - date(FROM_UNIXTIME(order_time)) =5 ) LIMIT 1   [ RunTime:0.0325s ]
SQL: SELECT COUNT(*) AS tp_count FROM `exp_order` WHERE ( curdate() - date(FROM_UNIXTIME(order_time)) =6 ) LIMIT 1   [ RunTime:0.0284s ]
SQL: SHOW COLUMNS FROM `exp_user` [ RunTime:0.0292s ]
NOTIC: [8] Use of undefined constant user_id - assumed 'user_id' E:\phpworkspace\express\Apps\Admin\Controller\IndexController.class.php 第 28 行.
SQL: SELECT COUNT(user_id) AS tp_count FROM `exp_user` LIMIT 1   [ RunTime:0.0312s ]
SQL: SELECT COUNT(*) AS tp_count FROM `exp_user` WHERE ( curdate() - date(FROM_UNIXTIME(user_regtime)) = 0 ) LIMIT 1   [ RunTime:0.0283s ]
SQL: SELECT COUNT(*) AS tp_count FROM `exp_user` WHERE ( curdate() - date(FROM_UNIXTIME(user_regtime)) = 1 ) LIMIT 1   [ RunTime:0.0285s ]
SQL: SELECT COUNT(*) AS tp_count FROM `exp_user` WHERE ( curdate() - date(FROM_UNIXTIME(user_regtime)) = 2 ) LIMIT 1   [ RunTime:0.0288s ]
SQL: SELECT COUNT(*) AS tp_count FROM `exp_user` WHERE ( curdate() - date(FROM_UNIXTIME(user_regtime)) = 3 ) LIMIT 1   [ RunTime:0.0290s ]
SQL: SELECT COUNT(*) AS tp_count FROM `exp_user` WHERE ( curdate() - date(FROM_UNIXTIME(user_regtime)) = 4 ) LIMIT 1   [ RunTime:0.0284s ]
SQL: SELECT COUNT(*) AS tp_count FROM `exp_user` WHERE ( curdate() - date(FROM_UNIXTIME(user_regtime)) = 5 ) LIMIT 1   [ RunTime:0.0324s ]
SQL: SELECT COUNT(*) AS tp_count FROM `exp_user` WHERE ( curdate() - date(FROM_UNIXTIME(user_regtime)) = 6 ) LIMIT 1   [ RunTime:0.0297s ]
SQL: SHOW COLUMNS FROM `exp_server` [ RunTime:0.0385s ]
SQL: SELECT `server_content`,count(order_id) as num FROM `exp_order` INNER JOIN exp_server on exp_server.server_id=exp_order.order_server_id  GROUP BY order_server_id  [ RunTime:0.0317s ]
SQL: SHOW COLUMNS FROM `exp_cend` [ RunTime:0.0291s ]
SQL: SELECT COUNT(*) AS tp_count FROM `exp_cend` WHERE ( curdate() - date(FROM_UNIXTIME(register_time)) =0 ) LIMIT 1   [ RunTime:0.0308s ]
SQL: SELECT COUNT(*) AS tp_count FROM `exp_cend` WHERE ( curdate() - date(FROM_UNIXTIME(register_time)) =1 ) LIMIT 1   [ RunTime:0.0309s ]
SQL: SELECT COUNT(*) AS tp_count FROM `exp_cend` WHERE ( curdate() - date(FROM_UNIXTIME(register_time)) =2 ) LIMIT 1   [ RunTime:0.0305s ]
SQL: SELECT COUNT(*) AS tp_count FROM `exp_cend` WHERE ( curdate() - date(FROM_UNIXTIME(register_time)) =3 ) LIMIT 1   [ RunTime:0.0300s ]
SQL: SELECT COUNT(*) AS tp_count FROM `exp_cend` WHERE ( curdate() - date(FROM_UNIXTIME(register_time)) =4 ) LIMIT 1   [ RunTime:0.0294s ]
SQL: SELECT COUNT(*) AS tp_count FROM `exp_cend` WHERE ( curdate() - date(FROM_UNIXTIME(register_time)) =5 ) LIMIT 1   [ RunTime:0.0284s ]
SQL: SELECT COUNT(*) AS tp_count FROM `exp_cend` WHERE ( curdate() - date(FROM_UNIXTIME(register_time)) =6 ) LIMIT 1   [ RunTime:0.0286s ]
INFO: [ view_parse ] --START--
INFO: [ template_filter ] --START--
INFO: Run Behavior\ContentReplaceBehavior [ RunTime:0.000324s ]
INFO: [ template_filter ] --END-- [ RunTime:0.000678s ]
NOTIC: [8] Use of undefined constant server_content - assumed 'server_content' E:\phpworkspace\express\Apps\Runtime\Cache\Admin\859e94050170c96367cb52465a51a945.php 第 190 行.
NOTIC: [8] Use of undefined constant server_content - assumed 'server_content' E:\phpworkspace\express\Apps\Runtime\Cache\Admin\859e94050170c96367cb52465a51a945.php 第 190 行.
NOTIC: [8] Use of undefined constant server_content - assumed 'server_content' E:\phpworkspace\express\Apps\Runtime\Cache\Admin\859e94050170c96367cb52465a51a945.php 第 190 行.
NOTIC: [8] Use of undefined constant num - assumed 'num' E:\phpworkspace\express\Apps\Runtime\Cache\Admin\859e94050170c96367cb52465a51a945.php 第 199 行.
NOTIC: [8] Use of undefined constant server_content - assumed 'server_content' E:\phpworkspace\express\Apps\Runtime\Cache\Admin\859e94050170c96367cb52465a51a945.php 第 199 行.
NOTIC: [8] Use of undefined constant num - assumed 'num' E:\phpworkspace\express\Apps\Runtime\Cache\Admin\859e94050170c96367cb52465a51a945.php 第 200 行.
NOTIC: [8] Use of undefined constant server_content - assumed 'server_content' E:\phpworkspace\express\Apps\Runtime\Cache\Admin\859e94050170c96367cb52465a51a945.php 第 200 行.
NOTIC: [8] Use of undefined constant num - assumed 'num' E:\phpworkspace\express\Apps\Runtime\Cache\Admin\859e94050170c96367cb52465a51a945.php 第 201 行.
NOTIC: [8] Use of undefined constant server_content - assumed 'server_content' E:\phpworkspace\express\Apps\Runtime\Cache\Admin\859e94050170c96367cb52465a51a945.php 第 201 行.
INFO: Run Behavior\ParseTemplateBehavior [ RunTime:0.038717s ]
INFO: [ view_parse ] --END-- [ RunTime:0.039127s ]
INFO: [ view_filter ] --START--
INFO: Run Behavior\WriteHtmlCacheBehavior [ RunTime:0.000907s ]
INFO: [ view_filter ] --END-- [ RunTime:0.001442s ]
INFO: [ app_end ] --START--
INFO: Run Behavior\ShowPageTraceBehavior [ RunTime:0.001280s ]
INFO: [ app_end ] --END-- [ RunTime:0.001621s ]

[ 2016-02-26T12:15:51+08:00 ] 127.0.0.1 /Admin/OrderManage/orderlist
INFO: [ app_init ] --START--
INFO: Run Behavior\BuildLiteBehavior [ RunTime:0.000140s ]
INFO: [ app_init ] --END-- [ RunTime:0.001634s ]
INFO: [ app_begin ] --START--
INFO: Run Behavior\ReadHtmlCacheBehavior [ RunTime:0.001222s ]
INFO: Run Behavior\ReadHtmlCacheBehavior [ RunTime:0.000085s ]
INFO: Run Behavior\CheckLangBehavior [ RunTime:0.001908s ]
INFO: [ app_begin ] --END-- [ RunTime:0.004060s ]
SQL: SHOW COLUMNS FROM `exp_order` [ RunTime:0.0352s ]
SQL: SHOW COLUMNS FROM `exp_status` [ RunTime:0.0297s ]
SQL: SELECT COUNT(*) AS tp_count FROM `exp_order` LIMIT 1   [ RunTime:0.0295s ]
SQL: SELECT * FROM `exp_order` INNER JOIN exp_status on exp_order.order_status_id=exp_status.status_id  ORDER BY order_id desc LIMIT 0,30   [ RunTime:0.0324s ]
INFO: [ view_parse ] --START--
INFO: [ template_filter ] --START--
INFO: Run Behavior\ContentReplaceBehavior [ RunTime:0.000281s ]
INFO: [ template_filter ] --END-- [ RunTime:0.000643s ]
INFO: Run Behavior\ParseTemplateBehavior [ RunTime:0.044940s ]
INFO: [ view_parse ] --END-- [ RunTime:0.045477s ]
INFO: [ view_filter ] --START--
INFO: Run Behavior\WriteHtmlCacheBehavior [ RunTime:0.001365s ]
INFO: [ view_filter ] --END-- [ RunTime:0.001890s ]
INFO: [ app_end ] --START--
INFO: Run Behavior\ShowPageTraceBehavior [ RunTime:0.003168s ]
INFO: [ app_end ] --END-- [ RunTime:0.004502s ]

[ 2016-02-26T12:18:46+08:00 ] 127.0.0.1 /admin/index/index
INFO: [ app_init ] --START--
INFO: Run Behavior\BuildLiteBehavior [ RunTime:0.000083s ]
INFO: [ app_init ] --END-- [ RunTime:0.001312s ]
INFO: [ app_begin ] --START--
INFO: Run Behavior\ReadHtmlCacheBehavior [ RunTime:0.001476s ]
INFO: Run Behavior\ReadHtmlCacheBehavior [ RunTime:0.000085s ]
INFO: Run Behavior\CheckLangBehavior [ RunTime:0.002633s ]
INFO: [ app_begin ] --END-- [ RunTime:0.005044s ]
NOTIC: [8] Undefined index: account E:\phpworkspace\express\Apps\Admin\Controller\IndexController.class.php 第 7 行.
INFO: [ view_parse ] --START--
INFO: [ template_filter ] --START--
INFO: Run Behavior\ContentReplaceBehavior [ RunTime:0.000302s ]
INFO: [ template_filter ] --END-- [ RunTime:0.000665s ]
INFO: Run Behavior\ParseTemplateBehavior [ RunTime:0.020981s ]
INFO: [ view_parse ] --END-- [ RunTime:0.021673s ]
INFO: [ view_filter ] --START--
INFO: Run Behavior\WriteHtmlCacheBehavior [ RunTime:0.001610s ]
INFO: [ view_filter ] --END-- [ RunTime:0.002193s ]

[ 2016-02-26T12:18:49+08:00 ] 127.0.0.1 /Admin/Index/login
INFO: [ app_init ] --START--
INFO: Run Behavior\BuildLiteBehavior [ RunTime:0.000137s ]
INFO: [ app_init ] --END-- [ RunTime:0.001588s ]
INFO: [ app_begin ] --START--
INFO: Run Behavior\ReadHtmlCacheBehavior [ RunTime:0.001163s ]
INFO: Run Behavior\ReadHtmlCacheBehavior [ RunTime:0.000085s ]
INFO: Run Behavior\CheckLangBehavior [ RunTime:0.001686s ]
INFO: [ app_begin ] --END-- [ RunTime:0.003638s ]
INFO: [ view_parse ] --START--
INFO: [ template_filter ] --START--
INFO: Run Behavior\ContentReplaceBehavior [ RunTime:0.000212s ]
INFO: [ template_filter ] --END-- [ RunTime:0.000649s ]
INFO: Run Behavior\ParseTemplateBehavior [ RunTime:0.020563s ]
INFO: [ view_parse ] --END-- [ RunTime:0.021127s ]
INFO: [ view_filter ] --START--
INFO: Run Behavior\WriteHtmlCacheBehavior [ RunTime:0.001214s ]
INFO: [ view_filter ] --END-- [ RunTime:0.001652s ]
INFO: [ app_end ] --START--
INFO: Run Behavior\ShowPageTraceBehavior [ RunTime:0.001538s ]
INFO: [ app_end ] --END-- [ RunTime:0.001895s ]

[ 2016-02-26T12:18:58+08:00 ] 127.0.0.1 /Admin/Index/dologin
INFO: [ app_init ] --START--
INFO: Run Behavior\BuildLiteBehavior [ RunTime:0.000076s ]
INFO: [ app_init ] --END-- [ RunTime:0.001577s ]
INFO: [ app_begin ] --START--
INFO: Run Behavior\ReadHtmlCacheBehavior [ RunTime:0.001460s ]
INFO: Run Behavior\ReadHtmlCacheBehavior [ RunTime:0.000059s ]
INFO: Run Behavior\CheckLangBehavior [ RunTime:0.004047s ]
INFO: [ app_begin ] --END-- [ RunTime:0.006589s ]
SQL: SHOW COLUMNS FROM `exp_admin` [ RunTime:0.0299s ]
NOTIC: [2] array_merge(): Argument #1 is not an array E:\phpworkspace\express\ThinkPHP\Library\Think\Model.class.php 第 1814 行.
SQL: SELECT * FROM `exp_admin`  [ RunTime:0.0295s ]
INFO: [ view_parse ] --START--
INFO: [ template_filter ] --START--
INFO: Run Behavior\ContentReplaceBehavior [ RunTime:0.000361s ]
INFO: [ template_filter ] --END-- [ RunTime:0.000928s ]
INFO: Run Behavior\ParseTemplateBehavior [ RunTime:0.022417s ]
INFO: [ view_parse ] --END-- [ RunTime:0.022924s ]
INFO: [ view_filter ] --START--
INFO: Run Behavior\WriteHtmlCacheBehavior [ RunTime:0.002935s ]
INFO: [ view_filter ] --END-- [ RunTime:0.003634s ]
INFO: [ app_end ] --START--
INFO: Run Behavior\ShowPageTraceBehavior [ RunTime:0.001959s ]
INFO: [ app_end ] --END-- [ RunTime:0.002471s ]

[ 2016-02-26T12:19:01+08:00 ] 127.0.0.1 /Admin/Index/index
INFO: [ app_init ] --START--
INFO: Run Behavior\BuildLiteBehavior [ RunTime:0.000075s ]
INFO: [ app_init ] --END-- [ RunTime:0.001060s ]
INFO: [ app_begin ] --START--
INFO: Run Behavior\ReadHtmlCacheBehavior [ RunTime:0.001446s ]
INFO: Run Behavior\ReadHtmlCacheBehavior [ RunTime:0.000198s ]
INFO: Run Behavior\CheckLangBehavior [ RunTime:0.001981s ]
INFO: [ app_begin ] --END-- [ RunTime:0.006002s ]
SQL: SHOW COLUMNS FROM `exp_order` [ RunTime:0.0244s ]
SQL: SELECT COUNT(*) AS tp_count FROM `exp_order` WHERE ( curdate() - date(FROM_UNIXTIME(order_time)) =0 ) LIMIT 1   [ RunTime:0.0237s ]
SQL: SELECT COUNT(*) AS tp_count FROM `exp_order` WHERE ( curdate() - date(FROM_UNIXTIME(order_time)) =1 ) LIMIT 1   [ RunTime:0.0238s ]
SQL: SELECT COUNT(*) AS tp_count FROM `exp_order` WHERE ( curdate() - date(FROM_UNIXTIME(order_time)) =2 ) LIMIT 1   [ RunTime:0.0236s ]
SQL: SELECT COUNT(*) AS tp_count FROM `exp_order` WHERE ( curdate() - date(FROM_UNIXTIME(order_time)) =3 ) LIMIT 1   [ RunTime:0.0239s ]
SQL: SELECT COUNT(*) AS tp_count FROM `exp_order` WHERE ( curdate() - date(FROM_UNIXTIME(order_time)) =4 ) LIMIT 1   [ RunTime:0.0235s ]
SQL: SELECT COUNT(*) AS tp_count FROM `exp_order` WHERE ( curdate() - date(FROM_UNIXTIME(order_time)) =5 ) LIMIT 1   [ RunTime:0.0236s ]
SQL: SELECT COUNT(*) AS tp_count FROM `exp_order` WHERE ( curdate() - date(FROM_UNIXTIME(order_time)) =6 ) LIMIT 1   [ RunTime:0.0260s ]
SQL: SHOW COLUMNS FROM `exp_user` [ RunTime:0.0301s ]
NOTIC: [8] Use of undefined constant user_id - assumed 'user_id' E:\phpworkspace\express\Apps\Admin\Controller\IndexController.class.php 第 28 行.
SQL: SELECT COUNT(user_id) AS tp_count FROM `exp_user` LIMIT 1   [ RunTime:0.0280s ]
SQL: SELECT COUNT(*) AS tp_count FROM `exp_user` WHERE ( curdate() - date(FROM_UNIXTIME(user_regtime)) = 0 ) LIMIT 1   [ RunTime:0.0271s ]
SQL: SELECT COUNT(*) AS tp_count FROM `exp_user` WHERE ( curdate() - date(FROM_UNIXTIME(user_regtime)) = 1 ) LIMIT 1   [ RunTime:0.0236s ]
SQL: SELECT COUNT(*) AS tp_count FROM `exp_user` WHERE ( curdate() - date(FROM_UNIXTIME(user_regtime)) = 2 ) LIMIT 1   [ RunTime:0.0241s ]
SQL: SELECT COUNT(*) AS tp_count FROM `exp_user` WHERE ( curdate() - date(FROM_UNIXTIME(user_regtime)) = 3 ) LIMIT 1   [ RunTime:0.0234s ]
SQL: SELECT COUNT(*) AS tp_count FROM `exp_user` WHERE ( curdate() - date(FROM_UNIXTIME(user_regtime)) = 4 ) LIMIT 1   [ RunTime:0.0248s ]
SQL: SELECT COUNT(*) AS tp_count FROM `exp_user` WHERE ( curdate() - date(FROM_UNIXTIME(user_regtime)) = 5 ) LIMIT 1   [ RunTime:0.0236s ]
SQL: SELECT COUNT(*) AS tp_count FROM `exp_user` WHERE ( curdate() - date(FROM_UNIXTIME(user_regtime)) = 6 ) LIMIT 1   [ RunTime:0.0256s ]
SQL: SHOW COLUMNS FROM `exp_server` [ RunTime:0.0240s ]
SQL: SELECT `server_content`,count(order_id) as num FROM `exp_order` INNER JOIN exp_server on exp_server.server_id=exp_order.order_server_id  GROUP BY order_server_id  [ RunTime:0.0259s ]
SQL: SHOW COLUMNS FROM `exp_cend` [ RunTime:0.0308s ]
SQL: SELECT COUNT(*) AS tp_count FROM `exp_cend` WHERE ( curdate() - date(FROM_UNIXTIME(register_time)) =0 ) LIMIT 1   [ RunTime:0.0235s ]
SQL: SELECT COUNT(*) AS tp_count FROM `exp_cend` WHERE ( curdate() - date(FROM_UNIXTIME(register_time)) =1 ) LIMIT 1   [ RunTime:0.0244s ]
SQL: SELECT COUNT(*) AS tp_count FROM `exp_cend` WHERE ( curdate() - date(FROM_UNIXTIME(register_time)) =2 ) LIMIT 1   [ RunTime:0.0235s ]
SQL: SELECT COUNT(*) AS tp_count FROM `exp_cend` WHERE ( curdate() - date(FROM_UNIXTIME(register_time)) =3 ) LIMIT 1   [ RunTime:0.0236s ]
SQL: SELECT COUNT(*) AS tp_count FROM `exp_cend` WHERE ( curdate() - date(FROM_UNIXTIME(register_time)) =4 ) LIMIT 1   [ RunTime:0.0246s ]
SQL: SELECT COUNT(*) AS tp_count FROM `exp_cend` WHERE ( curdate() - date(FROM_UNIXTIME(register_time)) =5 ) LIMIT 1   [ RunTime:0.0233s ]
SQL: SELECT COUNT(*) AS tp_count FROM `exp_cend` WHERE ( curdate() - date(FROM_UNIXTIME(register_time)) =6 ) LIMIT 1   [ RunTime:0.0235s ]
INFO: [ view_parse ] --START--
INFO: [ template_filter ] --START--
INFO: Run Behavior\ContentReplaceBehavior [ RunTime:0.000353s ]
INFO: [ template_filter ] --END-- [ RunTime:0.000733s ]
NOTIC: [8] Use of undefined constant server_content - assumed 'server_content' E:\phpworkspace\express\Apps\Runtime\Cache\Admin\859e94050170c96367cb52465a51a945.php 第 190 行.
NOTIC: [8] Use of undefined constant server_content - assumed 'server_content' E:\phpworkspace\express\Apps\Runtime\Cache\Admin\859e94050170c96367cb52465a51a945.php 第 190 行.
NOTIC: [8] Use of undefined constant server_content - assumed 'server_content' E:\phpworkspace\express\Apps\Runtime\Cache\Admin\859e94050170c96367cb52465a51a945.php 第 190 行.
NOTIC: [8] Use of undefined constant num - assumed 'num' E:\phpworkspace\express\Apps\Runtime\Cache\Admin\859e94050170c96367cb52465a51a945.php 第 199 行.
NOTIC: [8] Use of undefined constant server_content - assumed 'server_content' E:\phpworkspace\express\Apps\Runtime\Cache\Admin\859e94050170c96367cb52465a51a945.php 第 199 行.
NOTIC: [8] Use of undefined constant num - assumed 'num' E:\phpworkspace\express\Apps\Runtime\Cache\Admin\859e94050170c96367cb52465a51a945.php 第 200 行.
NOTIC: [8] Use of undefined constant server_content - assumed 'server_content' E:\phpworkspace\express\Apps\Runtime\Cache\Admin\859e94050170c96367cb52465a51a945.php 第 200 行.
NOTIC: [8] Use of undefined constant num - assumed 'num' E:\phpworkspace\express\Apps\Runtime\Cache\Admin\859e94050170c96367cb52465a51a945.php 第 201 行.
NOTIC: [8] Use of undefined constant server_content - assumed 'server_content' E:\phpworkspace\express\Apps\Runtime\Cache\Admin\859e94050170c96367cb52465a51a945.php 第 201 行.
INFO: Run Behavior\ParseTemplateBehavior [ RunTime:0.039138s ]
INFO: [ view_parse ] --END-- [ RunTime:0.039551s ]
INFO: [ view_filter ] --START--
INFO: Run Behavior\WriteHtmlCacheBehavior [ RunTime:0.001322s ]
INFO: [ view_filter ] --END-- [ RunTime:0.001818s ]
INFO: [ app_end ] --START--
INFO: Run Behavior\ShowPageTraceBehavior [ RunTime:0.001516s ]
INFO: [ app_end ] --END-- [ RunTime:0.001852s ]

[ 2016-02-26T12:19:11+08:00 ] 127.0.0.1 /Admin/OrderManage/orderlist
INFO: [ app_init ] --START--
INFO: Run Behavior\BuildLiteBehavior [ RunTime:0.000084s ]
INFO: [ app_init ] --END-- [ RunTime:0.001355s ]
INFO: [ app_begin ] --START--
INFO: Run Behavior\ReadHtmlCacheBehavior [ RunTime:0.002143s ]
INFO: Run Behavior\ReadHtmlCacheBehavior [ RunTime:0.000121s ]
INFO: Run Behavior\CheckLangBehavior [ RunTime:0.002873s ]
INFO: [ app_begin ] --END-- [ RunTime:0.006268s ]
SQL: SHOW COLUMNS FROM `exp_order` [ RunTime:0.0275s ]
SQL: SHOW COLUMNS FROM `exp_status` [ RunTime:0.0270s ]
SQL: SELECT COUNT(*) AS tp_count FROM `exp_order` LIMIT 1   [ RunTime:0.0271s ]
SQL: SELECT * FROM `exp_order` INNER JOIN exp_status on exp_order.order_status_id=exp_status.status_id  ORDER BY order_id desc LIMIT 0,30   [ RunTime:0.0283s ]
INFO: [ view_parse ] --START--
INFO: [ template_filter ] --START--
INFO: Run Behavior\ContentReplaceBehavior [ RunTime:0.000825s ]
INFO: [ template_filter ] --END-- [ RunTime:0.001718s ]
INFO: Run Behavior\ParseTemplateBehavior [ RunTime:0.038346s ]
INFO: [ view_parse ] --END-- [ RunTime:0.038867s ]
INFO: [ view_filter ] --START--
INFO: Run Behavior\WriteHtmlCacheBehavior [ RunTime:0.001144s ]
INFO: [ view_filter ] --END-- [ RunTime:0.001543s ]
INFO: [ app_end ] --START--
INFO: Run Behavior\ShowPageTraceBehavior [ RunTime:0.001788s ]
INFO: [ app_end ] --END-- [ RunTime:0.002376s ]

[ 2016-02-26T12:20:54+08:00 ] 127.0.0.1 /Admin/OrderManage/orderlist
INFO: [ app_init ] --START--
INFO: Run Behavior\BuildLiteBehavior [ RunTime:0.000086s ]
INFO: [ app_init ] --END-- [ RunTime:0.001728s ]
INFO: [ app_begin ] --START--
INFO: Run Behavior\ReadHtmlCacheBehavior [ RunTime:0.001240s ]
INFO: Run Behavior\ReadHtmlCacheBehavior [ RunTime:0.000170s ]
INFO: Run Behavior\CheckLangBehavior [ RunTime:0.002579s ]
INFO: [ app_begin ] --END-- [ RunTime:0.005078s ]
SQL: SHOW COLUMNS FROM `exp_order` [ RunTime:0.0273s ]
SQL: SHOW COLUMNS FROM `exp_status` [ RunTime:0.0278s ]
SQL: SELECT COUNT(*) AS tp_count FROM `exp_order` LIMIT 1   [ RunTime:0.0266s ]
SQL: SELECT * FROM `exp_order` INNER JOIN exp_status on exp_order.order_status_id=exp_status.status_id  ORDER BY order_id desc LIMIT 0,30   [ RunTime:0.0279s ]
INFO: [ view_parse ] --START--
INFO: [ template_filter ] --START--
INFO: Run Behavior\ContentReplaceBehavior [ RunTime:0.000298s ]
INFO: [ template_filter ] --END-- [ RunTime:0.000652s ]
INFO: Run Behavior\ParseTemplateBehavior [ RunTime:0.036457s ]
INFO: [ view_parse ] --END-- [ RunTime:0.036842s ]
INFO: [ view_filter ] --START--
INFO: Run Behavior\WriteHtmlCacheBehavior [ RunTime:0.000884s ]
INFO: [ view_filter ] --END-- [ RunTime:0.001217s ]
INFO: [ app_end ] --START--
INFO: Run Behavior\ShowPageTraceBehavior [ RunTime:0.001257s ]
INFO: [ app_end ] --END-- [ RunTime:0.001766s ]

[ 2016-02-26T15:08:48+08:00 ] 127.0.0.1 /Admin/OrderManage/orderlist
INFO: [ app_init ] --START--
INFO: Run Behavior\BuildLiteBehavior [ RunTime:0.000074s ]
INFO: [ app_init ] --END-- [ RunTime:0.001192s ]
INFO: [ app_begin ] --START--
INFO: Run Behavior\ReadHtmlCacheBehavior [ RunTime:0.001569s ]
INFO: Run Behavior\ReadHtmlCacheBehavior [ RunTime:0.000088s ]
INFO: Run Behavior\CheckLangBehavior [ RunTime:0.002119s ]
INFO: [ app_begin ] --END-- [ RunTime:0.004518s ]
SQL: SHOW COLUMNS FROM `exp_order` [ RunTime:0.0323s ]
SQL: SHOW COLUMNS FROM `exp_status` [ RunTime:0.0308s ]
SQL: SELECT COUNT(*) AS tp_count FROM `exp_order` LIMIT 1   [ RunTime:0.0314s ]
SQL: SELECT * FROM `exp_order` INNER JOIN exp_status on exp_order.order_status_id=exp_status.status_id  ORDER BY order_id desc LIMIT 0,30   [ RunTime:0.0320s ]
INFO: [ view_parse ] --START--
INFO: [ template_filter ] --START--
INFO: Run Behavior\ContentReplaceBehavior [ RunTime:0.000482s ]
INFO: [ template_filter ] --END-- [ RunTime:0.000931s ]
INFO: Run Behavior\ParseTemplateBehavior [ RunTime:0.042260s ]
INFO: [ view_parse ] --END-- [ RunTime:0.042657s ]
INFO: [ view_filter ] --START--
INFO: Run Behavior\WriteHtmlCacheBehavior [ RunTime:0.001055s ]
INFO: [ view_filter ] --END-- [ RunTime:0.001383s ]
INFO: [ app_end ] --START--
INFO: Run Behavior\ShowPageTraceBehavior [ RunTime:0.002309s ]
INFO: [ app_end ] --END-- [ RunTime:0.002896s ]

