[ 2016-03-01T09:20:54+08:00 ] 127.0.0.1 /admin/index/index
INFO: [ app_init ] --START--
INFO: Run Behavior\BuildLiteBehavior [ RunTime:0.000075s ]
INFO: [ app_init ] --END-- [ RunTime:0.001084s ]
INFO: [ app_begin ] --START--
INFO: Run Behavior\ReadHtmlCacheBehavior [ RunTime:0.002462s ]
INFO: Run Behavior\ReadHtmlCacheBehavior [ RunTime:0.000173s ]
INFO: Run Behavior\CheckLangBehavior [ RunTime:0.002029s ]
INFO: [ app_begin ] --END-- [ RunTime:0.005841s ]
NOTIC: [8] Undefined index: account E:\phpworkspace\express\Apps\Admin\Controller\IndexController.class.php 第 7 行.
INFO: [ view_parse ] --START--
INFO: [ template_filter ] --START--
INFO: Run Behavior\ContentReplaceBehavior [ RunTime:0.000349s ]
INFO: [ template_filter ] --END-- [ RunTime:0.001024s ]
INFO: Run Behavior\ParseTemplateBehavior [ RunTime:0.025721s ]
INFO: [ view_parse ] --END-- [ RunTime:0.026264s ]
INFO: [ view_filter ] --START--
INFO: Run Behavior\WriteHtmlCacheBehavior [ RunTime:0.000919s ]
INFO: [ view_filter ] --END-- [ RunTime:0.001522s ]

[ 2016-03-01T09:20:58+08:00 ] 127.0.0.1 /Admin/Index/login
INFO: [ app_init ] --START--
INFO: Run Behavior\BuildLiteBehavior [ RunTime:0.000130s ]
INFO: [ app_init ] --END-- [ RunTime:0.001610s ]
INFO: [ app_begin ] --START--
INFO: Run Behavior\ReadHtmlCacheBehavior [ RunTime:0.002322s ]
INFO: Run Behavior\ReadHtmlCacheBehavior [ RunTime:0.000090s ]
INFO: Run Behavior\CheckLangBehavior [ RunTime:0.001998s ]
INFO: [ app_begin ] --END-- [ RunTime:0.005944s ]
INFO: [ view_parse ] --START--
INFO: [ template_filter ] --START--
INFO: Run Behavior\ContentReplaceBehavior [ RunTime:0.000422s ]
INFO: [ template_filter ] --END-- [ RunTime:0.001189s ]
INFO: Run Behavior\ParseTemplateBehavior [ RunTime:0.041958s ]
INFO: [ view_parse ] --END-- [ RunTime:0.042516s ]
INFO: [ view_filter ] --START--
INFO: Run Behavior\WriteHtmlCacheBehavior [ RunTime:0.000929s ]
INFO: [ view_filter ] --END-- [ RunTime:0.001532s ]
INFO: [ app_end ] --START--
INFO: Run Behavior\ShowPageTraceBehavior [ RunTime:0.001147s ]
INFO: [ app_end ] --END-- [ RunTime:0.001486s ]

[ 2016-03-01T09:21:01+08:00 ] 127.0.0.1 /Admin/Index/dologin
INFO: [ app_init ] --START--
INFO: Run Behavior\BuildLiteBehavior [ RunTime:0.000095s ]
INFO: [ app_init ] --END-- [ RunTime:0.001508s ]
INFO: [ app_begin ] --START--
INFO: Run Behavior\ReadHtmlCacheBehavior [ RunTime:0.001171s ]
INFO: Run Behavior\ReadHtmlCacheBehavior [ RunTime:0.000056s ]
INFO: Run Behavior\CheckLangBehavior [ RunTime:0.002711s ]
INFO: [ app_begin ] --END-- [ RunTime:0.004907s ]
SQL: SHOW COLUMNS FROM `exp_admin` [ RunTime:0.0235s ]
NOTIC: [2] array_merge(): Argument #1 is not an array E:\phpworkspace\express\ThinkPHP\Library\Think\Model.class.php 第 1814 行.
SQL: SELECT * FROM `exp_admin`  [ RunTime:0.0266s ]
INFO: [ view_parse ] --START--
INFO: [ template_filter ] --START--
INFO: Run Behavior\ContentReplaceBehavior [ RunTime:0.000201s ]
INFO: [ template_filter ] --END-- [ RunTime:0.000588s ]
INFO: Run Behavior\ParseTemplateBehavior [ RunTime:0.019097s ]
INFO: [ view_parse ] --END-- [ RunTime:0.019478s ]
INFO: [ view_filter ] --START--
INFO: Run Behavior\WriteHtmlCacheBehavior [ RunTime:0.000923s ]
INFO: [ view_filter ] --END-- [ RunTime:0.001486s ]
INFO: [ app_end ] --START--
INFO: Run Behavior\ShowPageTraceBehavior [ RunTime:0.001682s ]
INFO: [ app_end ] --END-- [ RunTime:0.002321s ]

[ 2016-03-01T09:21:04+08:00 ] 127.0.0.1 /Admin/Index/index
INFO: [ app_init ] --START--
INFO: Run Behavior\BuildLiteBehavior [ RunTime:0.000292s ]
INFO: [ app_init ] --END-- [ RunTime:0.001758s ]
INFO: [ app_begin ] --START--
INFO: Run Behavior\ReadHtmlCacheBehavior [ RunTime:0.002055s ]
INFO: Run Behavior\ReadHtmlCacheBehavior [ RunTime:0.000094s ]
INFO: Run Behavior\CheckLangBehavior [ RunTime:0.001782s ]
INFO: [ app_begin ] --END-- [ RunTime:0.004995s ]
SQL: SHOW COLUMNS FROM `exp_order` [ RunTime:0.0304s ]
SQL: SELECT COUNT(*) AS tp_count FROM `exp_order` WHERE ( curdate() - date(FROM_UNIXTIME(order_time)) =0 ) LIMIT 1   [ RunTime:0.0275s ]
SQL: SELECT COUNT(*) AS tp_count FROM `exp_order` WHERE ( curdate() - date(FROM_UNIXTIME(order_time)) =1 ) LIMIT 1   [ RunTime:0.0311s ]
SQL: SELECT COUNT(*) AS tp_count FROM `exp_order` WHERE ( curdate() - date(FROM_UNIXTIME(order_time)) =2 ) LIMIT 1   [ RunTime:0.0309s ]
SQL: SELECT COUNT(*) AS tp_count FROM `exp_order` WHERE ( curdate() - date(FROM_UNIXTIME(order_time)) =3 ) LIMIT 1   [ RunTime:0.0263s ]
SQL: SELECT COUNT(*) AS tp_count FROM `exp_order` WHERE ( curdate() - date(FROM_UNIXTIME(order_time)) =4 ) LIMIT 1   [ RunTime:0.0263s ]
SQL: SELECT COUNT(*) AS tp_count FROM `exp_order` WHERE ( curdate() - date(FROM_UNIXTIME(order_time)) =5 ) LIMIT 1   [ RunTime:0.0279s ]
SQL: SELECT COUNT(*) AS tp_count FROM `exp_order` WHERE ( curdate() - date(FROM_UNIXTIME(order_time)) =6 ) LIMIT 1   [ RunTime:0.0263s ]
SQL: SHOW COLUMNS FROM `exp_user` [ RunTime:0.0271s ]
NOTIC: [8] Use of undefined constant user_id - assumed 'user_id' E:\phpworkspace\express\Apps\Admin\Controller\IndexController.class.php 第 28 行.
SQL: SELECT COUNT(user_id) AS tp_count FROM `exp_user` LIMIT 1   [ RunTime:0.0290s ]
SQL: SELECT COUNT(*) AS tp_count FROM `exp_user` WHERE ( curdate() - date(FROM_UNIXTIME(user_regtime)) = 0 ) LIMIT 1   [ RunTime:0.0276s ]
SQL: SELECT COUNT(*) AS tp_count FROM `exp_user` WHERE ( curdate() - date(FROM_UNIXTIME(user_regtime)) = 1 ) LIMIT 1   [ RunTime:0.0289s ]
SQL: SELECT COUNT(*) AS tp_count FROM `exp_user` WHERE ( curdate() - date(FROM_UNIXTIME(user_regtime)) = 2 ) LIMIT 1   [ RunTime:0.0308s ]
SQL: SELECT COUNT(*) AS tp_count FROM `exp_user` WHERE ( curdate() - date(FROM_UNIXTIME(user_regtime)) = 3 ) LIMIT 1   [ RunTime:0.0263s ]
SQL: SELECT COUNT(*) AS tp_count FROM `exp_user` WHERE ( curdate() - date(FROM_UNIXTIME(user_regtime)) = 4 ) LIMIT 1   [ RunTime:0.0284s ]
SQL: SELECT COUNT(*) AS tp_count FROM `exp_user` WHERE ( curdate() - date(FROM_UNIXTIME(user_regtime)) = 5 ) LIMIT 1   [ RunTime:0.0262s ]
SQL: SELECT COUNT(*) AS tp_count FROM `exp_user` WHERE ( curdate() - date(FROM_UNIXTIME(user_regtime)) = 6 ) LIMIT 1   [ RunTime:0.0277s ]
SQL: SHOW COLUMNS FROM `exp_server` [ RunTime:0.0306s ]
SQL: SELECT `server_content`,count(order_id) as num FROM `exp_order` INNER JOIN exp_server on exp_server.server_id=exp_order.order_server_id  GROUP BY order_server_id  [ RunTime:0.0268s ]
SQL: SHOW COLUMNS FROM `exp_cend` [ RunTime:0.0269s ]
SQL: SELECT COUNT(*) AS tp_count FROM `exp_cend` WHERE ( curdate() - date(FROM_UNIXTIME(register_time)) =0 ) LIMIT 1   [ RunTime:0.0266s ]
SQL: SELECT COUNT(*) AS tp_count FROM `exp_cend` WHERE ( curdate() - date(FROM_UNIXTIME(register_time)) =1 ) LIMIT 1   [ RunTime:0.0266s ]
SQL: SELECT COUNT(*) AS tp_count FROM `exp_cend` WHERE ( curdate() - date(FROM_UNIXTIME(register_time)) =2 ) LIMIT 1   [ RunTime:0.0279s ]
SQL: SELECT COUNT(*) AS tp_count FROM `exp_cend` WHERE ( curdate() - date(FROM_UNIXTIME(register_time)) =3 ) LIMIT 1   [ RunTime:0.0312s ]
SQL: SELECT COUNT(*) AS tp_count FROM `exp_cend` WHERE ( curdate() - date(FROM_UNIXTIME(register_time)) =4 ) LIMIT 1   [ RunTime:0.0262s ]
SQL: SELECT COUNT(*) AS tp_count FROM `exp_cend` WHERE ( curdate() - date(FROM_UNIXTIME(register_time)) =5 ) LIMIT 1   [ RunTime:0.0285s ]
SQL: SELECT COUNT(*) AS tp_count FROM `exp_cend` WHERE ( curdate() - date(FROM_UNIXTIME(register_time)) =6 ) LIMIT 1   [ RunTime:0.0262s ]
INFO: [ view_parse ] --START--
INFO: [ template_filter ] --START--
INFO: Run Behavior\ContentReplaceBehavior [ RunTime:0.000426s ]
INFO: [ template_filter ] --END-- [ RunTime:0.000813s ]
NOTIC: [8] Use of undefined constant server_content - assumed 'server_content' E:\phpworkspace\express\Apps\Runtime\Cache\Admin\859e94050170c96367cb52465a51a945.php 第 190 行.
NOTIC: [8] Use of undefined constant server_content - assumed 'server_content' E:\phpworkspace\express\Apps\Runtime\Cache\Admin\859e94050170c96367cb52465a51a945.php 第 190 行.
NOTIC: [8] Use of undefined constant server_content - assumed 'server_content' E:\phpworkspace\express\Apps\Runtime\Cache\Admin\859e94050170c96367cb52465a51a945.php 第 190 行.
NOTIC: [8] Use of undefined constant num - assumed 'num' E:\phpworkspace\express\Apps\Runtime\Cache\Admin\859e94050170c96367cb52465a51a945.php 第 199 行.
NOTIC: [8] Use of undefined constant server_content - assumed 'server_content' E:\phpworkspace\express\Apps\Runtime\Cache\Admin\859e94050170c96367cb52465a51a945.php 第 199 行.
NOTIC: [8] Use of undefined constant num - assumed 'num' E:\phpworkspace\express\Apps\Runtime\Cache\Admin\859e94050170c96367cb52465a51a945.php 第 200 行.
NOTIC: [8] Use of undefined constant server_content - assumed 'server_content' E:\phpworkspace\express\Apps\Runtime\Cache\Admin\859e94050170c96367cb52465a51a945.php 第 200 行.
NOTIC: [8] Use of undefined constant num - assumed 'num' E:\phpworkspace\express\Apps\Runtime\Cache\Admin\859e94050170c96367cb52465a51a945.php 第 201 行.
NOTIC: [8] Use of undefined constant server_content - assumed 'server_content' E:\phpworkspace\express\Apps\Runtime\Cache\Admin\859e94050170c96367cb52465a51a945.php 第 201 行.
INFO: Run Behavior\ParseTemplateBehavior [ RunTime:0.065896s ]
INFO: [ view_parse ] --END-- [ RunTime:0.066424s ]
INFO: [ view_filter ] --START--
INFO: Run Behavior\WriteHtmlCacheBehavior [ RunTime:0.000981s ]
INFO: [ view_filter ] --END-- [ RunTime:0.001441s ]
INFO: [ app_end ] --START--
INFO: Run Behavior\ShowPageTraceBehavior [ RunTime:0.001820s ]
INFO: [ app_end ] --END-- [ RunTime:0.002410s ]

[ 2016-03-01T09:21:12+08:00 ] 127.0.0.1 /Admin/OrderManage/orderlist
INFO: [ app_init ] --START--
INFO: Run Behavior\BuildLiteBehavior [ RunTime:0.000136s ]
INFO: [ app_init ] --END-- [ RunTime:0.001779s ]
INFO: [ app_begin ] --START--
INFO: Run Behavior\ReadHtmlCacheBehavior [ RunTime:0.001402s ]
INFO: Run Behavior\ReadHtmlCacheBehavior [ RunTime:0.000179s ]
INFO: Run Behavior\CheckLangBehavior [ RunTime:0.003441s ]
INFO: [ app_begin ] --END-- [ RunTime:0.006863s ]
SQL: SHOW COLUMNS FROM `exp_order` [ RunTime:0.0296s ]
SQL: SHOW COLUMNS FROM `exp_status` [ RunTime:0.0309s ]
SQL: SELECT COUNT(*) AS tp_count FROM `exp_order` LIMIT 1   [ RunTime:0.0271s ]
SQL: SELECT * FROM `exp_order` INNER JOIN exp_status on exp_order.order_status_id=exp_status.status_id  ORDER BY order_id desc LIMIT 0,3   [ RunTime:0.0280s ]
INFO: [ view_parse ] --START--
INFO: [ template_filter ] --START--
INFO: Run Behavior\ContentReplaceBehavior [ RunTime:0.000324s ]
INFO: [ template_filter ] --END-- [ RunTime:0.000714s ]
INFO: Run Behavior\ParseTemplateBehavior [ RunTime:0.044330s ]
INFO: [ view_parse ] --END-- [ RunTime:0.045158s ]
INFO: [ view_filter ] --START--
INFO: Run Behavior\WriteHtmlCacheBehavior [ RunTime:0.001000s ]
INFO: [ view_filter ] --END-- [ RunTime:0.001534s ]
INFO: [ app_end ] --START--
INFO: Run Behavior\ShowPageTraceBehavior [ RunTime:0.001720s ]
INFO: [ app_end ] --END-- [ RunTime:0.002363s ]

[ 2016-03-01T09:23:01+08:00 ] 127.0.0.1 /Admin/OrderManage/orderlist
INFO: [ app_init ] --START--
INFO: Run Behavior\BuildLiteBehavior [ RunTime:0.000077s ]
INFO: [ app_init ] --END-- [ RunTime:0.001247s ]
INFO: [ app_begin ] --START--
INFO: Run Behavior\ReadHtmlCacheBehavior [ RunTime:0.002630s ]
INFO: Run Behavior\ReadHtmlCacheBehavior [ RunTime:0.000192s ]
INFO: Run Behavior\CheckLangBehavior [ RunTime:0.004556s ]
INFO: [ app_begin ] --END-- [ RunTime:0.008639s ]
SQL: SHOW COLUMNS FROM `exp_order` [ RunTime:0.0276s ]
SQL: SHOW COLUMNS FROM `exp_status` [ RunTime:0.0233s ]
SQL: SELECT COUNT(*) AS tp_count FROM `exp_order` LIMIT 1   [ RunTime:0.0232s ]
SQL: SELECT * FROM `exp_order` INNER JOIN exp_status on exp_order.order_status_id=exp_status.status_id  ORDER BY order_id desc LIMIT 0,3   [ RunTime:0.0249s ]
INFO: [ view_parse ] --START--
INFO: [ template_filter ] --START--
INFO: Run Behavior\ContentReplaceBehavior [ RunTime:0.000289s ]
INFO: [ template_filter ] --END-- [ RunTime:0.000689s ]
INFO: Run Behavior\ParseTemplateBehavior [ RunTime:0.052268s ]
INFO: [ view_parse ] --END-- [ RunTime:0.052789s ]
INFO: [ view_filter ] --START--
INFO: Run Behavior\WriteHtmlCacheBehavior [ RunTime:0.000860s ]
INFO: [ view_filter ] --END-- [ RunTime:0.001193s ]
INFO: [ app_end ] --START--
INFO: Run Behavior\ShowPageTraceBehavior [ RunTime:0.001323s ]
INFO: [ app_end ] --END-- [ RunTime:0.001665s ]

[ 2016-03-01T09:32:57+08:00 ] 127.0.0.1 /Admin/OrderManage/orderlist
INFO: [ app_init ] --START--
INFO: Run Behavior\BuildLiteBehavior [ RunTime:0.000128s ]
INFO: [ app_init ] --END-- [ RunTime:0.001850s ]
INFO: [ app_begin ] --START--
INFO: Run Behavior\ReadHtmlCacheBehavior [ RunTime:0.001819s ]
INFO: Run Behavior\ReadHtmlCacheBehavior [ RunTime:0.000168s ]
INFO: Run Behavior\CheckLangBehavior [ RunTime:0.003385s ]
INFO: [ app_begin ] --END-- [ RunTime:0.006579s ]
SQL: SHOW COLUMNS FROM `exp_order` [ RunTime:0.0276s ]
SQL: SHOW COLUMNS FROM `exp_status` [ RunTime:0.0289s ]
SQL: SELECT COUNT(*) AS tp_count FROM `exp_order` LIMIT 1   [ RunTime:0.0271s ]
SQL: SELECT * FROM `exp_order` INNER JOIN exp_status on exp_order.order_status_id=exp_status.status_id  ORDER BY order_id desc LIMIT 0,3   [ RunTime:0.0322s ]
NOTIC: [8] Undefined variable: order_list E:\phpworkspace\express\Apps\Admin\Controller\OrderManageController.class.php 第 25 行.
INFO: [ view_parse ] --START--
INFO: [ template_filter ] --START--
INFO: Run Behavior\ContentReplaceBehavior [ RunTime:0.000490s ]
INFO: [ template_filter ] --END-- [ RunTime:0.001320s ]
INFO: Run Behavior\ParseTemplateBehavior [ RunTime:0.047334s ]
INFO: [ view_parse ] --END-- [ RunTime:0.047925s ]
INFO: [ view_filter ] --START--
INFO: Run Behavior\WriteHtmlCacheBehavior [ RunTime:0.001674s ]
INFO: [ view_filter ] --END-- [ RunTime:0.002274s ]
INFO: [ app_end ] --START--
INFO: Run Behavior\ShowPageTraceBehavior [ RunTime:0.002012s ]
INFO: [ app_end ] --END-- [ RunTime:0.002635s ]

[ 2016-03-01T09:33:09+08:00 ] 127.0.0.1 /Admin/OrderManage/orderlist
INFO: [ app_init ] --START--
INFO: Run Behavior\BuildLiteBehavior [ RunTime:0.000175s ]
INFO: [ app_init ] --END-- [ RunTime:0.003458s ]
INFO: [ app_begin ] --START--
INFO: Run Behavior\ReadHtmlCacheBehavior [ RunTime:0.001744s ]
INFO: Run Behavior\ReadHtmlCacheBehavior [ RunTime:0.000168s ]
INFO: Run Behavior\CheckLangBehavior [ RunTime:0.003163s ]
INFO: [ app_begin ] --END-- [ RunTime:0.006259s ]
SQL: SHOW COLUMNS FROM `exp_order` [ RunTime:0.0299s ]
SQL: SHOW COLUMNS FROM `exp_status` [ RunTime:0.0279s ]
SQL: SELECT COUNT(*) AS tp_count FROM `exp_order` LIMIT 1   [ RunTime:0.0271s ]
SQL: SELECT * FROM `exp_order` INNER JOIN exp_status on exp_order.order_status_id=exp_status.status_id  ORDER BY order_id desc LIMIT 0,3   [ RunTime:0.0283s ]
INFO: [ view_parse ] --START--
INFO: [ template_filter ] --START--
INFO: Run Behavior\ContentReplaceBehavior [ RunTime:0.000303s ]
INFO: [ template_filter ] --END-- [ RunTime:0.000659s ]
INFO: Run Behavior\ParseTemplateBehavior [ RunTime:0.049942s ]
INFO: [ view_parse ] --END-- [ RunTime:0.050636s ]
INFO: [ view_filter ] --START--
INFO: Run Behavior\WriteHtmlCacheBehavior [ RunTime:0.001228s ]
INFO: [ view_filter ] --END-- [ RunTime:0.001834s ]
NOTIC: [2] Cannot modify header information - headers already sent by (output started at E:\phpworkspace\express\Apps\Admin\Controller\OrderManageController.class.php:25) E:\phpworkspace\express\ThinkPHP\Library\Think\View.class.php 第 91 行.
NOTIC: [2] Cannot modify header information - headers already sent by (output started at E:\phpworkspace\express\Apps\Admin\Controller\OrderManageController.class.php:25) E:\phpworkspace\express\ThinkPHP\Library\Think\View.class.php 第 92 行.
NOTIC: [2] Cannot modify header information - headers already sent by (output started at E:\phpworkspace\express\Apps\Admin\Controller\OrderManageController.class.php:25) E:\phpworkspace\express\ThinkPHP\Library\Think\View.class.php 第 93 行.
INFO: [ app_end ] --START--
INFO: Run Behavior\ShowPageTraceBehavior [ RunTime:0.003745s ]
INFO: [ app_end ] --END-- [ RunTime:0.004396s ]

[ 2016-03-01T09:37:26+08:00 ] 127.0.0.1 /Admin/OrderManage/orderlist
INFO: [ app_init ] --START--
INFO: Run Behavior\BuildLiteBehavior [ RunTime:0.000130s ]
INFO: [ app_init ] --END-- [ RunTime:0.001814s ]
INFO: [ app_begin ] --START--
INFO: Run Behavior\ReadHtmlCacheBehavior [ RunTime:0.001753s ]
INFO: Run Behavior\ReadHtmlCacheBehavior [ RunTime:0.000088s ]
INFO: Run Behavior\CheckLangBehavior [ RunTime:0.004792s ]
INFO: [ app_begin ] --END-- [ RunTime:0.007531s ]
SQL: SHOW COLUMNS FROM `exp_order` [ RunTime:0.0234s ]
SQL: SHOW COLUMNS FROM `exp_status` [ RunTime:0.0290s ]
SQL: SELECT COUNT(*) AS tp_count FROM `exp_order` LIMIT 1   [ RunTime:0.0232s ]
SQL: SELECT * FROM `exp_order` INNER JOIN exp_status on exp_order.order_status_id=exp_status.status_id  ORDER BY order_id desc LIMIT 0,3   [ RunTime:0.0246s ]
INFO: [ view_parse ] --START--
INFO: [ template_filter ] --START--
INFO: Run Behavior\ContentReplaceBehavior [ RunTime:0.000296s ]
INFO: [ template_filter ] --END-- [ RunTime:0.000754s ]
INFO: Run Behavior\ParseTemplateBehavior [ RunTime:0.050430s ]
INFO: [ view_parse ] --END-- [ RunTime:0.050957s ]
INFO: [ view_filter ] --START--
INFO: Run Behavior\WriteHtmlCacheBehavior [ RunTime:0.001076s ]
INFO: [ view_filter ] --END-- [ RunTime:0.001416s ]
NOTIC: [2] Cannot modify header information - headers already sent by (output started at E:\phpworkspace\express\Apps\Admin\Controller\OrderManageController.class.php:25) E:\phpworkspace\express\ThinkPHP\Library\Think\View.class.php 第 91 行.
NOTIC: [2] Cannot modify header information - headers already sent by (output started at E:\phpworkspace\express\Apps\Admin\Controller\OrderManageController.class.php:25) E:\phpworkspace\express\ThinkPHP\Library\Think\View.class.php 第 92 行.
NOTIC: [2] Cannot modify header information - headers already sent by (output started at E:\phpworkspace\express\Apps\Admin\Controller\OrderManageController.class.php:25) E:\phpworkspace\express\ThinkPHP\Library\Think\View.class.php 第 93 行.
INFO: [ app_end ] --START--
INFO: Run Behavior\ShowPageTraceBehavior [ RunTime:0.002369s ]
INFO: [ app_end ] --END-- [ RunTime:0.002885s ]

[ 2016-03-01T09:38:01+08:00 ] 127.0.0.1 /Admin/OrderManage/orderlist
INFO: [ app_init ] --START--
INFO: Run Behavior\BuildLiteBehavior [ RunTime:0.000076s ]
INFO: [ app_init ] --END-- [ RunTime:0.001140s ]
INFO: [ app_begin ] --START--
INFO: Run Behavior\ReadHtmlCacheBehavior [ RunTime:0.002742s ]
INFO: Run Behavior\ReadHtmlCacheBehavior [ RunTime:0.000165s ]
INFO: Run Behavior\CheckLangBehavior [ RunTime:0.003111s ]
INFO: [ app_begin ] --END-- [ RunTime:0.007331s ]
NOTIC: [8] Undefined index: account E:\phpworkspace\express\Apps\Admin\Controller\OrderManageController.class.php 第 7 行.
INFO: [ view_parse ] --START--
INFO: [ template_filter ] --START--
INFO: Run Behavior\ContentReplaceBehavior [ RunTime:0.000356s ]
INFO: [ template_filter ] --END-- [ RunTime:0.001019s ]
INFO: Run Behavior\ParseTemplateBehavior [ RunTime:0.030737s ]
INFO: [ view_parse ] --END-- [ RunTime:0.031402s ]
INFO: [ view_filter ] --START--
INFO: Run Behavior\WriteHtmlCacheBehavior [ RunTime:0.001615s ]
INFO: [ view_filter ] --END-- [ RunTime:0.002270s ]

[ 2016-03-01T09:38:04+08:00 ] 127.0.0.1 /Admin/Index/login
INFO: [ app_init ] --START--
INFO: Run Behavior\BuildLiteBehavior [ RunTime:0.000129s ]
INFO: [ app_init ] --END-- [ RunTime:0.001650s ]
INFO: [ app_begin ] --START--
INFO: Run Behavior\ReadHtmlCacheBehavior [ RunTime:0.001340s ]
INFO: Run Behavior\ReadHtmlCacheBehavior [ RunTime:0.000089s ]
INFO: Run Behavior\CheckLangBehavior [ RunTime:0.001715s ]
INFO: [ app_begin ] --END-- [ RunTime:0.003985s ]
INFO: [ view_parse ] --START--
INFO: [ template_filter ] --START--
INFO: Run Behavior\ContentReplaceBehavior [ RunTime:0.000269s ]
INFO: [ template_filter ] --END-- [ RunTime:0.000636s ]
INFO: Run Behavior\ParseTemplateBehavior [ RunTime:0.018434s ]
INFO: [ view_parse ] --END-- [ RunTime:0.018827s ]
INFO: [ view_filter ] --START--
INFO: Run Behavior\WriteHtmlCacheBehavior [ RunTime:0.001482s ]
INFO: [ view_filter ] --END-- [ RunTime:0.001999s ]
INFO: [ app_end ] --START--
INFO: Run Behavior\ShowPageTraceBehavior [ RunTime:0.002629s ]
INFO: [ app_end ] --END-- [ RunTime:0.003967s ]

[ 2016-03-01T09:38:07+08:00 ] 127.0.0.1 /Admin/Index/dologin
INFO: [ app_init ] --START--
INFO: Run Behavior\BuildLiteBehavior [ RunTime:0.000141s ]
INFO: [ app_init ] --END-- [ RunTime:0.002521s ]
INFO: [ app_begin ] --START--
INFO: Run Behavior\ReadHtmlCacheBehavior [ RunTime:0.001836s ]
INFO: Run Behavior\ReadHtmlCacheBehavior [ RunTime:0.000107s ]
INFO: Run Behavior\CheckLangBehavior [ RunTime:0.002993s ]
INFO: [ app_begin ] --END-- [ RunTime:0.006437s ]
SQL: SHOW COLUMNS FROM `exp_admin` [ RunTime:0.0271s ]
NOTIC: [2] array_merge(): Argument #1 is not an array E:\phpworkspace\express\ThinkPHP\Library\Think\Model.class.php 第 1814 行.
SQL: SELECT * FROM `exp_admin`  [ RunTime:0.0316s ]
INFO: [ view_parse ] --START--
INFO: [ template_filter ] --START--
INFO: Run Behavior\ContentReplaceBehavior [ RunTime:0.000341s ]
INFO: [ template_filter ] --END-- [ RunTime:0.000991s ]
INFO: Run Behavior\ParseTemplateBehavior [ RunTime:0.020202s ]
INFO: [ view_parse ] --END-- [ RunTime:0.020721s ]
INFO: [ view_filter ] --START--
INFO: Run Behavior\WriteHtmlCacheBehavior [ RunTime:0.001093s ]
INFO: [ view_filter ] --END-- [ RunTime:0.001584s ]
INFO: [ app_end ] --START--
INFO: Run Behavior\ShowPageTraceBehavior [ RunTime:0.002249s ]
INFO: [ app_end ] --END-- [ RunTime:0.002882s ]

[ 2016-03-01T09:38:10+08:00 ] 127.0.0.1 /Admin/Index/index
INFO: [ app_init ] --START--
INFO: Run Behavior\BuildLiteBehavior [ RunTime:0.000078s ]
INFO: [ app_init ] --END-- [ RunTime:0.001087s ]
INFO: [ app_begin ] --START--
INFO: Run Behavior\ReadHtmlCacheBehavior [ RunTime:0.001773s ]
INFO: Run Behavior\ReadHtmlCacheBehavior [ RunTime:0.000167s ]
INFO: Run Behavior\CheckLangBehavior [ RunTime:0.003567s ]
INFO: [ app_begin ] --END-- [ RunTime:0.006794s ]
SQL: SHOW COLUMNS FROM `exp_order` [ RunTime:0.0296s ]
SQL: SELECT COUNT(*) AS tp_count FROM `exp_order` WHERE ( curdate() - date(FROM_UNIXTIME(order_time)) =0 ) LIMIT 1   [ RunTime:0.0230s ]
SQL: SELECT COUNT(*) AS tp_count FROM `exp_order` WHERE ( curdate() - date(FROM_UNIXTIME(order_time)) =1 ) LIMIT 1   [ RunTime:0.0229s ]
SQL: SELECT COUNT(*) AS tp_count FROM `exp_order` WHERE ( curdate() - date(FROM_UNIXTIME(order_time)) =2 ) LIMIT 1   [ RunTime:0.0229s ]
SQL: SELECT COUNT(*) AS tp_count FROM `exp_order` WHERE ( curdate() - date(FROM_UNIXTIME(order_time)) =3 ) LIMIT 1   [ RunTime:0.0272s ]
SQL: SELECT COUNT(*) AS tp_count FROM `exp_order` WHERE ( curdate() - date(FROM_UNIXTIME(order_time)) =4 ) LIMIT 1   [ RunTime:0.0229s ]
SQL: SELECT COUNT(*) AS tp_count FROM `exp_order` WHERE ( curdate() - date(FROM_UNIXTIME(order_time)) =5 ) LIMIT 1   [ RunTime:0.0230s ]
SQL: SELECT COUNT(*) AS tp_count FROM `exp_order` WHERE ( curdate() - date(FROM_UNIXTIME(order_time)) =6 ) LIMIT 1   [ RunTime:0.0231s ]
SQL: SHOW COLUMNS FROM `exp_user` [ RunTime:0.0278s ]
NOTIC: [8] Use of undefined constant user_id - assumed 'user_id' E:\phpworkspace\express\Apps\Admin\Controller\IndexController.class.php 第 28 行.
SQL: SELECT COUNT(user_id) AS tp_count FROM `exp_user` LIMIT 1   [ RunTime:0.0228s ]
SQL: SELECT COUNT(*) AS tp_count FROM `exp_user` WHERE ( curdate() - date(FROM_UNIXTIME(user_regtime)) = 0 ) LIMIT 1   [ RunTime:0.0233s ]
SQL: SELECT COUNT(*) AS tp_count FROM `exp_user` WHERE ( curdate() - date(FROM_UNIXTIME(user_regtime)) = 1 ) LIMIT 1   [ RunTime:0.0239s ]
SQL: SELECT COUNT(*) AS tp_count FROM `exp_user` WHERE ( curdate() - date(FROM_UNIXTIME(user_regtime)) = 2 ) LIMIT 1   [ RunTime:0.0284s ]
SQL: SELECT COUNT(*) AS tp_count FROM `exp_user` WHERE ( curdate() - date(FROM_UNIXTIME(user_regtime)) = 3 ) LIMIT 1   [ RunTime:0.0234s ]
SQL: SELECT COUNT(*) AS tp_count FROM `exp_user` WHERE ( curdate() - date(FROM_UNIXTIME(user_regtime)) = 4 ) LIMIT 1   [ RunTime:0.0230s ]
SQL: SELECT COUNT(*) AS tp_count FROM `exp_user` WHERE ( curdate() - date(FROM_UNIXTIME(user_regtime)) = 5 ) LIMIT 1   [ RunTime:0.0231s ]
SQL: SELECT COUNT(*) AS tp_count FROM `exp_user` WHERE ( curdate() - date(FROM_UNIXTIME(user_regtime)) = 6 ) LIMIT 1   [ RunTime:0.0252s ]
SQL: SHOW COLUMNS FROM `exp_server` [ RunTime:0.0235s ]
SQL: SELECT `server_content`,count(order_id) as num FROM `exp_order` INNER JOIN exp_server on exp_server.server_id=exp_order.order_server_id  GROUP BY order_server_id  [ RunTime:0.0236s ]
SQL: SHOW COLUMNS FROM `exp_cend` [ RunTime:0.0236s ]
SQL: SELECT COUNT(*) AS tp_count FROM `exp_cend` WHERE ( curdate() - date(FROM_UNIXTIME(register_time)) =0 ) LIMIT 1   [ RunTime:0.0268s ]
SQL: SELECT COUNT(*) AS tp_count FROM `exp_cend` WHERE ( curdate() - date(FROM_UNIXTIME(register_time)) =1 ) LIMIT 1   [ RunTime:0.0230s ]
SQL: SELECT COUNT(*) AS tp_count FROM `exp_cend` WHERE ( curdate() - date(FROM_UNIXTIME(register_time)) =2 ) LIMIT 1   [ RunTime:0.0232s ]
SQL: SELECT COUNT(*) AS tp_count FROM `exp_cend` WHERE ( curdate() - date(FROM_UNIXTIME(register_time)) =3 ) LIMIT 1   [ RunTime:0.0231s ]
SQL: SELECT COUNT(*) AS tp_count FROM `exp_cend` WHERE ( curdate() - date(FROM_UNIXTIME(register_time)) =4 ) LIMIT 1   [ RunTime:0.0274s ]
SQL: SELECT COUNT(*) AS tp_count FROM `exp_cend` WHERE ( curdate() - date(FROM_UNIXTIME(register_time)) =5 ) LIMIT 1   [ RunTime:0.0253s ]
SQL: SELECT COUNT(*) AS tp_count FROM `exp_cend` WHERE ( curdate() - date(FROM_UNIXTIME(register_time)) =6 ) LIMIT 1   [ RunTime:0.0226s ]
INFO: [ view_parse ] --START--
INFO: [ template_filter ] --START--
INFO: Run Behavior\ContentReplaceBehavior [ RunTime:0.000324s ]
INFO: [ template_filter ] --END-- [ RunTime:0.000682s ]
NOTIC: [8] Use of undefined constant server_content - assumed 'server_content' E:\phpworkspace\express\Apps\Runtime\Cache\Admin\859e94050170c96367cb52465a51a945.php 第 190 行.
NOTIC: [8] Use of undefined constant server_content - assumed 'server_content' E:\phpworkspace\express\Apps\Runtime\Cache\Admin\859e94050170c96367cb52465a51a945.php 第 190 行.
NOTIC: [8] Use of undefined constant server_content - assumed 'server_content' E:\phpworkspace\express\Apps\Runtime\Cache\Admin\859e94050170c96367cb52465a51a945.php 第 190 行.
NOTIC: [8] Use of undefined constant num - assumed 'num' E:\phpworkspace\express\Apps\Runtime\Cache\Admin\859e94050170c96367cb52465a51a945.php 第 199 行.
NOTIC: [8] Use of undefined constant server_content - assumed 'server_content' E:\phpworkspace\express\Apps\Runtime\Cache\Admin\859e94050170c96367cb52465a51a945.php 第 199 行.
NOTIC: [8] Use of undefined constant num - assumed 'num' E:\phpworkspace\express\Apps\Runtime\Cache\Admin\859e94050170c96367cb52465a51a945.php 第 200 行.
NOTIC: [8] Use of undefined constant server_content - assumed 'server_content' E:\phpworkspace\express\Apps\Runtime\Cache\Admin\859e94050170c96367cb52465a51a945.php 第 200 行.
NOTIC: [8] Use of undefined constant num - assumed 'num' E:\phpworkspace\express\Apps\Runtime\Cache\Admin\859e94050170c96367cb52465a51a945.php 第 201 行.
NOTIC: [8] Use of undefined constant server_content - assumed 'server_content' E:\phpworkspace\express\Apps\Runtime\Cache\Admin\859e94050170c96367cb52465a51a945.php 第 201 行.
INFO: Run Behavior\ParseTemplateBehavior [ RunTime:0.048862s ]
INFO: [ view_parse ] --END-- [ RunTime:0.049384s ]
INFO: [ view_filter ] --START--
INFO: Run Behavior\WriteHtmlCacheBehavior [ RunTime:0.001015s ]
INFO: [ view_filter ] --END-- [ RunTime:0.001348s ]
INFO: [ app_end ] --START--
INFO: Run Behavior\ShowPageTraceBehavior [ RunTime:0.001709s ]
INFO: [ app_end ] --END-- [ RunTime:0.002048s ]

[ 2016-03-01T09:38:16+08:00 ] 127.0.0.1 /Admin/OrderManage/orderlist
INFO: [ app_init ] --START--
INFO: Run Behavior\BuildLiteBehavior [ RunTime:0.000145s ]
INFO: [ app_init ] --END-- [ RunTime:0.002056s ]
INFO: [ app_begin ] --START--
INFO: Run Behavior\ReadHtmlCacheBehavior [ RunTime:0.001279s ]
INFO: Run Behavior\ReadHtmlCacheBehavior [ RunTime:0.000088s ]
INFO: Run Behavior\CheckLangBehavior [ RunTime:0.002261s ]
INFO: [ app_begin ] --END-- [ RunTime:0.004558s ]
SQL: SHOW COLUMNS FROM `exp_order` [ RunTime:0.0264s ]
SQL: SHOW COLUMNS FROM `exp_status` [ RunTime:0.0242s ]
SQL: SELECT COUNT(*) AS tp_count FROM `exp_order` LIMIT 1   [ RunTime:0.0256s ]
SQL: SELECT * FROM `exp_order` INNER JOIN exp_status on exp_order.order_status_id=exp_status.status_id  ORDER BY order_id desc LIMIT 0,3   [ RunTime:0.0263s ]
INFO: [ view_parse ] --START--
INFO: [ template_filter ] --START--
INFO: Run Behavior\ContentReplaceBehavior [ RunTime:0.000369s ]
INFO: [ template_filter ] --END-- [ RunTime:0.000911s ]
INFO: Run Behavior\ParseTemplateBehavior [ RunTime:0.045502s ]
INFO: [ view_parse ] --END-- [ RunTime:0.045896s ]
INFO: [ view_filter ] --START--
INFO: Run Behavior\WriteHtmlCacheBehavior [ RunTime:0.001058s ]
INFO: [ view_filter ] --END-- [ RunTime:0.001403s ]
NOTIC: [2] Cannot modify header information - headers already sent by (output started at E:\phpworkspace\express\Apps\Admin\Controller\OrderManageController.class.php:25) E:\phpworkspace\express\ThinkPHP\Library\Think\View.class.php 第 91 行.
NOTIC: [2] Cannot modify header information - headers already sent by (output started at E:\phpworkspace\express\Apps\Admin\Controller\OrderManageController.class.php:25) E:\phpworkspace\express\ThinkPHP\Library\Think\View.class.php 第 92 行.
NOTIC: [2] Cannot modify header information - headers already sent by (output started at E:\phpworkspace\express\Apps\Admin\Controller\OrderManageController.class.php:25) E:\phpworkspace\express\ThinkPHP\Library\Think\View.class.php 第 93 行.
INFO: [ app_end ] --START--
INFO: Run Behavior\ShowPageTraceBehavior [ RunTime:0.002437s ]
INFO: [ app_end ] --END-- [ RunTime:0.003062s ]

[ 2016-03-01T09:38:41+08:00 ] 127.0.0.1 /Admin/Index/index
INFO: [ app_init ] --START--
INFO: Run Behavior\BuildLiteBehavior [ RunTime:0.000145s ]
INFO: [ app_init ] --END-- [ RunTime:0.002349s ]
INFO: [ app_begin ] --START--
INFO: Run Behavior\ReadHtmlCacheBehavior [ RunTime:0.002145s ]
INFO: Run Behavior\ReadHtmlCacheBehavior [ RunTime:0.000092s ]
INFO: Run Behavior\CheckLangBehavior [ RunTime:0.003044s ]
INFO: [ app_begin ] --END-- [ RunTime:0.006422s ]
SQL: SHOW COLUMNS FROM `exp_order` [ RunTime:0.0277s ]
SQL: SELECT COUNT(*) AS tp_count FROM `exp_order` WHERE ( curdate() - date(FROM_UNIXTIME(order_time)) =0 ) LIMIT 1   [ RunTime:0.0335s ]
SQL: SELECT COUNT(*) AS tp_count FROM `exp_order` WHERE ( curdate() - date(FROM_UNIXTIME(order_time)) =1 ) LIMIT 1   [ RunTime:0.0293s ]
SQL: SELECT COUNT(*) AS tp_count FROM `exp_order` WHERE ( curdate() - date(FROM_UNIXTIME(order_time)) =2 ) LIMIT 1   [ RunTime:0.0267s ]
SQL: SELECT COUNT(*) AS tp_count FROM `exp_order` WHERE ( curdate() - date(FROM_UNIXTIME(order_time)) =3 ) LIMIT 1   [ RunTime:0.0277s ]
SQL: SELECT COUNT(*) AS tp_count FROM `exp_order` WHERE ( curdate() - date(FROM_UNIXTIME(order_time)) =4 ) LIMIT 1   [ RunTime:0.0269s ]
SQL: SELECT COUNT(*) AS tp_count FROM `exp_order` WHERE ( curdate() - date(FROM_UNIXTIME(order_time)) =5 ) LIMIT 1   [ RunTime:0.0273s ]
SQL: SELECT COUNT(*) AS tp_count FROM `exp_order` WHERE ( curdate() - date(FROM_UNIXTIME(order_time)) =6 ) LIMIT 1   [ RunTime:0.0282s ]
SQL: SHOW COLUMNS FROM `exp_user` [ RunTime:0.0340s ]
NOTIC: [8] Use of undefined constant user_id - assumed 'user_id' E:\phpworkspace\express\Apps\Admin\Controller\IndexController.class.php 第 28 行.
SQL: SELECT COUNT(user_id) AS tp_count FROM `exp_user` LIMIT 1   [ RunTime:0.0289s ]
SQL: SELECT COUNT(*) AS tp_count FROM `exp_user` WHERE ( curdate() - date(FROM_UNIXTIME(user_regtime)) = 0 ) LIMIT 1   [ RunTime:0.0274s ]
SQL: SELECT COUNT(*) AS tp_count FROM `exp_user` WHERE ( curdate() - date(FROM_UNIXTIME(user_regtime)) = 1 ) LIMIT 1   [ RunTime:0.0328s ]
SQL: SELECT COUNT(*) AS tp_count FROM `exp_user` WHERE ( curdate() - date(FROM_UNIXTIME(user_regtime)) = 2 ) LIMIT 1   [ RunTime:0.0268s ]
SQL: SELECT COUNT(*) AS tp_count FROM `exp_user` WHERE ( curdate() - date(FROM_UNIXTIME(user_regtime)) = 3 ) LIMIT 1   [ RunTime:0.0267s ]
SQL: SELECT COUNT(*) AS tp_count FROM `exp_user` WHERE ( curdate() - date(FROM_UNIXTIME(user_regtime)) = 4 ) LIMIT 1   [ RunTime:0.0272s ]
SQL: SELECT COUNT(*) AS tp_count FROM `exp_user` WHERE ( curdate() - date(FROM_UNIXTIME(user_regtime)) = 5 ) LIMIT 1   [ RunTime:0.0282s ]
SQL: SELECT COUNT(*) AS tp_count FROM `exp_user` WHERE ( curdate() - date(FROM_UNIXTIME(user_regtime)) = 6 ) LIMIT 1   [ RunTime:0.0267s ]
SQL: SHOW COLUMNS FROM `exp_server` [ RunTime:0.0271s ]
SQL: SELECT `server_content`,count(order_id) as num FROM `exp_order` INNER JOIN exp_server on exp_server.server_id=exp_order.order_server_id  GROUP BY order_server_id  [ RunTime:0.0311s ]
SQL: SHOW COLUMNS FROM `exp_cend` [ RunTime:0.0279s ]
SQL: SELECT COUNT(*) AS tp_count FROM `exp_cend` WHERE ( curdate() - date(FROM_UNIXTIME(register_time)) =0 ) LIMIT 1   [ RunTime:0.0284s ]
SQL: SELECT COUNT(*) AS tp_count FROM `exp_cend` WHERE ( curdate() - date(FROM_UNIXTIME(register_time)) =1 ) LIMIT 1   [ RunTime:0.0270s ]
SQL: SELECT COUNT(*) AS tp_count FROM `exp_cend` WHERE ( curdate() - date(FROM_UNIXTIME(register_time)) =2 ) LIMIT 1   [ RunTime:0.0277s ]
SQL: SELECT COUNT(*) AS tp_count FROM `exp_cend` WHERE ( curdate() - date(FROM_UNIXTIME(register_time)) =3 ) LIMIT 1   [ RunTime:0.0348s ]
SQL: SELECT COUNT(*) AS tp_count FROM `exp_cend` WHERE ( curdate() - date(FROM_UNIXTIME(register_time)) =4 ) LIMIT 1   [ RunTime:0.0302s ]
SQL: SELECT COUNT(*) AS tp_count FROM `exp_cend` WHERE ( curdate() - date(FROM_UNIXTIME(register_time)) =5 ) LIMIT 1   [ RunTime:0.0270s ]
SQL: SELECT COUNT(*) AS tp_count FROM `exp_cend` WHERE ( curdate() - date(FROM_UNIXTIME(register_time)) =6 ) LIMIT 1   [ RunTime:0.0304s ]
INFO: [ view_parse ] --START--
INFO: [ template_filter ] --START--
INFO: Run Behavior\ContentReplaceBehavior [ RunTime:0.000328s ]
INFO: [ template_filter ] --END-- [ RunTime:0.000823s ]
NOTIC: [8] Use of undefined constant server_content - assumed 'server_content' E:\phpworkspace\express\Apps\Runtime\Cache\Admin\859e94050170c96367cb52465a51a945.php 第 190 行.
NOTIC: [8] Use of undefined constant server_content - assumed 'server_content' E:\phpworkspace\express\Apps\Runtime\Cache\Admin\859e94050170c96367cb52465a51a945.php 第 190 行.
NOTIC: [8] Use of undefined constant server_content - assumed 'server_content' E:\phpworkspace\express\Apps\Runtime\Cache\Admin\859e94050170c96367cb52465a51a945.php 第 190 行.
NOTIC: [8] Use of undefined constant num - assumed 'num' E:\phpworkspace\express\Apps\Runtime\Cache\Admin\859e94050170c96367cb52465a51a945.php 第 199 行.
NOTIC: [8] Use of undefined constant server_content - assumed 'server_content' E:\phpworkspace\express\Apps\Runtime\Cache\Admin\859e94050170c96367cb52465a51a945.php 第 199 行.
NOTIC: [8] Use of undefined constant num - assumed 'num' E:\phpworkspace\express\Apps\Runtime\Cache\Admin\859e94050170c96367cb52465a51a945.php 第 200 行.
NOTIC: [8] Use of undefined constant server_content - assumed 'server_content' E:\phpworkspace\express\Apps\Runtime\Cache\Admin\859e94050170c96367cb52465a51a945.php 第 200 行.
NOTIC: [8] Use of undefined constant num - assumed 'num' E:\phpworkspace\express\Apps\Runtime\Cache\Admin\859e94050170c96367cb52465a51a945.php 第 201 行.
NOTIC: [8] Use of undefined constant server_content - assumed 'server_content' E:\phpworkspace\express\Apps\Runtime\Cache\Admin\859e94050170c96367cb52465a51a945.php 第 201 行.
INFO: Run Behavior\ParseTemplateBehavior [ RunTime:0.040676s ]
INFO: [ view_parse ] --END-- [ RunTime:0.041065s ]
INFO: [ view_filter ] --START--
INFO: Run Behavior\WriteHtmlCacheBehavior [ RunTime:0.001026s ]
INFO: [ view_filter ] --END-- [ RunTime:0.001356s ]
INFO: [ app_end ] --START--
INFO: Run Behavior\ShowPageTraceBehavior [ RunTime:0.001541s ]
INFO: [ app_end ] --END-- [ RunTime:0.001912s ]

[ 2016-03-01T09:38:44+08:00 ] 127.0.0.1 /Admin/MessageManage/messagelist
INFO: [ app_init ] --START--
INFO: Run Behavior\BuildLiteBehavior [ RunTime:0.000132s ]
INFO: [ app_init ] --END-- [ RunTime:0.001998s ]
INFO: [ app_begin ] --START--
INFO: Run Behavior\ReadHtmlCacheBehavior [ RunTime:0.002131s ]
INFO: Run Behavior\ReadHtmlCacheBehavior [ RunTime:0.000147s ]
INFO: Run Behavior\CheckLangBehavior [ RunTime:0.002970s ]
INFO: [ app_begin ] --END-- [ RunTime:0.006446s ]
SQL: SHOW COLUMNS FROM `exp_user` [ RunTime:0.0243s ]
SQL: SHOW COLUMNS FROM `exp_message` [ RunTime:0.0297s ]
SQL: SELECT * FROM `exp_message` INNER JOIN exp_user on exp_message.user_id=exp_user.user_id   [ RunTime:0.0241s ]
INFO: [ view_parse ] --START--
INFO: [ template_filter ] --START--
INFO: Run Behavior\ContentReplaceBehavior [ RunTime:0.000243s ]
INFO: [ template_filter ] --END-- [ RunTime:0.000650s ]
INFO: Run Behavior\ParseTemplateBehavior [ RunTime:0.061657s ]
INFO: [ view_parse ] --END-- [ RunTime:0.062240s ]
INFO: [ view_filter ] --START--
INFO: Run Behavior\WriteHtmlCacheBehavior [ RunTime:0.001142s ]
INFO: [ view_filter ] --END-- [ RunTime:0.001618s ]
INFO: [ app_end ] --START--
INFO: Run Behavior\ShowPageTraceBehavior [ RunTime:0.002310s ]
INFO: [ app_end ] --END-- [ RunTime:0.002706s ]

[ 2016-03-01T09:38:45+08:00 ] 127.0.0.1 /Admin/OrderManage/cendlist
INFO: [ app_init ] --START--
INFO: Run Behavior\BuildLiteBehavior [ RunTime:0.000114s ]
INFO: [ app_init ] --END-- [ RunTime:0.001515s ]
INFO: [ app_begin ] --START--
INFO: Run Behavior\ReadHtmlCacheBehavior [ RunTime:0.001756s ]
INFO: Run Behavior\ReadHtmlCacheBehavior [ RunTime:0.000170s ]
INFO: Run Behavior\CheckLangBehavior [ RunTime:0.002752s ]
INFO: [ app_begin ] --END-- [ RunTime:0.006010s ]
SQL: SHOW COLUMNS FROM `exp_cend` [ RunTime:0.0233s ]
SQL: SHOW COLUMNS FROM `exp_cend_status` [ RunTime:0.0252s ]
SQL: SELECT COUNT(*) AS tp_count FROM `exp_cend` LIMIT 1   [ RunTime:0.0270s ]
SQL: SELECT * FROM `exp_cend` INNER JOIN exp_cend_status on exp_cend.status_id=exp_cend_status.status_id  ORDER BY cend_id desc LIMIT 0,30   [ RunTime:0.0259s ]
INFO: [ view_parse ] --START--
INFO: [ template_filter ] --START--
INFO: Run Behavior\ContentReplaceBehavior [ RunTime:0.000406s ]
INFO: [ template_filter ] --END-- [ RunTime:0.001043s ]
INFO: Run Behavior\ParseTemplateBehavior [ RunTime:0.051171s ]
INFO: [ view_parse ] --END-- [ RunTime:0.051746s ]
INFO: [ view_filter ] --START--
INFO: Run Behavior\WriteHtmlCacheBehavior [ RunTime:0.001436s ]
INFO: [ view_filter ] --END-- [ RunTime:0.002052s ]
INFO: [ app_end ] --START--
INFO: Run Behavior\ShowPageTraceBehavior [ RunTime:0.002005s ]
INFO: [ app_end ] --END-- [ RunTime:0.002484s ]

[ 2016-03-01T09:38:48+08:00 ] 127.0.0.1 /Admin/OrderManage/cendlist
INFO: [ app_init ] --START--
INFO: Run Behavior\BuildLiteBehavior [ RunTime:0.000076s ]
INFO: [ app_init ] --END-- [ RunTime:0.001063s ]
INFO: [ app_begin ] --START--
INFO: Run Behavior\ReadHtmlCacheBehavior [ RunTime:0.001117s ]
INFO: Run Behavior\ReadHtmlCacheBehavior [ RunTime:0.000104s ]
INFO: Run Behavior\CheckLangBehavior [ RunTime:0.003079s ]
INFO: [ app_begin ] --END-- [ RunTime:0.005289s ]
SQL: SHOW COLUMNS FROM `exp_cend` [ RunTime:0.0277s ]
SQL: SHOW COLUMNS FROM `exp_cend_status` [ RunTime:0.0286s ]
SQL: SELECT COUNT(*) AS tp_count FROM `exp_cend` LIMIT 1   [ RunTime:0.0273s ]
SQL: SELECT * FROM `exp_cend` INNER JOIN exp_cend_status on exp_cend.status_id=exp_cend_status.status_id  ORDER BY cend_id desc LIMIT 0,30   [ RunTime:0.0274s ]
INFO: [ view_parse ] --START--
INFO: [ template_filter ] --START--
INFO: Run Behavior\ContentReplaceBehavior [ RunTime:0.000440s ]
INFO: [ template_filter ] --END-- [ RunTime:0.001138s ]
INFO: Run Behavior\ParseTemplateBehavior [ RunTime:0.035813s ]
INFO: [ view_parse ] --END-- [ RunTime:0.036200s ]
INFO: [ view_filter ] --START--
INFO: Run Behavior\WriteHtmlCacheBehavior [ RunTime:0.001624s ]
INFO: [ view_filter ] --END-- [ RunTime:0.001988s ]
INFO: [ app_end ] --START--
INFO: Run Behavior\ShowPageTraceBehavior [ RunTime:0.001556s ]
INFO: [ app_end ] --END-- [ RunTime:0.001901s ]

[ 2016-03-01T09:38:50+08:00 ] 127.0.0.1 /Admin/OrderManage/orderlist
INFO: [ app_init ] --START--
INFO: Run Behavior\BuildLiteBehavior [ RunTime:0.000134s ]
INFO: [ app_init ] --END-- [ RunTime:0.001720s ]
INFO: [ app_begin ] --START--
INFO: Run Behavior\ReadHtmlCacheBehavior [ RunTime:0.001196s ]
INFO: Run Behavior\ReadHtmlCacheBehavior [ RunTime:0.000088s ]
INFO: Run Behavior\CheckLangBehavior [ RunTime:0.002443s ]
INFO: [ app_begin ] --END-- [ RunTime:0.004635s ]
SQL: SHOW COLUMNS FROM `exp_order` [ RunTime:0.0254s ]
SQL: SHOW COLUMNS FROM `exp_status` [ RunTime:0.0242s ]
SQL: SELECT COUNT(*) AS tp_count FROM `exp_order` LIMIT 1   [ RunTime:0.0236s ]
SQL: SELECT * FROM `exp_order` INNER JOIN exp_status on exp_order.order_status_id=exp_status.status_id  ORDER BY order_id desc LIMIT 0,3   [ RunTime:0.0339s ]
INFO: [ view_parse ] --START--
INFO: [ template_filter ] --START--
INFO: Run Behavior\ContentReplaceBehavior [ RunTime:0.000289s ]
INFO: [ template_filter ] --END-- [ RunTime:0.000648s ]
INFO: Run Behavior\ParseTemplateBehavior [ RunTime:0.044434s ]
INFO: [ view_parse ] --END-- [ RunTime:0.045082s ]
INFO: [ view_filter ] --START--
INFO: Run Behavior\WriteHtmlCacheBehavior [ RunTime:0.001450s ]
INFO: [ view_filter ] --END-- [ RunTime:0.002091s ]
NOTIC: [2] Cannot modify header information - headers already sent by (output started at E:\phpworkspace\express\Apps\Admin\Controller\OrderManageController.class.php:25) E:\phpworkspace\express\ThinkPHP\Library\Think\View.class.php 第 91 行.
NOTIC: [2] Cannot modify header information - headers already sent by (output started at E:\phpworkspace\express\Apps\Admin\Controller\OrderManageController.class.php:25) E:\phpworkspace\express\ThinkPHP\Library\Think\View.class.php 第 92 行.
NOTIC: [2] Cannot modify header information - headers already sent by (output started at E:\phpworkspace\express\Apps\Admin\Controller\OrderManageController.class.php:25) E:\phpworkspace\express\ThinkPHP\Library\Think\View.class.php 第 93 行.
INFO: [ app_end ] --START--
INFO: Run Behavior\ShowPageTraceBehavior [ RunTime:0.003135s ]
INFO: [ app_end ] --END-- [ RunTime:0.003989s ]

[ 2016-03-01T09:39:29+08:00 ] 127.0.0.1 /Admin/OrderManage/orderlist
INFO: [ app_init ] --START--
INFO: Run Behavior\BuildLiteBehavior [ RunTime:0.000077s ]
INFO: [ app_init ] --END-- [ RunTime:0.001175s ]
INFO: [ app_begin ] --START--
INFO: Run Behavior\ReadHtmlCacheBehavior [ RunTime:0.001127s ]
INFO: Run Behavior\ReadHtmlCacheBehavior [ RunTime:0.000088s ]
INFO: Run Behavior\CheckLangBehavior [ RunTime:0.003276s ]
INFO: [ app_begin ] --END-- [ RunTime:0.005245s ]
SQL: SHOW COLUMNS FROM `exp_order` [ RunTime:0.0314s ]
SQL: SHOW COLUMNS FROM `exp_status` [ RunTime:0.0293s ]
SQL: SELECT COUNT(*) AS tp_count FROM `exp_order` LIMIT 1   [ RunTime:0.0270s ]
SQL: SELECT * FROM `exp_order` INNER JOIN exp_status on exp_order.order_status_id=exp_status.status_id  ORDER BY order_id desc LIMIT 0,3   [ RunTime:0.0289s ]
INFO: [ view_parse ] --START--
INFO: [ template_filter ] --START--
INFO: Run Behavior\ContentReplaceBehavior [ RunTime:0.000464s ]
INFO: [ template_filter ] --END-- [ RunTime:0.001109s ]
INFO: Run Behavior\ParseTemplateBehavior [ RunTime:0.044136s ]
INFO: [ view_parse ] --END-- [ RunTime:0.044732s ]
INFO: [ view_filter ] --START--
INFO: Run Behavior\WriteHtmlCacheBehavior [ RunTime:0.001046s ]
INFO: [ view_filter ] --END-- [ RunTime:0.001532s ]
NOTIC: [2] Cannot modify header information - headers already sent by (output started at E:\phpworkspace\express\Apps\Admin\Controller\OrderManageController.class.php:25) E:\phpworkspace\express\ThinkPHP\Library\Think\View.class.php 第 91 行.
NOTIC: [2] Cannot modify header information - headers already sent by (output started at E:\phpworkspace\express\Apps\Admin\Controller\OrderManageController.class.php:25) E:\phpworkspace\express\ThinkPHP\Library\Think\View.class.php 第 92 行.
NOTIC: [2] Cannot modify header information - headers already sent by (output started at E:\phpworkspace\express\Apps\Admin\Controller\OrderManageController.class.php:25) E:\phpworkspace\express\ThinkPHP\Library\Think\View.class.php 第 93 行.
INFO: [ app_end ] --START--
INFO: Run Behavior\ShowPageTraceBehavior [ RunTime:0.002278s ]
INFO: [ app_end ] --END-- [ RunTime:0.002826s ]

[ 2016-03-01T09:39:34+08:00 ] 127.0.0.1 /Admin/OrderManage/orderlist
INFO: [ app_init ] --START--
INFO: Run Behavior\BuildLiteBehavior [ RunTime:0.000129s ]
INFO: [ app_init ] --END-- [ RunTime:0.002033s ]
INFO: [ app_begin ] --START--
INFO: Run Behavior\ReadHtmlCacheBehavior [ RunTime:0.002156s ]
INFO: Run Behavior\ReadHtmlCacheBehavior [ RunTime:0.000155s ]
INFO: Run Behavior\CheckLangBehavior [ RunTime:0.017933s ]
INFO: [ app_begin ] --END-- [ RunTime:0.021631s ]
SQL: SHOW COLUMNS FROM `exp_order` [ RunTime:0.0324s ]
SQL: SHOW COLUMNS FROM `exp_status` [ RunTime:0.0280s ]
SQL: SELECT COUNT(*) AS tp_count FROM `exp_order` LIMIT 1   [ RunTime:0.0275s ]
SQL: SELECT * FROM `exp_order` INNER JOIN exp_status on exp_order.order_status_id=exp_status.status_id  ORDER BY order_id desc LIMIT 0,3   [ RunTime:0.0332s ]
INFO: [ view_parse ] --START--
INFO: [ template_filter ] --START--
INFO: Run Behavior\ContentReplaceBehavior [ RunTime:0.000289s ]
INFO: [ template_filter ] --END-- [ RunTime:0.000644s ]
INFO: Run Behavior\ParseTemplateBehavior [ RunTime:0.047228s ]
INFO: [ view_parse ] --END-- [ RunTime:0.047897s ]
INFO: [ view_filter ] --START--
INFO: Run Behavior\WriteHtmlCacheBehavior [ RunTime:0.001777s ]
INFO: [ view_filter ] --END-- [ RunTime:0.002485s ]
NOTIC: [2] Cannot modify header information - headers already sent by (output started at E:\phpworkspace\express\Apps\Admin\Controller\OrderManageController.class.php:25) E:\phpworkspace\express\ThinkPHP\Library\Think\View.class.php 第 91 行.
NOTIC: [2] Cannot modify header information - headers already sent by (output started at E:\phpworkspace\express\Apps\Admin\Controller\OrderManageController.class.php:25) E:\phpworkspace\express\ThinkPHP\Library\Think\View.class.php 第 92 行.
NOTIC: [2] Cannot modify header information - headers already sent by (output started at E:\phpworkspace\express\Apps\Admin\Controller\OrderManageController.class.php:25) E:\phpworkspace\express\ThinkPHP\Library\Think\View.class.php 第 93 行.
INFO: [ app_end ] --START--
INFO: Run Behavior\ShowPageTraceBehavior [ RunTime:0.003116s ]
INFO: [ app_end ] --END-- [ RunTime:0.003769s ]

[ 2016-03-01T09:40:11+08:00 ] 127.0.0.1 /Admin/OrderManage/orderlist
INFO: [ app_init ] --START--
INFO: Run Behavior\BuildLiteBehavior [ RunTime:0.000079s ]
INFO: [ app_init ] --END-- [ RunTime:0.001303s ]
INFO: [ app_begin ] --START--
INFO: Run Behavior\ReadHtmlCacheBehavior [ RunTime:0.001165s ]
INFO: Run Behavior\ReadHtmlCacheBehavior [ RunTime:0.000089s ]
INFO: Run Behavior\CheckLangBehavior [ RunTime:0.001713s ]
INFO: [ app_begin ] --END-- [ RunTime:0.003709s ]
SQL: SHOW COLUMNS FROM `exp_order` [ RunTime:0.0239s ]
SQL: SHOW COLUMNS FROM `exp_status` [ RunTime:0.0236s ]
SQL: SELECT COUNT(*) AS tp_count FROM `exp_order` LIMIT 1   [ RunTime:0.0276s ]
SQL: SELECT * FROM `exp_order` INNER JOIN exp_status on exp_order.order_status_id=exp_status.status_id  ORDER BY order_id desc LIMIT 0,3   [ RunTime:0.0247s ]
INFO: [ view_parse ] --START--
INFO: [ template_filter ] --START--
INFO: Run Behavior\ContentReplaceBehavior [ RunTime:0.000297s ]
INFO: [ template_filter ] --END-- [ RunTime:0.000679s ]
INFO: Run Behavior\ParseTemplateBehavior [ RunTime:0.038809s ]
INFO: [ view_parse ] --END-- [ RunTime:0.039192s ]
INFO: [ view_filter ] --START--
INFO: Run Behavior\WriteHtmlCacheBehavior [ RunTime:0.001068s ]
INFO: [ view_filter ] --END-- [ RunTime:0.001416s ]
NOTIC: [2] Cannot modify header information - headers already sent by (output started at E:\phpworkspace\express\Apps\Admin\Controller\OrderManageController.class.php:25) E:\phpworkspace\express\ThinkPHP\Library\Think\View.class.php 第 91 行.
NOTIC: [2] Cannot modify header information - headers already sent by (output started at E:\phpworkspace\express\Apps\Admin\Controller\OrderManageController.class.php:25) E:\phpworkspace\express\ThinkPHP\Library\Think\View.class.php 第 92 行.
NOTIC: [2] Cannot modify header information - headers already sent by (output started at E:\phpworkspace\express\Apps\Admin\Controller\OrderManageController.class.php:25) E:\phpworkspace\express\ThinkPHP\Library\Think\View.class.php 第 93 行.
INFO: [ app_end ] --START--
INFO: Run Behavior\ShowPageTraceBehavior [ RunTime:0.002411s ]
INFO: [ app_end ] --END-- [ RunTime:0.003001s ]

[ 2016-03-01T09:40:24+08:00 ] 127.0.0.1 /Admin/OrderManage/orderlist
INFO: [ app_init ] --START--
INFO: Run Behavior\BuildLiteBehavior [ RunTime:0.000078s ]
INFO: [ app_init ] --END-- [ RunTime:0.001343s ]
INFO: [ app_begin ] --START--
INFO: Run Behavior\ReadHtmlCacheBehavior [ RunTime:0.002097s ]
INFO: Run Behavior\ReadHtmlCacheBehavior [ RunTime:0.000090s ]
INFO: Run Behavior\CheckLangBehavior [ RunTime:0.002446s ]
INFO: [ app_begin ] --END-- [ RunTime:0.005784s ]
SQL: SHOW COLUMNS FROM `exp_order` [ RunTime:0.0285s ]
SQL: SHOW COLUMNS FROM `exp_status` [ RunTime:0.0286s ]
SQL: SELECT COUNT(*) AS tp_count FROM `exp_order` LIMIT 1   [ RunTime:0.0272s ]
SQL: SELECT * FROM `exp_order` INNER JOIN exp_status on exp_order.order_status_id=exp_status.status_id  ORDER BY order_id desc LIMIT 0,3   [ RunTime:0.0328s ]
INFO: [ view_parse ] --START--
INFO: [ template_filter ] --START--
INFO: Run Behavior\ContentReplaceBehavior [ RunTime:0.000515s ]
INFO: [ template_filter ] --END-- [ RunTime:0.001501s ]
INFO: Run Behavior\ParseTemplateBehavior [ RunTime:0.047038s ]
INFO: [ view_parse ] --END-- [ RunTime:0.047725s ]
INFO: [ view_filter ] --START--
INFO: Run Behavior\WriteHtmlCacheBehavior [ RunTime:0.001580s ]
INFO: [ view_filter ] --END-- [ RunTime:0.002201s ]
NOTIC: [2] Cannot modify header information - headers already sent by (output started at E:\phpworkspace\express\Apps\Admin\Controller\OrderManageController.class.php:25) E:\phpworkspace\express\ThinkPHP\Library\Think\View.class.php 第 91 行.
NOTIC: [2] Cannot modify header information - headers already sent by (output started at E:\phpworkspace\express\Apps\Admin\Controller\OrderManageController.class.php:25) E:\phpworkspace\express\ThinkPHP\Library\Think\View.class.php 第 92 行.
NOTIC: [2] Cannot modify header information - headers already sent by (output started at E:\phpworkspace\express\Apps\Admin\Controller\OrderManageController.class.php:25) E:\phpworkspace\express\ThinkPHP\Library\Think\View.class.php 第 93 行.
INFO: [ app_end ] --START--
INFO: Run Behavior\ShowPageTraceBehavior [ RunTime:0.003015s ]
INFO: [ app_end ] --END-- [ RunTime:0.003721s ]

[ 2016-03-01T09:40:41+08:00 ] 127.0.0.1 /Admin/OrderManage/orderlist
INFO: [ app_init ] --START--
INFO: Run Behavior\BuildLiteBehavior [ RunTime:0.000131s ]
INFO: [ app_init ] --END-- [ RunTime:0.003428s ]
INFO: [ app_begin ] --START--
INFO: Run Behavior\ReadHtmlCacheBehavior [ RunTime:0.002216s ]
INFO: Run Behavior\ReadHtmlCacheBehavior [ RunTime:0.000155s ]
INFO: Run Behavior\CheckLangBehavior [ RunTime:0.014355s ]
INFO: [ app_begin ] --END-- [ RunTime:0.017978s ]
SQL: SHOW COLUMNS FROM `exp_order` [ RunTime:0.0297s ]
SQL: SHOW COLUMNS FROM `exp_status` [ RunTime:0.0272s ]
SQL: SELECT COUNT(*) AS tp_count FROM `exp_order` LIMIT 1   [ RunTime:0.0305s ]
SQL: SELECT * FROM `exp_order` INNER JOIN exp_status on exp_order.order_status_id=exp_status.status_id  ORDER BY order_id desc LIMIT 0,3   [ RunTime:0.0331s ]
INFO: [ view_parse ] --START--
INFO: [ template_filter ] --START--
INFO: Run Behavior\ContentReplaceBehavior [ RunTime:0.000481s ]
INFO: [ template_filter ] --END-- [ RunTime:0.001131s ]
INFO: Run Behavior\ParseTemplateBehavior [ RunTime:0.053981s ]
INFO: [ view_parse ] --END-- [ RunTime:0.054510s ]
INFO: [ view_filter ] --START--
INFO: Run Behavior\WriteHtmlCacheBehavior [ RunTime:0.001123s ]
INFO: [ view_filter ] --END-- [ RunTime:0.001454s ]
NOTIC: [2] Cannot modify header information - headers already sent by (output started at E:\phpworkspace\express\Apps\Admin\Controller\OrderManageController.class.php:25) E:\phpworkspace\express\ThinkPHP\Library\Think\View.class.php 第 91 行.
NOTIC: [2] Cannot modify header information - headers already sent by (output started at E:\phpworkspace\express\Apps\Admin\Controller\OrderManageController.class.php:25) E:\phpworkspace\express\ThinkPHP\Library\Think\View.class.php 第 92 行.
NOTIC: [2] Cannot modify header information - headers already sent by (output started at E:\phpworkspace\express\Apps\Admin\Controller\OrderManageController.class.php:25) E:\phpworkspace\express\ThinkPHP\Library\Think\View.class.php 第 93 行.
INFO: [ app_end ] --START--
INFO: Run Behavior\ShowPageTraceBehavior [ RunTime:0.013089s ]
INFO: [ app_end ] --END-- [ RunTime:0.013802s ]

[ 2016-03-01T09:41:26+08:00 ] 127.0.0.1 /Admin/OrderManage/orderlist
INFO: [ app_init ] --START--
INFO: Run Behavior\BuildLiteBehavior [ RunTime:0.000137s ]
INFO: [ app_init ] --END-- [ RunTime:0.002290s ]
INFO: [ app_begin ] --START--
INFO: Run Behavior\ReadHtmlCacheBehavior [ RunTime:0.001202s ]
INFO: Run Behavior\ReadHtmlCacheBehavior [ RunTime:0.000103s ]
INFO: Run Behavior\CheckLangBehavior [ RunTime:0.001792s ]
INFO: [ app_begin ] --END-- [ RunTime:0.003866s ]
SQL: SHOW COLUMNS FROM `exp_order` [ RunTime:0.0237s ]
SQL: SHOW COLUMNS FROM `exp_status` [ RunTime:0.0230s ]
SQL: SELECT COUNT(*) AS tp_count FROM `exp_order` LIMIT 1   [ RunTime:0.0228s ]
SQL: SELECT * FROM `exp_order` INNER JOIN exp_status on exp_order.order_status_id=exp_status.status_id  ORDER BY order_id desc LIMIT 0,3   [ RunTime:0.0320s ]
INFO: [ view_parse ] --START--
INFO: [ template_filter ] --START--
INFO: Run Behavior\ContentReplaceBehavior [ RunTime:0.000474s ]
INFO: [ template_filter ] --END-- [ RunTime:0.001152s ]
INFO: Run Behavior\ParseTemplateBehavior [ RunTime:0.043889s ]
INFO: [ view_parse ] --END-- [ RunTime:0.044861s ]
INFO: [ view_filter ] --START--
INFO: Run Behavior\WriteHtmlCacheBehavior [ RunTime:0.002040s ]
INFO: [ view_filter ] --END-- [ RunTime:0.002750s ]
NOTIC: [2] Cannot modify header information - headers already sent by (output started at E:\phpworkspace\express\Apps\Admin\Controller\OrderManageController.class.php:25) E:\phpworkspace\express\ThinkPHP\Library\Think\View.class.php 第 91 行.
NOTIC: [2] Cannot modify header information - headers already sent by (output started at E:\phpworkspace\express\Apps\Admin\Controller\OrderManageController.class.php:25) E:\phpworkspace\express\ThinkPHP\Library\Think\View.class.php 第 92 行.
NOTIC: [2] Cannot modify header information - headers already sent by (output started at E:\phpworkspace\express\Apps\Admin\Controller\OrderManageController.class.php:25) E:\phpworkspace\express\ThinkPHP\Library\Think\View.class.php 第 93 行.
INFO: [ app_end ] --START--
INFO: Run Behavior\ShowPageTraceBehavior [ RunTime:0.003476s ]
INFO: [ app_end ] --END-- [ RunTime:0.004427s ]

[ 2016-03-01T09:41:34+08:00 ] 127.0.0.1 /Admin/OrderManage/orderlist
INFO: [ app_init ] --START--
INFO: Run Behavior\BuildLiteBehavior [ RunTime:0.000134s ]
INFO: [ app_init ] --END-- [ RunTime:0.002059s ]
INFO: [ app_begin ] --START--
INFO: Run Behavior\ReadHtmlCacheBehavior [ RunTime:0.001964s ]
INFO: Run Behavior\ReadHtmlCacheBehavior [ RunTime:0.000090s ]
INFO: Run Behavior\CheckLangBehavior [ RunTime:0.001949s ]
INFO: [ app_begin ] --END-- [ RunTime:0.004895s ]
SQL: SHOW COLUMNS FROM `exp_order` [ RunTime:0.0330s ]
SQL: SHOW COLUMNS FROM `exp_status` [ RunTime:0.0267s ]
SQL: SELECT COUNT(*) AS tp_count FROM `exp_order` LIMIT 1   [ RunTime:0.0262s ]
SQL: SELECT * FROM `exp_order` INNER JOIN exp_status on exp_order.order_status_id=exp_status.status_id  ORDER BY order_id desc LIMIT 0,3   [ RunTime:0.0278s ]
INFO: [ view_parse ] --START--
INFO: [ template_filter ] --START--
INFO: Run Behavior\ContentReplaceBehavior [ RunTime:0.000291s ]
INFO: [ template_filter ] --END-- [ RunTime:0.000648s ]
INFO: Run Behavior\ParseTemplateBehavior [ RunTime:0.049788s ]
INFO: [ view_parse ] --END-- [ RunTime:0.052225s ]
INFO: [ view_filter ] --START--
INFO: Run Behavior\WriteHtmlCacheBehavior [ RunTime:0.001216s ]
INFO: [ view_filter ] --END-- [ RunTime:0.001563s ]
NOTIC: [2] Cannot modify header information - headers already sent by (output started at E:\phpworkspace\express\Apps\Admin\Controller\OrderManageController.class.php:25) E:\phpworkspace\express\ThinkPHP\Library\Think\View.class.php 第 91 行.
NOTIC: [2] Cannot modify header information - headers already sent by (output started at E:\phpworkspace\express\Apps\Admin\Controller\OrderManageController.class.php:25) E:\phpworkspace\express\ThinkPHP\Library\Think\View.class.php 第 92 行.
NOTIC: [2] Cannot modify header information - headers already sent by (output started at E:\phpworkspace\express\Apps\Admin\Controller\OrderManageController.class.php:25) E:\phpworkspace\express\ThinkPHP\Library\Think\View.class.php 第 93 行.
INFO: [ app_end ] --START--
INFO: Run Behavior\ShowPageTraceBehavior [ RunTime:0.002400s ]
INFO: [ app_end ] --END-- [ RunTime:0.003111s ]

[ 2016-03-01T09:41:37+08:00 ] 127.0.0.1 /Admin/OrderManage/orderlist
INFO: [ app_init ] --START--
INFO: Run Behavior\BuildLiteBehavior [ RunTime:0.000148s ]
INFO: [ app_init ] --END-- [ RunTime:0.002370s ]
INFO: [ app_begin ] --START--
INFO: Run Behavior\ReadHtmlCacheBehavior [ RunTime:0.002063s ]
INFO: Run Behavior\ReadHtmlCacheBehavior [ RunTime:0.000168s ]
INFO: Run Behavior\CheckLangBehavior [ RunTime:0.001931s ]
INFO: [ app_begin ] --END-- [ RunTime:0.005433s ]
SQL: SHOW COLUMNS FROM `exp_order` [ RunTime:0.0286s ]
SQL: SHOW COLUMNS FROM `exp_status` [ RunTime:0.0236s ]
SQL: SELECT COUNT(*) AS tp_count FROM `exp_order` LIMIT 1   [ RunTime:0.0233s ]
SQL: SELECT * FROM `exp_order` INNER JOIN exp_status on exp_order.order_status_id=exp_status.status_id  ORDER BY order_id desc LIMIT 0,3   [ RunTime:0.0312s ]
INFO: [ view_parse ] --START--
INFO: [ template_filter ] --START--
INFO: Run Behavior\ContentReplaceBehavior [ RunTime:0.000293s ]
INFO: [ template_filter ] --END-- [ RunTime:0.000655s ]
INFO: Run Behavior\ParseTemplateBehavior [ RunTime:0.039195s ]
INFO: [ view_parse ] --END-- [ RunTime:0.039917s ]
INFO: [ view_filter ] --START--
INFO: Run Behavior\WriteHtmlCacheBehavior [ RunTime:0.001745s ]
INFO: [ view_filter ] --END-- [ RunTime:0.003487s ]
NOTIC: [2] Cannot modify header information - headers already sent by (output started at E:\phpworkspace\express\Apps\Admin\Controller\OrderManageController.class.php:25) E:\phpworkspace\express\ThinkPHP\Library\Think\View.class.php 第 91 行.
NOTIC: [2] Cannot modify header information - headers already sent by (output started at E:\phpworkspace\express\Apps\Admin\Controller\OrderManageController.class.php:25) E:\phpworkspace\express\ThinkPHP\Library\Think\View.class.php 第 92 行.
NOTIC: [2] Cannot modify header information - headers already sent by (output started at E:\phpworkspace\express\Apps\Admin\Controller\OrderManageController.class.php:25) E:\phpworkspace\express\ThinkPHP\Library\Think\View.class.php 第 93 行.
INFO: [ app_end ] --START--
INFO: Run Behavior\ShowPageTraceBehavior [ RunTime:0.003048s ]
INFO: [ app_end ] --END-- [ RunTime:0.003725s ]

[ 2016-03-01T09:41:59+08:00 ] 127.0.0.1 /Admin/OrderManage/orderlist
INFO: [ app_init ] --START--
INFO: Run Behavior\BuildLiteBehavior [ RunTime:0.000140s ]
INFO: [ app_init ] --END-- [ RunTime:0.001845s ]
INFO: [ app_begin ] --START--
INFO: Run Behavior\ReadHtmlCacheBehavior [ RunTime:0.001709s ]
INFO: Run Behavior\ReadHtmlCacheBehavior [ RunTime:0.000157s ]
INFO: Run Behavior\CheckLangBehavior [ RunTime:0.003803s ]
INFO: [ app_begin ] --END-- [ RunTime:0.006894s ]
SQL: SHOW COLUMNS FROM `exp_order` [ RunTime:0.0275s ]
SQL: SHOW COLUMNS FROM `exp_status` [ RunTime:0.0271s ]
SQL: SELECT COUNT(*) AS tp_count FROM `exp_order` LIMIT 1   [ RunTime:0.0291s ]
SQL: SELECT * FROM `exp_order` INNER JOIN exp_status on exp_order.order_status_id=exp_status.status_id  ORDER BY order_id desc LIMIT 0,3   [ RunTime:0.0307s ]
INFO: [ view_parse ] --START--
INFO: [ template_filter ] --START--
INFO: Run Behavior\ContentReplaceBehavior [ RunTime:0.000473s ]
INFO: [ template_filter ] --END-- [ RunTime:0.001130s ]
INFO: Run Behavior\ParseTemplateBehavior [ RunTime:0.038258s ]
INFO: [ view_parse ] --END-- [ RunTime:0.038787s ]
INFO: [ view_filter ] --START--
INFO: Run Behavior\WriteHtmlCacheBehavior [ RunTime:0.000965s ]
INFO: [ view_filter ] --END-- [ RunTime:0.001299s ]
NOTIC: [2] Cannot modify header information - headers already sent by (output started at E:\phpworkspace\express\Apps\Admin\Controller\OrderManageController.class.php:25) E:\phpworkspace\express\ThinkPHP\Library\Think\View.class.php 第 91 行.
NOTIC: [2] Cannot modify header information - headers already sent by (output started at E:\phpworkspace\express\Apps\Admin\Controller\OrderManageController.class.php:25) E:\phpworkspace\express\ThinkPHP\Library\Think\View.class.php 第 92 行.
NOTIC: [2] Cannot modify header information - headers already sent by (output started at E:\phpworkspace\express\Apps\Admin\Controller\OrderManageController.class.php:25) E:\phpworkspace\express\ThinkPHP\Library\Think\View.class.php 第 93 行.
INFO: [ app_end ] --START--
INFO: Run Behavior\ShowPageTraceBehavior [ RunTime:0.002055s ]
INFO: [ app_end ] --END-- [ RunTime:0.002586s ]

[ 2016-03-01T09:42:09+08:00 ] 127.0.0.1 /Admin/OrderManage/orderlist
INFO: [ app_init ] --START--
INFO: Run Behavior\BuildLiteBehavior [ RunTime:0.000075s ]
INFO: [ app_init ] --END-- [ RunTime:0.001035s ]
INFO: [ app_begin ] --START--
INFO: Run Behavior\ReadHtmlCacheBehavior [ RunTime:0.001187s ]
INFO: Run Behavior\ReadHtmlCacheBehavior [ RunTime:0.000087s ]
INFO: Run Behavior\CheckLangBehavior [ RunTime:0.002258s ]
INFO: [ app_begin ] --END-- [ RunTime:0.004278s ]
SQL: SHOW COLUMNS FROM `exp_order` [ RunTime:0.0236s ]
SQL: SHOW COLUMNS FROM `exp_status` [ RunTime:0.0233s ]
SQL: SELECT COUNT(*) AS tp_count FROM `exp_order` LIMIT 1   [ RunTime:0.0295s ]
SQL: SELECT * FROM `exp_order` INNER JOIN exp_status on exp_order.order_status_id=exp_status.status_id  ORDER BY order_id desc LIMIT 0,3   [ RunTime:0.0243s ]
INFO: [ view_parse ] --START--
INFO: [ template_filter ] --START--
INFO: Run Behavior\ContentReplaceBehavior [ RunTime:0.000294s ]
INFO: [ template_filter ] --END-- [ RunTime:0.000659s ]
INFO: Run Behavior\ParseTemplateBehavior [ RunTime:0.037887s ]
INFO: [ view_parse ] --END-- [ RunTime:0.038266s ]
INFO: [ view_filter ] --START--
INFO: Run Behavior\WriteHtmlCacheBehavior [ RunTime:0.001014s ]
INFO: [ view_filter ] --END-- [ RunTime:0.001348s ]
NOTIC: [2] Cannot modify header information - headers already sent by (output started at E:\phpworkspace\express\Apps\Admin\Controller\OrderManageController.class.php:25) E:\phpworkspace\express\ThinkPHP\Library\Think\View.class.php 第 91 行.
NOTIC: [2] Cannot modify header information - headers already sent by (output started at E:\phpworkspace\express\Apps\Admin\Controller\OrderManageController.class.php:25) E:\phpworkspace\express\ThinkPHP\Library\Think\View.class.php 第 92 行.
NOTIC: [2] Cannot modify header information - headers already sent by (output started at E:\phpworkspace\express\Apps\Admin\Controller\OrderManageController.class.php:25) E:\phpworkspace\express\ThinkPHP\Library\Think\View.class.php 第 93 行.
INFO: [ app_end ] --START--
INFO: Run Behavior\ShowPageTraceBehavior [ RunTime:0.002558s ]
INFO: [ app_end ] --END-- [ RunTime:0.003202s ]

[ 2016-03-01T09:42:15+08:00 ] 127.0.0.1 /Admin/OrderManage/orderlist
INFO: [ app_init ] --START--
INFO: Run Behavior\BuildLiteBehavior [ RunTime:0.000077s ]
INFO: [ app_init ] --END-- [ RunTime:0.001078s ]
INFO: [ app_begin ] --START--
INFO: Run Behavior\ReadHtmlCacheBehavior [ RunTime:0.002716s ]
INFO: Run Behavior\ReadHtmlCacheBehavior [ RunTime:0.000168s ]
INFO: Run Behavior\CheckLangBehavior [ RunTime:0.001852s ]
INFO: [ app_begin ] --END-- [ RunTime:0.005728s ]
SQL: SHOW COLUMNS FROM `exp_order` [ RunTime:0.0239s ]
SQL: SHOW COLUMNS FROM `exp_status` [ RunTime:0.0233s ]
SQL: SELECT COUNT(*) AS tp_count FROM `exp_order` LIMIT 1   [ RunTime:0.0227s ]
SQL: SELECT * FROM `exp_order` INNER JOIN exp_status on exp_order.order_status_id=exp_status.status_id  ORDER BY order_id desc LIMIT 0,3   [ RunTime:0.0269s ]
INFO: [ view_parse ] --START--
INFO: [ template_filter ] --START--
INFO: Run Behavior\ContentReplaceBehavior [ RunTime:0.000467s ]
INFO: [ template_filter ] --END-- [ RunTime:0.001136s ]
INFO: Run Behavior\ParseTemplateBehavior [ RunTime:0.036328s ]
INFO: [ view_parse ] --END-- [ RunTime:0.036717s ]
INFO: [ view_filter ] --START--
INFO: Run Behavior\WriteHtmlCacheBehavior [ RunTime:0.001216s ]
INFO: [ view_filter ] --END-- [ RunTime:0.001655s ]
NOTIC: [2] Cannot modify header information - headers already sent by (output started at E:\phpworkspace\express\Apps\Admin\Controller\OrderManageController.class.php:25) E:\phpworkspace\express\ThinkPHP\Library\Think\View.class.php 第 91 行.
NOTIC: [2] Cannot modify header information - headers already sent by (output started at E:\phpworkspace\express\Apps\Admin\Controller\OrderManageController.class.php:25) E:\phpworkspace\express\ThinkPHP\Library\Think\View.class.php 第 92 行.
NOTIC: [2] Cannot modify header information - headers already sent by (output started at E:\phpworkspace\express\Apps\Admin\Controller\OrderManageController.class.php:25) E:\phpworkspace\express\ThinkPHP\Library\Think\View.class.php 第 93 行.
INFO: [ app_end ] --START--
INFO: Run Behavior\ShowPageTraceBehavior [ RunTime:0.002430s ]
INFO: [ app_end ] --END-- [ RunTime:0.002947s ]

[ 2016-03-01T09:42:35+08:00 ] 127.0.0.1 /Admin/OrderManage/orderlist
INFO: [ app_init ] --START--
INFO: Run Behavior\BuildLiteBehavior [ RunTime:0.000077s ]
INFO: [ app_init ] --END-- [ RunTime:0.001213s ]
INFO: [ app_begin ] --START--
INFO: Run Behavior\ReadHtmlCacheBehavior [ RunTime:0.001453s ]
INFO: Run Behavior\ReadHtmlCacheBehavior [ RunTime:0.000087s ]
INFO: Run Behavior\CheckLangBehavior [ RunTime:0.002838s ]
INFO: [ app_begin ] --END-- [ RunTime:0.005256s ]
SQL: SHOW COLUMNS FROM `exp_order` [ RunTime:0.0274s ]
SQL: SHOW COLUMNS FROM `exp_status` [ RunTime:0.0267s ]
SQL: SELECT COUNT(*) AS tp_count FROM `exp_order` LIMIT 1   [ RunTime:0.0265s ]
SQL: SELECT * FROM `exp_order` INNER JOIN exp_status on exp_order.order_status_id=exp_status.status_id  ORDER BY order_id desc LIMIT 0,3   [ RunTime:0.0280s ]
INFO: [ view_parse ] --START--
INFO: [ template_filter ] --START--
INFO: Run Behavior\ContentReplaceBehavior [ RunTime:0.000287s ]
INFO: [ template_filter ] --END-- [ RunTime:0.000699s ]
INFO: Run Behavior\ParseTemplateBehavior [ RunTime:0.039459s ]
INFO: [ view_parse ] --END-- [ RunTime:0.040310s ]
INFO: [ view_filter ] --START--
INFO: Run Behavior\WriteHtmlCacheBehavior [ RunTime:0.001246s ]
INFO: [ view_filter ] --END-- [ RunTime:0.001583s ]
NOTIC: [2] Cannot modify header information - headers already sent by (output started at E:\phpworkspace\express\Apps\Admin\Controller\OrderManageController.class.php:25) E:\phpworkspace\express\ThinkPHP\Library\Think\View.class.php 第 91 行.
NOTIC: [2] Cannot modify header information - headers already sent by (output started at E:\phpworkspace\express\Apps\Admin\Controller\OrderManageController.class.php:25) E:\phpworkspace\express\ThinkPHP\Library\Think\View.class.php 第 92 行.
NOTIC: [2] Cannot modify header information - headers already sent by (output started at E:\phpworkspace\express\Apps\Admin\Controller\OrderManageController.class.php:25) E:\phpworkspace\express\ThinkPHP\Library\Think\View.class.php 第 93 行.
INFO: [ app_end ] --START--
INFO: Run Behavior\ShowPageTraceBehavior [ RunTime:0.002131s ]
INFO: [ app_end ] --END-- [ RunTime:0.002550s ]

[ 2016-03-01T09:42:57+08:00 ] 127.0.0.1 /Admin/OrderManage/orderlist
INFO: [ app_init ] --START--
INFO: Run Behavior\BuildLiteBehavior [ RunTime:0.000078s ]
INFO: [ app_init ] --END-- [ RunTime:0.001226s ]
INFO: [ app_begin ] --START--
INFO: Run Behavior\ReadHtmlCacheBehavior [ RunTime:0.001524s ]
INFO: Run Behavior\ReadHtmlCacheBehavior [ RunTime:0.000088s ]
INFO: Run Behavior\CheckLangBehavior [ RunTime:0.001877s ]
INFO: [ app_begin ] --END-- [ RunTime:0.004225s ]
SQL: SHOW COLUMNS FROM `exp_order` [ RunTime:0.0284s ]
SQL: SHOW COLUMNS FROM `exp_status` [ RunTime:0.0269s ]
SQL: SELECT COUNT(*) AS tp_count FROM `exp_order` LIMIT 1   [ RunTime:0.0268s ]
SQL: SELECT * FROM `exp_order` INNER JOIN exp_status on exp_order.order_status_id=exp_status.status_id  ORDER BY order_id desc LIMIT 0,3   [ RunTime:0.0286s ]
INFO: [ view_parse ] --START--
INFO: [ template_filter ] --START--
INFO: Run Behavior\ContentReplaceBehavior [ RunTime:0.000323s ]
INFO: [ template_filter ] --END-- [ RunTime:0.000679s ]
INFO: Run Behavior\ParseTemplateBehavior [ RunTime:0.036229s ]
INFO: [ view_parse ] --END-- [ RunTime:0.037249s ]
INFO: [ view_filter ] --START--
INFO: Run Behavior\WriteHtmlCacheBehavior [ RunTime:0.001337s ]
INFO: [ view_filter ] --END-- [ RunTime:0.001687s ]
INFO: [ app_end ] --START--
INFO: Run Behavior\ShowPageTraceBehavior [ RunTime:0.001781s ]
INFO: [ app_end ] --END-- [ RunTime:0.002134s ]

[ 2016-03-01T09:43:12+08:00 ] 127.0.0.1 /Admin/OrderManage/orderlist
INFO: [ app_init ] --START--
INFO: Run Behavior\BuildLiteBehavior [ RunTime:0.000093s ]
INFO: [ app_init ] --END-- [ RunTime:0.001555s ]
INFO: [ app_begin ] --START--
INFO: Run Behavior\ReadHtmlCacheBehavior [ RunTime:0.001096s ]
INFO: Run Behavior\ReadHtmlCacheBehavior [ RunTime:0.000086s ]
INFO: Run Behavior\CheckLangBehavior [ RunTime:0.001687s ]
INFO: [ app_begin ] --END-- [ RunTime:0.003579s ]
SQL: SHOW COLUMNS FROM `exp_order` [ RunTime:0.0270s ]
SQL: SHOW COLUMNS FROM `exp_status` [ RunTime:0.0264s ]
SQL: SELECT COUNT(*) AS tp_count FROM `exp_order` LIMIT 1   [ RunTime:0.0260s ]
SQL: SELECT * FROM `exp_order` INNER JOIN exp_status on exp_order.order_status_id=exp_status.status_id  ORDER BY order_id desc LIMIT 0,3   [ RunTime:0.0292s ]
INFO: [ view_parse ] --START--
INFO: [ template_filter ] --START--
INFO: Run Behavior\ContentReplaceBehavior [ RunTime:0.000348s ]
INFO: [ template_filter ] --END-- [ RunTime:0.000740s ]
INFO: Run Behavior\ParseTemplateBehavior [ RunTime:0.033494s ]
INFO: [ view_parse ] --END-- [ RunTime:0.033881s ]
INFO: [ view_filter ] --START--
INFO: Run Behavior\WriteHtmlCacheBehavior [ RunTime:0.000973s ]
INFO: [ view_filter ] --END-- [ RunTime:0.001308s ]
NOTIC: [2] Cannot modify header information - headers already sent by (output started at E:\phpworkspace\express\Apps\Admin\Controller\OrderManageController.class.php:25) E:\phpworkspace\express\ThinkPHP\Library\Think\View.class.php 第 91 行.
NOTIC: [2] Cannot modify header information - headers already sent by (output started at E:\phpworkspace\express\Apps\Admin\Controller\OrderManageController.class.php:25) E:\phpworkspace\express\ThinkPHP\Library\Think\View.class.php 第 92 行.
NOTIC: [2] Cannot modify header information - headers already sent by (output started at E:\phpworkspace\express\Apps\Admin\Controller\OrderManageController.class.php:25) E:\phpworkspace\express\ThinkPHP\Library\Think\View.class.php 第 93 行.
INFO: [ app_end ] --START--
INFO: Run Behavior\ShowPageTraceBehavior [ RunTime:0.002055s ]
INFO: [ app_end ] --END-- [ RunTime:0.002602s ]

[ 2016-03-01T09:44:23+08:00 ] 127.0.0.1 /Admin/OrderManage/orderlist
INFO: [ app_init ] --START--
INFO: Run Behavior\BuildLiteBehavior [ RunTime:0.000125s ]
INFO: [ app_init ] --END-- [ RunTime:0.001893s ]
INFO: [ app_begin ] --START--
INFO: Run Behavior\ReadHtmlCacheBehavior [ RunTime:0.002259s ]
INFO: Run Behavior\ReadHtmlCacheBehavior [ RunTime:0.000166s ]
INFO: Run Behavior\CheckLangBehavior [ RunTime:0.003402s ]
INFO: [ app_begin ] --END-- [ RunTime:0.007484s ]
SQL: SHOW COLUMNS FROM `exp_order` [ RunTime:0.0243s ]
SQL: SHOW COLUMNS FROM `exp_status` [ RunTime:0.0236s ]
SQL: SELECT COUNT(*) AS tp_count FROM `exp_order` LIMIT 1   [ RunTime:0.0271s ]
SQL: SELECT * FROM `exp_order` INNER JOIN exp_status on exp_order.order_status_id=exp_status.status_id  ORDER BY order_id desc LIMIT 0,3   [ RunTime:0.0249s ]
INFO: [ view_parse ] --START--
INFO: [ template_filter ] --START--
INFO: Run Behavior\ContentReplaceBehavior [ RunTime:0.000440s ]
INFO: [ template_filter ] --END-- [ RunTime:0.001063s ]
INFO: Run Behavior\ParseTemplateBehavior [ RunTime:0.044538s ]
INFO: [ view_parse ] --END-- [ RunTime:0.044957s ]
INFO: [ view_filter ] --START--
INFO: Run Behavior\WriteHtmlCacheBehavior [ RunTime:0.001097s ]
INFO: [ view_filter ] --END-- [ RunTime:0.001471s ]
INFO: [ app_end ] --START--
INFO: Run Behavior\ShowPageTraceBehavior [ RunTime:0.001588s ]
INFO: [ app_end ] --END-- [ RunTime:0.001924s ]

[ 2016-03-01T09:45:08+08:00 ] 127.0.0.1 /Admin/OrderManage/orderlist
INFO: [ app_init ] --START--
INFO: Run Behavior\BuildLiteBehavior [ RunTime:0.000076s ]
INFO: [ app_init ] --END-- [ RunTime:0.001176s ]
INFO: [ app_begin ] --START--
INFO: Run Behavior\ReadHtmlCacheBehavior [ RunTime:0.001664s ]
INFO: Run Behavior\ReadHtmlCacheBehavior [ RunTime:0.000090s ]
INFO: Run Behavior\CheckLangBehavior [ RunTime:0.002066s ]
INFO: [ app_begin ] --END-- [ RunTime:0.004613s ]
SQL: SHOW COLUMNS FROM `exp_order` [ RunTime:0.0295s ]
SQL: SHOW COLUMNS FROM `exp_status` [ RunTime:0.0275s ]
SQL: SELECT COUNT(*) AS tp_count FROM `exp_order` LIMIT 1   [ RunTime:0.0270s ]
SQL: SELECT * FROM `exp_order` INNER JOIN exp_status on exp_order.order_status_id=exp_status.status_id  ORDER BY order_id desc LIMIT 0,3   [ RunTime:0.0312s ]
INFO: [ view_parse ] --START--
INFO: [ template_filter ] --START--
INFO: Run Behavior\ContentReplaceBehavior [ RunTime:0.000291s ]
INFO: [ template_filter ] --END-- [ RunTime:0.000649s ]
INFO: Run Behavior\ParseTemplateBehavior [ RunTime:0.040401s ]
INFO: [ view_parse ] --END-- [ RunTime:0.040802s ]
INFO: [ view_filter ] --START--
INFO: Run Behavior\WriteHtmlCacheBehavior [ RunTime:0.001521s ]
INFO: [ view_filter ] --END-- [ RunTime:0.002062s ]
INFO: [ app_end ] --START--
INFO: Run Behavior\ShowPageTraceBehavior [ RunTime:0.002579s ]
INFO: [ app_end ] --END-- [ RunTime:0.003423s ]

[ 2016-03-01T09:45:54+08:00 ] 127.0.0.1 /Admin/OrderManage/orderlist
INFO: [ app_init ] --START--
INFO: Run Behavior\BuildLiteBehavior [ RunTime:0.000075s ]
INFO: [ app_init ] --END-- [ RunTime:0.001136s ]
INFO: [ app_begin ] --START--
INFO: Run Behavior\ReadHtmlCacheBehavior [ RunTime:0.001561s ]
INFO: Run Behavior\ReadHtmlCacheBehavior [ RunTime:0.000091s ]
INFO: Run Behavior\CheckLangBehavior [ RunTime:0.001776s ]
INFO: [ app_begin ] --END-- [ RunTime:0.004197s ]
SQL: SHOW COLUMNS FROM `exp_order` [ RunTime:0.0270s ]
SQL: SHOW COLUMNS FROM `exp_status` [ RunTime:0.0283s ]
SQL: SELECT COUNT(*) AS tp_count FROM `exp_order` LIMIT 1   [ RunTime:0.0261s ]
SQL: SELECT * FROM `exp_order` INNER JOIN exp_status on exp_order.order_status_id=exp_status.status_id  ORDER BY order_id desc LIMIT 0,3   [ RunTime:0.0281s ]
INFO: [ view_parse ] --START--
INFO: [ template_filter ] --START--
INFO: Run Behavior\ContentReplaceBehavior [ RunTime:0.000817s ]
INFO: [ template_filter ] --END-- [ RunTime:0.001556s ]
INFO: Run Behavior\ParseTemplateBehavior [ RunTime:0.052491s ]
INFO: [ view_parse ] --END-- [ RunTime:0.053162s ]
INFO: [ view_filter ] --START--
INFO: Run Behavior\WriteHtmlCacheBehavior [ RunTime:0.001539s ]
INFO: [ view_filter ] --END-- [ RunTime:0.001898s ]
INFO: [ app_end ] --START--
INFO: Run Behavior\ShowPageTraceBehavior [ RunTime:0.001553s ]
INFO: [ app_end ] --END-- [ RunTime:0.001935s ]

[ 2016-03-01T15:52:54+08:00 ] 127.0.0.1 /Admin/OrderManage/orderlist
INFO: [ app_init ] --START--
INFO: Run Behavior\BuildLiteBehavior [ RunTime:0.000078s ]
INFO: [ app_init ] --END-- [ RunTime:0.001587s ]
INFO: [ app_begin ] --START--
INFO: Run Behavior\ReadHtmlCacheBehavior [ RunTime:0.001627s ]
INFO: Run Behavior\ReadHtmlCacheBehavior [ RunTime:0.000087s ]
INFO: Run Behavior\CheckLangBehavior [ RunTime:0.002113s ]
INFO: [ app_begin ] --END-- [ RunTime:0.004566s ]
SQL: SHOW COLUMNS FROM `exp_order` [ RunTime:0.0317s ]
SQL: SHOW COLUMNS FROM `exp_status` [ RunTime:0.0377s ]
SQL: SELECT COUNT(*) AS tp_count FROM `exp_order` LIMIT 1   [ RunTime:0.0323s ]
SQL: SELECT * FROM `exp_order` INNER JOIN exp_status on exp_order.order_status_id=exp_status.status_id  ORDER BY order_id desc LIMIT 0,3   [ RunTime:0.0347s ]
INFO: [ view_parse ] --START--
INFO: [ template_filter ] --START--
INFO: Run Behavior\ContentReplaceBehavior [ RunTime:0.000302s ]
INFO: [ template_filter ] --END-- [ RunTime:0.000755s ]
INFO: Run Behavior\ParseTemplateBehavior [ RunTime:0.046134s ]
INFO: [ view_parse ] --END-- [ RunTime:0.047628s ]
INFO: [ view_filter ] --START--
INFO: Run Behavior\WriteHtmlCacheBehavior [ RunTime:0.001404s ]
INFO: [ view_filter ] --END-- [ RunTime:0.002074s ]
INFO: [ app_end ] --START--
INFO: Run Behavior\ShowPageTraceBehavior [ RunTime:0.001452s ]
INFO: [ app_end ] --END-- [ RunTime:0.001806s ]

[ 2016-03-01T15:57:34+08:00 ] 127.0.0.1 /Admin/OrderManage/orderlist
INFO: [ app_init ] --START--
INFO: Run Behavior\BuildLiteBehavior [ RunTime:0.000084s ]
INFO: [ app_init ] --END-- [ RunTime:0.002128s ]
INFO: [ app_begin ] --START--
INFO: Run Behavior\ReadHtmlCacheBehavior [ RunTime:0.002463s ]
INFO: Run Behavior\ReadHtmlCacheBehavior [ RunTime:0.000164s ]
INFO: Run Behavior\CheckLangBehavior [ RunTime:0.003516s ]
INFO: [ app_begin ] --END-- [ RunTime:0.007576s ]
SQL: SHOW COLUMNS FROM `exp_order` [ RunTime:0.0286s ]
SQL: SHOW COLUMNS FROM `exp_status` [ RunTime:0.0373s ]
SQL: SELECT COUNT(*) AS tp_count FROM `exp_order` LIMIT 1   [ RunTime:0.0414s ]
SQL: SELECT * FROM `exp_order` INNER JOIN exp_status on exp_order.order_status_id=exp_status.status_id  ORDER BY order_id desc LIMIT 0,3   [ RunTime:0.0363s ]
INFO: [ view_parse ] --START--
INFO: [ template_filter ] --START--
INFO: Run Behavior\ContentReplaceBehavior [ RunTime:0.000301s ]
INFO: [ template_filter ] --END-- [ RunTime:0.000712s ]
NOTIC: [8] Array to string conversion E:\phpworkspace\express\Apps\Runtime\Cache\Admin\394a1c3fa7acf09c1ff7189e1027452a.php 第 20 行.
INFO: Run Behavior\ParseTemplateBehavior [ RunTime:0.042751s ]
INFO: [ view_parse ] --END-- [ RunTime:0.043151s ]
INFO: [ view_filter ] --START--
INFO: Run Behavior\WriteHtmlCacheBehavior [ RunTime:0.001104s ]
INFO: [ view_filter ] --END-- [ RunTime:0.001444s ]
INFO: [ app_end ] --START--
INFO: Run Behavior\ShowPageTraceBehavior [ RunTime:0.002351s ]
INFO: [ app_end ] --END-- [ RunTime:0.003258s ]

[ 2016-03-01T15:57:43+08:00 ] 127.0.0.1 /Admin/OrderManage/orderlist
INFO: [ app_init ] --START--
INFO: Run Behavior\BuildLiteBehavior [ RunTime:0.000075s ]
INFO: [ app_init ] --END-- [ RunTime:0.001075s ]
INFO: [ app_begin ] --START--
INFO: Run Behavior\ReadHtmlCacheBehavior [ RunTime:0.001627s ]
INFO: Run Behavior\ReadHtmlCacheBehavior [ RunTime:0.000121s ]
INFO: Run Behavior\CheckLangBehavior [ RunTime:0.002641s ]
INFO: [ app_begin ] --END-- [ RunTime:0.005295s ]
SQL: SHOW COLUMNS FROM `exp_order` [ RunTime:0.0425s ]
SQL: SHOW COLUMNS FROM `exp_status` [ RunTime:0.0411s ]
SQL: SELECT COUNT(*) AS tp_count FROM `exp_order` LIMIT 1   [ RunTime:0.0328s ]
SQL: SELECT * FROM `exp_order` INNER JOIN exp_status on exp_order.order_status_id=exp_status.status_id  ORDER BY order_id desc LIMIT 0,3   [ RunTime:0.0317s ]
INFO: [ view_parse ] --START--
INFO: [ template_filter ] --START--
INFO: Run Behavior\ContentReplaceBehavior [ RunTime:0.000299s ]
INFO: [ template_filter ] --END-- [ RunTime:0.000772s ]
NOTIC: [8] Array to string conversion E:\phpworkspace\express\Apps\Runtime\Cache\Admin\394a1c3fa7acf09c1ff7189e1027452a.php 第 20 行.
INFO: Run Behavior\ParseTemplateBehavior [ RunTime:0.043215s ]
INFO: [ view_parse ] --END-- [ RunTime:0.043587s ]
INFO: [ view_filter ] --START--
INFO: Run Behavior\WriteHtmlCacheBehavior [ RunTime:0.001248s ]
INFO: [ view_filter ] --END-- [ RunTime:0.001684s ]
INFO: [ app_end ] --START--
INFO: Run Behavior\ShowPageTraceBehavior [ RunTime:0.001746s ]
INFO: [ app_end ] --END-- [ RunTime:0.002106s ]

[ 2016-03-01T16:01:51+08:00 ] 127.0.0.1 /Admin/OrderManage/orderlist
INFO: [ app_init ] --START--
INFO: Run Behavior\BuildLiteBehavior [ RunTime:0.000122s ]
INFO: [ app_init ] --END-- [ RunTime:0.001324s ]
INFO: [ app_begin ] --START--
INFO: Run Behavior\ReadHtmlCacheBehavior [ RunTime:0.001528s ]
INFO: Run Behavior\ReadHtmlCacheBehavior [ RunTime:0.000088s ]
INFO: Run Behavior\CheckLangBehavior [ RunTime:0.001918s ]
INFO: [ app_begin ] --END-- [ RunTime:0.004281s ]
SQL: SHOW COLUMNS FROM `exp_order` [ RunTime:0.0434s ]
SQL: SHOW COLUMNS FROM `exp_status` [ RunTime:0.0332s ]
SQL: SELECT COUNT(*) AS tp_count FROM `exp_order` LIMIT 1   [ RunTime:0.0333s ]
SQL: SELECT * FROM `exp_order` INNER JOIN exp_status on exp_order.order_status_id=exp_status.status_id  ORDER BY order_id desc LIMIT 0,3   [ RunTime:0.0365s ]
INFO: [ view_parse ] --START--
INFO: [ template_filter ] --START--
INFO: Run Behavior\ContentReplaceBehavior [ RunTime:0.000308s ]
INFO: [ template_filter ] --END-- [ RunTime:0.000671s ]
NOTIC: [8] Array to string conversion E:\phpworkspace\express\Apps\Runtime\Cache\Admin\394a1c3fa7acf09c1ff7189e1027452a.php 第 20 行.
INFO: Run Behavior\ParseTemplateBehavior [ RunTime:0.038905s ]
INFO: [ view_parse ] --END-- [ RunTime:0.039288s ]
INFO: [ view_filter ] --START--
INFO: Run Behavior\WriteHtmlCacheBehavior [ RunTime:0.001170s ]
INFO: [ view_filter ] --END-- [ RunTime:0.001577s ]
NOTIC: [2] Cannot modify header information - headers already sent by (output started at E:\phpworkspace\express\Apps\Admin\Controller\OrderManageController.class.php:25) E:\phpworkspace\express\ThinkPHP\Library\Think\View.class.php 第 91 行.
NOTIC: [2] Cannot modify header information - headers already sent by (output started at E:\phpworkspace\express\Apps\Admin\Controller\OrderManageController.class.php:25) E:\phpworkspace\express\ThinkPHP\Library\Think\View.class.php 第 92 行.
NOTIC: [2] Cannot modify header information - headers already sent by (output started at E:\phpworkspace\express\Apps\Admin\Controller\OrderManageController.class.php:25) E:\phpworkspace\express\ThinkPHP\Library\Think\View.class.php 第 93 行.
INFO: [ app_end ] --START--
INFO: Run Behavior\ShowPageTraceBehavior [ RunTime:0.003920s ]
INFO: [ app_end ] --END-- [ RunTime:0.005316s ]

[ 2016-03-01T16:06:19+08:00 ] 127.0.0.1 /Admin/OrderManage/orderlist
INFO: [ app_init ] --START--
INFO: Run Behavior\BuildLiteBehavior [ RunTime:0.000095s ]
INFO: [ app_init ] --END-- [ RunTime:0.001467s ]
INFO: [ app_begin ] --START--
INFO: Run Behavior\ReadHtmlCacheBehavior [ RunTime:0.001462s ]
INFO: Run Behavior\ReadHtmlCacheBehavior [ RunTime:0.000166s ]
INFO: Run Behavior\CheckLangBehavior [ RunTime:0.002936s ]
INFO: [ app_begin ] --END-- [ RunTime:0.005658s ]
SQL: SHOW COLUMNS FROM `exp_order` [ RunTime:0.0473s ]
SQL: SHOW COLUMNS FROM `exp_status` [ RunTime:0.0359s ]
SQL: SELECT COUNT(*) AS tp_count FROM `exp_order` LIMIT 1   [ RunTime:0.0332s ]
SQL: SELECT * FROM `exp_order` INNER JOIN exp_status on exp_order.order_status_id=exp_status.status_id  ORDER BY order_id desc LIMIT 0,3   [ RunTime:0.0359s ]
INFO: [ view_parse ] --START--
INFO: [ template_filter ] --START--
INFO: Run Behavior\ContentReplaceBehavior [ RunTime:0.000444s ]
INFO: [ template_filter ] --END-- [ RunTime:0.001012s ]
INFO: Run Behavior\ParseTemplateBehavior [ RunTime:0.042566s ]
INFO: [ view_parse ] --END-- [ RunTime:0.042952s ]
INFO: [ view_filter ] --START--
INFO: Run Behavior\WriteHtmlCacheBehavior [ RunTime:0.000882s ]
INFO: [ view_filter ] --END-- [ RunTime:0.001225s ]
INFO: [ app_end ] --START--
INFO: Run Behavior\ShowPageTraceBehavior [ RunTime:0.001574s ]
INFO: [ app_end ] --END-- [ RunTime:0.001945s ]

[ 2016-03-01T16:07:14+08:00 ] 127.0.0.1 /Admin/OrderManage/orderlist
INFO: [ app_init ] --START--
INFO: Run Behavior\BuildLiteBehavior [ RunTime:0.000082s ]
INFO: [ app_init ] --END-- [ RunTime:0.001824s ]
INFO: [ app_begin ] --START--
INFO: Run Behavior\ReadHtmlCacheBehavior [ RunTime:0.001535s ]
INFO: Run Behavior\ReadHtmlCacheBehavior [ RunTime:0.000088s ]
INFO: Run Behavior\CheckLangBehavior [ RunTime:0.002897s ]
INFO: [ app_begin ] --END-- [ RunTime:0.005303s ]
SQL: SHOW COLUMNS FROM `exp_order` [ RunTime:0.0282s ]
SQL: SHOW COLUMNS FROM `exp_status` [ RunTime:0.0296s ]
SQL: SELECT COUNT(*) AS tp_count FROM `exp_order` LIMIT 1   [ RunTime:0.0327s ]
SQL: SELECT * FROM `exp_order` INNER JOIN exp_status on exp_order.order_status_id=exp_status.status_id  ORDER BY order_id desc LIMIT 0,30   [ RunTime:0.0294s ]
INFO: [ view_parse ] --START--
INFO: [ template_filter ] --START--
INFO: Run Behavior\ContentReplaceBehavior [ RunTime:0.000633s ]
INFO: [ template_filter ] --END-- [ RunTime:0.001528s ]
INFO: Run Behavior\ParseTemplateBehavior [ RunTime:0.040925s ]
INFO: [ view_parse ] --END-- [ RunTime:0.041335s ]
INFO: [ view_filter ] --START--
INFO: Run Behavior\WriteHtmlCacheBehavior [ RunTime:0.001073s ]
INFO: [ view_filter ] --END-- [ RunTime:0.001406s ]
INFO: [ app_end ] --START--
INFO: Run Behavior\ShowPageTraceBehavior [ RunTime:0.003741s ]
INFO: [ app_end ] --END-- [ RunTime:0.004522s ]

[ 2016-03-01T16:07:18+08:00 ] 127.0.0.1 /Admin/orderManage/ordercontent/id/1
INFO: [ app_init ] --START--
INFO: Run Behavior\BuildLiteBehavior [ RunTime:0.000077s ]
INFO: [ app_init ] --END-- [ RunTime:0.001278s ]
INFO: [ app_begin ] --START--
INFO: Run Behavior\ReadHtmlCacheBehavior [ RunTime:0.001581s ]
INFO: Run Behavior\ReadHtmlCacheBehavior [ RunTime:0.000118s ]
INFO: Run Behavior\CheckLangBehavior [ RunTime:0.002086s ]
INFO: [ app_begin ] --END-- [ RunTime:0.004642s ]
SQL: SHOW COLUMNS FROM `exp_order` [ RunTime:0.0299s ]
SQL: SELECT * FROM `exp_order` WHERE `order_id` = 1 LIMIT 1   [ RunTime:0.0281s ]
INFO: [ view_parse ] --START--
INFO: [ template_filter ] --START--
INFO: Run Behavior\ContentReplaceBehavior [ RunTime:0.000303s ]
INFO: [ template_filter ] --END-- [ RunTime:0.000693s ]
INFO: Run Behavior\ParseTemplateBehavior [ RunTime:0.029217s ]
INFO: [ view_parse ] --END-- [ RunTime:0.029666s ]
INFO: [ view_filter ] --START--
INFO: Run Behavior\WriteHtmlCacheBehavior [ RunTime:0.001101s ]
INFO: [ view_filter ] --END-- [ RunTime:0.001442s ]
INFO: [ app_end ] --START--
INFO: Run Behavior\ShowPageTraceBehavior [ RunTime:0.002043s ]
INFO: [ app_end ] --END-- [ RunTime:0.002655s ]

[ 2016-03-01T19:58:37+08:00 ] 127.0.0.1 /Admin/Index/index
INFO: [ app_init ] --START--
INFO: Run Behavior\BuildLiteBehavior [ RunTime:0.000131s ]
INFO: [ app_init ] --END-- [ RunTime:0.002805s ]
INFO: [ app_begin ] --START--
INFO: Run Behavior\ReadHtmlCacheBehavior [ RunTime:0.002026s ]
INFO: Run Behavior\ReadHtmlCacheBehavior [ RunTime:0.000157s ]
INFO: Run Behavior\CheckLangBehavior [ RunTime:0.003541s ]
INFO: [ app_begin ] --END-- [ RunTime:0.006770s ]
SQL: SHOW COLUMNS FROM `exp_order` [ RunTime:0.0298s ]
SQL: SELECT COUNT(*) AS tp_count FROM `exp_order` WHERE ( curdate() - date(FROM_UNIXTIME(order_time)) =0 ) LIMIT 1   [ RunTime:0.0442s ]
SQL: SELECT COUNT(*) AS tp_count FROM `exp_order` WHERE ( curdate() - date(FROM_UNIXTIME(order_time)) =1 ) LIMIT 1   [ RunTime:0.0296s ]
SQL: SELECT COUNT(*) AS tp_count FROM `exp_order` WHERE ( curdate() - date(FROM_UNIXTIME(order_time)) =2 ) LIMIT 1   [ RunTime:0.0274s ]
SQL: SELECT COUNT(*) AS tp_count FROM `exp_order` WHERE ( curdate() - date(FROM_UNIXTIME(order_time)) =3 ) LIMIT 1   [ RunTime:0.0455s ]
SQL: SELECT COUNT(*) AS tp_count FROM `exp_order` WHERE ( curdate() - date(FROM_UNIXTIME(order_time)) =4 ) LIMIT 1   [ RunTime:0.0279s ]
SQL: SELECT COUNT(*) AS tp_count FROM `exp_order` WHERE ( curdate() - date(FROM_UNIXTIME(order_time)) =5 ) LIMIT 1   [ RunTime:0.0297s ]
SQL: SELECT COUNT(*) AS tp_count FROM `exp_order` WHERE ( curdate() - date(FROM_UNIXTIME(order_time)) =6 ) LIMIT 1   [ RunTime:0.0342s ]
SQL: SHOW COLUMNS FROM `exp_user` [ RunTime:0.0294s ]
NOTIC: [8] Use of undefined constant user_id - assumed 'user_id' E:\phpworkspace\express\Apps\Admin\Controller\IndexController.class.php 第 28 行.
SQL: SELECT COUNT(user_id) AS tp_count FROM `exp_user` LIMIT 1   [ RunTime:0.0273s ]
SQL: SELECT COUNT(*) AS tp_count FROM `exp_user` WHERE ( curdate() - date(FROM_UNIXTIME(user_regtime)) = 0 ) LIMIT 1   [ RunTime:0.0273s ]
SQL: SELECT COUNT(*) AS tp_count FROM `exp_user` WHERE ( curdate() - date(FROM_UNIXTIME(user_regtime)) = 1 ) LIMIT 1   [ RunTime:0.0292s ]
SQL: SELECT COUNT(*) AS tp_count FROM `exp_user` WHERE ( curdate() - date(FROM_UNIXTIME(user_regtime)) = 2 ) LIMIT 1   [ RunTime:0.0280s ]
SQL: SELECT COUNT(*) AS tp_count FROM `exp_user` WHERE ( curdate() - date(FROM_UNIXTIME(user_regtime)) = 3 ) LIMIT 1   [ RunTime:0.0278s ]
SQL: SELECT COUNT(*) AS tp_count FROM `exp_user` WHERE ( curdate() - date(FROM_UNIXTIME(user_regtime)) = 4 ) LIMIT 1   [ RunTime:0.0294s ]
SQL: SELECT COUNT(*) AS tp_count FROM `exp_user` WHERE ( curdate() - date(FROM_UNIXTIME(user_regtime)) = 5 ) LIMIT 1   [ RunTime:0.0276s ]
SQL: SELECT COUNT(*) AS tp_count FROM `exp_user` WHERE ( curdate() - date(FROM_UNIXTIME(user_regtime)) = 6 ) LIMIT 1   [ RunTime:0.0300s ]
SQL: SHOW COLUMNS FROM `exp_server` [ RunTime:0.0385s ]
SQL: SELECT `server_content`,count(order_id) as num FROM `exp_order` INNER JOIN exp_server on exp_server.server_id=exp_order.order_server_id  GROUP BY order_server_id  [ RunTime:0.0276s ]
SQL: SHOW COLUMNS FROM `exp_cend` [ RunTime:0.0276s ]
SQL: SELECT COUNT(*) AS tp_count FROM `exp_cend` WHERE ( curdate() - date(FROM_UNIXTIME(register_time)) =0 ) LIMIT 1   [ RunTime:0.0280s ]
SQL: SELECT COUNT(*) AS tp_count FROM `exp_cend` WHERE ( curdate() - date(FROM_UNIXTIME(register_time)) =1 ) LIMIT 1   [ RunTime:0.0362s ]
SQL: SELECT COUNT(*) AS tp_count FROM `exp_cend` WHERE ( curdate() - date(FROM_UNIXTIME(register_time)) =2 ) LIMIT 1   [ RunTime:0.0275s ]
SQL: SELECT COUNT(*) AS tp_count FROM `exp_cend` WHERE ( curdate() - date(FROM_UNIXTIME(register_time)) =3 ) LIMIT 1   [ RunTime:0.0292s ]
SQL: SELECT COUNT(*) AS tp_count FROM `exp_cend` WHERE ( curdate() - date(FROM_UNIXTIME(register_time)) =4 ) LIMIT 1   [ RunTime:0.0295s ]
SQL: SELECT COUNT(*) AS tp_count FROM `exp_cend` WHERE ( curdate() - date(FROM_UNIXTIME(register_time)) =5 ) LIMIT 1   [ RunTime:0.0274s ]
SQL: SELECT COUNT(*) AS tp_count FROM `exp_cend` WHERE ( curdate() - date(FROM_UNIXTIME(register_time)) =6 ) LIMIT 1   [ RunTime:0.0274s ]
INFO: [ view_parse ] --START--
INFO: [ template_filter ] --START--
INFO: Run Behavior\ContentReplaceBehavior [ RunTime:0.000385s ]
INFO: [ template_filter ] --END-- [ RunTime:0.000745s ]
NOTIC: [8] Use of undefined constant server_content - assumed 'server_content' E:\phpworkspace\express\Apps\Runtime\Cache\Admin\859e94050170c96367cb52465a51a945.php 第 190 行.
NOTIC: [8] Use of undefined constant server_content - assumed 'server_content' E:\phpworkspace\express\Apps\Runtime\Cache\Admin\859e94050170c96367cb52465a51a945.php 第 190 行.
NOTIC: [8] Use of undefined constant server_content - assumed 'server_content' E:\phpworkspace\express\Apps\Runtime\Cache\Admin\859e94050170c96367cb52465a51a945.php 第 190 行.
NOTIC: [8] Use of undefined constant num - assumed 'num' E:\phpworkspace\express\Apps\Runtime\Cache\Admin\859e94050170c96367cb52465a51a945.php 第 199 行.
NOTIC: [8] Use of undefined constant server_content - assumed 'server_content' E:\phpworkspace\express\Apps\Runtime\Cache\Admin\859e94050170c96367cb52465a51a945.php 第 199 行.
NOTIC: [8] Use of undefined constant num - assumed 'num' E:\phpworkspace\express\Apps\Runtime\Cache\Admin\859e94050170c96367cb52465a51a945.php 第 200 行.
NOTIC: [8] Use of undefined constant server_content - assumed 'server_content' E:\phpworkspace\express\Apps\Runtime\Cache\Admin\859e94050170c96367cb52465a51a945.php 第 200 行.
NOTIC: [8] Use of undefined constant num - assumed 'num' E:\phpworkspace\express\Apps\Runtime\Cache\Admin\859e94050170c96367cb52465a51a945.php 第 201 行.
NOTIC: [8] Use of undefined constant server_content - assumed 'server_content' E:\phpworkspace\express\Apps\Runtime\Cache\Admin\859e94050170c96367cb52465a51a945.php 第 201 行.
INFO: Run Behavior\ParseTemplateBehavior [ RunTime:0.092212s ]
INFO: [ view_parse ] --END-- [ RunTime:0.092730s ]
INFO: [ view_filter ] --START--
INFO: Run Behavior\WriteHtmlCacheBehavior [ RunTime:0.001359s ]
INFO: [ view_filter ] --END-- [ RunTime:0.001703s ]
INFO: [ app_end ] --START--
INFO: Run Behavior\ShowPageTraceBehavior [ RunTime:0.001637s ]
INFO: [ app_end ] --END-- [ RunTime:0.001978s ]

[ 2016-03-01T20:29:07+08:00 ] 127.0.0.1 /Admin/UserManage/userlist
INFO: [ app_init ] --START--
INFO: Run Behavior\BuildLiteBehavior [ RunTime:0.000207s ]
INFO: [ app_init ] --END-- [ RunTime:0.026408s ]
INFO: [ app_begin ] --START--
INFO: Run Behavior\ReadHtmlCacheBehavior [ RunTime:0.018594s ]
INFO: Run Behavior\ReadHtmlCacheBehavior [ RunTime:0.000164s ]
INFO: Run Behavior\CheckLangBehavior [ RunTime:0.023736s ]
INFO: [ app_begin ] --END-- [ RunTime:0.043748s ]
SQL: SHOW COLUMNS FROM `exp_user` [ RunTime:0.0312s ]
SQL: SELECT * FROM `exp_user` ORDER BY user_id desc  [ RunTime:0.0317s ]
INFO: [ view_parse ] --START--
INFO: [ template_filter ] --START--
INFO: Run Behavior\ContentReplaceBehavior [ RunTime:0.001183s ]
INFO: [ template_filter ] --END-- [ RunTime:0.002142s ]
INFO: Run Behavior\ParseTemplateBehavior [ RunTime:0.597922s ]
INFO: [ view_parse ] --END-- [ RunTime:0.598493s ]
INFO: [ view_filter ] --START--
INFO: Run Behavior\WriteHtmlCacheBehavior [ RunTime:0.105355s ]
INFO: [ view_filter ] --END-- [ RunTime:0.106144s ]
INFO: [ app_end ] --START--
INFO: Run Behavior\ShowPageTraceBehavior [ RunTime:0.096488s ]
INFO: [ app_end ] --END-- [ RunTime:0.097130s ]

