[ 2016-02-27T12:10:25+08:00 ] 127.0.0.1 /Admin/OrderManage/orderlist
INFO: [ app_init ] --START--
INFO: Run Behavior\BuildLiteBehavior [ RunTime:0.000167s ]
INFO: [ app_init ] --END-- [ RunTime:0.002081s ]
INFO: [ app_begin ] --START--
INFO: Run Behavior\ReadHtmlCacheBehavior [ RunTime:0.001507s ]
INFO: Run Behavior\ReadHtmlCacheBehavior [ RunTime:0.000163s ]
INFO: Run Behavior\CheckLangBehavior [ RunTime:0.002912s ]
INFO: [ app_begin ] --END-- [ RunTime:0.005545s ]
SQL: SHOW COLUMNS FROM `exp_order` [ RunTime:0.0298s ]
SQL: SHOW COLUMNS FROM `exp_status` [ RunTime:0.0289s ]
SQL: SELECT COUNT(*) AS tp_count FROM `exp_order` LIMIT 1   [ RunTime:0.0422s ]
SQL: SELECT * FROM `exp_order` INNER JOIN exp_status on exp_order.order_status_id=exp_status.status_id  ORDER BY order_id desc LIMIT 0,30   [ RunTime:0.0308s ]
INFO: [ view_parse ] --START--
INFO: [ template_filter ] --START--
INFO: Run Behavior\ContentReplaceBehavior [ RunTime:0.000285s ]
INFO: [ template_filter ] --END-- [ RunTime:0.000674s ]
INFO: Run Behavior\ParseTemplateBehavior [ RunTime:0.038598s ]
INFO: [ view_parse ] --END-- [ RunTime:0.038982s ]
INFO: [ view_filter ] --START--
INFO: Run Behavior\WriteHtmlCacheBehavior [ RunTime:0.000975s ]
INFO: [ view_filter ] --END-- [ RunTime:0.001503s ]
INFO: [ app_end ] --START--
INFO: Run Behavior\ShowPageTraceBehavior [ RunTime:0.001834s ]
INFO: [ app_end ] --END-- [ RunTime:0.002372s ]

[ 2016-02-27T12:10:29+08:00 ] 127.0.0.1 /Admin/Index/index
INFO: [ app_init ] --START--
INFO: Run Behavior\BuildLiteBehavior [ RunTime:0.000074s ]
INFO: [ app_init ] --END-- [ RunTime:0.001158s ]
INFO: [ app_begin ] --START--
INFO: Run Behavior\ReadHtmlCacheBehavior [ RunTime:0.001429s ]
INFO: Run Behavior\ReadHtmlCacheBehavior [ RunTime:0.000163s ]
INFO: Run Behavior\CheckLangBehavior [ RunTime:0.003111s ]
INFO: [ app_begin ] --END-- [ RunTime:0.006820s ]
SQL: SHOW COLUMNS FROM `exp_order` [ RunTime:0.0267s ]
SQL: SELECT COUNT(*) AS tp_count FROM `exp_order` WHERE ( curdate() - date(FROM_UNIXTIME(order_time)) =0 ) LIMIT 1   [ RunTime:0.0276s ]
SQL: SELECT COUNT(*) AS tp_count FROM `exp_order` WHERE ( curdate() - date(FROM_UNIXTIME(order_time)) =1 ) LIMIT 1   [ RunTime:0.0256s ]
SQL: SELECT COUNT(*) AS tp_count FROM `exp_order` WHERE ( curdate() - date(FROM_UNIXTIME(order_time)) =2 ) LIMIT 1   [ RunTime:0.0263s ]
SQL: SELECT COUNT(*) AS tp_count FROM `exp_order` WHERE ( curdate() - date(FROM_UNIXTIME(order_time)) =3 ) LIMIT 1   [ RunTime:0.0255s ]
SQL: SELECT COUNT(*) AS tp_count FROM `exp_order` WHERE ( curdate() - date(FROM_UNIXTIME(order_time)) =4 ) LIMIT 1   [ RunTime:0.0255s ]
SQL: SELECT COUNT(*) AS tp_count FROM `exp_order` WHERE ( curdate() - date(FROM_UNIXTIME(order_time)) =5 ) LIMIT 1   [ RunTime:0.0263s ]
SQL: SELECT COUNT(*) AS tp_count FROM `exp_order` WHERE ( curdate() - date(FROM_UNIXTIME(order_time)) =6 ) LIMIT 1   [ RunTime:0.0255s ]
SQL: SHOW COLUMNS FROM `exp_user` [ RunTime:0.0287s ]
NOTIC: [8] Use of undefined constant user_id - assumed 'user_id' E:\phpworkspace\express\Apps\Admin\Controller\IndexController.class.php 第 28 行.
SQL: SELECT COUNT(user_id) AS tp_count FROM `exp_user` LIMIT 1   [ RunTime:0.0274s ]
SQL: SELECT COUNT(*) AS tp_count FROM `exp_user` WHERE ( curdate() - date(FROM_UNIXTIME(user_regtime)) = 0 ) LIMIT 1   [ RunTime:0.0256s ]
SQL: SELECT COUNT(*) AS tp_count FROM `exp_user` WHERE ( curdate() - date(FROM_UNIXTIME(user_regtime)) = 1 ) LIMIT 1   [ RunTime:0.0271s ]
SQL: SELECT COUNT(*) AS tp_count FROM `exp_user` WHERE ( curdate() - date(FROM_UNIXTIME(user_regtime)) = 2 ) LIMIT 1   [ RunTime:0.0253s ]
SQL: SELECT COUNT(*) AS tp_count FROM `exp_user` WHERE ( curdate() - date(FROM_UNIXTIME(user_regtime)) = 3 ) LIMIT 1   [ RunTime:0.0257s ]
SQL: SELECT COUNT(*) AS tp_count FROM `exp_user` WHERE ( curdate() - date(FROM_UNIXTIME(user_regtime)) = 4 ) LIMIT 1   [ RunTime:0.0260s ]
SQL: SELECT COUNT(*) AS tp_count FROM `exp_user` WHERE ( curdate() - date(FROM_UNIXTIME(user_regtime)) = 5 ) LIMIT 1   [ RunTime:0.0258s ]
SQL: SELECT COUNT(*) AS tp_count FROM `exp_user` WHERE ( curdate() - date(FROM_UNIXTIME(user_regtime)) = 6 ) LIMIT 1   [ RunTime:0.0256s ]
SQL: SHOW COLUMNS FROM `exp_server` [ RunTime:0.0268s ]
SQL: SELECT `server_content`,count(order_id) as num FROM `exp_order` INNER JOIN exp_server on exp_server.server_id=exp_order.order_server_id  GROUP BY order_server_id  [ RunTime:0.0256s ]
SQL: SHOW COLUMNS FROM `exp_cend` [ RunTime:0.0260s ]
SQL: SELECT COUNT(*) AS tp_count FROM `exp_cend` WHERE ( curdate() - date(FROM_UNIXTIME(register_time)) =0 ) LIMIT 1   [ RunTime:0.0254s ]
SQL: SELECT COUNT(*) AS tp_count FROM `exp_cend` WHERE ( curdate() - date(FROM_UNIXTIME(register_time)) =1 ) LIMIT 1   [ RunTime:0.0270s ]
SQL: SELECT COUNT(*) AS tp_count FROM `exp_cend` WHERE ( curdate() - date(FROM_UNIXTIME(register_time)) =2 ) LIMIT 1   [ RunTime:0.0276s ]
SQL: SELECT COUNT(*) AS tp_count FROM `exp_cend` WHERE ( curdate() - date(FROM_UNIXTIME(register_time)) =3 ) LIMIT 1   [ RunTime:0.0255s ]
SQL: SELECT COUNT(*) AS tp_count FROM `exp_cend` WHERE ( curdate() - date(FROM_UNIXTIME(register_time)) =4 ) LIMIT 1   [ RunTime:0.0270s ]
SQL: SELECT COUNT(*) AS tp_count FROM `exp_cend` WHERE ( curdate() - date(FROM_UNIXTIME(register_time)) =5 ) LIMIT 1   [ RunTime:0.0262s ]
SQL: SELECT COUNT(*) AS tp_count FROM `exp_cend` WHERE ( curdate() - date(FROM_UNIXTIME(register_time)) =6 ) LIMIT 1   [ RunTime:0.0256s ]
INFO: [ view_parse ] --START--
INFO: [ template_filter ] --START--
INFO: Run Behavior\ContentReplaceBehavior [ RunTime:0.000363s ]
INFO: [ template_filter ] --END-- [ RunTime:0.000726s ]
NOTIC: [8] Use of undefined constant server_content - assumed 'server_content' E:\phpworkspace\express\Apps\Runtime\Cache\Admin\859e94050170c96367cb52465a51a945.php 第 190 行.
NOTIC: [8] Use of undefined constant server_content - assumed 'server_content' E:\phpworkspace\express\Apps\Runtime\Cache\Admin\859e94050170c96367cb52465a51a945.php 第 190 行.
NOTIC: [8] Use of undefined constant server_content - assumed 'server_content' E:\phpworkspace\express\Apps\Runtime\Cache\Admin\859e94050170c96367cb52465a51a945.php 第 190 行.
NOTIC: [8] Use of undefined constant num - assumed 'num' E:\phpworkspace\express\Apps\Runtime\Cache\Admin\859e94050170c96367cb52465a51a945.php 第 199 行.
NOTIC: [8] Use of undefined constant server_content - assumed 'server_content' E:\phpworkspace\express\Apps\Runtime\Cache\Admin\859e94050170c96367cb52465a51a945.php 第 199 行.
NOTIC: [8] Use of undefined constant num - assumed 'num' E:\phpworkspace\express\Apps\Runtime\Cache\Admin\859e94050170c96367cb52465a51a945.php 第 200 行.
NOTIC: [8] Use of undefined constant server_content - assumed 'server_content' E:\phpworkspace\express\Apps\Runtime\Cache\Admin\859e94050170c96367cb52465a51a945.php 第 200 行.
NOTIC: [8] Use of undefined constant num - assumed 'num' E:\phpworkspace\express\Apps\Runtime\Cache\Admin\859e94050170c96367cb52465a51a945.php 第 201 行.
NOTIC: [8] Use of undefined constant server_content - assumed 'server_content' E:\phpworkspace\express\Apps\Runtime\Cache\Admin\859e94050170c96367cb52465a51a945.php 第 201 行.
INFO: Run Behavior\ParseTemplateBehavior [ RunTime:0.036073s ]
INFO: [ view_parse ] --END-- [ RunTime:0.036491s ]
INFO: [ view_filter ] --START--
INFO: Run Behavior\WriteHtmlCacheBehavior [ RunTime:0.002871s ]
INFO: [ view_filter ] --END-- [ RunTime:0.003330s ]
INFO: [ app_end ] --START--
INFO: Run Behavior\ShowPageTraceBehavior [ RunTime:0.001644s ]
INFO: [ app_end ] --END-- [ RunTime:0.001979s ]

[ 2016-02-27T19:36:55+08:00 ] 127.0.0.1 /admin/index/index
INFO: [ app_init ] --START--
INFO: Run Behavior\BuildLiteBehavior [ RunTime:0.000127s ]
INFO: [ app_init ] --END-- [ RunTime:0.003879s ]
INFO: [ app_begin ] --START--
INFO: Run Behavior\ReadHtmlCacheBehavior [ RunTime:0.001192s ]
INFO: Run Behavior\ReadHtmlCacheBehavior [ RunTime:0.000088s ]
INFO: Run Behavior\CheckLangBehavior [ RunTime:0.002469s ]
INFO: [ app_begin ] --END-- [ RunTime:0.004585s ]
NOTIC: [8] Undefined index: account E:\phpworkspace\express\Apps\Admin\Controller\IndexController.class.php 第 7 行.
INFO: [ view_parse ] --START--
INFO: [ template_filter ] --START--
INFO: Run Behavior\ContentReplaceBehavior [ RunTime:0.000202s ]
INFO: [ template_filter ] --END-- [ RunTime:0.000557s ]
INFO: Run Behavior\ParseTemplateBehavior [ RunTime:0.020536s ]
INFO: [ view_parse ] --END-- [ RunTime:0.021257s ]
INFO: [ view_filter ] --START--
INFO: Run Behavior\WriteHtmlCacheBehavior [ RunTime:0.000981s ]
INFO: [ view_filter ] --END-- [ RunTime:0.001357s ]

[ 2016-02-27T19:36:58+08:00 ] 127.0.0.1 /Admin/Index/login
INFO: [ app_init ] --START--
INFO: Run Behavior\BuildLiteBehavior [ RunTime:0.000187s ]
INFO: [ app_init ] --END-- [ RunTime:0.001264s ]
INFO: [ app_begin ] --START--
INFO: Run Behavior\ReadHtmlCacheBehavior [ RunTime:0.001283s ]
INFO: Run Behavior\ReadHtmlCacheBehavior [ RunTime:0.000086s ]
INFO: Run Behavior\CheckLangBehavior [ RunTime:0.001716s ]
INFO: [ app_begin ] --END-- [ RunTime:0.003868s ]
INFO: [ view_parse ] --START--
INFO: [ template_filter ] --START--
INFO: Run Behavior\ContentReplaceBehavior [ RunTime:0.000236s ]
INFO: [ template_filter ] --END-- [ RunTime:0.000643s ]
INFO: Run Behavior\ParseTemplateBehavior [ RunTime:0.023247s ]
INFO: [ view_parse ] --END-- [ RunTime:0.023644s ]
INFO: [ view_filter ] --START--
INFO: Run Behavior\WriteHtmlCacheBehavior [ RunTime:0.000843s ]
INFO: [ view_filter ] --END-- [ RunTime:0.001266s ]
INFO: [ app_end ] --START--
INFO: Run Behavior\ShowPageTraceBehavior [ RunTime:0.001165s ]
INFO: [ app_end ] --END-- [ RunTime:0.001498s ]

[ 2016-02-27T19:37:00+08:00 ] 127.0.0.1 /Admin/Index/dologin
INFO: [ app_init ] --START--
INFO: Run Behavior\BuildLiteBehavior [ RunTime:0.000207s ]
INFO: [ app_init ] --END-- [ RunTime:0.001821s ]
INFO: [ app_begin ] --START--
INFO: Run Behavior\ReadHtmlCacheBehavior [ RunTime:0.001193s ]
INFO: Run Behavior\ReadHtmlCacheBehavior [ RunTime:0.000055s ]
INFO: Run Behavior\CheckLangBehavior [ RunTime:0.001783s ]
INFO: [ app_begin ] --END-- [ RunTime:0.003846s ]
SQL: SHOW COLUMNS FROM `exp_admin` [ RunTime:0.0298s ]
NOTIC: [2] array_merge(): Argument #1 is not an array E:\phpworkspace\express\ThinkPHP\Library\Think\Model.class.php 第 1814 行.
SQL: SELECT * FROM `exp_admin`  [ RunTime:0.0300s ]
INFO: [ view_parse ] --START--
INFO: [ template_filter ] --START--
INFO: Run Behavior\ContentReplaceBehavior [ RunTime:0.000196s ]
INFO: [ template_filter ] --END-- [ RunTime:0.000546s ]
INFO: Run Behavior\ParseTemplateBehavior [ RunTime:0.017858s ]
INFO: [ view_parse ] --END-- [ RunTime:0.018230s ]
INFO: [ view_filter ] --START--
INFO: Run Behavior\WriteHtmlCacheBehavior [ RunTime:0.001190s ]
INFO: [ view_filter ] --END-- [ RunTime:0.001716s ]
INFO: [ app_end ] --START--
INFO: Run Behavior\ShowPageTraceBehavior [ RunTime:0.001521s ]
INFO: [ app_end ] --END-- [ RunTime:0.001958s ]

[ 2016-02-27T19:37:03+08:00 ] 127.0.0.1 /Admin/Index/index
INFO: [ app_init ] --START--
INFO: Run Behavior\BuildLiteBehavior [ RunTime:0.000075s ]
INFO: [ app_init ] --END-- [ RunTime:0.001193s ]
INFO: [ app_begin ] --START--
INFO: Run Behavior\ReadHtmlCacheBehavior [ RunTime:0.001402s ]
INFO: Run Behavior\ReadHtmlCacheBehavior [ RunTime:0.000087s ]
INFO: Run Behavior\CheckLangBehavior [ RunTime:0.001810s ]
INFO: [ app_begin ] --END-- [ RunTime:0.004153s ]
SQL: SHOW COLUMNS FROM `exp_order` [ RunTime:0.0248s ]
SQL: SELECT COUNT(*) AS tp_count FROM `exp_order` WHERE ( curdate() - date(FROM_UNIXTIME(order_time)) =0 ) LIMIT 1   [ RunTime:0.0233s ]
SQL: SELECT COUNT(*) AS tp_count FROM `exp_order` WHERE ( curdate() - date(FROM_UNIXTIME(order_time)) =1 ) LIMIT 1   [ RunTime:0.0238s ]
SQL: SELECT COUNT(*) AS tp_count FROM `exp_order` WHERE ( curdate() - date(FROM_UNIXTIME(order_time)) =2 ) LIMIT 1   [ RunTime:0.0234s ]
SQL: SELECT COUNT(*) AS tp_count FROM `exp_order` WHERE ( curdate() - date(FROM_UNIXTIME(order_time)) =3 ) LIMIT 1   [ RunTime:0.0234s ]
SQL: SELECT COUNT(*) AS tp_count FROM `exp_order` WHERE ( curdate() - date(FROM_UNIXTIME(order_time)) =4 ) LIMIT 1   [ RunTime:0.0234s ]
SQL: SELECT COUNT(*) AS tp_count FROM `exp_order` WHERE ( curdate() - date(FROM_UNIXTIME(order_time)) =5 ) LIMIT 1   [ RunTime:0.0234s ]
SQL: SELECT COUNT(*) AS tp_count FROM `exp_order` WHERE ( curdate() - date(FROM_UNIXTIME(order_time)) =6 ) LIMIT 1   [ RunTime:0.0235s ]
SQL: SHOW COLUMNS FROM `exp_user` [ RunTime:0.0256s ]
NOTIC: [8] Use of undefined constant user_id - assumed 'user_id' E:\phpworkspace\express\Apps\Admin\Controller\IndexController.class.php 第 28 行.
SQL: SELECT COUNT(user_id) AS tp_count FROM `exp_user` LIMIT 1   [ RunTime:0.0234s ]
SQL: SELECT COUNT(*) AS tp_count FROM `exp_user` WHERE ( curdate() - date(FROM_UNIXTIME(user_regtime)) = 0 ) LIMIT 1   [ RunTime:0.0235s ]
SQL: SELECT COUNT(*) AS tp_count FROM `exp_user` WHERE ( curdate() - date(FROM_UNIXTIME(user_regtime)) = 1 ) LIMIT 1   [ RunTime:0.0234s ]
SQL: SELECT COUNT(*) AS tp_count FROM `exp_user` WHERE ( curdate() - date(FROM_UNIXTIME(user_regtime)) = 2 ) LIMIT 1   [ RunTime:0.0242s ]
SQL: SELECT COUNT(*) AS tp_count FROM `exp_user` WHERE ( curdate() - date(FROM_UNIXTIME(user_regtime)) = 3 ) LIMIT 1   [ RunTime:0.0237s ]
SQL: SELECT COUNT(*) AS tp_count FROM `exp_user` WHERE ( curdate() - date(FROM_UNIXTIME(user_regtime)) = 4 ) LIMIT 1   [ RunTime:0.0234s ]
SQL: SELECT COUNT(*) AS tp_count FROM `exp_user` WHERE ( curdate() - date(FROM_UNIXTIME(user_regtime)) = 5 ) LIMIT 1   [ RunTime:0.0232s ]
SQL: SELECT COUNT(*) AS tp_count FROM `exp_user` WHERE ( curdate() - date(FROM_UNIXTIME(user_regtime)) = 6 ) LIMIT 1   [ RunTime:0.0233s ]
SQL: SHOW COLUMNS FROM `exp_server` [ RunTime:0.0269s ]
SQL: SELECT `server_content`,count(order_id) as num FROM `exp_order` INNER JOIN exp_server on exp_server.server_id=exp_order.order_server_id  GROUP BY order_server_id  [ RunTime:0.0242s ]
SQL: SHOW COLUMNS FROM `exp_cend` [ RunTime:0.0251s ]
SQL: SELECT COUNT(*) AS tp_count FROM `exp_cend` WHERE ( curdate() - date(FROM_UNIXTIME(register_time)) =0 ) LIMIT 1   [ RunTime:0.0245s ]
SQL: SELECT COUNT(*) AS tp_count FROM `exp_cend` WHERE ( curdate() - date(FROM_UNIXTIME(register_time)) =1 ) LIMIT 1   [ RunTime:0.0249s ]
SQL: SELECT COUNT(*) AS tp_count FROM `exp_cend` WHERE ( curdate() - date(FROM_UNIXTIME(register_time)) =2 ) LIMIT 1   [ RunTime:0.0233s ]
SQL: SELECT COUNT(*) AS tp_count FROM `exp_cend` WHERE ( curdate() - date(FROM_UNIXTIME(register_time)) =3 ) LIMIT 1   [ RunTime:0.0234s ]
SQL: SELECT COUNT(*) AS tp_count FROM `exp_cend` WHERE ( curdate() - date(FROM_UNIXTIME(register_time)) =4 ) LIMIT 1   [ RunTime:0.0230s ]
SQL: SELECT COUNT(*) AS tp_count FROM `exp_cend` WHERE ( curdate() - date(FROM_UNIXTIME(register_time)) =5 ) LIMIT 1   [ RunTime:0.0239s ]
SQL: SELECT COUNT(*) AS tp_count FROM `exp_cend` WHERE ( curdate() - date(FROM_UNIXTIME(register_time)) =6 ) LIMIT 1   [ RunTime:0.0256s ]
INFO: [ view_parse ] --START--
INFO: [ template_filter ] --START--
INFO: Run Behavior\ContentReplaceBehavior [ RunTime:0.000346s ]
INFO: [ template_filter ] --END-- [ RunTime:0.000726s ]
NOTIC: [8] Use of undefined constant server_content - assumed 'server_content' E:\phpworkspace\express\Apps\Runtime\Cache\Admin\859e94050170c96367cb52465a51a945.php 第 190 行.
NOTIC: [8] Use of undefined constant server_content - assumed 'server_content' E:\phpworkspace\express\Apps\Runtime\Cache\Admin\859e94050170c96367cb52465a51a945.php 第 190 行.
NOTIC: [8] Use of undefined constant server_content - assumed 'server_content' E:\phpworkspace\express\Apps\Runtime\Cache\Admin\859e94050170c96367cb52465a51a945.php 第 190 行.
NOTIC: [8] Use of undefined constant num - assumed 'num' E:\phpworkspace\express\Apps\Runtime\Cache\Admin\859e94050170c96367cb52465a51a945.php 第 199 行.
NOTIC: [8] Use of undefined constant server_content - assumed 'server_content' E:\phpworkspace\express\Apps\Runtime\Cache\Admin\859e94050170c96367cb52465a51a945.php 第 199 行.
NOTIC: [8] Use of undefined constant num - assumed 'num' E:\phpworkspace\express\Apps\Runtime\Cache\Admin\859e94050170c96367cb52465a51a945.php 第 200 行.
NOTIC: [8] Use of undefined constant server_content - assumed 'server_content' E:\phpworkspace\express\Apps\Runtime\Cache\Admin\859e94050170c96367cb52465a51a945.php 第 200 行.
NOTIC: [8] Use of undefined constant num - assumed 'num' E:\phpworkspace\express\Apps\Runtime\Cache\Admin\859e94050170c96367cb52465a51a945.php 第 201 行.
NOTIC: [8] Use of undefined constant server_content - assumed 'server_content' E:\phpworkspace\express\Apps\Runtime\Cache\Admin\859e94050170c96367cb52465a51a945.php 第 201 行.
INFO: Run Behavior\ParseTemplateBehavior [ RunTime:0.038288s ]
INFO: [ view_parse ] --END-- [ RunTime:0.038836s ]
INFO: [ view_filter ] --START--
INFO: Run Behavior\WriteHtmlCacheBehavior [ RunTime:0.001189s ]
INFO: [ view_filter ] --END-- [ RunTime:0.001659s ]
INFO: [ app_end ] --START--
INFO: Run Behavior\ShowPageTraceBehavior [ RunTime:0.001297s ]
INFO: [ app_end ] --END-- [ RunTime:0.001646s ]

[ 2016-02-27T19:37:09+08:00 ] 127.0.0.1 /Admin/OrderManage/orderlist
INFO: [ app_init ] --START--
INFO: Run Behavior\BuildLiteBehavior [ RunTime:0.000128s ]
INFO: [ app_init ] --END-- [ RunTime:0.001997s ]
INFO: [ app_begin ] --START--
INFO: Run Behavior\ReadHtmlCacheBehavior [ RunTime:0.001941s ]
INFO: Run Behavior\ReadHtmlCacheBehavior [ RunTime:0.000093s ]
INFO: Run Behavior\CheckLangBehavior [ RunTime:0.002843s ]
INFO: [ app_begin ] --END-- [ RunTime:0.005678s ]
SQL: SHOW COLUMNS FROM `exp_order` [ RunTime:0.0302s ]
SQL: SHOW COLUMNS FROM `exp_status` [ RunTime:0.0300s ]
SQL: SELECT COUNT(*) AS tp_count FROM `exp_order` LIMIT 1   [ RunTime:0.0291s ]
SQL: SELECT * FROM `exp_order` INNER JOIN exp_status on exp_order.order_status_id=exp_status.status_id  ORDER BY order_id desc LIMIT 0,30   [ RunTime:0.0318s ]
INFO: [ view_parse ] --START--
INFO: [ template_filter ] --START--
INFO: Run Behavior\ContentReplaceBehavior [ RunTime:0.000514s ]
INFO: [ template_filter ] --END-- [ RunTime:0.001202s ]
INFO: Run Behavior\ParseTemplateBehavior [ RunTime:0.053139s ]
INFO: [ view_parse ] --END-- [ RunTime:0.053840s ]
INFO: [ view_filter ] --START--
INFO: Run Behavior\WriteHtmlCacheBehavior [ RunTime:0.001530s ]
INFO: [ view_filter ] --END-- [ RunTime:0.002138s ]
INFO: [ app_end ] --START--
INFO: Run Behavior\ShowPageTraceBehavior [ RunTime:0.002210s ]
INFO: [ app_end ] --END-- [ RunTime:0.003276s ]

[ 2016-02-27T19:37:30+08:00 ] 127.0.0.1 /Admin/Index/index
INFO: [ app_init ] --START--
INFO: Run Behavior\BuildLiteBehavior [ RunTime:0.000074s ]
INFO: [ app_init ] --END-- [ RunTime:0.001087s ]
INFO: [ app_begin ] --START--
INFO: Run Behavior\ReadHtmlCacheBehavior [ RunTime:0.001244s ]
INFO: Run Behavior\ReadHtmlCacheBehavior [ RunTime:0.000331s ]
INFO: Run Behavior\CheckLangBehavior [ RunTime:0.002912s ]
INFO: [ app_begin ] --END-- [ RunTime:0.005653s ]
SQL: SHOW COLUMNS FROM `exp_order` [ RunTime:0.0302s ]
SQL: SELECT COUNT(*) AS tp_count FROM `exp_order` WHERE ( curdate() - date(FROM_UNIXTIME(order_time)) =0 ) LIMIT 1   [ RunTime:0.0264s ]
SQL: SELECT COUNT(*) AS tp_count FROM `exp_order` WHERE ( curdate() - date(FROM_UNIXTIME(order_time)) =1 ) LIMIT 1   [ RunTime:0.0262s ]
SQL: SELECT COUNT(*) AS tp_count FROM `exp_order` WHERE ( curdate() - date(FROM_UNIXTIME(order_time)) =2 ) LIMIT 1   [ RunTime:0.0261s ]
SQL: SELECT COUNT(*) AS tp_count FROM `exp_order` WHERE ( curdate() - date(FROM_UNIXTIME(order_time)) =3 ) LIMIT 1   [ RunTime:0.0264s ]
SQL: SELECT COUNT(*) AS tp_count FROM `exp_order` WHERE ( curdate() - date(FROM_UNIXTIME(order_time)) =4 ) LIMIT 1   [ RunTime:0.0298s ]
SQL: SELECT COUNT(*) AS tp_count FROM `exp_order` WHERE ( curdate() - date(FROM_UNIXTIME(order_time)) =5 ) LIMIT 1   [ RunTime:0.0262s ]
SQL: SELECT COUNT(*) AS tp_count FROM `exp_order` WHERE ( curdate() - date(FROM_UNIXTIME(order_time)) =6 ) LIMIT 1   [ RunTime:0.0268s ]
SQL: SHOW COLUMNS FROM `exp_user` [ RunTime:0.0269s ]
NOTIC: [8] Use of undefined constant user_id - assumed 'user_id' E:\phpworkspace\express\Apps\Admin\Controller\IndexController.class.php 第 28 行.
SQL: SELECT COUNT(user_id) AS tp_count FROM `exp_user` LIMIT 1   [ RunTime:0.0402s ]
SQL: SELECT COUNT(*) AS tp_count FROM `exp_user` WHERE ( curdate() - date(FROM_UNIXTIME(user_regtime)) = 0 ) LIMIT 1   [ RunTime:0.0414s ]
SQL: SELECT COUNT(*) AS tp_count FROM `exp_user` WHERE ( curdate() - date(FROM_UNIXTIME(user_regtime)) = 1 ) LIMIT 1   [ RunTime:0.0262s ]
SQL: SELECT COUNT(*) AS tp_count FROM `exp_user` WHERE ( curdate() - date(FROM_UNIXTIME(user_regtime)) = 2 ) LIMIT 1   [ RunTime:0.0295s ]
SQL: SELECT COUNT(*) AS tp_count FROM `exp_user` WHERE ( curdate() - date(FROM_UNIXTIME(user_regtime)) = 3 ) LIMIT 1   [ RunTime:0.0262s ]
SQL: SELECT COUNT(*) AS tp_count FROM `exp_user` WHERE ( curdate() - date(FROM_UNIXTIME(user_regtime)) = 4 ) LIMIT 1   [ RunTime:0.0266s ]
SQL: SELECT COUNT(*) AS tp_count FROM `exp_user` WHERE ( curdate() - date(FROM_UNIXTIME(user_regtime)) = 5 ) LIMIT 1   [ RunTime:0.0286s ]
SQL: SELECT COUNT(*) AS tp_count FROM `exp_user` WHERE ( curdate() - date(FROM_UNIXTIME(user_regtime)) = 6 ) LIMIT 1   [ RunTime:0.0269s ]
SQL: SHOW COLUMNS FROM `exp_server` [ RunTime:0.0288s ]
SQL: SELECT `server_content`,count(order_id) as num FROM `exp_order` INNER JOIN exp_server on exp_server.server_id=exp_order.order_server_id  GROUP BY order_server_id  [ RunTime:0.0264s ]
SQL: SHOW COLUMNS FROM `exp_cend` [ RunTime:0.0284s ]
SQL: SELECT COUNT(*) AS tp_count FROM `exp_cend` WHERE ( curdate() - date(FROM_UNIXTIME(register_time)) =0 ) LIMIT 1   [ RunTime:0.0263s ]
SQL: SELECT COUNT(*) AS tp_count FROM `exp_cend` WHERE ( curdate() - date(FROM_UNIXTIME(register_time)) =1 ) LIMIT 1   [ RunTime:0.0267s ]
SQL: SELECT COUNT(*) AS tp_count FROM `exp_cend` WHERE ( curdate() - date(FROM_UNIXTIME(register_time)) =2 ) LIMIT 1   [ RunTime:0.0262s ]
SQL: SELECT COUNT(*) AS tp_count FROM `exp_cend` WHERE ( curdate() - date(FROM_UNIXTIME(register_time)) =3 ) LIMIT 1   [ RunTime:0.0279s ]
SQL: SELECT COUNT(*) AS tp_count FROM `exp_cend` WHERE ( curdate() - date(FROM_UNIXTIME(register_time)) =4 ) LIMIT 1   [ RunTime:0.0271s ]
SQL: SELECT COUNT(*) AS tp_count FROM `exp_cend` WHERE ( curdate() - date(FROM_UNIXTIME(register_time)) =5 ) LIMIT 1   [ RunTime:0.0270s ]
SQL: SELECT COUNT(*) AS tp_count FROM `exp_cend` WHERE ( curdate() - date(FROM_UNIXTIME(register_time)) =6 ) LIMIT 1   [ RunTime:0.0267s ]
INFO: [ view_parse ] --START--
INFO: [ template_filter ] --START--
INFO: Run Behavior\ContentReplaceBehavior [ RunTime:0.000715s ]
INFO: [ template_filter ] --END-- [ RunTime:0.001534s ]
NOTIC: [8] Use of undefined constant server_content - assumed 'server_content' E:\phpworkspace\express\Apps\Runtime\Cache\Admin\859e94050170c96367cb52465a51a945.php 第 190 行.
NOTIC: [8] Use of undefined constant server_content - assumed 'server_content' E:\phpworkspace\express\Apps\Runtime\Cache\Admin\859e94050170c96367cb52465a51a945.php 第 190 行.
NOTIC: [8] Use of undefined constant server_content - assumed 'server_content' E:\phpworkspace\express\Apps\Runtime\Cache\Admin\859e94050170c96367cb52465a51a945.php 第 190 行.
NOTIC: [8] Use of undefined constant num - assumed 'num' E:\phpworkspace\express\Apps\Runtime\Cache\Admin\859e94050170c96367cb52465a51a945.php 第 199 行.
NOTIC: [8] Use of undefined constant server_content - assumed 'server_content' E:\phpworkspace\express\Apps\Runtime\Cache\Admin\859e94050170c96367cb52465a51a945.php 第 199 行.
NOTIC: [8] Use of undefined constant num - assumed 'num' E:\phpworkspace\express\Apps\Runtime\Cache\Admin\859e94050170c96367cb52465a51a945.php 第 200 行.
NOTIC: [8] Use of undefined constant server_content - assumed 'server_content' E:\phpworkspace\express\Apps\Runtime\Cache\Admin\859e94050170c96367cb52465a51a945.php 第 200 行.
NOTIC: [8] Use of undefined constant num - assumed 'num' E:\phpworkspace\express\Apps\Runtime\Cache\Admin\859e94050170c96367cb52465a51a945.php 第 201 行.
NOTIC: [8] Use of undefined constant server_content - assumed 'server_content' E:\phpworkspace\express\Apps\Runtime\Cache\Admin\859e94050170c96367cb52465a51a945.php 第 201 行.
INFO: Run Behavior\ParseTemplateBehavior [ RunTime:0.050665s ]
INFO: [ view_parse ] --END-- [ RunTime:0.051212s ]
INFO: [ view_filter ] --START--
INFO: Run Behavior\WriteHtmlCacheBehavior [ RunTime:0.000891s ]
INFO: [ view_filter ] --END-- [ RunTime:0.001264s ]
INFO: [ app_end ] --START--
INFO: Run Behavior\ShowPageTraceBehavior [ RunTime:0.001580s ]
INFO: [ app_end ] --END-- [ RunTime:0.002134s ]

[ 2016-02-27T19:37:36+08:00 ] 127.0.0.1 /Admin/OrderManage/orderlist
INFO: [ app_init ] --START--
INFO: Run Behavior\BuildLiteBehavior [ RunTime:0.000077s ]
INFO: [ app_init ] --END-- [ RunTime:0.001250s ]
INFO: [ app_begin ] --START--
INFO: Run Behavior\ReadHtmlCacheBehavior [ RunTime:0.001539s ]
INFO: Run Behavior\ReadHtmlCacheBehavior [ RunTime:0.000086s ]
INFO: Run Behavior\CheckLangBehavior [ RunTime:0.002027s ]
INFO: [ app_begin ] --END-- [ RunTime:0.004442s ]
SQL: SHOW COLUMNS FROM `exp_order` [ RunTime:0.0299s ]
SQL: SHOW COLUMNS FROM `exp_status` [ RunTime:0.0303s ]
SQL: SELECT COUNT(*) AS tp_count FROM `exp_order` LIMIT 1   [ RunTime:0.0290s ]
SQL: SELECT * FROM `exp_order` INNER JOIN exp_status on exp_order.order_status_id=exp_status.status_id  ORDER BY order_id desc LIMIT 0,30   [ RunTime:0.0302s ]
INFO: [ view_parse ] --START--
INFO: [ template_filter ] --START--
INFO: Run Behavior\ContentReplaceBehavior [ RunTime:0.000342s ]
INFO: [ template_filter ] --END-- [ RunTime:0.000802s ]
INFO: Run Behavior\ParseTemplateBehavior [ RunTime:0.041260s ]
INFO: [ view_parse ] --END-- [ RunTime:0.041666s ]
INFO: [ view_filter ] --START--
INFO: Run Behavior\WriteHtmlCacheBehavior [ RunTime:0.002080s ]
INFO: [ view_filter ] --END-- [ RunTime:0.002533s ]
INFO: [ app_end ] --START--
INFO: Run Behavior\ShowPageTraceBehavior [ RunTime:0.002386s ]
INFO: [ app_end ] --END-- [ RunTime:0.003020s ]

[ 2016-02-27T19:37:41+08:00 ] 127.0.0.1 /Admin/orderManage/ordercontent/id/2
INFO: [ app_init ] --START--
INFO: Run Behavior\BuildLiteBehavior [ RunTime:0.000075s ]
INFO: [ app_init ] --END-- [ RunTime:0.001201s ]
INFO: [ app_begin ] --START--
INFO: Run Behavior\ReadHtmlCacheBehavior [ RunTime:0.001653s ]
INFO: Run Behavior\ReadHtmlCacheBehavior [ RunTime:0.000092s ]
INFO: Run Behavior\CheckLangBehavior [ RunTime:0.002058s ]
INFO: [ app_begin ] --END-- [ RunTime:0.004685s ]
SQL: SHOW COLUMNS FROM `exp_order` [ RunTime:0.0298s ]
SQL: SELECT * FROM `exp_order` WHERE `order_id` = 2 LIMIT 1   [ RunTime:0.0309s ]
INFO: [ view_parse ] --START--
INFO: [ template_filter ] --START--
INFO: Run Behavior\ContentReplaceBehavior [ RunTime:0.000454s ]
INFO: [ template_filter ] --END-- [ RunTime:0.001063s ]
INFO: Run Behavior\ParseTemplateBehavior [ RunTime:0.032459s ]
INFO: [ view_parse ] --END-- [ RunTime:0.032826s ]
INFO: [ view_filter ] --START--
INFO: Run Behavior\WriteHtmlCacheBehavior [ RunTime:0.001018s ]
INFO: [ view_filter ] --END-- [ RunTime:0.001347s ]
INFO: [ app_end ] --START--
INFO: Run Behavior\ShowPageTraceBehavior [ RunTime:0.001894s ]
INFO: [ app_end ] --END-- [ RunTime:0.002332s ]

[ 2016-02-27T19:40:03+08:00 ] 127.0.0.1 /Admin/orderManage/ordercontent/id/2
INFO: [ app_init ] --START--
INFO: Run Behavior\BuildLiteBehavior [ RunTime:0.000078s ]
INFO: [ app_init ] --END-- [ RunTime:0.001306s ]
INFO: [ app_begin ] --START--
INFO: Run Behavior\ReadHtmlCacheBehavior [ RunTime:0.002082s ]
INFO: Run Behavior\ReadHtmlCacheBehavior [ RunTime:0.000088s ]
INFO: Run Behavior\CheckLangBehavior [ RunTime:0.002586s ]
INFO: [ app_begin ] --END-- [ RunTime:0.005811s ]
SQL: SHOW COLUMNS FROM `exp_order` [ RunTime:0.0267s ]
SQL: SELECT * FROM `exp_order` WHERE `order_id` = 2 LIMIT 1   [ RunTime:0.0268s ]
INFO: [ view_parse ] --START--
INFO: [ template_filter ] --START--
INFO: Run Behavior\ContentReplaceBehavior [ RunTime:0.000357s ]
INFO: [ template_filter ] --END-- [ RunTime:0.000774s ]
INFO: Run Behavior\ParseTemplateBehavior [ RunTime:0.032058s ]
INFO: [ view_parse ] --END-- [ RunTime:0.032585s ]
INFO: [ view_filter ] --START--
INFO: Run Behavior\WriteHtmlCacheBehavior [ RunTime:0.001181s ]
INFO: [ view_filter ] --END-- [ RunTime:0.001685s ]
INFO: [ app_end ] --START--
INFO: Run Behavior\ShowPageTraceBehavior [ RunTime:0.003817s ]
INFO: [ app_end ] --END-- [ RunTime:0.004340s ]

[ 2016-02-27T19:40:28+08:00 ] 127.0.0.1 /Admin/orderManage/ordercontent/id/2
INFO: [ app_init ] --START--
INFO: Run Behavior\BuildLiteBehavior [ RunTime:0.000138s ]
INFO: [ app_init ] --END-- [ RunTime:0.001877s ]
INFO: [ app_begin ] --START--
INFO: Run Behavior\ReadHtmlCacheBehavior [ RunTime:0.001870s ]
INFO: Run Behavior\ReadHtmlCacheBehavior [ RunTime:0.000182s ]
INFO: Run Behavior\CheckLangBehavior [ RunTime:0.002831s ]
INFO: [ app_begin ] --END-- [ RunTime:0.006358s ]
SQL: SHOW COLUMNS FROM `exp_order` [ RunTime:0.0361s ]
SQL: SELECT * FROM `exp_order` WHERE `order_id` = 2 LIMIT 1   [ RunTime:0.0391s ]
INFO: [ view_parse ] --START--
INFO: [ template_filter ] --START--
INFO: Run Behavior\ContentReplaceBehavior [ RunTime:0.000675s ]
INFO: [ template_filter ] --END-- [ RunTime:0.001391s ]
INFO: Run Behavior\ParseTemplateBehavior [ RunTime:0.043891s ]
INFO: [ view_parse ] --END-- [ RunTime:0.044714s ]
INFO: [ view_filter ] --START--
INFO: Run Behavior\WriteHtmlCacheBehavior [ RunTime:0.001377s ]
INFO: [ view_filter ] --END-- [ RunTime:0.002058s ]
INFO: [ app_end ] --START--
INFO: Run Behavior\ShowPageTraceBehavior [ RunTime:0.002048s ]
INFO: [ app_end ] --END-- [ RunTime:0.002789s ]

[ 2016-02-27T19:55:44+08:00 ] 127.0.0.1 /Admin/orderManage/ordercontent/id/2
INFO: [ app_init ] --START--
INFO: Run Behavior\BuildLiteBehavior [ RunTime:0.000077s ]
INFO: [ app_init ] --END-- [ RunTime:0.001218s ]
INFO: [ app_begin ] --START--
INFO: Run Behavior\ReadHtmlCacheBehavior [ RunTime:0.001618s ]
INFO: Run Behavior\ReadHtmlCacheBehavior [ RunTime:0.000087s ]
INFO: Run Behavior\CheckLangBehavior [ RunTime:0.002014s ]
INFO: [ app_begin ] --END-- [ RunTime:0.004531s ]
SQL: SHOW COLUMNS FROM `exp_order` [ RunTime:0.0298s ]
SQL: SELECT * FROM `exp_order` WHERE `order_id` = 2 LIMIT 1   [ RunTime:0.0296s ]
INFO: [ view_parse ] --START--
INFO: [ template_filter ] --START--
INFO: Run Behavior\ContentReplaceBehavior [ RunTime:0.000414s ]
INFO: [ template_filter ] --END-- [ RunTime:0.000766s ]
INFO: Run Behavior\ParseTemplateBehavior [ RunTime:0.028469s ]
INFO: [ view_parse ] --END-- [ RunTime:0.028873s ]
INFO: [ view_filter ] --START--
INFO: Run Behavior\WriteHtmlCacheBehavior [ RunTime:0.001260s ]
INFO: [ view_filter ] --END-- [ RunTime:0.001822s ]
INFO: [ app_end ] --START--
INFO: Run Behavior\ShowPageTraceBehavior [ RunTime:0.002304s ]
INFO: [ app_end ] --END-- [ RunTime:0.003108s ]

[ 2016-02-27T19:59:33+08:00 ] 127.0.0.1 /Admin/orderManage/ordercontent/id/2
INFO: [ app_init ] --START--
INFO: Run Behavior\BuildLiteBehavior [ RunTime:0.000156s ]
INFO: [ app_init ] --END-- [ RunTime:0.001458s ]
INFO: [ app_begin ] --START--
INFO: Run Behavior\ReadHtmlCacheBehavior [ RunTime:0.001575s ]
INFO: Run Behavior\ReadHtmlCacheBehavior [ RunTime:0.000088s ]
INFO: Run Behavior\CheckLangBehavior [ RunTime:0.002037s ]
INFO: [ app_begin ] --END-- [ RunTime:0.004426s ]
SQL: SHOW COLUMNS FROM `exp_order` [ RunTime:0.0356s ]
SQL: SELECT * FROM `exp_order` WHERE `order_id` = 2 LIMIT 1   [ RunTime:0.0335s ]
INFO: [ view_parse ] --START--
INFO: [ template_filter ] --START--
INFO: Run Behavior\ContentReplaceBehavior [ RunTime:0.000423s ]
INFO: [ template_filter ] --END-- [ RunTime:0.000786s ]
INFO: Run Behavior\ParseTemplateBehavior [ RunTime:0.039644s ]
INFO: [ view_parse ] --END-- [ RunTime:0.040171s ]
INFO: [ view_filter ] --START--
INFO: Run Behavior\WriteHtmlCacheBehavior [ RunTime:0.001460s ]
INFO: [ view_filter ] --END-- [ RunTime:0.002204s ]
INFO: [ app_end ] --START--
INFO: Run Behavior\ShowPageTraceBehavior [ RunTime:0.004819s ]
INFO: [ app_end ] --END-- [ RunTime:0.005844s ]

[ 2016-02-27T20:27:23+08:00 ] 127.0.0.1 /Admin/orderManage/ordercontent/id/2
INFO: [ app_init ] --START--
INFO: Run Behavior\BuildLiteBehavior [ RunTime:0.000077s ]
INFO: [ app_init ] --END-- [ RunTime:0.001259s ]
INFO: [ app_begin ] --START--
INFO: Run Behavior\ReadHtmlCacheBehavior [ RunTime:0.001600s ]
INFO: Run Behavior\ReadHtmlCacheBehavior [ RunTime:0.000086s ]
INFO: Run Behavior\CheckLangBehavior [ RunTime:0.002868s ]
INFO: [ app_begin ] --END-- [ RunTime:0.005349s ]
SQL: SHOW COLUMNS FROM `exp_order` [ RunTime:0.0299s ]
SQL: SELECT * FROM `exp_order` WHERE `order_id` = 2 LIMIT 1   [ RunTime:0.0292s ]
INFO: [ view_parse ] --START--
INFO: [ template_filter ] --START--
INFO: Run Behavior\ContentReplaceBehavior [ RunTime:0.000313s ]
INFO: [ template_filter ] --END-- [ RunTime:0.000690s ]
INFO: Run Behavior\ParseTemplateBehavior [ RunTime:0.029380s ]
INFO: [ view_parse ] --END-- [ RunTime:0.029835s ]
INFO: [ view_filter ] --START--
INFO: Run Behavior\WriteHtmlCacheBehavior [ RunTime:0.000904s ]
INFO: [ view_filter ] --END-- [ RunTime:0.001238s ]
INFO: [ app_end ] --START--
INFO: Run Behavior\ShowPageTraceBehavior [ RunTime:0.002102s ]
INFO: [ app_end ] --END-- [ RunTime:0.002573s ]

[ 2016-02-27T20:39:44+08:00 ] 127.0.0.1 /Admin/orderManage/ordercontent/id/2
INFO: [ app_init ] --START--
INFO: Run Behavior\BuildLiteBehavior [ RunTime:0.000090s ]
INFO: [ app_init ] --END-- [ RunTime:0.001868s ]
INFO: [ app_begin ] --START--
INFO: Run Behavior\ReadHtmlCacheBehavior [ RunTime:0.001573s ]
INFO: Run Behavior\ReadHtmlCacheBehavior [ RunTime:0.000085s ]
INFO: Run Behavior\CheckLangBehavior [ RunTime:0.004079s ]
INFO: [ app_begin ] --END-- [ RunTime:0.006474s ]
SQL: SHOW COLUMNS FROM `exp_order` [ RunTime:0.0265s ]
SQL: SELECT * FROM `exp_order` WHERE `order_id` = 2 LIMIT 1   [ RunTime:0.0362s ]
INFO: [ view_parse ] --START--
INFO: [ template_filter ] --START--
INFO: Run Behavior\ContentReplaceBehavior [ RunTime:0.000417s ]
INFO: [ template_filter ] --END-- [ RunTime:0.000783s ]
INFO: Run Behavior\ParseTemplateBehavior [ RunTime:0.031656s ]
INFO: [ view_parse ] --END-- [ RunTime:0.032090s ]
INFO: [ view_filter ] --START--
INFO: Run Behavior\WriteHtmlCacheBehavior [ RunTime:0.001053s ]
INFO: [ view_filter ] --END-- [ RunTime:0.001415s ]
INFO: [ app_end ] --START--
INFO: Run Behavior\ShowPageTraceBehavior [ RunTime:0.001914s ]
INFO: [ app_end ] --END-- [ RunTime:0.002320s ]

[ 2016-02-27T20:40:37+08:00 ] 127.0.0.1 /Admin/orderManage/ordercontent/id/2
INFO: [ app_init ] --START--
INFO: Run Behavior\BuildLiteBehavior [ RunTime:0.000138s ]
INFO: [ app_init ] --END-- [ RunTime:0.001991s ]
INFO: [ app_begin ] --START--
INFO: Run Behavior\ReadHtmlCacheBehavior [ RunTime:0.003459s ]
INFO: Run Behavior\ReadHtmlCacheBehavior [ RunTime:0.000171s ]
INFO: Run Behavior\CheckLangBehavior [ RunTime:0.003528s ]
INFO: [ app_begin ] --END-- [ RunTime:0.010016s ]
SQL: SHOW COLUMNS FROM `exp_order` [ RunTime:0.0257s ]
SQL: SELECT * FROM `exp_order` WHERE `order_id` = 2 LIMIT 1   [ RunTime:0.0259s ]
INFO: [ view_parse ] --START--
INFO: [ template_filter ] --START--
INFO: Run Behavior\ContentReplaceBehavior [ RunTime:0.000414s ]
INFO: [ template_filter ] --END-- [ RunTime:0.000803s ]
INFO: Run Behavior\ParseTemplateBehavior [ RunTime:0.034470s ]
INFO: [ view_parse ] --END-- [ RunTime:0.035044s ]
INFO: [ view_filter ] --START--
INFO: Run Behavior\WriteHtmlCacheBehavior [ RunTime:0.000955s ]
INFO: [ view_filter ] --END-- [ RunTime:0.001289s ]
INFO: [ app_end ] --START--
INFO: Run Behavior\ShowPageTraceBehavior [ RunTime:0.001441s ]
INFO: [ app_end ] --END-- [ RunTime:0.001905s ]

[ 2016-02-27T21:03:53+08:00 ] 127.0.0.1 /Admin/orderManage/ordercontent/id/2
INFO: [ app_init ] --START--
INFO: Run Behavior\BuildLiteBehavior [ RunTime:0.000145s ]
INFO: [ app_init ] --END-- [ RunTime:0.002149s ]
INFO: [ app_begin ] --START--
INFO: Run Behavior\ReadHtmlCacheBehavior [ RunTime:0.001825s ]
INFO: Run Behavior\ReadHtmlCacheBehavior [ RunTime:0.000086s ]
INFO: Run Behavior\CheckLangBehavior [ RunTime:0.005925s ]
INFO: [ app_begin ] --END-- [ RunTime:0.008731s ]
SQL: SHOW COLUMNS FROM `exp_order` [ RunTime:0.0270s ]
SQL: SELECT * FROM `exp_order` WHERE `order_id` = 2 LIMIT 1   [ RunTime:0.0281s ]
INFO: [ view_parse ] --START--
INFO: [ template_filter ] --START--
INFO: Run Behavior\ContentReplaceBehavior [ RunTime:0.000292s ]
INFO: [ template_filter ] --END-- [ RunTime:0.000707s ]
INFO: Run Behavior\ParseTemplateBehavior [ RunTime:0.033749s ]
INFO: [ view_parse ] --END-- [ RunTime:0.034212s ]
INFO: [ view_filter ] --START--
INFO: Run Behavior\WriteHtmlCacheBehavior [ RunTime:0.000868s ]
INFO: [ view_filter ] --END-- [ RunTime:0.001213s ]
INFO: [ app_end ] --START--
INFO: Run Behavior\ShowPageTraceBehavior [ RunTime:0.001321s ]
INFO: [ app_end ] --END-- [ RunTime:0.001696s ]

[ 2016-02-27T21:05:03+08:00 ] 127.0.0.1 /Admin/orderManage/ordercontent/id/2
INFO: [ app_init ] --START--
INFO: Run Behavior\BuildLiteBehavior [ RunTime:0.000120s ]
INFO: [ app_init ] --END-- [ RunTime:0.001318s ]
INFO: [ app_begin ] --START--
INFO: Run Behavior\ReadHtmlCacheBehavior [ RunTime:0.001882s ]
INFO: Run Behavior\ReadHtmlCacheBehavior [ RunTime:0.000174s ]
INFO: Run Behavior\CheckLangBehavior [ RunTime:0.002126s ]
INFO: [ app_begin ] --END-- [ RunTime:0.005411s ]
SQL: SHOW COLUMNS FROM `exp_order` [ RunTime:0.0293s ]
SQL: SELECT * FROM `exp_order` WHERE `order_id` = 2 LIMIT 1   [ RunTime:0.0291s ]
INFO: [ view_parse ] --START--
INFO: [ template_filter ] --START--
INFO: Run Behavior\ContentReplaceBehavior [ RunTime:0.000290s ]
INFO: [ template_filter ] --END-- [ RunTime:0.000678s ]
INFO: Run Behavior\ParseTemplateBehavior [ RunTime:0.033342s ]
INFO: [ view_parse ] --END-- [ RunTime:0.033764s ]
INFO: [ view_filter ] --START--
INFO: Run Behavior\WriteHtmlCacheBehavior [ RunTime:0.000878s ]
INFO: [ view_filter ] --END-- [ RunTime:0.001218s ]
INFO: [ app_end ] --START--
INFO: Run Behavior\ShowPageTraceBehavior [ RunTime:0.001552s ]
INFO: [ app_end ] --END-- [ RunTime:0.002101s ]

[ 2016-02-27T21:05:30+08:00 ] 127.0.0.1 /Admin/orderManage/ordercontent/id/2
INFO: [ app_init ] --START--
INFO: Run Behavior\BuildLiteBehavior [ RunTime:0.000096s ]
INFO: [ app_init ] --END-- [ RunTime:0.001229s ]
INFO: [ app_begin ] --START--
INFO: Run Behavior\ReadHtmlCacheBehavior [ RunTime:0.001888s ]
INFO: Run Behavior\ReadHtmlCacheBehavior [ RunTime:0.000180s ]
INFO: Run Behavior\CheckLangBehavior [ RunTime:0.004539s ]
INFO: [ app_begin ] --END-- [ RunTime:0.007611s ]
SQL: SHOW COLUMNS FROM `exp_order` [ RunTime:0.0644s ]
SQL: SELECT * FROM `exp_order` WHERE `order_id` = 2 LIMIT 1   [ RunTime:0.0276s ]
INFO: [ view_parse ] --START--
INFO: [ template_filter ] --START--
INFO: Run Behavior\ContentReplaceBehavior [ RunTime:0.000444s ]
INFO: [ template_filter ] --END-- [ RunTime:0.000982s ]
INFO: Run Behavior\ParseTemplateBehavior [ RunTime:0.029682s ]
INFO: [ view_parse ] --END-- [ RunTime:0.030063s ]
INFO: [ view_filter ] --START--
INFO: Run Behavior\WriteHtmlCacheBehavior [ RunTime:0.001133s ]
INFO: [ view_filter ] --END-- [ RunTime:0.001460s ]
INFO: [ app_end ] --START--
INFO: Run Behavior\ShowPageTraceBehavior [ RunTime:0.001591s ]
INFO: [ app_end ] --END-- [ RunTime:0.001923s ]

[ 2016-02-27T21:08:57+08:00 ] 127.0.0.1 /Admin/orderManage/ordercontent/id/2
INFO: [ app_init ] --START--
INFO: Run Behavior\BuildLiteBehavior [ RunTime:0.000076s ]
INFO: [ app_init ] --END-- [ RunTime:0.001298s ]
INFO: [ app_begin ] --START--
INFO: Run Behavior\ReadHtmlCacheBehavior [ RunTime:0.001515s ]
INFO: Run Behavior\ReadHtmlCacheBehavior [ RunTime:0.000090s ]
INFO: Run Behavior\CheckLangBehavior [ RunTime:0.002048s ]
INFO: [ app_begin ] --END-- [ RunTime:0.004452s ]
SQL: SHOW COLUMNS FROM `exp_order` [ RunTime:0.0298s ]
SQL: SELECT * FROM `exp_order` WHERE `order_id` = 2 LIMIT 1   [ RunTime:0.0376s ]
INFO: [ view_parse ] --START--
INFO: [ template_filter ] --START--
INFO: Run Behavior\ContentReplaceBehavior [ RunTime:0.000558s ]
INFO: [ template_filter ] --END-- [ RunTime:0.001254s ]
INFO: Run Behavior\ParseTemplateBehavior [ RunTime:0.044048s ]
INFO: [ view_parse ] --END-- [ RunTime:0.044768s ]
INFO: [ view_filter ] --START--
INFO: Run Behavior\WriteHtmlCacheBehavior [ RunTime:0.001711s ]
INFO: [ view_filter ] --END-- [ RunTime:0.002238s ]
INFO: [ app_end ] --START--
INFO: Run Behavior\ShowPageTraceBehavior [ RunTime:0.002742s ]
INFO: [ app_end ] --END-- [ RunTime:0.003586s ]

[ 2016-02-27T21:14:37+08:00 ] 127.0.0.1 /Admin/orderManage/ordercontent/id/2
INFO: [ app_init ] --START--
INFO: Run Behavior\BuildLiteBehavior [ RunTime:0.000081s ]
INFO: [ app_init ] --END-- [ RunTime:0.001700s ]
INFO: [ app_begin ] --START--
INFO: Run Behavior\ReadHtmlCacheBehavior [ RunTime:0.002496s ]
INFO: Run Behavior\ReadHtmlCacheBehavior [ RunTime:0.000170s ]
INFO: Run Behavior\CheckLangBehavior [ RunTime:0.002826s ]
INFO: [ app_begin ] --END-- [ RunTime:0.006983s ]
SQL: SHOW COLUMNS FROM `exp_order` [ RunTime:0.0294s ]
SQL: SELECT * FROM `exp_order` WHERE `order_id` = 2 LIMIT 1   [ RunTime:0.0314s ]
INFO: [ view_parse ] --START--
INFO: [ template_filter ] --START--
INFO: Run Behavior\ContentReplaceBehavior [ RunTime:0.000483s ]
INFO: [ template_filter ] --END-- [ RunTime:0.001154s ]
INFO: Run Behavior\ParseTemplateBehavior [ RunTime:0.042154s ]
INFO: [ view_parse ] --END-- [ RunTime:0.042843s ]
INFO: [ view_filter ] --START--
INFO: Run Behavior\WriteHtmlCacheBehavior [ RunTime:0.001555s ]
INFO: [ view_filter ] --END-- [ RunTime:0.002413s ]
INFO: [ app_end ] --START--
INFO: Run Behavior\ShowPageTraceBehavior [ RunTime:0.002741s ]
INFO: [ app_end ] --END-- [ RunTime:0.003530s ]

[ 2016-02-27T21:15:07+08:00 ] 127.0.0.1 /Admin/orderManage/ordercontent/id/2
INFO: [ app_init ] --START--
INFO: Run Behavior\BuildLiteBehavior [ RunTime:0.000081s ]
INFO: [ app_init ] --END-- [ RunTime:0.001622s ]
INFO: [ app_begin ] --START--
INFO: Run Behavior\ReadHtmlCacheBehavior [ RunTime:0.002516s ]
INFO: Run Behavior\ReadHtmlCacheBehavior [ RunTime:0.000276s ]
INFO: Run Behavior\CheckLangBehavior [ RunTime:0.003170s ]
INFO: [ app_begin ] --END-- [ RunTime:0.007525s ]
SQL: SHOW COLUMNS FROM `exp_order` [ RunTime:0.0259s ]
SQL: SELECT * FROM `exp_order` WHERE `order_id` = 2 LIMIT 1   [ RunTime:0.0245s ]
INFO: [ view_parse ] --START--
INFO: [ template_filter ] --START--
INFO: Run Behavior\ContentReplaceBehavior [ RunTime:0.000435s ]
INFO: [ template_filter ] --END-- [ RunTime:0.001104s ]
INFO: Run Behavior\ParseTemplateBehavior [ RunTime:0.044705s ]
INFO: [ view_parse ] --END-- [ RunTime:0.045283s ]
INFO: [ view_filter ] --START--
INFO: Run Behavior\WriteHtmlCacheBehavior [ RunTime:0.001986s ]
INFO: [ view_filter ] --END-- [ RunTime:0.003175s ]
INFO: [ app_end ] --START--
INFO: Run Behavior\ShowPageTraceBehavior [ RunTime:0.004859s ]
INFO: [ app_end ] --END-- [ RunTime:0.006098s ]

[ 2016-02-27T21:15:38+08:00 ] 127.0.0.1 /Admin/orderManage/ordercontent/id/2
INFO: [ app_init ] --START--
INFO: Run Behavior\BuildLiteBehavior [ RunTime:0.000142s ]
INFO: [ app_init ] --END-- [ RunTime:0.001329s ]
INFO: [ app_begin ] --START--
INFO: Run Behavior\ReadHtmlCacheBehavior [ RunTime:0.001208s ]
INFO: Run Behavior\ReadHtmlCacheBehavior [ RunTime:0.000087s ]
INFO: Run Behavior\CheckLangBehavior [ RunTime:0.004341s ]
INFO: [ app_begin ] --END-- [ RunTime:0.006557s ]
SQL: SHOW COLUMNS FROM `exp_order` [ RunTime:0.0287s ]
SQL: SELECT * FROM `exp_order` WHERE `order_id` = 2 LIMIT 1   [ RunTime:0.0278s ]
INFO: [ view_parse ] --START--
INFO: [ template_filter ] --START--
INFO: Run Behavior\ContentReplaceBehavior [ RunTime:0.000440s ]
INFO: [ template_filter ] --END-- [ RunTime:0.001068s ]
INFO: Run Behavior\ParseTemplateBehavior [ RunTime:0.034406s ]
INFO: [ view_parse ] --END-- [ RunTime:0.034935s ]
INFO: [ view_filter ] --START--
INFO: Run Behavior\WriteHtmlCacheBehavior [ RunTime:0.001065s ]
INFO: [ view_filter ] --END-- [ RunTime:0.001465s ]
INFO: [ app_end ] --START--
INFO: Run Behavior\ShowPageTraceBehavior [ RunTime:0.001453s ]
INFO: [ app_end ] --END-- [ RunTime:0.002102s ]

[ 2016-02-27T21:17:07+08:00 ] 127.0.0.1 /Admin/orderManage/ordercontent/id/2
INFO: [ app_init ] --START--
INFO: Run Behavior\BuildLiteBehavior [ RunTime:0.000078s ]
INFO: [ app_init ] --END-- [ RunTime:0.001252s ]
INFO: [ app_begin ] --START--
INFO: Run Behavior\ReadHtmlCacheBehavior [ RunTime:0.001486s ]
INFO: Run Behavior\ReadHtmlCacheBehavior [ RunTime:0.000087s ]
INFO: Run Behavior\CheckLangBehavior [ RunTime:0.003411s ]
INFO: [ app_begin ] --END-- [ RunTime:0.006018s ]
SQL: SHOW COLUMNS FROM `exp_order` [ RunTime:0.0267s ]
SQL: SELECT * FROM `exp_order` WHERE `order_id` = 2 LIMIT 1   [ RunTime:0.0263s ]
INFO: [ view_parse ] --START--
INFO: [ template_filter ] --START--
INFO: Run Behavior\ContentReplaceBehavior [ RunTime:0.000301s ]
INFO: [ template_filter ] --END-- [ RunTime:0.000722s ]
INFO: Run Behavior\ParseTemplateBehavior [ RunTime:0.033487s ]
INFO: [ view_parse ] --END-- [ RunTime:0.033945s ]
INFO: [ view_filter ] --START--
INFO: Run Behavior\WriteHtmlCacheBehavior [ RunTime:0.001079s ]
INFO: [ view_filter ] --END-- [ RunTime:0.001406s ]
INFO: [ app_end ] --START--
INFO: Run Behavior\ShowPageTraceBehavior [ RunTime:0.001497s ]
INFO: [ app_end ] --END-- [ RunTime:0.001832s ]

[ 2016-02-27T21:18:04+08:00 ] 127.0.0.1 /Admin/orderManage/ordercontent/id/2
INFO: [ app_init ] --START--
INFO: Run Behavior\BuildLiteBehavior [ RunTime:0.000075s ]
INFO: [ app_init ] --END-- [ RunTime:0.001224s ]
INFO: [ app_begin ] --START--
INFO: Run Behavior\ReadHtmlCacheBehavior [ RunTime:0.002749s ]
INFO: Run Behavior\ReadHtmlCacheBehavior [ RunTime:0.000107s ]
INFO: Run Behavior\CheckLangBehavior [ RunTime:0.002377s ]
INFO: [ app_begin ] --END-- [ RunTime:0.006184s ]
SQL: SHOW COLUMNS FROM `exp_order` [ RunTime:0.0253s ]
SQL: SELECT * FROM `exp_order` WHERE `order_id` = 2 LIMIT 1   [ RunTime:0.0284s ]
INFO: [ view_parse ] --START--
INFO: [ template_filter ] --START--
INFO: Run Behavior\ContentReplaceBehavior [ RunTime:0.000288s ]
INFO: [ template_filter ] --END-- [ RunTime:0.000633s ]
INFO: Run Behavior\ParseTemplateBehavior [ RunTime:0.033594s ]
INFO: [ view_parse ] --END-- [ RunTime:0.034133s ]
INFO: [ view_filter ] --START--
INFO: Run Behavior\WriteHtmlCacheBehavior [ RunTime:0.000889s ]
INFO: [ view_filter ] --END-- [ RunTime:0.001228s ]
INFO: [ app_end ] --START--
INFO: Run Behavior\ShowPageTraceBehavior [ RunTime:0.002060s ]
INFO: [ app_end ] --END-- [ RunTime:0.002634s ]

[ 2016-02-27T21:19:19+08:00 ] 127.0.0.1 /Admin/orderManage/ordercontent/id/2
INFO: [ app_init ] --START--
INFO: Run Behavior\BuildLiteBehavior [ RunTime:0.000074s ]
INFO: [ app_init ] --END-- [ RunTime:0.001193s ]
INFO: [ app_begin ] --START--
INFO: Run Behavior\ReadHtmlCacheBehavior [ RunTime:0.001950s ]
INFO: Run Behavior\ReadHtmlCacheBehavior [ RunTime:0.000175s ]
INFO: Run Behavior\CheckLangBehavior [ RunTime:0.003122s ]
INFO: [ app_begin ] --END-- [ RunTime:0.006363s ]
SQL: SHOW COLUMNS FROM `exp_order` [ RunTime:0.0273s ]
SQL: SELECT * FROM `exp_order` WHERE `order_id` = 2 LIMIT 1   [ RunTime:0.0247s ]
INFO: [ view_parse ] --START--
INFO: [ template_filter ] --START--
INFO: Run Behavior\ContentReplaceBehavior [ RunTime:0.000633s ]
INFO: [ template_filter ] --END-- [ RunTime:0.003376s ]
INFO: Run Behavior\ParseTemplateBehavior [ RunTime:0.050974s ]
INFO: [ view_parse ] --END-- [ RunTime:0.051668s ]
INFO: [ view_filter ] --START--
INFO: Run Behavior\WriteHtmlCacheBehavior [ RunTime:0.001849s ]
INFO: [ view_filter ] --END-- [ RunTime:0.002689s ]
INFO: [ app_end ] --START--
INFO: Run Behavior\ShowPageTraceBehavior [ RunTime:0.003910s ]
INFO: [ app_end ] --END-- [ RunTime:0.005064s ]

[ 2016-02-27T21:19:37+08:00 ] 127.0.0.1 /Admin/orderManage/ordercontent/id/2
INFO: [ app_init ] --START--
INFO: Run Behavior\BuildLiteBehavior [ RunTime:0.000147s ]
INFO: [ app_init ] --END-- [ RunTime:0.001582s ]
INFO: [ app_begin ] --START--
INFO: Run Behavior\ReadHtmlCacheBehavior [ RunTime:0.001568s ]
INFO: Run Behavior\ReadHtmlCacheBehavior [ RunTime:0.000087s ]
INFO: Run Behavior\CheckLangBehavior [ RunTime:0.001997s ]
INFO: [ app_begin ] --END-- [ RunTime:0.004487s ]
SQL: SHOW COLUMNS FROM `exp_order` [ RunTime:0.0252s ]
SQL: SELECT * FROM `exp_order` WHERE `order_id` = 2 LIMIT 1   [ RunTime:0.0242s ]
INFO: [ view_parse ] --START--
INFO: [ template_filter ] --START--
INFO: Run Behavior\ContentReplaceBehavior [ RunTime:0.000430s ]
INFO: [ template_filter ] --END-- [ RunTime:0.001083s ]
INFO: Run Behavior\ParseTemplateBehavior [ RunTime:0.031953s ]
INFO: [ view_parse ] --END-- [ RunTime:0.032452s ]
INFO: [ view_filter ] --START--
INFO: Run Behavior\WriteHtmlCacheBehavior [ RunTime:0.001131s ]
INFO: [ view_filter ] --END-- [ RunTime:0.001505s ]
INFO: [ app_end ] --START--
INFO: Run Behavior\ShowPageTraceBehavior [ RunTime:0.001510s ]
INFO: [ app_end ] --END-- [ RunTime:0.001873s ]

[ 2016-02-27T21:20:45+08:00 ] 127.0.0.1 /Admin/orderManage/ordercontent/id/2
INFO: [ app_init ] --START--
INFO: Run Behavior\BuildLiteBehavior [ RunTime:0.000097s ]
INFO: [ app_init ] --END-- [ RunTime:0.001304s ]
INFO: [ app_begin ] --START--
INFO: Run Behavior\ReadHtmlCacheBehavior [ RunTime:0.001562s ]
INFO: Run Behavior\ReadHtmlCacheBehavior [ RunTime:0.000161s ]
INFO: Run Behavior\CheckLangBehavior [ RunTime:0.005136s ]
INFO: [ app_begin ] --END-- [ RunTime:0.008275s ]
SQL: SHOW COLUMNS FROM `exp_order` [ RunTime:0.0287s ]
SQL: SELECT * FROM `exp_order` WHERE `order_id` = 2 LIMIT 1   [ RunTime:0.0238s ]
INFO: [ view_parse ] --START--
INFO: [ template_filter ] --START--
INFO: Run Behavior\ContentReplaceBehavior [ RunTime:0.000307s ]
INFO: [ template_filter ] --END-- [ RunTime:0.000721s ]
INFO: Run Behavior\ParseTemplateBehavior [ RunTime:0.031351s ]
INFO: [ view_parse ] --END-- [ RunTime:0.031905s ]
INFO: [ view_filter ] --START--
INFO: Run Behavior\WriteHtmlCacheBehavior [ RunTime:0.002548s ]
INFO: [ view_filter ] --END-- [ RunTime:0.003219s ]
INFO: [ app_end ] --START--
INFO: Run Behavior\ShowPageTraceBehavior [ RunTime:0.002202s ]
INFO: [ app_end ] --END-- [ RunTime:0.002887s ]

[ 2016-02-27T21:24:12+08:00 ] 127.0.0.1 /Admin/orderManage/ordercontent/id/2
INFO: [ app_init ] --START--
INFO: Run Behavior\BuildLiteBehavior [ RunTime:0.000078s ]
INFO: [ app_init ] --END-- [ RunTime:0.001762s ]
INFO: [ app_begin ] --START--
INFO: Run Behavior\ReadHtmlCacheBehavior [ RunTime:0.001528s ]
INFO: Run Behavior\ReadHtmlCacheBehavior [ RunTime:0.000103s ]
INFO: Run Behavior\CheckLangBehavior [ RunTime:0.005037s ]
INFO: [ app_begin ] --END-- [ RunTime:0.007480s ]
SQL: SHOW COLUMNS FROM `exp_order` [ RunTime:0.0307s ]
SQL: SELECT * FROM `exp_order` WHERE `order_id` = 2 LIMIT 1   [ RunTime:0.0259s ]
INFO: [ view_parse ] --START--
INFO: [ template_filter ] --START--
INFO: Run Behavior\ContentReplaceBehavior [ RunTime:0.000415s ]
INFO: [ template_filter ] --END-- [ RunTime:0.001311s ]
INFO: Run Behavior\ParseTemplateBehavior [ RunTime:0.042853s ]
INFO: [ view_parse ] --END-- [ RunTime:0.043610s ]
INFO: [ view_filter ] --START--
INFO: Run Behavior\WriteHtmlCacheBehavior [ RunTime:0.001258s ]
INFO: [ view_filter ] --END-- [ RunTime:0.001936s ]
INFO: [ app_end ] --START--
INFO: Run Behavior\ShowPageTraceBehavior [ RunTime:0.001690s ]
INFO: [ app_end ] --END-- [ RunTime:0.002035s ]

[ 2016-02-27T21:24:38+08:00 ] 127.0.0.1 /Admin/orderManage/ordercontent/id/2
INFO: [ app_init ] --START--
INFO: Run Behavior\BuildLiteBehavior [ RunTime:0.000110s ]
INFO: [ app_init ] --END-- [ RunTime:0.002011s ]
INFO: [ app_begin ] --START--
INFO: Run Behavior\ReadHtmlCacheBehavior [ RunTime:0.002614s ]
INFO: Run Behavior\ReadHtmlCacheBehavior [ RunTime:0.000173s ]
INFO: Run Behavior\CheckLangBehavior [ RunTime:0.004805s ]
INFO: [ app_begin ] --END-- [ RunTime:0.009091s ]
SQL: SHOW COLUMNS FROM `exp_order` [ RunTime:0.0310s ]
SQL: SELECT * FROM `exp_order` WHERE `order_id` = 2 LIMIT 1   [ RunTime:0.0330s ]
INFO: [ view_parse ] --START--
INFO: [ template_filter ] --START--
INFO: Run Behavior\ContentReplaceBehavior [ RunTime:0.000305s ]
INFO: [ template_filter ] --END-- [ RunTime:0.000757s ]
INFO: Run Behavior\ParseTemplateBehavior [ RunTime:0.036191s ]
INFO: [ view_parse ] --END-- [ RunTime:0.036715s ]
INFO: [ view_filter ] --START--
INFO: Run Behavior\WriteHtmlCacheBehavior [ RunTime:0.001369s ]
INFO: [ view_filter ] --END-- [ RunTime:0.001890s ]
INFO: [ app_end ] --START--
INFO: Run Behavior\ShowPageTraceBehavior [ RunTime:0.002104s ]
INFO: [ app_end ] --END-- [ RunTime:0.002798s ]

[ 2016-02-27T21:29:14+08:00 ] 127.0.0.1 /Admin/orderManage/ordercontent/id/2
INFO: [ app_init ] --START--
INFO: Run Behavior\BuildLiteBehavior [ RunTime:0.000079s ]
INFO: [ app_init ] --END-- [ RunTime:0.001703s ]
INFO: [ app_begin ] --START--
INFO: Run Behavior\ReadHtmlCacheBehavior [ RunTime:0.002012s ]
INFO: Run Behavior\ReadHtmlCacheBehavior [ RunTime:0.000125s ]
INFO: Run Behavior\CheckLangBehavior [ RunTime:0.002320s ]
INFO: [ app_begin ] --END-- [ RunTime:0.005461s ]
SQL: SHOW COLUMNS FROM `exp_order` [ RunTime:0.0269s ]
SQL: SELECT * FROM `exp_order` WHERE `order_id` = 2 LIMIT 1   [ RunTime:0.0270s ]
INFO: [ view_parse ] --START--
INFO: [ template_filter ] --START--
INFO: Run Behavior\ContentReplaceBehavior [ RunTime:0.000479s ]
INFO: [ template_filter ] --END-- [ RunTime:0.001093s ]
INFO: Run Behavior\ParseTemplateBehavior [ RunTime:0.030482s ]
INFO: [ view_parse ] --END-- [ RunTime:0.030886s ]
INFO: [ view_filter ] --START--
INFO: Run Behavior\WriteHtmlCacheBehavior [ RunTime:0.001215s ]
INFO: [ view_filter ] --END-- [ RunTime:0.001627s ]
INFO: [ app_end ] --START--
INFO: Run Behavior\ShowPageTraceBehavior [ RunTime:0.002733s ]
INFO: [ app_end ] --END-- [ RunTime:0.003245s ]

[ 2016-02-27T21:29:49+08:00 ] 127.0.0.1 /Admin/orderManage/ordercontent/id/2
INFO: [ app_init ] --START--
INFO: Run Behavior\BuildLiteBehavior [ RunTime:0.000077s ]
INFO: [ app_init ] --END-- [ RunTime:0.001647s ]
INFO: [ app_begin ] --START--
INFO: Run Behavior\ReadHtmlCacheBehavior [ RunTime:0.001658s ]
INFO: Run Behavior\ReadHtmlCacheBehavior [ RunTime:0.000173s ]
INFO: Run Behavior\CheckLangBehavior [ RunTime:0.002684s ]
INFO: [ app_begin ] --END-- [ RunTime:0.006699s ]
SQL: SHOW COLUMNS FROM `exp_order` [ RunTime:0.0302s ]
SQL: SELECT * FROM `exp_order` WHERE `order_id` = 2 LIMIT 1   [ RunTime:0.0291s ]
INFO: [ view_parse ] --START--
INFO: [ template_filter ] --START--
INFO: Run Behavior\ContentReplaceBehavior [ RunTime:0.000341s ]
INFO: [ template_filter ] --END-- [ RunTime:0.000699s ]
INFO: Run Behavior\ParseTemplateBehavior [ RunTime:0.035293s ]
INFO: [ view_parse ] --END-- [ RunTime:0.035688s ]
INFO: [ view_filter ] --START--
INFO: Run Behavior\WriteHtmlCacheBehavior [ RunTime:0.000914s ]
INFO: [ view_filter ] --END-- [ RunTime:0.001249s ]
INFO: [ app_end ] --START--
INFO: Run Behavior\ShowPageTraceBehavior [ RunTime:0.001715s ]
INFO: [ app_end ] --END-- [ RunTime:0.002176s ]

[ 2016-02-27T21:34:26+08:00 ] 127.0.0.1 /Admin/orderManage/ordercontent/id/2
INFO: [ app_init ] --START--
INFO: Run Behavior\BuildLiteBehavior [ RunTime:0.000137s ]
INFO: [ app_init ] --END-- [ RunTime:0.001911s ]
INFO: [ app_begin ] --START--
INFO: Run Behavior\ReadHtmlCacheBehavior [ RunTime:0.002105s ]
INFO: Run Behavior\ReadHtmlCacheBehavior [ RunTime:0.000174s ]
INFO: Run Behavior\CheckLangBehavior [ RunTime:0.003527s ]
INFO: [ app_begin ] --END-- [ RunTime:0.007574s ]
SQL: SHOW COLUMNS FROM `exp_order` [ RunTime:0.0293s ]
SQL: SELECT * FROM `exp_order` WHERE `order_id` = 2 LIMIT 1   [ RunTime:0.0290s ]
INFO: [ view_parse ] --START--
INFO: [ template_filter ] --START--
INFO: Run Behavior\ContentReplaceBehavior [ RunTime:0.000345s ]
INFO: [ template_filter ] --END-- [ RunTime:0.000745s ]
INFO: Run Behavior\ParseTemplateBehavior [ RunTime:0.030121s ]
INFO: [ view_parse ] --END-- [ RunTime:0.030579s ]
INFO: [ view_filter ] --START--
INFO: Run Behavior\WriteHtmlCacheBehavior [ RunTime:0.001574s ]
INFO: [ view_filter ] --END-- [ RunTime:0.002155s ]
INFO: [ app_end ] --START--
INFO: Run Behavior\ShowPageTraceBehavior [ RunTime:0.002522s ]
INFO: [ app_end ] --END-- [ RunTime:0.003315s ]

[ 2016-02-27T21:34:41+08:00 ] 127.0.0.1 /Admin/orderManage/ordercontent/id/2
INFO: [ app_init ] --START--
INFO: Run Behavior\BuildLiteBehavior [ RunTime:0.000080s ]
INFO: [ app_init ] --END-- [ RunTime:0.001552s ]
INFO: [ app_begin ] --START--
INFO: Run Behavior\ReadHtmlCacheBehavior [ RunTime:0.001555s ]
INFO: Run Behavior\ReadHtmlCacheBehavior [ RunTime:0.000088s ]
INFO: Run Behavior\CheckLangBehavior [ RunTime:0.002013s ]
INFO: [ app_begin ] --END-- [ RunTime:0.004382s ]
SQL: SHOW COLUMNS FROM `exp_order` [ RunTime:0.0281s ]
SQL: SELECT * FROM `exp_order` WHERE `order_id` = 2 LIMIT 1   [ RunTime:0.0280s ]
INFO: [ view_parse ] --START--
INFO: [ template_filter ] --START--
INFO: Run Behavior\ContentReplaceBehavior [ RunTime:0.000300s ]
INFO: [ template_filter ] --END-- [ RunTime:0.000661s ]
INFO: Run Behavior\ParseTemplateBehavior [ RunTime:0.037133s ]
INFO: [ view_parse ] --END-- [ RunTime:0.037625s ]
INFO: [ view_filter ] --START--
INFO: Run Behavior\WriteHtmlCacheBehavior [ RunTime:0.001452s ]
INFO: [ view_filter ] --END-- [ RunTime:0.001996s ]
INFO: [ app_end ] --START--
INFO: Run Behavior\ShowPageTraceBehavior [ RunTime:0.002177s ]
INFO: [ app_end ] --END-- [ RunTime:0.002837s ]

[ 2016-02-27T21:35:32+08:00 ] 127.0.0.1 /Admin/orderManage/ordercontent/id/2
INFO: [ app_init ] --START--
INFO: Run Behavior\BuildLiteBehavior [ RunTime:0.000127s ]
INFO: [ app_init ] --END-- [ RunTime:0.001676s ]
INFO: [ app_begin ] --START--
INFO: Run Behavior\ReadHtmlCacheBehavior [ RunTime:0.003402s ]
INFO: Run Behavior\ReadHtmlCacheBehavior [ RunTime:0.000229s ]
INFO: Run Behavior\CheckLangBehavior [ RunTime:0.002228s ]
INFO: [ app_begin ] --END-- [ RunTime:0.006726s ]
SQL: SHOW COLUMNS FROM `exp_order` [ RunTime:0.0395s ]
SQL: SELECT * FROM `exp_order` WHERE `order_id` = 2 LIMIT 1   [ RunTime:0.0448s ]
INFO: [ view_parse ] --START--
INFO: [ template_filter ] --START--
INFO: Run Behavior\ContentReplaceBehavior [ RunTime:0.000298s ]
INFO: [ template_filter ] --END-- [ RunTime:0.000698s ]
INFO: Run Behavior\ParseTemplateBehavior [ RunTime:0.033381s ]
INFO: [ view_parse ] --END-- [ RunTime:0.033859s ]
INFO: [ view_filter ] --START--
INFO: Run Behavior\WriteHtmlCacheBehavior [ RunTime:0.001190s ]
INFO: [ view_filter ] --END-- [ RunTime:0.001581s ]
INFO: [ app_end ] --START--
INFO: Run Behavior\ShowPageTraceBehavior [ RunTime:0.001782s ]
INFO: [ app_end ] --END-- [ RunTime:0.002133s ]

[ 2016-02-27T21:50:03+08:00 ] 127.0.0.1 /Admin/orderManage/ordercontent/id/2
INFO: [ app_init ] --START--
INFO: Run Behavior\BuildLiteBehavior [ RunTime:0.000129s ]
INFO: [ app_init ] --END-- [ RunTime:0.001825s ]
INFO: [ app_begin ] --START--
INFO: Run Behavior\ReadHtmlCacheBehavior [ RunTime:0.002672s ]
INFO: Run Behavior\ReadHtmlCacheBehavior [ RunTime:0.000090s ]
INFO: Run Behavior\CheckLangBehavior [ RunTime:0.005520s ]
INFO: [ app_begin ] --END-- [ RunTime:0.009226s ]
SQL: SHOW COLUMNS FROM `exp_order` [ RunTime:0.0300s ]
SQL: SELECT * FROM `exp_order` WHERE `order_id` = 2 LIMIT 1   [ RunTime:0.0302s ]
INFO: [ view_parse ] --START--
INFO: [ template_filter ] --START--
INFO: Run Behavior\ContentReplaceBehavior [ RunTime:0.000483s ]
INFO: [ template_filter ] --END-- [ RunTime:0.001168s ]
INFO: Run Behavior\ParseTemplateBehavior [ RunTime:0.039399s ]
INFO: [ view_parse ] --END-- [ RunTime:0.040032s ]
INFO: [ view_filter ] --START--
INFO: Run Behavior\WriteHtmlCacheBehavior [ RunTime:0.004515s ]
INFO: [ view_filter ] --END-- [ RunTime:0.005091s ]
INFO: [ app_end ] --START--
INFO: Run Behavior\ShowPageTraceBehavior [ RunTime:0.002638s ]
INFO: [ app_end ] --END-- [ RunTime:0.003455s ]

[ 2016-02-27T21:50:46+08:00 ] 127.0.0.1 /Admin/orderManage/ordercontent/id/2
INFO: [ app_init ] --START--
INFO: Run Behavior\BuildLiteBehavior [ RunTime:0.000106s ]
INFO: [ app_init ] --END-- [ RunTime:0.001879s ]
INFO: [ app_begin ] --START--
INFO: Run Behavior\ReadHtmlCacheBehavior [ RunTime:0.002127s ]
INFO: Run Behavior\ReadHtmlCacheBehavior [ RunTime:0.000163s ]
INFO: Run Behavior\CheckLangBehavior [ RunTime:0.003350s ]
INFO: [ app_begin ] --END-- [ RunTime:0.007233s ]
SQL: SHOW COLUMNS FROM `exp_order` [ RunTime:0.0244s ]
SQL: SELECT * FROM `exp_order` WHERE `order_id` = 2 LIMIT 1   [ RunTime:0.0260s ]
INFO: [ view_parse ] --START--
INFO: [ template_filter ] --START--
INFO: Run Behavior\ContentReplaceBehavior [ RunTime:0.000528s ]
INFO: [ template_filter ] --END-- [ RunTime:0.001233s ]
INFO: Run Behavior\ParseTemplateBehavior [ RunTime:0.036113s ]
INFO: [ view_parse ] --END-- [ RunTime:0.036687s ]
INFO: [ view_filter ] --START--
INFO: Run Behavior\WriteHtmlCacheBehavior [ RunTime:0.001998s ]
INFO: [ view_filter ] --END-- [ RunTime:0.002921s ]
INFO: [ app_end ] --START--
INFO: Run Behavior\ShowPageTraceBehavior [ RunTime:0.002387s ]
INFO: [ app_end ] --END-- [ RunTime:0.003498s ]

[ 2016-02-27T21:51:37+08:00 ] 127.0.0.1 /Admin/orderManage/ordercontent/id/2
INFO: [ app_init ] --START--
INFO: Run Behavior\BuildLiteBehavior [ RunTime:0.000079s ]
INFO: [ app_init ] --END-- [ RunTime:0.001249s ]
INFO: [ app_begin ] --START--
INFO: Run Behavior\ReadHtmlCacheBehavior [ RunTime:0.001786s ]
INFO: Run Behavior\ReadHtmlCacheBehavior [ RunTime:0.000087s ]
INFO: Run Behavior\CheckLangBehavior [ RunTime:0.002029s ]
INFO: [ app_begin ] --END-- [ RunTime:0.004651s ]
SQL: SHOW COLUMNS FROM `exp_order` [ RunTime:0.0316s ]
SQL: SELECT * FROM `exp_order` WHERE `order_id` = 2 LIMIT 1   [ RunTime:0.0299s ]
INFO: [ view_parse ] --START--
INFO: [ template_filter ] --START--
INFO: Run Behavior\ContentReplaceBehavior [ RunTime:0.000291s ]
INFO: [ template_filter ] --END-- [ RunTime:0.000643s ]
INFO: Run Behavior\ParseTemplateBehavior [ RunTime:0.030989s ]
INFO: [ view_parse ] --END-- [ RunTime:0.031491s ]
INFO: [ view_filter ] --START--
INFO: Run Behavior\WriteHtmlCacheBehavior [ RunTime:0.001047s ]
INFO: [ view_filter ] --END-- [ RunTime:0.001378s ]
INFO: [ app_end ] --START--
INFO: Run Behavior\ShowPageTraceBehavior [ RunTime:0.001713s ]
INFO: [ app_end ] --END-- [ RunTime:0.002071s ]

[ 2016-02-27T21:52:35+08:00 ] 127.0.0.1 /Admin/orderManage/ordercontent/id/2
INFO: [ app_init ] --START--
INFO: Run Behavior\BuildLiteBehavior [ RunTime:0.000124s ]
INFO: [ app_init ] --END-- [ RunTime:0.001847s ]
INFO: [ app_begin ] --START--
INFO: Run Behavior\ReadHtmlCacheBehavior [ RunTime:0.001166s ]
INFO: Run Behavior\ReadHtmlCacheBehavior [ RunTime:0.000125s ]
INFO: Run Behavior\CheckLangBehavior [ RunTime:0.002163s ]
INFO: [ app_begin ] --END-- [ RunTime:0.004594s ]
SQL: SHOW COLUMNS FROM `exp_order` [ RunTime:0.0302s ]
SQL: SELECT * FROM `exp_order` WHERE `order_id` = 2 LIMIT 1   [ RunTime:0.0295s ]
INFO: [ view_parse ] --START--
INFO: [ template_filter ] --START--
INFO: Run Behavior\ContentReplaceBehavior [ RunTime:0.000402s ]
INFO: [ template_filter ] --END-- [ RunTime:0.000851s ]
INFO: Run Behavior\ParseTemplateBehavior [ RunTime:0.027267s ]
INFO: [ view_parse ] --END-- [ RunTime:0.027789s ]
INFO: [ view_filter ] --START--
INFO: Run Behavior\WriteHtmlCacheBehavior [ RunTime:0.001131s ]
INFO: [ view_filter ] --END-- [ RunTime:0.001537s ]
INFO: [ app_end ] --START--
INFO: Run Behavior\ShowPageTraceBehavior [ RunTime:0.001582s ]
INFO: [ app_end ] --END-- [ RunTime:0.001914s ]

[ 2016-02-27T21:53:25+08:00 ] 127.0.0.1 /Admin/orderManage/ordercontent/id/2
INFO: [ app_init ] --START--
INFO: Run Behavior\BuildLiteBehavior [ RunTime:0.000077s ]
INFO: [ app_init ] --END-- [ RunTime:0.001301s ]
INFO: [ app_begin ] --START--
INFO: Run Behavior\ReadHtmlCacheBehavior [ RunTime:0.002017s ]
INFO: Run Behavior\ReadHtmlCacheBehavior [ RunTime:0.000091s ]
INFO: Run Behavior\CheckLangBehavior [ RunTime:0.004956s ]
INFO: [ app_begin ] --END-- [ RunTime:0.008022s ]
SQL: SHOW COLUMNS FROM `exp_order` [ RunTime:0.0305s ]
SQL: SELECT * FROM `exp_order` WHERE `order_id` = 2 LIMIT 1   [ RunTime:0.0318s ]
INFO: [ view_parse ] --START--
INFO: [ template_filter ] --START--
INFO: Run Behavior\ContentReplaceBehavior [ RunTime:0.000366s ]
INFO: [ template_filter ] --END-- [ RunTime:0.000769s ]
INFO: Run Behavior\ParseTemplateBehavior [ RunTime:0.033864s ]
INFO: [ view_parse ] --END-- [ RunTime:0.034646s ]
INFO: [ view_filter ] --START--
INFO: Run Behavior\WriteHtmlCacheBehavior [ RunTime:0.001446s ]
INFO: [ view_filter ] --END-- [ RunTime:0.002095s ]
INFO: [ app_end ] --START--
INFO: Run Behavior\ShowPageTraceBehavior [ RunTime:0.001501s ]
INFO: [ app_end ] --END-- [ RunTime:0.001965s ]

[ 2016-02-27T21:53:55+08:00 ] 127.0.0.1 /Admin/orderManage/ordercontent/id/2
INFO: [ app_init ] --START--
INFO: Run Behavior\BuildLiteBehavior [ RunTime:0.000083s ]
INFO: [ app_init ] --END-- [ RunTime:0.002380s ]
INFO: [ app_begin ] --START--
INFO: Run Behavior\ReadHtmlCacheBehavior [ RunTime:0.001469s ]
INFO: Run Behavior\ReadHtmlCacheBehavior [ RunTime:0.000087s ]
INFO: Run Behavior\CheckLangBehavior [ RunTime:0.002879s ]
INFO: [ app_begin ] --END-- [ RunTime:0.005196s ]
SQL: SHOW COLUMNS FROM `exp_order` [ RunTime:0.0267s ]
SQL: SELECT * FROM `exp_order` WHERE `order_id` = 2 LIMIT 1   [ RunTime:0.0264s ]
INFO: [ view_parse ] --START--
INFO: [ template_filter ] --START--
INFO: Run Behavior\ContentReplaceBehavior [ RunTime:0.000300s ]
INFO: [ template_filter ] --END-- [ RunTime:0.000735s ]
INFO: Run Behavior\ParseTemplateBehavior [ RunTime:0.031135s ]
INFO: [ view_parse ] --END-- [ RunTime:0.032026s ]
INFO: [ view_filter ] --START--
INFO: Run Behavior\WriteHtmlCacheBehavior [ RunTime:0.001188s ]
INFO: [ view_filter ] --END-- [ RunTime:0.001670s ]
INFO: [ app_end ] --START--
INFO: Run Behavior\ShowPageTraceBehavior [ RunTime:0.001551s ]
INFO: [ app_end ] --END-- [ RunTime:0.001938s ]

[ 2016-02-27T21:54:09+08:00 ] 127.0.0.1 /Admin/orderManage/ordercontent/id/2
INFO: [ app_init ] --START--
INFO: Run Behavior\BuildLiteBehavior [ RunTime:0.000075s ]
INFO: [ app_init ] --END-- [ RunTime:0.001190s ]
INFO: [ app_begin ] --START--
INFO: Run Behavior\ReadHtmlCacheBehavior [ RunTime:0.002180s ]
INFO: Run Behavior\ReadHtmlCacheBehavior [ RunTime:0.000146s ]
INFO: Run Behavior\CheckLangBehavior [ RunTime:0.002070s ]
INFO: [ app_begin ] --END-- [ RunTime:0.005336s ]
SQL: SHOW COLUMNS FROM `exp_order` [ RunTime:0.0250s ]
SQL: SELECT * FROM `exp_order` WHERE `order_id` = 2 LIMIT 1   [ RunTime:0.0253s ]
INFO: [ view_parse ] --START--
INFO: [ template_filter ] --START--
INFO: Run Behavior\ContentReplaceBehavior [ RunTime:0.000300s ]
INFO: [ template_filter ] --END-- [ RunTime:0.000660s ]
INFO: Run Behavior\ParseTemplateBehavior [ RunTime:0.034849s ]
INFO: [ view_parse ] --END-- [ RunTime:0.035486s ]
INFO: [ view_filter ] --START--
INFO: Run Behavior\WriteHtmlCacheBehavior [ RunTime:0.001220s ]
INFO: [ view_filter ] --END-- [ RunTime:0.001712s ]
INFO: [ app_end ] --START--
INFO: Run Behavior\ShowPageTraceBehavior [ RunTime:0.001413s ]
INFO: [ app_end ] --END-- [ RunTime:0.001787s ]

[ 2016-02-27T21:55:42+08:00 ] 127.0.0.1 /Admin/orderManage/ordercontent/id/2
INFO: [ app_init ] --START--
INFO: Run Behavior\BuildLiteBehavior [ RunTime:0.000147s ]
INFO: [ app_init ] --END-- [ RunTime:0.001611s ]
INFO: [ app_begin ] --START--
INFO: Run Behavior\ReadHtmlCacheBehavior [ RunTime:0.002236s ]
INFO: Run Behavior\ReadHtmlCacheBehavior [ RunTime:0.000182s ]
INFO: Run Behavior\CheckLangBehavior [ RunTime:0.002344s ]
INFO: [ app_begin ] --END-- [ RunTime:0.005908s ]
SQL: SHOW COLUMNS FROM `exp_order` [ RunTime:0.0293s ]
SQL: SELECT * FROM `exp_order` WHERE `order_id` = 2 LIMIT 1   [ RunTime:0.0288s ]
INFO: [ view_parse ] --START--
INFO: [ template_filter ] --START--
INFO: Run Behavior\ContentReplaceBehavior [ RunTime:0.000370s ]
INFO: [ template_filter ] --END-- [ RunTime:0.000808s ]
INFO: Run Behavior\ParseTemplateBehavior [ RunTime:0.034780s ]
INFO: [ view_parse ] --END-- [ RunTime:0.035315s ]
INFO: [ view_filter ] --START--
INFO: Run Behavior\WriteHtmlCacheBehavior [ RunTime:0.001098s ]
INFO: [ view_filter ] --END-- [ RunTime:0.001454s ]
INFO: [ app_end ] --START--
INFO: Run Behavior\ShowPageTraceBehavior [ RunTime:0.001687s ]
INFO: [ app_end ] --END-- [ RunTime:0.002087s ]

[ 2016-02-27T21:58:29+08:00 ] 127.0.0.1 /Admin/orderManage/ordercontent/id/2
INFO: [ app_init ] --START--
INFO: Run Behavior\BuildLiteBehavior [ RunTime:0.000076s ]
INFO: [ app_init ] --END-- [ RunTime:0.001351s ]
INFO: [ app_begin ] --START--
INFO: Run Behavior\ReadHtmlCacheBehavior [ RunTime:0.003406s ]
INFO: Run Behavior\ReadHtmlCacheBehavior [ RunTime:0.000169s ]
INFO: Run Behavior\CheckLangBehavior [ RunTime:0.003091s ]
INFO: [ app_begin ] --END-- [ RunTime:0.008297s ]
SQL: SHOW COLUMNS FROM `exp_order` [ RunTime:0.0239s ]
SQL: SELECT * FROM `exp_order` WHERE `order_id` = 2 LIMIT 1   [ RunTime:0.0264s ]
INFO: [ view_parse ] --START--
INFO: [ template_filter ] --START--
INFO: Run Behavior\ContentReplaceBehavior [ RunTime:0.000486s ]
INFO: [ template_filter ] --END-- [ RunTime:0.001140s ]
INFO: Run Behavior\ParseTemplateBehavior [ RunTime:0.033446s ]
INFO: [ view_parse ] --END-- [ RunTime:0.033902s ]
INFO: [ view_filter ] --START--
INFO: Run Behavior\WriteHtmlCacheBehavior [ RunTime:0.001228s ]
INFO: [ view_filter ] --END-- [ RunTime:0.001794s ]
INFO: [ app_end ] --START--
INFO: Run Behavior\ShowPageTraceBehavior [ RunTime:0.002827s ]
INFO: [ app_end ] --END-- [ RunTime:0.003495s ]

[ 2016-02-27T22:05:25+08:00 ] 127.0.0.1 /Admin/orderManage/ordercontent/id/2
INFO: [ app_init ] --START--
INFO: Run Behavior\BuildLiteBehavior [ RunTime:0.000195s ]
INFO: [ app_init ] --END-- [ RunTime:0.002381s ]
INFO: [ app_begin ] --START--
INFO: Run Behavior\ReadHtmlCacheBehavior [ RunTime:0.001692s ]
INFO: Run Behavior\ReadHtmlCacheBehavior [ RunTime:0.000087s ]
INFO: Run Behavior\CheckLangBehavior [ RunTime:0.002562s ]
INFO: [ app_begin ] --END-- [ RunTime:0.005171s ]
SQL: SHOW COLUMNS FROM `exp_order` [ RunTime:0.0271s ]
SQL: SELECT * FROM `exp_order` WHERE `order_id` = 2 LIMIT 1   [ RunTime:0.0268s ]
INFO: [ view_parse ] --START--
INFO: [ template_filter ] --START--
INFO: Run Behavior\ContentReplaceBehavior [ RunTime:0.000464s ]
INFO: [ template_filter ] --END-- [ RunTime:0.001014s ]
INFO: Run Behavior\ParseTemplateBehavior [ RunTime:0.033491s ]
INFO: [ view_parse ] --END-- [ RunTime:0.033877s ]
INFO: [ view_filter ] --START--
INFO: Run Behavior\WriteHtmlCacheBehavior [ RunTime:0.001369s ]
INFO: [ view_filter ] --END-- [ RunTime:0.001851s ]
INFO: [ app_end ] --START--
INFO: Run Behavior\ShowPageTraceBehavior [ RunTime:0.001506s ]
INFO: [ app_end ] --END-- [ RunTime:0.001879s ]

[ 2016-02-27T22:06:41+08:00 ] 127.0.0.1 /Admin/orderManage/ordercontent/id/2
INFO: [ app_init ] --START--
INFO: Run Behavior\BuildLiteBehavior [ RunTime:0.000077s ]
INFO: [ app_init ] --END-- [ RunTime:0.001260s ]
INFO: [ app_begin ] --START--
INFO: Run Behavior\ReadHtmlCacheBehavior [ RunTime:0.001486s ]
INFO: Run Behavior\ReadHtmlCacheBehavior [ RunTime:0.000084s ]
INFO: Run Behavior\CheckLangBehavior [ RunTime:0.002727s ]
INFO: [ app_begin ] --END-- [ RunTime:0.005196s ]
SQL: SHOW COLUMNS FROM `exp_order` [ RunTime:0.0244s ]
SQL: SELECT * FROM `exp_order` WHERE `order_id` = 2 LIMIT 1   [ RunTime:0.0240s ]
INFO: [ view_parse ] --START--
INFO: [ template_filter ] --START--
INFO: Run Behavior\ContentReplaceBehavior [ RunTime:0.000545s ]
INFO: [ template_filter ] --END-- [ RunTime:0.001460s ]
INFO: Run Behavior\ParseTemplateBehavior [ RunTime:0.042262s ]
INFO: [ view_parse ] --END-- [ RunTime:0.043370s ]
INFO: [ view_filter ] --START--
INFO: Run Behavior\WriteHtmlCacheBehavior [ RunTime:0.001886s ]
INFO: [ view_filter ] --END-- [ RunTime:0.003081s ]
INFO: [ app_end ] --START--
INFO: Run Behavior\ShowPageTraceBehavior [ RunTime:0.003175s ]
INFO: [ app_end ] --END-- [ RunTime:0.003859s ]

[ 2016-02-27T22:06:54+08:00 ] 127.0.0.1 /Admin/orderManage/ordercontent/id/2
INFO: [ app_init ] --START--
INFO: Run Behavior\BuildLiteBehavior [ RunTime:0.000075s ]
INFO: [ app_init ] --END-- [ RunTime:0.001054s ]
INFO: [ app_begin ] --START--
INFO: Run Behavior\ReadHtmlCacheBehavior [ RunTime:0.001174s ]
INFO: Run Behavior\ReadHtmlCacheBehavior [ RunTime:0.000212s ]
INFO: Run Behavior\CheckLangBehavior [ RunTime:0.002955s ]
INFO: [ app_begin ] --END-- [ RunTime:0.005550s ]
SQL: SHOW COLUMNS FROM `exp_order` [ RunTime:0.0276s ]
SQL: SELECT * FROM `exp_order` WHERE `order_id` = 2 LIMIT 1   [ RunTime:0.0274s ]
INFO: [ view_parse ] --START--
INFO: [ template_filter ] --START--
INFO: Run Behavior\ContentReplaceBehavior [ RunTime:0.000299s ]
INFO: [ template_filter ] --END-- [ RunTime:0.000676s ]
INFO: Run Behavior\ParseTemplateBehavior [ RunTime:0.030019s ]
INFO: [ view_parse ] --END-- [ RunTime:0.030449s ]
INFO: [ view_filter ] --START--
INFO: Run Behavior\WriteHtmlCacheBehavior [ RunTime:0.000862s ]
INFO: [ view_filter ] --END-- [ RunTime:0.001193s ]
INFO: [ app_end ] --START--
INFO: Run Behavior\ShowPageTraceBehavior [ RunTime:0.001993s ]
INFO: [ app_end ] --END-- [ RunTime:0.002552s ]

[ 2016-02-27T22:08:14+08:00 ] 127.0.0.1 /Admin/orderManage/ordercontent/id/2
INFO: [ app_init ] --START--
INFO: Run Behavior\BuildLiteBehavior [ RunTime:0.000074s ]
INFO: [ app_init ] --END-- [ RunTime:0.001207s ]
INFO: [ app_begin ] --START--
INFO: Run Behavior\ReadHtmlCacheBehavior [ RunTime:0.001523s ]
INFO: Run Behavior\ReadHtmlCacheBehavior [ RunTime:0.000087s ]
INFO: Run Behavior\CheckLangBehavior [ RunTime:0.002035s ]
INFO: [ app_begin ] --END-- [ RunTime:0.004393s ]
SQL: SHOW COLUMNS FROM `exp_order` [ RunTime:0.0270s ]
SQL: SELECT * FROM `exp_order` WHERE `order_id` = 2 LIMIT 1   [ RunTime:0.0244s ]
INFO: [ view_parse ] --START--
INFO: [ template_filter ] --START--
INFO: Run Behavior\ContentReplaceBehavior [ RunTime:0.000303s ]
INFO: [ template_filter ] --END-- [ RunTime:0.000658s ]
INFO: Run Behavior\ParseTemplateBehavior [ RunTime:0.033171s ]
INFO: [ view_parse ] --END-- [ RunTime:0.033620s ]
INFO: [ view_filter ] --START--
INFO: Run Behavior\WriteHtmlCacheBehavior [ RunTime:0.001029s ]
INFO: [ view_filter ] --END-- [ RunTime:0.001369s ]
INFO: [ app_end ] --START--
INFO: Run Behavior\ShowPageTraceBehavior [ RunTime:0.001974s ]
INFO: [ app_end ] --END-- [ RunTime:0.002330s ]

[ 2016-02-27T22:10:23+08:00 ] 127.0.0.1 /Admin/orderManage/ordercontent/id/2
INFO: [ app_init ] --START--
INFO: Run Behavior\BuildLiteBehavior [ RunTime:0.000161s ]
INFO: [ app_init ] --END-- [ RunTime:0.001817s ]
INFO: [ app_begin ] --START--
INFO: Run Behavior\ReadHtmlCacheBehavior [ RunTime:0.001634s ]
INFO: Run Behavior\ReadHtmlCacheBehavior [ RunTime:0.000089s ]
INFO: Run Behavior\CheckLangBehavior [ RunTime:0.002024s ]
INFO: [ app_begin ] --END-- [ RunTime:0.004548s ]
SQL: SHOW COLUMNS FROM `exp_order` [ RunTime:0.0297s ]
SQL: SELECT * FROM `exp_order` WHERE `order_id` = 2 LIMIT 1   [ RunTime:0.0297s ]
INFO: [ view_parse ] --START--
INFO: [ template_filter ] --START--
INFO: Run Behavior\ContentReplaceBehavior [ RunTime:0.000463s ]
INFO: [ template_filter ] --END-- [ RunTime:0.001003s ]
INFO: Run Behavior\ParseTemplateBehavior [ RunTime:0.030975s ]
INFO: [ view_parse ] --END-- [ RunTime:0.031369s ]
INFO: [ view_filter ] --START--
INFO: Run Behavior\WriteHtmlCacheBehavior [ RunTime:0.000880s ]
INFO: [ view_filter ] --END-- [ RunTime:0.001245s ]
INFO: [ app_end ] --START--
INFO: Run Behavior\ShowPageTraceBehavior [ RunTime:0.001767s ]
INFO: [ app_end ] --END-- [ RunTime:0.002213s ]

[ 2016-02-27T22:10:59+08:00 ] 127.0.0.1 /Admin/orderManage/ordercontent/id/2
INFO: [ app_init ] --START--
INFO: Run Behavior\BuildLiteBehavior [ RunTime:0.000880s ]
INFO: [ app_init ] --END-- [ RunTime:0.003447s ]
INFO: [ app_begin ] --START--
INFO: Run Behavior\ReadHtmlCacheBehavior [ RunTime:0.002179s ]
INFO: Run Behavior\ReadHtmlCacheBehavior [ RunTime:0.000089s ]
INFO: Run Behavior\CheckLangBehavior [ RunTime:0.002190s ]
INFO: [ app_begin ] --END-- [ RunTime:0.005744s ]
SQL: SHOW COLUMNS FROM `exp_order` [ RunTime:0.0291s ]
SQL: SELECT * FROM `exp_order` WHERE `order_id` = 2 LIMIT 1   [ RunTime:0.0268s ]
INFO: [ view_parse ] --START--
INFO: [ template_filter ] --START--
INFO: Run Behavior\ContentReplaceBehavior [ RunTime:0.000314s ]
INFO: [ template_filter ] --END-- [ RunTime:0.000681s ]
INFO: Run Behavior\ParseTemplateBehavior [ RunTime:0.030387s ]
INFO: [ view_parse ] --END-- [ RunTime:0.030805s ]
INFO: [ view_filter ] --START--
INFO: Run Behavior\WriteHtmlCacheBehavior [ RunTime:0.000899s ]
INFO: [ view_filter ] --END-- [ RunTime:0.001247s ]
INFO: [ app_end ] --START--
INFO: Run Behavior\ShowPageTraceBehavior [ RunTime:0.001353s ]
INFO: [ app_end ] --END-- [ RunTime:0.001686s ]

[ 2016-02-27T22:11:17+08:00 ] 127.0.0.1 /Admin/orderManage/ordercontent/id/2
INFO: [ app_init ] --START--
INFO: Run Behavior\BuildLiteBehavior [ RunTime:0.000078s ]
INFO: [ app_init ] --END-- [ RunTime:0.001323s ]
INFO: [ app_begin ] --START--
INFO: Run Behavior\ReadHtmlCacheBehavior [ RunTime:0.002469s ]
INFO: Run Behavior\ReadHtmlCacheBehavior [ RunTime:0.000171s ]
INFO: Run Behavior\CheckLangBehavior [ RunTime:0.003003s ]
INFO: [ app_begin ] --END-- [ RunTime:0.006886s ]
SQL: SHOW COLUMNS FROM `exp_order` [ RunTime:0.0311s ]
SQL: SELECT * FROM `exp_order` WHERE `order_id` = 2 LIMIT 1   [ RunTime:0.0293s ]
INFO: [ view_parse ] --START--
INFO: [ template_filter ] --START--
INFO: Run Behavior\ContentReplaceBehavior [ RunTime:0.000443s ]
INFO: [ template_filter ] --END-- [ RunTime:0.000817s ]
INFO: Run Behavior\ParseTemplateBehavior [ RunTime:0.032555s ]
INFO: [ view_parse ] --END-- [ RunTime:0.032948s ]
INFO: [ view_filter ] --START--
INFO: Run Behavior\WriteHtmlCacheBehavior [ RunTime:0.001000s ]
INFO: [ view_filter ] --END-- [ RunTime:0.001455s ]
INFO: [ app_end ] --START--
INFO: Run Behavior\ShowPageTraceBehavior [ RunTime:0.001369s ]
INFO: [ app_end ] --END-- [ RunTime:0.001741s ]

[ 2016-02-27T22:11:25+08:00 ] 127.0.0.1 /Admin/orderManage/ordercontent/id/2
INFO: [ app_init ] --START--
INFO: Run Behavior\BuildLiteBehavior [ RunTime:0.000077s ]
INFO: [ app_init ] --END-- [ RunTime:0.001194s ]
INFO: [ app_begin ] --START--
INFO: Run Behavior\ReadHtmlCacheBehavior [ RunTime:0.002001s ]
INFO: Run Behavior\ReadHtmlCacheBehavior [ RunTime:0.000174s ]
INFO: Run Behavior\CheckLangBehavior [ RunTime:0.003684s ]
INFO: [ app_begin ] --END-- [ RunTime:0.006982s ]
SQL: SHOW COLUMNS FROM `exp_order` [ RunTime:0.0309s ]
SQL: SELECT * FROM `exp_order` WHERE `order_id` = 2 LIMIT 1   [ RunTime:0.0291s ]
INFO: [ view_parse ] --START--
INFO: [ template_filter ] --START--
INFO: Run Behavior\ContentReplaceBehavior [ RunTime:0.000300s ]
INFO: [ template_filter ] --END-- [ RunTime:0.000711s ]
INFO: Run Behavior\ParseTemplateBehavior [ RunTime:0.032260s ]
INFO: [ view_parse ] --END-- [ RunTime:0.032802s ]
INFO: [ view_filter ] --START--
INFO: Run Behavior\WriteHtmlCacheBehavior [ RunTime:0.001679s ]
INFO: [ view_filter ] --END-- [ RunTime:0.002049s ]
INFO: [ app_end ] --START--
INFO: Run Behavior\ShowPageTraceBehavior [ RunTime:0.001626s ]
INFO: [ app_end ] --END-- [ RunTime:0.001991s ]

[ 2016-02-27T22:12:07+08:00 ] 127.0.0.1 /Admin/orderManage/ordercontent/id/2
INFO: [ app_init ] --START--
INFO: Run Behavior\BuildLiteBehavior [ RunTime:0.000077s ]
INFO: [ app_init ] --END-- [ RunTime:0.001410s ]
INFO: [ app_begin ] --START--
INFO: Run Behavior\ReadHtmlCacheBehavior [ RunTime:0.001765s ]
INFO: Run Behavior\ReadHtmlCacheBehavior [ RunTime:0.000165s ]
INFO: Run Behavior\CheckLangBehavior [ RunTime:0.001765s ]
INFO: [ app_begin ] --END-- [ RunTime:0.004835s ]
SQL: SHOW COLUMNS FROM `exp_order` [ RunTime:0.0317s ]
SQL: SELECT * FROM `exp_order` WHERE `order_id` = 2 LIMIT 1   [ RunTime:0.0292s ]
INFO: [ view_parse ] --START--
INFO: [ template_filter ] --START--
INFO: Run Behavior\ContentReplaceBehavior [ RunTime:0.000334s ]
INFO: [ template_filter ] --END-- [ RunTime:0.000686s ]
INFO: Run Behavior\ParseTemplateBehavior [ RunTime:0.028149s ]
INFO: [ view_parse ] --END-- [ RunTime:0.028617s ]
INFO: [ view_filter ] --START--
INFO: Run Behavior\WriteHtmlCacheBehavior [ RunTime:0.000815s ]
INFO: [ view_filter ] --END-- [ RunTime:0.001144s ]
INFO: [ app_end ] --START--
INFO: Run Behavior\ShowPageTraceBehavior [ RunTime:0.001099s ]
INFO: [ app_end ] --END-- [ RunTime:0.001432s ]

[ 2016-02-27T22:12:31+08:00 ] 127.0.0.1 /Admin/orderManage/ordercontent/id/2
INFO: [ app_init ] --START--
INFO: Run Behavior\BuildLiteBehavior [ RunTime:0.000075s ]
INFO: [ app_init ] --END-- [ RunTime:0.001164s ]
INFO: [ app_begin ] --START--
INFO: Run Behavior\ReadHtmlCacheBehavior [ RunTime:0.001751s ]
INFO: Run Behavior\ReadHtmlCacheBehavior [ RunTime:0.000242s ]
INFO: Run Behavior\CheckLangBehavior [ RunTime:0.004958s ]
INFO: [ app_begin ] --END-- [ RunTime:0.008156s ]
SQL: SHOW COLUMNS FROM `exp_order` [ RunTime:0.0266s ]
SQL: SELECT * FROM `exp_order` WHERE `order_id` = 2 LIMIT 1   [ RunTime:0.0266s ]
INFO: [ view_parse ] --START--
INFO: [ template_filter ] --START--
INFO: Run Behavior\ContentReplaceBehavior [ RunTime:0.000417s ]
INFO: [ template_filter ] --END-- [ RunTime:0.000842s ]
INFO: Run Behavior\ParseTemplateBehavior [ RunTime:0.031203s ]
INFO: [ view_parse ] --END-- [ RunTime:0.031776s ]
INFO: [ view_filter ] --START--
INFO: Run Behavior\WriteHtmlCacheBehavior [ RunTime:0.001239s ]
INFO: [ view_filter ] --END-- [ RunTime:0.001730s ]
INFO: [ app_end ] --START--
INFO: Run Behavior\ShowPageTraceBehavior [ RunTime:0.001629s ]
INFO: [ app_end ] --END-- [ RunTime:0.001974s ]

[ 2016-02-27T22:12:59+08:00 ] 127.0.0.1 /Admin/orderManage/ordercontent/id/2
INFO: [ app_init ] --START--
INFO: Run Behavior\BuildLiteBehavior [ RunTime:0.000132s ]
INFO: [ app_init ] --END-- [ RunTime:0.002093s ]
INFO: [ app_begin ] --START--
INFO: Run Behavior\ReadHtmlCacheBehavior [ RunTime:0.007229s ]
INFO: Run Behavior\ReadHtmlCacheBehavior [ RunTime:0.000178s ]
INFO: Run Behavior\CheckLangBehavior [ RunTime:0.003372s ]
INFO: [ app_begin ] --END-- [ RunTime:0.012245s ]
SQL: SHOW COLUMNS FROM `exp_order` [ RunTime:0.0302s ]
SQL: SELECT * FROM `exp_order` WHERE `order_id` = 2 LIMIT 1   [ RunTime:0.0301s ]
INFO: [ view_parse ] --START--
INFO: [ template_filter ] --START--
INFO: Run Behavior\ContentReplaceBehavior [ RunTime:0.000517s ]
INFO: [ template_filter ] --END-- [ RunTime:0.001557s ]
INFO: Run Behavior\ParseTemplateBehavior [ RunTime:0.038347s ]
INFO: [ view_parse ] --END-- [ RunTime:0.038906s ]
INFO: [ view_filter ] --START--
INFO: Run Behavior\WriteHtmlCacheBehavior [ RunTime:0.001287s ]
INFO: [ view_filter ] --END-- [ RunTime:0.001929s ]
INFO: [ app_end ] --START--
INFO: Run Behavior\ShowPageTraceBehavior [ RunTime:0.001715s ]
INFO: [ app_end ] --END-- [ RunTime:0.002261s ]

[ 2016-02-27T22:13:25+08:00 ] 127.0.0.1 /Admin/orderManage/ordercontent/id/2
INFO: [ app_init ] --START--
INFO: Run Behavior\BuildLiteBehavior [ RunTime:0.000096s ]
INFO: [ app_init ] --END-- [ RunTime:0.001232s ]
INFO: [ app_begin ] --START--
INFO: Run Behavior\ReadHtmlCacheBehavior [ RunTime:0.002043s ]
INFO: Run Behavior\ReadHtmlCacheBehavior [ RunTime:0.000166s ]
INFO: Run Behavior\CheckLangBehavior [ RunTime:0.002332s ]
INFO: [ app_begin ] --END-- [ RunTime:0.005286s ]
SQL: SHOW COLUMNS FROM `exp_order` [ RunTime:0.0308s ]
SQL: SELECT * FROM `exp_order` WHERE `order_id` = 2 LIMIT 1   [ RunTime:0.0291s ]
INFO: [ view_parse ] --START--
INFO: [ template_filter ] --START--
INFO: Run Behavior\ContentReplaceBehavior [ RunTime:0.000326s ]
INFO: [ template_filter ] --END-- [ RunTime:0.000707s ]
INFO: Run Behavior\ParseTemplateBehavior [ RunTime:0.030076s ]
INFO: [ view_parse ] --END-- [ RunTime:0.030667s ]
INFO: [ view_filter ] --START--
INFO: Run Behavior\WriteHtmlCacheBehavior [ RunTime:0.001023s ]
INFO: [ view_filter ] --END-- [ RunTime:0.001405s ]
INFO: [ app_end ] --START--
INFO: Run Behavior\ShowPageTraceBehavior [ RunTime:0.001898s ]
INFO: [ app_end ] --END-- [ RunTime:0.002233s ]

[ 2016-02-27T22:13:48+08:00 ] 127.0.0.1 /Admin/orderManage/ordercontent/id/2
INFO: [ app_init ] --START--
INFO: Run Behavior\BuildLiteBehavior [ RunTime:0.000074s ]
INFO: [ app_init ] --END-- [ RunTime:0.001082s ]
INFO: [ app_begin ] --START--
INFO: Run Behavior\ReadHtmlCacheBehavior [ RunTime:0.001652s ]
INFO: Run Behavior\ReadHtmlCacheBehavior [ RunTime:0.000246s ]
INFO: Run Behavior\CheckLangBehavior [ RunTime:0.002045s ]
INFO: [ app_begin ] --END-- [ RunTime:0.004995s ]
SQL: SHOW COLUMNS FROM `exp_order` [ RunTime:0.0284s ]
SQL: SELECT * FROM `exp_order` WHERE `order_id` = 2 LIMIT 1   [ RunTime:0.0258s ]
INFO: [ view_parse ] --START--
INFO: [ template_filter ] --START--
INFO: Run Behavior\ContentReplaceBehavior [ RunTime:0.000302s ]
INFO: [ template_filter ] --END-- [ RunTime:0.000663s ]
INFO: Run Behavior\ParseTemplateBehavior [ RunTime:0.033162s ]
INFO: [ view_parse ] --END-- [ RunTime:0.033706s ]
INFO: [ view_filter ] --START--
INFO: Run Behavior\WriteHtmlCacheBehavior [ RunTime:0.000902s ]
INFO: [ view_filter ] --END-- [ RunTime:0.001330s ]
INFO: [ app_end ] --START--
INFO: Run Behavior\ShowPageTraceBehavior [ RunTime:0.001793s ]
INFO: [ app_end ] --END-- [ RunTime:0.002498s ]

[ 2016-02-27T22:15:29+08:00 ] 127.0.0.1 /Admin/orderManage/ordercontent/id/2
INFO: [ app_init ] --START--
INFO: Run Behavior\BuildLiteBehavior [ RunTime:0.000077s ]
INFO: [ app_init ] --END-- [ RunTime:0.001279s ]
INFO: [ app_begin ] --START--
INFO: Run Behavior\ReadHtmlCacheBehavior [ RunTime:0.001815s ]
INFO: Run Behavior\ReadHtmlCacheBehavior [ RunTime:0.000156s ]
INFO: Run Behavior\CheckLangBehavior [ RunTime:0.002050s ]
INFO: [ app_begin ] --END-- [ RunTime:0.004986s ]
SQL: SHOW COLUMNS FROM `exp_order` [ RunTime:0.0276s ]
SQL: SELECT * FROM `exp_order` WHERE `order_id` = 2 LIMIT 1   [ RunTime:0.0247s ]
INFO: [ view_parse ] --START--
INFO: [ template_filter ] --START--
INFO: Run Behavior\ContentReplaceBehavior [ RunTime:0.000328s ]
INFO: [ template_filter ] --END-- [ RunTime:0.000685s ]
INFO: Run Behavior\ParseTemplateBehavior [ RunTime:0.035105s ]
INFO: [ view_parse ] --END-- [ RunTime:0.035648s ]
INFO: [ view_filter ] --START--
INFO: Run Behavior\WriteHtmlCacheBehavior [ RunTime:0.000947s ]
INFO: [ view_filter ] --END-- [ RunTime:0.001288s ]
INFO: [ app_end ] --START--
INFO: Run Behavior\ShowPageTraceBehavior [ RunTime:0.001389s ]
INFO: [ app_end ] --END-- [ RunTime:0.001779s ]

[ 2016-02-27T22:16:18+08:00 ] 127.0.0.1 /Admin/orderManage/ordercontent/id/2
INFO: [ app_init ] --START--
INFO: Run Behavior\BuildLiteBehavior [ RunTime:0.000074s ]
INFO: [ app_init ] --END-- [ RunTime:0.001167s ]
INFO: [ app_begin ] --START--
INFO: Run Behavior\ReadHtmlCacheBehavior [ RunTime:0.001440s ]
INFO: Run Behavior\ReadHtmlCacheBehavior [ RunTime:0.000085s ]
INFO: Run Behavior\CheckLangBehavior [ RunTime:0.003356s ]
INFO: [ app_begin ] --END-- [ RunTime:0.005776s ]
SQL: SHOW COLUMNS FROM `exp_order` [ RunTime:0.0312s ]
SQL: SELECT * FROM `exp_order` WHERE `order_id` = 2 LIMIT 1   [ RunTime:0.0310s ]
INFO: [ view_parse ] --START--
INFO: [ template_filter ] --START--
INFO: Run Behavior\ContentReplaceBehavior [ RunTime:0.000356s ]
INFO: [ template_filter ] --END-- [ RunTime:0.000913s ]
INFO: Run Behavior\ParseTemplateBehavior [ RunTime:0.031326s ]
INFO: [ view_parse ] --END-- [ RunTime:0.031875s ]
INFO: [ view_filter ] --START--
INFO: Run Behavior\WriteHtmlCacheBehavior [ RunTime:0.001443s ]
INFO: [ view_filter ] --END-- [ RunTime:0.001805s ]
INFO: [ app_end ] --START--
INFO: Run Behavior\ShowPageTraceBehavior [ RunTime:0.001566s ]
INFO: [ app_end ] --END-- [ RunTime:0.001951s ]

[ 2016-02-27T22:16:40+08:00 ] 127.0.0.1 /Admin/orderManage/ordercontent/id/2
INFO: [ app_init ] --START--
INFO: Run Behavior\BuildLiteBehavior [ RunTime:0.000079s ]
INFO: [ app_init ] --END-- [ RunTime:0.001314s ]
INFO: [ app_begin ] --START--
INFO: Run Behavior\ReadHtmlCacheBehavior [ RunTime:0.002527s ]
INFO: Run Behavior\ReadHtmlCacheBehavior [ RunTime:0.000158s ]
INFO: Run Behavior\CheckLangBehavior [ RunTime:0.003140s ]
INFO: [ app_begin ] --END-- [ RunTime:0.007262s ]
SQL: SHOW COLUMNS FROM `exp_order` [ RunTime:0.0248s ]
SQL: SELECT * FROM `exp_order` WHERE `order_id` = 2 LIMIT 1   [ RunTime:0.0248s ]
INFO: [ view_parse ] --START--
INFO: [ template_filter ] --START--
INFO: Run Behavior\ContentReplaceBehavior [ RunTime:0.000476s ]
INFO: [ template_filter ] --END-- [ RunTime:0.001156s ]
INFO: Run Behavior\ParseTemplateBehavior [ RunTime:0.035277s ]
INFO: [ view_parse ] --END-- [ RunTime:0.036152s ]
INFO: [ view_filter ] --START--
INFO: Run Behavior\WriteHtmlCacheBehavior [ RunTime:0.001495s ]
INFO: [ view_filter ] --END-- [ RunTime:0.002246s ]
INFO: [ app_end ] --START--
INFO: Run Behavior\ShowPageTraceBehavior [ RunTime:0.001379s ]
INFO: [ app_end ] --END-- [ RunTime:0.001714s ]

[ 2016-02-27T22:16:58+08:00 ] 127.0.0.1 /Admin/orderManage/ordercontent/id/2
INFO: [ app_init ] --START--
INFO: Run Behavior\BuildLiteBehavior [ RunTime:0.000080s ]
INFO: [ app_init ] --END-- [ RunTime:0.001325s ]
INFO: [ app_begin ] --START--
INFO: Run Behavior\ReadHtmlCacheBehavior [ RunTime:0.001766s ]
INFO: Run Behavior\ReadHtmlCacheBehavior [ RunTime:0.000088s ]
INFO: Run Behavior\CheckLangBehavior [ RunTime:0.002028s ]
INFO: [ app_begin ] --END-- [ RunTime:0.004633s ]
SQL: SHOW COLUMNS FROM `exp_order` [ RunTime:0.0256s ]
SQL: SELECT * FROM `exp_order` WHERE `order_id` = 2 LIMIT 1   [ RunTime:0.0247s ]
INFO: [ view_parse ] --START--
INFO: [ template_filter ] --START--
INFO: Run Behavior\ContentReplaceBehavior [ RunTime:0.000411s ]
INFO: [ template_filter ] --END-- [ RunTime:0.000938s ]
INFO: Run Behavior\ParseTemplateBehavior [ RunTime:0.029288s ]
INFO: [ view_parse ] --END-- [ RunTime:0.029734s ]
INFO: [ view_filter ] --START--
INFO: Run Behavior\WriteHtmlCacheBehavior [ RunTime:0.000913s ]
INFO: [ view_filter ] --END-- [ RunTime:0.001257s ]
INFO: [ app_end ] --START--
INFO: Run Behavior\ShowPageTraceBehavior [ RunTime:0.001583s ]
INFO: [ app_end ] --END-- [ RunTime:0.002013s ]

[ 2016-02-27T22:17:49+08:00 ] 127.0.0.1 /Admin/orderManage/ordercontent/id/2
INFO: [ app_init ] --START--
INFO: Run Behavior\BuildLiteBehavior [ RunTime:0.000074s ]
INFO: [ app_init ] --END-- [ RunTime:0.001172s ]
INFO: [ app_begin ] --START--
INFO: Run Behavior\ReadHtmlCacheBehavior [ RunTime:0.001617s ]
INFO: Run Behavior\ReadHtmlCacheBehavior [ RunTime:0.000113s ]
INFO: Run Behavior\CheckLangBehavior [ RunTime:0.002303s ]
INFO: [ app_begin ] --END-- [ RunTime:0.005390s ]
SQL: SHOW COLUMNS FROM `exp_order` [ RunTime:0.0303s ]
SQL: SELECT * FROM `exp_order` WHERE `order_id` = 2 LIMIT 1   [ RunTime:0.0300s ]
INFO: [ view_parse ] --START--
INFO: [ template_filter ] --START--
INFO: Run Behavior\ContentReplaceBehavior [ RunTime:0.000319s ]
INFO: [ template_filter ] --END-- [ RunTime:0.000672s ]
INFO: Run Behavior\ParseTemplateBehavior [ RunTime:0.030116s ]
INFO: [ view_parse ] --END-- [ RunTime:0.030656s ]
INFO: [ view_filter ] --START--
INFO: Run Behavior\WriteHtmlCacheBehavior [ RunTime:0.001299s ]
INFO: [ view_filter ] --END-- [ RunTime:0.001991s ]
INFO: [ app_end ] --START--
INFO: Run Behavior\ShowPageTraceBehavior [ RunTime:0.001814s ]
INFO: [ app_end ] --END-- [ RunTime:0.002193s ]

[ 2016-02-27T22:18:28+08:00 ] 127.0.0.1 /Admin/orderManage/ordercontent/id/2
INFO: [ app_init ] --START--
INFO: Run Behavior\BuildLiteBehavior [ RunTime:0.000086s ]
INFO: [ app_init ] --END-- [ RunTime:0.002688s ]
INFO: [ app_begin ] --START--
INFO: Run Behavior\ReadHtmlCacheBehavior [ RunTime:0.001633s ]
INFO: Run Behavior\ReadHtmlCacheBehavior [ RunTime:0.000086s ]
INFO: Run Behavior\CheckLangBehavior [ RunTime:0.002569s ]
INFO: [ app_begin ] --END-- [ RunTime:0.005013s ]
SQL: SHOW COLUMNS FROM `exp_order` [ RunTime:0.0295s ]
SQL: SELECT * FROM `exp_order` WHERE `order_id` = 2 LIMIT 1   [ RunTime:0.0301s ]
INFO: [ view_parse ] --START--
INFO: [ template_filter ] --START--
INFO: Run Behavior\ContentReplaceBehavior [ RunTime:0.000627s ]
INFO: [ template_filter ] --END-- [ RunTime:0.001225s ]
INFO: Run Behavior\ParseTemplateBehavior [ RunTime:0.028795s ]
INFO: [ view_parse ] --END-- [ RunTime:0.029176s ]
INFO: [ view_filter ] --START--
INFO: Run Behavior\WriteHtmlCacheBehavior [ RunTime:0.001122s ]
INFO: [ view_filter ] --END-- [ RunTime:0.001584s ]
INFO: [ app_end ] --START--
INFO: Run Behavior\ShowPageTraceBehavior [ RunTime:0.001620s ]
INFO: [ app_end ] --END-- [ RunTime:0.002142s ]

